2024-11-26 09:36:27,105 - INFO - Starting data pipeline...
2024-11-26 09:36:27,111 - INFO - Step 1: Building files_with_raw_data_links.json...
2024-11-26 09:36:27,113 - INFO - Step 1: files_with_raw_data_links.json built successfully.
2024-11-26 09:36:30,397 - INFO - Step 1: files_with_raw_data_links.json built successfully.
2024-11-26 09:36:30,397 - INFO - Continue data pipeline. Step 2: Loading raw data...
2024-11-26 09:36:30,401 - INFO - DataLoader initialized with raw data path: c:\Users\vtaustyka\PycharmProjects\DT-Engine\data\raw
2024-11-26 09:36:30,403 - INFO - Loading main file: 1600Nn obc ON _ 2018-12-06_ORIGEN.csv
2024-11-26 09:36:30,403 - INFO - Loading data from file: c:\Users\vtaustyka\PycharmProjects\DT-Engine\data\raw\1600Nn obc ON _ 2018-12-06_ORIGEN.csv
2024-11-26 09:36:30,713 - INFO - Data loaded successfully from file: c:\Users\vtaustyka\PycharmProjects\DT-Engine\data\raw\1600Nn obc ON _ 2018-12-06_ORIGEN.csv
2024-11-26 09:36:30,971 - INFO - Data Frame Shape: (38535, 146)
2024-11-26 09:36:30,973 - INFO - Data files loaded successfully.
2024-11-26 09:36:32,428 - INFO - Step 2: Raw data loaded successfully.
2024-11-26 09:36:32,429 - INFO - Continue data pipeline. Step 3: Validating data...
2024-11-26 09:36:32,433 - INFO - DataValidator initialized.
2024-11-26 09:36:32,434 - INFO - Starting column validation for multiple DataFrames...
2024-11-26 09:36:32,442 - INFO - DataFrame 0: All required columns are present.
2024-11-26 09:36:32,443 - INFO - DataFrame 0: All optional columns are present.
2024-11-26 09:36:32,443 - INFO - Starting schema validation for multiple DataFrames...
2024-11-26 09:36:32,444 - INFO - DataFrame 0 - Schema validation passed.
2024-11-26 09:36:32,444 - INFO - Checking for duplicate columns in multiple DataFrames...
2024-11-26 09:36:32,445 - INFO - DataFrame 0: No duplicate columns found.
2024-11-26 09:36:32,445 - INFO - Validation reports summarizing the results for each DataFrame
2024-11-26 09:36:32,445 - INFO - =================
Validation Report for DataFrame 0 (0 - main Data Frame; 1 - eco Data Frame):
DataFrame Shape: (38535, 146) (Rows, Columns) <--- !!!!!!!!!
All Required Columns: Present
All Optional Columns: Present
2024-11-26 09:36:32,446 - INFO - Step 3: Data validated successfully.
2024-11-26 09:36:33,468 - INFO - Step 3: Data validated successfully.
2024-11-26 09:36:33,468 - INFO - Starting metadata extraction for multiple DataFrames...
2024-11-26 09:36:33,469 - INFO - Processing DataFrame 1/1 with shape (38535, 146)...
2024-11-26 09:36:33,710 - INFO - Metadata extraction completed for all DataFrames.
2024-11-26 09:36:34,516 - INFO - Step 4: Metadata extracted successfully.
2024-11-26 09:36:34,517 - INFO - Continue data pipeline. Step 5: Cleaning and preprocessing data...
2024-11-26 09:36:34,534 - INFO - DataCleaner initialized with required columns.
2024-11-26 09:36:34,535 - INFO - Starting data cleaning process.
2024-11-26 09:36:34,542 - INFO - Filtered DataFrame to include 34 columns.
2024-11-26 09:36:34,543 - INFO - Data cleaning process completed.
2024-11-26 09:36:34,543 - INFO - Filtered DataFrame shape: (38535, 34)
2024-11-26 09:36:34,596 - INFO - Step 5: Data cleaned and preprocessed successfully.
2024-11-26 09:36:35,348 - INFO - Step 5: Data cleaned and preprocessed successfully.
2024-11-26 09:36:35,349 - INFO - Step 6: Continue data pipeline. Saving cleaned data...
2024-11-26 09:36:35,647 - INFO - Cleaned data saved to c:\Users\vtaustyka\PycharmProjects\DT-Engine\data\processed\cleaned_data.parquet
2024-11-26 09:36:35,647 - INFO - Step 6: Save cleaned data completed successfully.
2024-11-26 09:36:36,332 - INFO - Step 6: Cleaned data saved successfully.
2024-11-26 09:36:36,333 - INFO - Continue data pipeline. Step 7 - NOT IMPLEMENTED: Filtering data...
2024-11-26 09:36:37,172 - INFO - Step 7: Data filtering step not implemented.
2024-11-26 09:36:37,173 - INFO - Data pipeline completed successfully.
