2024-12-05 09:18:35,241 - INFO - JSONBuilder initialized.
2024-12-05 09:18:35,241 - INFO - Building JSON data structure...
2024-12-05 09:18:35,242 - INFO - Processing file: Dyp BIOW 1800 rpm - 2023-05.parquet
2024-12-05 09:18:35,243 - INFO - Processing file: BUMG ON 2200 - 2024-09.parquet
2024-12-05 09:18:35,244 - INFO - Processing file: Rozruch 1900 150 Nm - 2015-05.parquet
2024-12-05 09:18:35,244 - INFO - Processing file: 1400 Verwa TiL II st - 2018-05.parquet
2024-12-05 09:18:35,244 - INFO - Processing file: NP 800 do 1200 rpm 0Nm - 2023-05.parquet
2024-12-05 09:18:35,244 - INFO - Processing file: 1300 obc Verwa - 2015-05.parquet
2024-12-05 09:18:35,244 - INFO - Processing file: Dyp BIOW50 1901 rpm - 2023-05.parquet
2024-12-05 09:18:35,244 - INFO - Processing file: U75 1500 RPM - 2024-05.parquet
2024-12-05 09:18:35,245 - INFO - Processing file: Dyp BIOW50 2300 rpm - 2023-05.parquet
2024-12-05 09:18:35,245 - INFO - Processing file: 1600 Verwa TiL II st - 2018-05.parquet
2024-12-05 09:18:35,245 - INFO - Processing file: Dyp ONE 2400 rpm - 2023-05.parquet
2024-12-05 09:18:35,246 - INFO - Processing file: HVO25 2400 - 2024-01.parquet
2024-12-05 09:18:35,246 - INFO - Processing file: 1900 Verwa - 2016-05.parquet
2024-12-05 09:18:35,246 - INFO - Processing file: HVO25 1400 - 2024-03.parquet
2024-12-05 09:18:35,246 - INFO - Processing file: Dyp BIOW50 2000 rpm - 2023-05.parquet
2024-12-05 09:18:35,247 - INFO - Processing file: U75 2100 RPM - 2024-05.parquet
2024-12-05 09:18:35,247 - INFO - Processing file: HVO25 1600 - 2024-03.parquet
2024-12-05 09:18:35,248 - INFO - Processing file: BUMG ON 1400 RPM - 2024-09.parquet
2024-12-05 09:18:35,248 - INFO - Processing file: Trans II st gr 2 Verva 2000obr - 2017-04.parquet
2024-12-05 09:18:35,249 - INFO - Processing file: 1500 obc - 2015-05.parquet
2024-12-05 09:18:35,249 - INFO - Processing file: Dyp ONE 2000 rpm - 2023-05.parquet
2024-12-05 09:18:35,249 - INFO - Processing file: 1600 Efecta TiL II st - 2019-04.parquet
2024-12-05 09:18:35,249 - INFO - Processing file: 1800 Efecta TiL I rok IIst - 2019-04.parquet
2024-12-05 09:18:35,250 - INFO - Processing file: HVO25 2000 - 2024-03.parquet
2024-12-05 09:18:35,250 - INFO - Processing file: NP 800 do 1200 rpm 25Nm - 2023-05.parquet
2024-12-05 09:18:35,251 - INFO - Processing file: 2100 obc - 2015-05.parquet
2024-12-05 09:18:35,251 - INFO - Processing file: TMiE II st warunki - 2015-03.parquet
2024-12-05 09:18:35,251 - INFO - Processing file: Dyp BIOW50 1300 rpm - 2023-05.parquet
2024-12-05 09:18:35,251 - INFO - Processing file: 1700 obc Verwa - 2015-05.parquet
2024-12-05 09:18:35,251 - INFO - Processing file: Dyp BIOW50 1400 rpm - 2023-05.parquet
2024-12-05 09:18:35,251 - INFO - Processing file: 2400 moc maksymalna HHO - 2015-06.parquet
2024-12-05 09:18:35,251 - INFO - Processing file: HVO25 1800 - 2024-03.parquet
2024-12-05 09:18:35,252 - INFO - Processing file: Zew Efekta Agrotronika - 2019-05.parquet
2024-12-05 09:18:35,252 - INFO - Processing file: Rejestracja z cyklu NRTC T3 cz1 - 2 - 2015-04.parquet
2024-12-05 09:18:35,252 - INFO - Processing file: 2300 obc - 2015-05.parquet
2024-12-05 09:18:35,252 - INFO - Processing file: 1400 obc - 2015-05.parquet
2024-12-05 09:18:35,252 - INFO - Processing file: TiL II st Zew B20 IRiL - 2019-11.parquet
2024-12-05 09:18:35,252 - INFO - Processing file: Dyp ONE 2100 rpm - 2023-05.parquet
2024-12-05 09:18:35,252 - INFO - Processing file: HVO25 2200 obc od 0 do 320 Nm - 2024-04.parquet
2024-12-05 09:18:35,252 - INFO - Processing file: Rejestracja z cyklu NRTC T3 cz1 - 1 - 2015-04.parquet
2024-12-05 09:18:35,253 - INFO - Processing file: Dyp BIOW 2100 rpm - 2023-05.parquet
2024-12-05 09:18:35,253 - INFO - Processing file: TiL IIst 2000 B20 obc IRiL - 2019-11.parquet
2024-12-05 09:18:35,253 - INFO - Processing file: BUMG AG2 1800 RPM - 2024-09.parquet
2024-12-05 09:18:35,253 - INFO - Processing file: BUMA ON 2400 - 2024-09.parquet
2024-12-05 09:18:35,253 - INFO - Processing file: 1900 obc - 2015-05.parquet
2024-12-05 09:18:35,253 - INFO - Processing file: Dyp BIOW 2001 rpm - 2023-05.parquet
2024-12-05 09:18:35,253 - INFO - Processing file: TRiL TMiE warunki - 2015-03.parquet
2024-12-05 09:18:35,253 - INFO - Processing file: BUMG AG2 1600 RPM - 2024-09.parquet
2024-12-05 09:18:35,253 - INFO - Processing file: HHO_test - 2015-06.parquet
2024-12-05 09:18:35,253 - INFO - Processing file: 2000 verwa TiL II st. 08.05.2018 - 2018-05.parquet
2024-12-05 09:18:35,254 - INFO - Processing file: Trans II st gr 2b Verva 2400 obr - 2017-04.parquet
2024-12-05 09:18:35,254 - INFO - Processing file: BUMG ON 1900 RPM - 2024-09.parquet
2024-12-05 09:18:35,254 - INFO - Processing file: BUMG AG2 2000 RPM - 2024-09.parquet
2024-12-05 09:18:35,254 - INFO - Processing file: BUMG ON 1700 RPM - 2024-09.parquet
2024-12-05 09:18:35,254 - INFO - Processing file: Dyp BIOW 2300 rpm - 2023-05.parquet
2024-12-05 09:18:35,254 - INFO - Processing file: 1600 Verwa 1600 - 2018-01.parquet
2024-12-05 09:18:35,254 - INFO - Processing file: NRTS 140M3skok - 2014-11.parquet
2024-12-05 09:18:35,255 - INFO - Processing file: obc1500_5s - 2014-11.parquet
2024-12-05 09:18:35,255 - INFO - Processing file: Tans II st 1700 Verwa - 2017-05.parquet
2024-12-05 09:18:35,255 - INFO - Processing file: 1600 Verwa - 2016-05.parquet
2024-12-05 09:18:35,255 - INFO - Processing file: TRiL 1 - 2014-11.parquet
2024-12-05 09:18:35,255 - INFO - Processing file: Dyp BIOW 1400 rpm - 2023-05.parquet
2024-12-05 09:18:35,255 - INFO - Processing file: 2400 Verwa TRIL - 2018-01.parquet
2024-12-05 09:18:35,255 - INFO - Processing file: obc 2400 - 2014-11.parquet
2024-12-05 09:18:35,255 - INFO - Processing file: BUMG ON 2000 RPM - 2024-09.parquet
2024-12-05 09:18:35,255 - INFO - Processing file: Trans II st gr3b Verwa 1600 - 2017-04.parquet
2024-12-05 09:18:35,256 - INFO - Processing file: BUMG ON 1300 RPM - 2024-09.parquet
2024-12-05 09:18:35,256 - INFO - Processing file: 1600 obc - 2015-05.parquet
2024-12-05 09:18:35,256 - INFO - Processing file: obc 2000 - 2014-11.parquet
2024-12-05 09:18:35,256 - INFO - Processing file: Trans II st gr 3 Verwa 1800 - 2017-04.parquet
2024-12-05 09:18:35,256 - INFO - Processing file: HVO25 Badanie rozruchu - 2024-04.parquet
2024-12-05 09:18:35,256 - INFO - Processing file: U75 1400 RPM II ITS II st - 2024-05.parquet
2024-12-05 09:18:35,257 - INFO - Processing file: Dyp ONE 2300 rpm - 2023-05.parquet
2024-12-05 09:18:35,257 - INFO - Processing file: Obc 1800 - 2015-04.parquet
2024-12-05 09:18:35,257 - INFO - Processing file: Dyp ONE 1900 rpm - 2023-05.parquet
2024-12-05 09:18:35,257 - INFO - Processing file: Dyp BIOW 1700 rpm - 2023-05.parquet
2024-12-05 09:18:35,257 - INFO - Processing file: Trans IIst. 2200 Verwa - 2017-05.parquet
2024-12-05 09:18:35,257 - INFO - Processing file: HVO25 2300 RPM - 2024-01.parquet
2024-12-05 09:18:35,257 - INFO - Processing file: U75 2000 p RPM II ITS II st - 2024-05.parquet
2024-12-05 09:18:35,257 - INFO - Processing file: HVO25 1300 RPM - 2024-04.parquet
2024-12-05 09:18:35,258 - INFO - Processing file: U75 2200p rpm II ITS II st - 2024-05.parquet
2024-12-05 09:18:35,258 - INFO - Processing file: obc1500_3s - 2014-11.parquet
2024-12-05 09:18:35,258 - INFO - Processing file: 2200 Efecta TiL IIst - 2019-04.parquet
2024-12-05 09:18:35,258 - INFO - Processing file: obc 1600 - 2014-11.parquet
2024-12-05 09:18:35,258 - INFO - Processing file: U75 2300 RPM - 2024-05.parquet
2024-12-05 09:18:35,258 - INFO - Processing file: BUMG ON 1500 RPM - 2024-09.parquet
2024-12-05 09:18:35,258 - INFO - Processing file: BUMG ON 1600 RPM - 2024-09.parquet
2024-12-05 09:18:35,258 - INFO - Processing file: BUMG ON 2300 - 2024-09.parquet
2024-12-05 09:18:35,258 - INFO - Processing file: HHO_test 8L - 2015-06.parquet
2024-12-05 09:18:35,258 - INFO - Processing file: 2300 obc Verwa - 2015-05.parquet
2024-12-05 09:18:35,258 - INFO - Processing file: 2100 obc Verwa - 2015-05.parquet
2024-12-05 09:18:35,259 - INFO - Processing file: U75 1900 RPM TiL II st I grupa - 2024-05.parquet
2024-12-05 09:18:35,259 - INFO - Processing file: 1400 obc Verwa - 2015-05.parquet
2024-12-05 09:18:35,259 - INFO - Processing file: HHO_2000_150 - 2015-06.parquet
2024-12-05 09:18:35,259 - INFO - Processing file: TiL IIst 1400 obc B20 - 2019-10.parquet
2024-12-05 09:18:35,259 - INFO - Processing file: BUMG ON 2100 RPM - 2024-09.parquet
2024-12-05 09:18:35,259 - INFO - Processing file: Dyp ONE 1400 rpm - 2023-05.parquet
2024-12-05 09:18:35,259 - INFO - Processing file: Dyp BIOW50 1900 rpm - 2023-05.parquet
2024-12-05 09:18:35,259 - INFO - Processing file: Dyp ONE 1600 rpm - 2023-05.parquet
2024-12-05 09:18:35,259 - INFO - Processing file: NRTC RPM Load cor cz1 - 2015-04.parquet
2024-12-05 09:18:35,260 - INFO - Processing file: Dyp BIOW50 1500 rpm 1 - 2023-05.parquet
2024-12-05 09:18:35,260 - INFO - Processing file: HVO 1500 RPM - 2024-04.parquet
2024-12-05 09:18:35,260 - INFO - Processing file: TiL IIst 2200 B20 obc - 2019-11.parquet
2024-12-05 09:18:35,260 - INFO - Processing file: HVO25 2100 RPM - 2024-04.parquet
2024-12-05 09:18:35,260 - INFO - Processing file: Rejestracja z cyklu NRTC T3 cz1 - 3 - 2015-04.parquet
2024-12-05 09:18:35,260 - INFO - Processing file: Dyp BIOW 2400 rpm - 2023-05.parquet
2024-12-05 09:18:35,260 - INFO - Processing file: 1200 obc - 2015-05.parquet
2024-12-05 09:18:35,260 - INFO - Processing file: Dyp BIOW50 2200 rpm - 2023-05.parquet
2024-12-05 09:18:35,260 - INFO - Processing file: Dyp BIOW 1300 rpm - 2023-05.parquet
2024-12-05 09:18:35,260 - INFO - Processing file: Dyp ONE 1500 rpm - 2023-05.parquet
2024-12-05 09:18:35,260 - INFO - Processing file: IRiL 1600 RPM ON - 2023-01.parquet
2024-12-05 09:18:35,261 - INFO - Processing file: Dyp BIOW 1900 rpm - 2023-05.parquet
2024-12-05 09:18:35,261 - INFO - Processing file: TiL IIst 1600 obc B20 - 2019-10.parquet
2024-12-05 09:18:35,261 - INFO - Processing file: 2200 verwa TiL II st. 08.05.2018 - 2018-05.parquet
2024-12-05 09:18:35,261 - INFO - Processing file: Dyp BIOW50 1700 rpm - 2023-05.parquet
2024-12-05 09:18:35,261 - INFO - Processing file: U75 2200 RPM - 2024-05.parquet
2024-12-05 09:18:35,261 - INFO - Processing file: 1400 Efecta TiL I rok II st - 2019-04.parquet
2024-12-05 09:18:35,261 - INFO - Processing file: HVO25 1700 RPM - 2024-04.parquet
2024-12-05 09:18:35,261 - INFO - Processing file: 1800 Verwa - 2016-05.parquet
2024-12-05 09:18:35,261 - INFO - Processing file: 1300 obc - 2015-05.parquet
2024-12-05 09:18:35,261 - INFO - Processing file: HVO25 1900 RPM - 2024-01.parquet
2024-12-05 09:18:35,261 - INFO - Processing file: Dyp BIOW 2200 rpm - 2023-05.parquet
2024-12-05 09:18:35,262 - INFO - Processing file: Dyp BIOW 1500 rpm - 2023-05.parquet
2024-12-05 09:18:35,262 - INFO - Processing file: BUMG AG2 2200 RPM - 2024-09.parquet
2024-12-05 09:18:35,262 - INFO - Processing file: Dyp BIOW50 2400 rpm - 2023-05.parquet
2024-12-05 09:18:35,262 - INFO - Processing file: BUMG AG2 1400 RPM - 2024-09.parquet
2024-12-05 09:18:35,262 - INFO - Processing file: 1800 Verwa TiL II st - 2018-05.parquet
2024-12-05 09:18:35,262 - INFO - Processing file: Dyp ONE 1300 rpm - 2023-05.parquet
2024-12-05 09:18:35,262 - INFO - Processing file: Trans II st 1900 Verwa - 2017-05.parquet
2024-12-05 09:18:35,262 - INFO - Processing file: Dyp ONE 2200 rpm - 2023-05.parquet
2024-12-05 09:18:35,262 - INFO - Processing file: NRTC T3 cz1 stand - 2015-04.parquet
2024-12-05 09:18:35,262 - INFO - Processing file: obc1500_1s - 2014-11.parquet
2024-12-05 09:18:35,262 - INFO - Processing file: 2200 obc - 2015-05.parquet
2024-12-05 09:18:35,263 - INFO - Processing file: BUMG ON 1800 RPM - 2024-09.parquet
2024-12-05 09:18:35,263 - INFO - Processing file: NRTC RPM kor cz1 - 2015-04.parquet
2024-12-05 09:18:35,263 - INFO - Processing file: TRil 2 - 2014-11.parquet
2024-12-05 09:18:35,263 - INFO - Processing file: Dyp ONE 1600 rpm próba 1 - 2023-05.parquet
2024-12-05 09:18:35,263 - INFO - Processing file: NRTC T3 cz1 stand p2 - 2015-04.parquet
2024-12-05 09:18:35,263 - INFO - Processing file: U75 2000 RPM TiL II r - 2024-05.parquet
2024-12-05 09:18:35,263 - INFO - Processing file: 2400 Efecta TIL IIst - 2019-04.parquet
2024-12-05 09:18:35,263 - INFO - Processing file: TiL IIst 1800 B20 - 2019-10.parquet
2024-12-05 09:18:35,263 - INFO - Processing file: Dyp ONE 1800 rpm - 2023-05.parquet
2024-12-05 09:18:35,264 - INFO - Processing file: Dyp BIOW 2000 rpm - 2023-05.parquet
2024-12-05 09:18:35,264 - INFO - Processing file: 2015.01.16 NRTC T3 cz1_4 - 2015-01.parquet
2024-12-05 09:18:35,264 - INFO - Processing file: NRTC 120M3lin 2014.11.17 - 2014-11.parquet
2024-12-05 09:18:35,264 - INFO - Processing file: Dyp BIOW50 1600 rpm - 2023-05.parquet
2024-12-05 09:18:35,264 - INFO - Processing file: 2400 Verwa TiL II st - 2018-05.parquet
2024-12-05 09:18:35,264 - INFO - Processing file: U75 1800 RPM TiL II st G2 - 2024-05.parquet
2024-12-05 09:18:35,264 - INFO - Processing file: NRTC Load cor cz1 - 2015-04.parquet
2024-12-05 09:18:35,264 - INFO - Processing file: TiL IIst 2400 obc B20 - 2019-11.parquet
2024-12-05 09:18:35,264 - INFO - Processing file: Dyp BIOW 1500 rpm 2 - 2023-05.parquet
2024-12-05 09:18:35,265 - INFO - Processing file: 2015.05.13 zewnętrzna - 2015-05.parquet
2024-12-05 09:18:35,265 - INFO - Processing file: Obc 2000 - 2015-04.parquet
2024-12-05 09:18:35,265 - INFO - Processing file: Dyp BIOW50 1800 rpm - 2023-05.parquet
2024-12-05 09:18:35,265 - INFO - Processing file: Obc 2400 I Istg 1 - 2015-04.parquet
2024-12-05 09:18:35,265 - INFO - Processing file: HVO25 1900 RPM powtórka - 2024-04.parquet
2024-12-05 09:18:35,265 - INFO - Processing file: IRiL 2000 Nm ON - 2023-01.parquet
2024-12-05 09:18:35,265 - INFO - Processing file: 2000 Verwa - 2016-05.parquet
2024-12-05 09:18:35,265 - INFO - Processing file: MAF niskie prędkości - 2023-05.parquet
2024-12-05 09:18:35,266 - INFO - Processing file: U75 2400 rpm - 2024-05.parquet
2024-12-05 09:18:35,266 - INFO - Processing file: 1700 obc - 2015-05.parquet
2024-12-05 09:18:35,266 - INFO - Processing file: BUMG AG2 2400 RPM - 2024-09.parquet
2024-12-05 09:18:35,266 - INFO - Processing file: 2200 Verwa - 2016-05.parquet
2024-12-05 09:18:35,267 - INFO - Processing file: Dyp BIOW50 2100 rpm - 2023-05.parquet
2024-12-05 09:18:35,267 - INFO - Processing file: Dyp ONE 1700 rpm - 2023-05.parquet
2024-12-05 09:18:35,267 - INFO - Processing file: U75 1300 RPM - 2024-05.parquet
2024-12-05 09:18:35,268 - INFO - Processing file: U75 1600 RPM II TiL II st G4 - 2024-05.parquet
2024-12-05 09:18:35,268 - INFO - Processing file: NRTC T3 cały - 2015-05.parquet
2024-12-05 09:18:35,268 - INFO - Processing file: U75 1700 RPM II tiL II st G3 - 2024-05.parquet
2024-12-05 09:18:35,268 - INFO - Processing file: HHO_test 4l - 2015-06.parquet
2024-12-05 09:18:35,269 - INFO - Processing file: 2000 Efecta TiL II st - 2019-04.parquet
2024-12-05 09:18:35,269 - INFO - JSON data structure built successfully.
2024-12-05 09:18:35,273 - INFO - JSON file created at /home/viktar-taustyka/GitHubRepos/DT-Engine/data/raw/parquet_files/files_with_raw_data_links.json
