2024-12-02 13:24:42,187 - INFO - Starting data pipeline...
2024-12-02 13:24:42,189 - INFO - Step 1: Building files_with_raw_data_links.json...
2024-12-02 13:24:42,190 - INFO - Step 1: files_with_raw_data_links.json built successfully.
2024-12-02 13:24:44,193 - INFO - Step 1: files_with_raw_data_links.json built successfully.
2024-12-02 13:24:44,193 - INFO - Continue data pipeline. Step 2: Loading raw data...
2024-12-02 13:24:44,195 - INFO - DataLoader initialized with raw data path: /home/viktar-taustyka/GitHubRepos/DT-Engine/data/raw
2024-12-02 13:24:44,195 - INFO - Loading main file: Zew ch ON _ 2018-12-18.csv
2024-12-02 13:24:44,195 - INFO - Loading data from file: /home/viktar-taustyka/GitHubRepos/DT-Engine/data/raw/Zew ch ON _ 2018-12-18.csv
2024-12-02 13:24:44,447 - INFO - Data loaded successfully from file: /home/viktar-taustyka/GitHubRepos/DT-Engine/data/raw/Zew ch ON _ 2018-12-18.csv
2024-12-02 13:24:44,447 - INFO - Data Frame Columns: ['Czas [ms]', 'Ciś. pow. przed turb.[Pa]', 'Czas [ms].1', 'Ciś. pow. za turb.[Pa]', 'Czas [ms].2', 'Ciśnienie atmosferyczne[hPa]', 'Czas [ms].3', 'Ciśnienie oleju[bar]', 'Czas [ms].4', 'Ciśnienie spalin[Pa]', 'Czas [ms].5', 'Dopeł. zb. 1/3[-]', 'Czas [ms].6', 'Dopeł. zb. 2/3[-]', 'Czas [ms].7', 'Dopeł. zb. 3/3[-]', 'Czas [ms].8', 'Dopełnianie[-]', 'Czas [ms].9', 'Duży obieg[-]', 'Czas [ms].10', 'ECT - wejście do sil.[°C]', 'Czas [ms].11', 'ECT - wyjście z sil.[°C]', 'Czas [ms].12', 'Główny obieg - przepływ[m³/h]', 'Czas [ms].13', 'Główny obieg - temp.[°C]', 'Czas [ms].14', 'GPReg_Setpoint0[°C]', 'Czas [ms].15', 'GPReg_Setpoint1[°C]', 'Czas [ms].16', 'GPReg_Setpoint2[°C]', 'Czas [ms].17', 'Hamulec, lewa komora, temp.[°C]', 'Czas [ms].18', 'Hamulec, prawa komora, temp.[°C]', 'Czas [ms].19', 'Hamulec, przepływ wody[m³/h]', 'Czas [ms].20', 'Ilość paliwa w zbiorniku[g]', 'Czas [ms].21', 'Kond. - przepływ wody[l/min]', 'Czas [ms].22', 'Kontrolka zb. 1/3 [-]', 'Czas [ms].23', 'Kontrolka zb. 2/3 [-]', 'Czas [ms].24', 'Kontrolka zb. 3/3 [-]', 'Czas [ms].25', 'MAF[kg/h]', 'Czas [ms].26', 'Moc[kW]', 'Czas [ms].27', 'Moment obrotowy[Nm]', 'Czas [ms].28', 'Moment Tryb3[Nm]', 'Czas [ms].29', 'Moment Tryb4[Nm]', 'Czas [ms].30', 'Obroty[obr/min]', 'Czas [ms].31', 'Poz. paliwa zb. 1/3[mm]', 'Czas [ms].32', 'Poz. paliwa zb. 2/3[mm]', 'Czas [ms].33', 'Poz. paliwa zb. 3/3[mm]', 'Czas [ms].34', 'Przekaź. pompy paliwa[-]', 'Czas [ms].35', 'Przekaźnik zapłonu[-]', 'Czas [ms].36', 'Przepustnica[%]', 'Czas [ms].37', 'Przepustnica Tryb0[%]', 'Czas [ms].38', 'Przepustnica Tryb1[%]', 'Czas [ms].39', 'Przyklad[bar]', 'Czas [ms].40', 'PWM Tryb0[%]', 'Czas [ms].41', 'Rozrusznik[-]', 'Czas [ms].42', 'RPM Tryb1[obr/min]', 'Czas [ms].43', 'RPM Tryb3[obr/min]', 'Czas [ms].44', 'RPM Tryb4[obr/min]', 'Czas [ms].45', 'Starter[-]', 'Czas [ms].46', 'Stycz. chłodni went.[-]', 'Czas [ms].47', 'Temp. oleju przed wym.[°C]', 'Czas [ms].48', 'Temp. oleju w misce[°C]', 'Czas [ms].49', 'Temp. oleju za wym.[°C]', 'Czas [ms].50', 'Temp. otoczenia[°C]', 'Czas [ms].51', 'Temp. pal. na wejściu sil.[°C]', 'Czas [ms].52', 'Temp. pal. na wyjściu sil.[°C]', 'Czas [ms].53', 'Temp. paliwa w zb. 1/3[°C]', 'Czas [ms].54', 'Temp. paliwa w zb. 2/3[°C]', 'Czas [ms].55', 'Temp. paliwa w zb. 3/3[°C]', 'Czas [ms].56', 'Temp. powietrza przed turb.[°C]', 'Czas [ms].57', 'Temp. powietrza za turb.[°C]', 'Czas [ms].58', 'Temp. spalin 1/6[°C]', 'Czas [ms].59', 'Temp. spalin 2/6[°C]', 'Czas [ms].60', 'Temp. spalin 3/6[°C]', 'Czas [ms].61', 'Temp. spalin 4/6[°C]', 'Czas [ms].62', 'Temp. spalin za turbiną 1/2[°C]', 'Czas [ms].63', 'Temp. spalin za turbiną 2/2[°C]', 'Czas [ms].64', 'Temp.pal.na wyjściu[°C]', 'Czas [ms].65', 'Temp.paliwa żądana[°C]', 'Czas [ms].66', 'Wilgotność względna[%]', 'Czas [ms].67', 'Wyłącznik bezpieczeństwa[-]', 'Czas [ms].68', 'Zapłon[-]', 'Czas [ms].69', 'Zaw. zb. paliwa 1/3[-]', 'Czas [ms].70', 'Zaw. zb. paliwa 2/3[-]', 'Czas [ms].71', 'Zaw. zb. paliwa 3/3[-]', 'Czas [ms].72', 'Zawór reg. chł. cieczy[-]', 'Czas [ms].73', 'Zużycie paliwa bieżące[g/s]', 'Czas [ms].74', 'Zużycie paliwa średnie[g/s]']
2024-12-02 13:24:44,449 - INFO - Data from file 'Zew ch ON _ 2018-12-18.csv':
╒════╤═════════════╤═════════════════════════════╤═══════════════╤══════════════════════════╤═══════════════╤════════════════════════════════╕
│    │   Czas [ms] │   Ciś. pow. przed turb.[Pa] │   Czas [ms].1 │   Ciś. pow. za turb.[Pa] │   Czas [ms].2 │   Ciśnienie atmosferyczne[hPa] │
╞════╪═════════════╪═════════════════════════════╪═══════════════╪══════════════════════════╪═══════════════╪════════════════════════════════╡
│  0 │         191 │                        -130 │           190 │                     -105 │            42 │                           1006 │
├────┼─────────────┼─────────────────────────────┼───────────────┼──────────────────────────┼───────────────┼────────────────────────────────┤
│  1 │         390 │                        -148 │           390 │                      -77 │           243 │                           1006 │
├────┼─────────────┼─────────────────────────────┼───────────────┼──────────────────────────┼───────────────┼────────────────────────────────┤
│  2 │         591 │                        -157 │           591 │                      -68 │           443 │                           1006 │
╘════╧═════════════╧═════════════════════════════╧═══════════════╧══════════════════════════╧═══════════════╧════════════════════════════════╛
2024-12-02 13:24:44,450 - INFO - Data from file 'Zew ch ON _ 2018-12-18.csv':
╒════╤═══════════════╤════════════════════════╤═══════════════╤════════════════════════╤═══════════════╤═════════════════════╕
│    │   Czas [ms].3 │   Ciśnienie oleju[bar] │   Czas [ms].4 │   Ciśnienie spalin[Pa] │   Czas [ms].5 │   Dopeł. zb. 1/3[-] │
╞════╪═══════════════╪════════════════════════╪═══════════════╪════════════════════════╪═══════════════╪═════════════════════╡
│  0 │           189 │                  0.006 │           190 │                      0 │           544 │                   0 │
├────┼───────────────┼────────────────────────┼───────────────┼────────────────────────┼───────────────┼─────────────────────┤
│  1 │           390 │                  0.006 │           390 │                    -18 │          1545 │                   0 │
├────┼───────────────┼────────────────────────┼───────────────┼────────────────────────┼───────────────┼─────────────────────┤
│  2 │           590 │                  0.006 │           590 │                    -28 │          2547 │                   0 │
╘════╧═══════════════╧════════════════════════╧═══════════════╧════════════════════════╧═══════════════╧═════════════════════╛
2024-12-02 13:24:44,451 - INFO - Data from file 'Zew ch ON _ 2018-12-18.csv':
╒════╤═══════════════╤═════════════════════╤═══════════════╤═════════════════════╤═══════════════╤══════════════════╕
│    │   Czas [ms].6 │   Dopeł. zb. 2/3[-] │   Czas [ms].7 │   Dopeł. zb. 3/3[-] │   Czas [ms].8 │   Dopełnianie[-] │
╞════╪═══════════════╪═════════════════════╪═══════════════╪═════════════════════╪═══════════════╪══════════════════╡
│  0 │           544 │                   0 │           544 │                   0 │           621 │                0 │
├────┼───────────────┼─────────────────────┼───────────────┼─────────────────────┼───────────────┼──────────────────┤
│  1 │          1545 │                   0 │          1545 │                   0 │          1623 │                0 │
├────┼───────────────┼─────────────────────┼───────────────┼─────────────────────┼───────────────┼──────────────────┤
│  2 │          2547 │                   0 │          2547 │                   0 │          2625 │                0 │
╘════╧═══════════════╧═════════════════════╧═══════════════╧═════════════════════╧═══════════════╧══════════════════╛
2024-12-02 13:24:44,452 - INFO - Data from file 'Zew ch ON _ 2018-12-18.csv':
╒════╤═══════════════╤═════════════════╤════════════════╤═════════════════════════════╤════════════════╤════════════════════════════╕
│    │   Czas [ms].9 │   Duży obieg[-] │   Czas [ms].10 │   ECT - wejście do sil.[°C] │   Czas [ms].11 │   ECT - wyjście z sil.[°C] │
╞════╪═══════════════╪═════════════════╪════════════════╪═════════════════════════════╪════════════════╪════════════════════════════╡
│  0 │           540 │               0 │             39 │                        20.9 │             39 │                       49.1 │
├────┼───────────────┼─────────────────┼────────────────┼─────────────────────────────┼────────────────┼────────────────────────────┤
│  1 │           871 │               0 │            240 │                        20.9 │            239 │                       49.1 │
├────┼───────────────┼─────────────────┼────────────────┼─────────────────────────────┼────────────────┼────────────────────────────┤
│  2 │          1541 │               0 │            440 │                        20.9 │            440 │                       49.1 │
╘════╧═══════════════╧═════════════════╧════════════════╧═════════════════════════════╧════════════════╧════════════════════════════╛
2024-12-02 13:24:44,454 - INFO - Data from file 'Zew ch ON _ 2018-12-18.csv':
╒════╤════════════════╤═════════════════════════════════╤════════════════╤════════════════════════════╤════════════════╤═══════════════════════╕
│    │   Czas [ms].12 │   Główny obieg - przepływ[m³/h] │   Czas [ms].13 │   Główny obieg - temp.[°C] │   Czas [ms].14 │   GPReg_Setpoint0[°C] │
╞════╪════════════════╪═════════════════════════════════╪════════════════╪════════════════════════════╪════════════════╪═══════════════════════╡
│  0 │            143 │                          144.78 │             44 │                       19.9 │             70 │                    60 │
├────┼────────────────┼─────────────────────────────────┼────────────────┼────────────────────────────┼────────────────┼───────────────────────┤
│  1 │            343 │                          141.57 │            243 │                       19.9 │            370 │                    60 │
├────┼────────────────┼─────────────────────────────────┼────────────────┼────────────────────────────┼────────────────┼───────────────────────┤
│  2 │            544 │                          136.68 │            444 │                       19.9 │            671 │                    60 │
╘════╧════════════════╧═════════════════════════════════╧════════════════╧════════════════════════════╧════════════════╧═══════════════════════╛
2024-12-02 13:24:44,456 - INFO - Data from file 'Zew ch ON _ 2018-12-18.csv':
╒════╤════════════════╤═══════════════════════╤════════════════╤═══════════════════════╤════════════════╤═══════════════════════════════════╕
│    │   Czas [ms].15 │   GPReg_Setpoint1[°C] │   Czas [ms].16 │   GPReg_Setpoint2[°C] │   Czas [ms].17 │   Hamulec, lewa komora, temp.[°C] │
╞════╪════════════════╪═══════════════════════╪════════════════╪═══════════════════════╪════════════════╪═══════════════════════════════════╡
│  0 │             70 │                    30 │             70 │                    34 │            108 │                                17 │
├────┼────────────────┼───────────────────────┼────────────────┼───────────────────────┼────────────────┼───────────────────────────────────┤
│  1 │            370 │                    30 │            370 │                    34 │            308 │                                17 │
├────┼────────────────┼───────────────────────┼────────────────┼───────────────────────┼────────────────┼───────────────────────────────────┤
│  2 │            671 │                    30 │            671 │                    34 │            509 │                                17 │
╘════╧════════════════╧═══════════════════════╧════════════════╧═══════════════════════╧════════════════╧═══════════════════════════════════╛
2024-12-02 13:24:44,457 - INFO - Data from file 'Zew ch ON _ 2018-12-18.csv':
╒════╤════════════════╤════════════════════════════════════╤════════════════╤════════════════════════════════╤════════════════╤═══════════════════════════════╕
│    │   Czas [ms].18 │   Hamulec, prawa komora, temp.[°C] │   Czas [ms].19 │   Hamulec, przepływ wody[m³/h] │   Czas [ms].20 │   Ilość paliwa w zbiorniku[g] │
╞════╪════════════════╪════════════════════════════════════╪════════════════╪════════════════════════════════╪════════════════╪═══════════════════════════════╡
│  0 │            108 │                                 17 │             58 │                           11.7 │              0 │                       597.585 │
├────┼────────────────┼────────────────────────────────────┼────────────────┼────────────────────────────────┼────────────────┼───────────────────────────────┤
│  1 │            309 │                                 17 │            258 │                           11.8 │            250 │                       597.566 │
├────┼────────────────┼────────────────────────────────────┼────────────────┼────────────────────────────────┼────────────────┼───────────────────────────────┤
│  2 │            509 │                                 17 │            459 │                           11.8 │            500 │                       597.488 │
╘════╧════════════════╧════════════════════════════════════╧════════════════╧════════════════════════════════╧════════════════╧═══════════════════════════════╛
2024-12-02 13:24:44,459 - INFO - Data from file 'Zew ch ON _ 2018-12-18.csv':
╒════╤════════════════╤════════════════════════════════╤════════════════╤═════════════════════════╤════════════════╤═════════════════════════╕
│    │   Czas [ms].21 │   Kond. - przepływ wody[l/min] │   Czas [ms].22 │   Kontrolka zb. 1/3 [-] │   Czas [ms].23 │   Kontrolka zb. 2/3 [-] │
╞════╪════════════════╪════════════════════════════════╪════════════════╪═════════════════════════╪════════════════╪═════════════════════════╡
│  0 │            169 │                           8.57 │            143 │                       0 │            143 │                       0 │
├────┼────────────────┼────────────────────────────────┼────────────────┼─────────────────────────┼────────────────┼─────────────────────────┤
│  1 │            369 │                           8.75 │            543 │                       0 │            543 │                       0 │
├────┼────────────────┼────────────────────────────────┼────────────────┼─────────────────────────┼────────────────┼─────────────────────────┤
│  2 │            570 │                           8.56 │           1345 │                       0 │           1345 │                       0 │
╘════╧════════════════╧════════════════════════════════╧════════════════╧═════════════════════════╧════════════════╧═════════════════════════╛
2024-12-02 13:24:44,460 - INFO - Data from file 'Zew ch ON _ 2018-12-18.csv':
╒════╤════════════════╤═════════════════════════╤════════════════╤═════════════╤════════════════╤═══════════╕
│    │   Czas [ms].24 │   Kontrolka zb. 3/3 [-] │   Czas [ms].25 │   MAF[kg/h] │   Czas [ms].26 │   Moc[kW] │
╞════╪════════════════╪═════════════════════════╪════════════════╪═════════════╪════════════════╪═══════════╡
│  0 │            143 │                       0 │            191 │         0   │             70 │         0 │
├────┼────────────────┼─────────────────────────┼────────────────┼─────────────┼────────────────┼───────────┤
│  1 │            543 │                       0 │            391 │         0.8 │            270 │         0 │
├────┼────────────────┼─────────────────────────┼────────────────┼─────────────┼────────────────┼───────────┤
│  2 │           1345 │                       0 │            592 │         3.7 │            471 │         0 │
╘════╧════════════════╧═════════════════════════╧════════════════╧═════════════╧════════════════╧═══════════╛
2024-12-02 13:24:44,462 - INFO - Data from file 'Zew ch ON _ 2018-12-18.csv':
╒════╤════════════════╤═══════════════════════╤════════════════╤════════════════════╤════════════════╤════════════════════╕
│    │   Czas [ms].27 │   Moment obrotowy[Nm] │   Czas [ms].28 │   Moment Tryb3[Nm] │   Czas [ms].29 │   Moment Tryb4[Nm] │
╞════╪════════════════╪═══════════════════════╪════════════════╪════════════════════╪════════════════╪════════════════════╡
│  0 │             10 │                   0.4 │         467537 │              113.2 │         466759 │                129 │
├────┼────────────────┼───────────────────────┼────────────────┼────────────────────┼────────────────┼────────────────────┤
│  1 │             30 │                   0.4 │         467539 │              113.2 │         466788 │                129 │
├────┼────────────────┼───────────────────────┼────────────────┼────────────────────┼────────────────┼────────────────────┤
│  2 │             50 │                   0.4 │         467789 │              113.2 │         467038 │                129 │
╘════╧════════════════╧═══════════════════════╧════════════════╧════════════════════╧════════════════╧════════════════════╛
2024-12-02 13:24:44,464 - INFO - Data from file 'Zew ch ON _ 2018-12-18.csv':
╒════╤════════════════╤═══════════════════╤════════════════╤═══════════════════════════╤════════════════╤═══════════════════════════╕
│    │   Czas [ms].30 │   Obroty[obr/min] │   Czas [ms].31 │   Poz. paliwa zb. 1/3[mm] │   Czas [ms].32 │   Poz. paliwa zb. 2/3[mm] │
╞════╪════════════════╪═══════════════════╪════════════════╪═══════════════════════════╪════════════════╪═══════════════════════════╡
│  0 │             10 │                 0 │            191 │                       207 │            190 │                        75 │
├────┼────────────────┼───────────────────┼────────────────┼───────────────────────────┼────────────────┼───────────────────────────┤
│  1 │             30 │                 0 │            391 │                       207 │            392 │                        75 │
├────┼────────────────┼───────────────────┼────────────────┼───────────────────────────┼────────────────┼───────────────────────────┤
│  2 │             50 │                 0 │            592 │                       207 │            592 │                        75 │
╘════╧════════════════╧═══════════════════╧════════════════╧═══════════════════════════╧════════════════╧═══════════════════════════╛
2024-12-02 13:24:44,465 - INFO - Data from file 'Zew ch ON _ 2018-12-18.csv':
╒════╤════════════════╤═══════════════════════════╤════════════════╤════════════════════════════╤════════════════╤═════════════════════════╕
│    │   Czas [ms].33 │   Poz. paliwa zb. 3/3[mm] │   Czas [ms].34 │   Przekaź. pompy paliwa[-] │   Czas [ms].35 │   Przekaźnik zapłonu[-] │
╞════╪════════════════╪═══════════════════════════╪════════════════╪════════════════════════════╪════════════════╪═════════════════════════╡
│  0 │            190 │                       111 │            540 │                          0 │            143 │                       1 │
├────┼────────────────┼───────────────────────────┼────────────────┼────────────────────────────┼────────────────┼─────────────────────────┤
│  1 │            392 │                       111 │           1541 │                          0 │            543 │                       1 │
├────┼────────────────┼───────────────────────────┼────────────────┼────────────────────────────┼────────────────┼─────────────────────────┤
│  2 │            590 │                       111 │           2543 │                          0 │           1345 │                       1 │
╘════╧════════════════╧═══════════════════════════╧════════════════╧════════════════════════════╧════════════════╧═════════════════════════╛
2024-12-02 13:24:44,467 - INFO - Data from file 'Zew ch ON _ 2018-12-18.csv':
╒════╤════════════════╤═══════════════════╤════════════════╤═════════════════════════╤════════════════╤═════════════════════════╕
│    │   Czas [ms].36 │   Przepustnica[%] │   Czas [ms].37 │   Przepustnica Tryb0[%] │   Czas [ms].38 │   Przepustnica Tryb1[%] │
╞════╪════════════════╪═══════════════════╪════════════════╪═════════════════════════╪════════════════╪═════════════════════════╡
│  0 │             20 │                 0 │            120 │                       0 │           9455 │                       0 │
├────┼────────────────┼───────────────────┼────────────────┼─────────────────────────┼────────────────┼─────────────────────────┤
│  1 │            270 │                 0 │            370 │                       0 │           9634 │                       0 │
├────┼────────────────┼───────────────────┼────────────────┼─────────────────────────┼────────────────┼─────────────────────────┤
│  2 │            521 │                 0 │            621 │                       0 │           9884 │                       0 │
╘════╧════════════════╧═══════════════════╧════════════════╧═════════════════════════╧════════════════╧═════════════════════════╛
2024-12-02 13:24:44,469 - INFO - Data from file 'Zew ch ON _ 2018-12-18.csv':
╒════╤════════════════╤═════════════════╤════════════════╤════════════════╤════════════════╤═════════════════╕
│    │   Czas [ms].39 │   Przyklad[bar] │   Czas [ms].40 │   PWM Tryb0[%] │   Czas [ms].41 │   Rozrusznik[-] │
╞════╪════════════════╪═════════════════╪════════════════╪════════════════╪════════════════╪═════════════════╡
│  0 │            193 │               0 │            120 │              0 │            143 │               1 │
├────┼────────────────┼─────────────────┼────────────────┼────────────────┼────────────────┼─────────────────┤
│  1 │            393 │               0 │            370 │              0 │            543 │               1 │
├────┼────────────────┼─────────────────┼────────────────┼────────────────┼────────────────┼─────────────────┤
│  2 │            593 │               0 │            621 │              0 │            951 │               1 │
╘════╧════════════════╧═════════════════╧════════════════╧════════════════╧════════════════╧═════════════════╛
2024-12-02 13:24:44,471 - INFO - Data from file 'Zew ch ON _ 2018-12-18.csv':
╒════╤════════════════╤══════════════════════╤════════════════╤══════════════════════╤════════════════╤══════════════════════╕
│    │   Czas [ms].42 │   RPM Tryb1[obr/min] │   Czas [ms].43 │   RPM Tryb3[obr/min] │   Czas [ms].44 │   RPM Tryb4[obr/min] │
╞════╪════════════════╪══════════════════════╪════════════════╪══════════════════════╪════════════════╪══════════════════════╡
│  0 │           9455 │                  800 │         467537 │                 2243 │         466759 │                 2203 │
├────┼────────────────┼──────────────────────┼────────────────┼──────────────────────┼────────────────┼──────────────────────┤
│  1 │           9634 │                  800 │         467539 │                 2243 │         466788 │                 2203 │
├────┼────────────────┼──────────────────────┼────────────────┼──────────────────────┼────────────────┼──────────────────────┤
│  2 │           9884 │                  800 │         467789 │                 2243 │         467038 │                 2203 │
╘════╧════════════════╧══════════════════════╧════════════════╧══════════════════════╧════════════════╧══════════════════════╛
2024-12-02 13:24:44,473 - INFO - Data from file 'Zew ch ON _ 2018-12-18.csv':
╒════╤════════════════╤══════════════╤════════════════╤═══════════════════════════╤════════════════╤══════════════════════════════╕
│    │   Czas [ms].45 │   Starter[-] │   Czas [ms].46 │   Stycz. chłodni went.[-] │   Czas [ms].47 │   Temp. oleju przed wym.[°C] │
╞════╪════════════════╪══════════════╪════════════════╪═══════════════════════════╪════════════════╪══════════════════════════════╡
│  0 │            953 │            1 │            540 │                         0 │             39 │                           22 │
├────┼────────────────┼──────────────┼────────────────┼───────────────────────────┼────────────────┼──────────────────────────────┤
│  1 │           1353 │            0 │            871 │                         0 │            240 │                           22 │
├────┼────────────────┼──────────────┼────────────────┼───────────────────────────┼────────────────┼──────────────────────────────┤
│  2 │           2355 │            0 │           1541 │                         0 │            440 │                           22 │
╘════╧════════════════╧══════════════╧════════════════╧═══════════════════════════╧════════════════╧══════════════════════════════╛
2024-12-02 13:24:44,474 - INFO - Data from file 'Zew ch ON _ 2018-12-18.csv':
╒════╤════════════════╤═══════════════════════════╤════════════════╤═══════════════════════════╤════════════════╤═══════════════════════╕
│    │   Czas [ms].48 │   Temp. oleju w misce[°C] │   Czas [ms].49 │   Temp. oleju za wym.[°C] │   Czas [ms].50 │   Temp. otoczenia[°C] │
╞════╪════════════════╪═══════════════════════════╪════════════════╪═══════════════════════════╪════════════════╪═══════════════════════╡
│  0 │             93 │                        69 │             40 │                      21.9 │             43 │                  18.9 │
├────┼────────────────┼───────────────────────────┼────────────────┼───────────────────────────┼────────────────┼───────────────────────┤
│  1 │            294 │                        69 │            240 │                      22   │            244 │                  18.9 │
├────┼────────────────┼───────────────────────────┼────────────────┼───────────────────────────┼────────────────┼───────────────────────┤
│  2 │            494 │                        69 │            440 │                      21.9 │            444 │                  18.9 │
╘════╧════════════════╧═══════════════════════════╧════════════════╧═══════════════════════════╧════════════════╧═══════════════════════╛
2024-12-02 13:24:44,477 - INFO - Data from file 'Zew ch ON _ 2018-12-18.csv':
╒════╤════════════════╤══════════════════════════════════╤════════════════╤══════════════════════════════════╤════════════════╤══════════════════════════════╕
│    │   Czas [ms].51 │   Temp. pal. na wejściu sil.[°C] │   Czas [ms].52 │   Temp. pal. na wyjściu sil.[°C] │   Czas [ms].53 │   Temp. paliwa w zb. 1/3[°C] │
╞════╪════════════════╪══════════════════════════════════╪════════════════╪══════════════════════════════════╪════════════════╪══════════════════════════════╡
│  0 │             43 │                             25.8 │             43 │                               36 │            119 │                         16.6 │
├────┼────────────────┼──────────────────────────────────┼────────────────┼──────────────────────────────────┼────────────────┼──────────────────────────────┤
│  1 │            243 │                             25.8 │            244 │                               36 │            319 │                         16.6 │
├────┼────────────────┼──────────────────────────────────┼────────────────┼──────────────────────────────────┼────────────────┼──────────────────────────────┤
│  2 │            444 │                             25.8 │            444 │                               36 │            520 │                         16.6 │
╘════╧════════════════╧══════════════════════════════════╧════════════════╧══════════════════════════════════╧════════════════╧══════════════════════════════╛
2024-12-02 13:24:44,479 - INFO - Data from file 'Zew ch ON _ 2018-12-18.csv':
╒════╤════════════════╤══════════════════════════════╤════════════════╤══════════════════════════════╤════════════════╤═══════════════════════════════════╕
│    │   Czas [ms].54 │   Temp. paliwa w zb. 2/3[°C] │   Czas [ms].55 │   Temp. paliwa w zb. 3/3[°C] │   Czas [ms].56 │   Temp. powietrza przed turb.[°C] │
╞════╪════════════════╪══════════════════════════════╪════════════════╪══════════════════════════════╪════════════════╪═══════════════════════════════════╡
│  0 │            119 │                         16.5 │            119 │                           16 │             40 │                              41.6 │
├────┼────────────────┼──────────────────────────────┼────────────────┼──────────────────────────────┼────────────────┼───────────────────────────────────┤
│  1 │            319 │                         16.5 │            320 │                           16 │            240 │                              41.6 │
├────┼────────────────┼──────────────────────────────┼────────────────┼──────────────────────────────┼────────────────┼───────────────────────────────────┤
│  2 │            520 │                         16.5 │            520 │                           16 │            441 │                              41.6 │
╘════╧════════════════╧══════════════════════════════╧════════════════╧══════════════════════════════╧════════════════╧═══════════════════════════════════╛
2024-12-02 13:24:44,481 - INFO - Data from file 'Zew ch ON _ 2018-12-18.csv':
╒════╤════════════════╤════════════════════════════════╤════════════════╤════════════════════════╤════════════════╤════════════════════════╕
│    │   Czas [ms].57 │   Temp. powietrza za turb.[°C] │   Czas [ms].58 │   Temp. spalin 1/6[°C] │   Czas [ms].59 │   Temp. spalin 2/6[°C] │
╞════╪════════════════╪════════════════════════════════╪════════════════╪════════════════════════╪════════════════╪════════════════════════╡
│  0 │             93 │                             47 │             89 │                     78 │             89 │                     81 │
├────┼────────────────┼────────────────────────────────┼────────────────┼────────────────────────┼────────────────┼────────────────────────┤
│  1 │            293 │                             47 │            289 │                     78 │            290 │                     80 │
├────┼────────────────┼────────────────────────────────┼────────────────┼────────────────────────┼────────────────┼────────────────────────┤
│  2 │            494 │                             47 │            490 │                     78 │            490 │                     80 │
╘════╧════════════════╧════════════════════════════════╧════════════════╧════════════════════════╧════════════════╧════════════════════════╛
2024-12-02 13:24:44,483 - INFO - Data from file 'Zew ch ON _ 2018-12-18.csv':
╒════╤════════════════╤════════════════════════╤════════════════╤════════════════════════╤════════════════╤═══════════════════════════════════╕
│    │   Czas [ms].60 │   Temp. spalin 3/6[°C] │   Czas [ms].61 │   Temp. spalin 4/6[°C] │   Czas [ms].62 │   Temp. spalin za turbiną 1/2[°C] │
╞════╪════════════════╪════════════════════════╪════════════════╪════════════════════════╪════════════════╪═══════════════════════════════════╡
│  0 │             90 │                     72 │             90 │                     63 │             93 │                                64 │
├────┼────────────────┼────────────────────────┼────────────────┼────────────────────────┼────────────────┼───────────────────────────────────┤
│  1 │            290 │                     72 │            290 │                     63 │            293 │                                64 │
├────┼────────────────┼────────────────────────┼────────────────┼────────────────────────┼────────────────┼───────────────────────────────────┤
│  2 │            490 │                     72 │            491 │                     63 │            493 │                                64 │
╘════╧════════════════╧════════════════════════╧════════════════╧════════════════════════╧════════════════╧═══════════════════════════════════╛
2024-12-02 13:24:44,484 - INFO - Data from file 'Zew ch ON _ 2018-12-18.csv':
╒════╤════════════════╤═══════════════════════════════════╤════════════════╤═══════════════════════════╤════════════════╤══════════════════════════╕
│    │   Czas [ms].63 │   Temp. spalin za turbiną 2/2[°C] │   Czas [ms].64 │   Temp.pal.na wyjściu[°C] │   Czas [ms].65 │   Temp.paliwa żądana[°C] │
╞════╪════════════════╪═══════════════════════════════════╪════════════════╪═══════════════════════════╪════════════════╪══════════════════════════╡
│  0 │             93 │                                62 │             70 │                      16.1 │             20 │                     20.6 │
├────┼────────────────┼───────────────────────────────────┼────────────────┼───────────────────────────┼────────────────┼──────────────────────────┤
│  1 │            293 │                                62 │            270 │                      16.1 │            219 │                     20.6 │
├────┼────────────────┼───────────────────────────────────┼────────────────┼───────────────────────────┼────────────────┼──────────────────────────┤
│  2 │            494 │                                62 │            470 │                      16.1 │            419 │                     20.6 │
╘════╧════════════════╧═══════════════════════════════════╧════════════════╧═══════════════════════════╧════════════════╧══════════════════════════╛
2024-12-02 13:24:44,486 - INFO - Data from file 'Zew ch ON _ 2018-12-18.csv':
╒════╤════════════════╤══════════════════════════╤════════════════╤═══════════════════════════════╤════════════════╤═════════════╕
│    │   Czas [ms].66 │   Wilgotność względna[%] │   Czas [ms].67 │   Wyłącznik bezpieczeństwa[-] │   Czas [ms].68 │   Zapłon[-] │
╞════╪════════════════╪══════════════════════════╪════════════════╪═══════════════════════════════╪════════════════╪═════════════╡
│  0 │             43 │                       30 │            953 │                             0 │            953 │           1 │
├────┼────────────────┼──────────────────────────┼────────────────┼───────────────────────────────┼────────────────┼─────────────┤
│  1 │            243 │                       30 │           1353 │                             0 │           1353 │           1 │
├────┼────────────────┼──────────────────────────┼────────────────┼───────────────────────────────┼────────────────┼─────────────┤
│  2 │            443 │                       30 │           2355 │                             0 │           2355 │           1 │
╘════╧════════════════╧══════════════════════════╧════════════════╧═══════════════════════════════╧════════════════╧═════════════╛
2024-12-02 13:24:44,487 - INFO - Data from file 'Zew ch ON _ 2018-12-18.csv':
╒════╤════════════════╤══════════════════════════╤════════════════╤══════════════════════════╤════════════════╤══════════════════════════╕
│    │   Czas [ms].69 │   Zaw. zb. paliwa 1/3[-] │   Czas [ms].70 │   Zaw. zb. paliwa 2/3[-] │   Czas [ms].71 │   Zaw. zb. paliwa 3/3[-] │
╞════╪════════════════╪══════════════════════════╪════════════════╪══════════════════════════╪════════════════╪══════════════════════════╡
│  0 │            143 │                        0 │            143 │                        0 │            143 │                        0 │
├────┼────────────────┼──────────────────────────┼────────────────┼──────────────────────────┼────────────────┼──────────────────────────┤
│  1 │            543 │                        0 │            543 │                        0 │            543 │                        0 │
├────┼────────────────┼──────────────────────────┼────────────────┼──────────────────────────┼────────────────┼──────────────────────────┤
│  2 │           1345 │                        0 │           1345 │                        0 │           1345 │                        0 │
╘════╧════════════════╧══════════════════════════╧════════════════╧══════════════════════════╧════════════════╧══════════════════════════╛
2024-12-02 13:24:44,488 - INFO - Data from file 'Zew ch ON _ 2018-12-18.csv':
╒════╤════════════════╤═════════════════════════════╤════════════════╤═══════════════════════════════╤════════════════╤═══════════════════════════════╕
│    │   Czas [ms].72 │   Zawór reg. chł. cieczy[-] │   Czas [ms].73 │   Zużycie paliwa bieżące[g/s] │   Czas [ms].74 │   Zużycie paliwa średnie[g/s] │
╞════╪════════════════╪═════════════════════════════╪════════════════╪═══════════════════════════════╪════════════════╪═══════════════════════════════╡
│  0 │            540 │                           0 │             20 │                             0 │             20 │                        0.0182 │
├────┼────────────────┼─────────────────────────────┼────────────────┼───────────────────────────────┼────────────────┼───────────────────────────────┤
│  1 │            871 │                           0 │            220 │                             0 │            219 │                        0.0191 │
├────┼────────────────┼─────────────────────────────┼────────────────┼───────────────────────────────┼────────────────┼───────────────────────────────┤
│  2 │           1541 │                           0 │            420 │                             0 │            420 │                        0.0192 │
╘════╧════════════════╧═════════════════════════════╧════════════════╧═══════════════════════════════╧════════════════╧═══════════════════════════════╛
2024-12-02 13:24:44,489 - INFO - Data Frame Shape: (31577, 150)
2024-12-02 13:24:44,489 - INFO - Loading eco file: Zew ch ON _ 2018-12-18_eco.csv
2024-12-02 13:24:44,489 - INFO - Loading data from file: /home/viktar-taustyka/GitHubRepos/DT-Engine/data/raw/Zew ch ON _ 2018-12-18_eco.csv
2024-12-02 13:24:44,492 - INFO - Data loaded successfully from file: /home/viktar-taustyka/GitHubRepos/DT-Engine/data/raw/Zew ch ON _ 2018-12-18_eco.csv
2024-12-02 13:24:44,492 - INFO - Data Frame Columns: ['OBR', 'Mo', 'CO', 'HC', 'LAMBDA', 'CO2', 'O2', 'NO', 'PM']
2024-12-02 13:24:44,493 - INFO - Data from file 'Zew ch ON _ 2018-12-18_eco.csv':
╒════╤═══════╤══════╤══════╤══════╤══════════╤═══════╕
│    │   OBR │   Mo │   CO │   HC │   LAMBDA │   CO2 │
╞════╪═══════╪══════╪══════╪══════╪══════════╪═══════╡
│  0 │  2400 │  293 │ 0.03 │   12 │    1.938 │   7.7 │
├────┼───────┼──────┼──────┼──────┼──────────┼───────┤
│  1 │  2200 │  325 │ 0.03 │   13 │    1.779 │   8.4 │
├────┼───────┼──────┼──────┼──────┼──────────┼───────┤
│  2 │  2000 │  339 │ 0.04 │   11 │    1.654 │   9.1 │
╘════╧═══════╧══════╧══════╧══════╧══════════╧═══════╛
2024-12-02 13:24:44,495 - INFO - Data from file 'Zew ch ON _ 2018-12-18_eco.csv':
╒════╤═══════╤══════╤══════╕
│    │    O2 │   NO │   PM │
╞════╪═══════╪══════╪══════╡
│  0 │ 10.34 │  191 │ 8.81 │
├────┼───────┼──────┼──────┤
│  1 │  9.4  │  215 │ 7.25 │
├────┼───────┼──────┼──────┤
│  2 │  8.59 │  250 │ 7.1  │
╘════╧═══════╧══════╧══════╛
2024-12-02 13:24:44,496 - INFO - Data Frame Shape: (10, 9)
2024-12-02 13:24:44,496 - INFO - Data files loaded successfully.
2024-12-02 13:24:44,989 - INFO - Step 2: Raw data loaded successfully.
2024-12-02 13:24:44,990 - INFO - Continue data pipeline. Step 3: Validating data...
2024-12-02 13:24:44,992 - INFO - DataValidator initialized.
2024-12-02 13:24:44,992 - INFO - Starting column validation for multiple DataFrames...
2024-12-02 13:24:44,992 - INFO - DataFrame 0: All required columns are present.
2024-12-02 13:24:44,992 - INFO - DataFrame 0: All optional columns are present.
2024-12-02 13:24:44,992 - INFO - DataFrame 1: All required columns are present.
2024-12-02 13:24:44,993 - INFO - DataFrame 1: All optional columns are present.
2024-12-02 13:24:44,993 - INFO - Starting schema validation for multiple DataFrames...
2024-12-02 13:24:44,994 - INFO - DataFrame 0 - Schema validation passed.
2024-12-02 13:24:44,995 - INFO - DataFrame 1 - Schema validation passed.
2024-12-02 13:24:44,995 - INFO - Checking for duplicate columns in multiple DataFrames...
2024-12-02 13:24:44,995 - INFO - DataFrame 0: No duplicate columns found.
2024-12-02 13:24:44,996 - INFO - DataFrame 1: No duplicate columns found.
2024-12-02 13:24:44,996 - INFO - Validation reports summarizing the results for each DataFrame
2024-12-02 13:24:44,996 - INFO - =================
Validation Report for DataFrame 0 (0 - main Data Frame; 1 - eco Data Frame):
DataFrame Shape: (31577, 150) (Rows, Columns) <--- !!!!!!!!!
All Required Columns: Present
All Optional Columns: Present
2024-12-02 13:24:44,996 - INFO - =================
Validation Report for DataFrame 1 (0 - main Data Frame; 1 - eco Data Frame):
DataFrame Shape: (10, 9) (Rows, Columns) <--- !!!!!!!!!
All Required Columns: Present
All Optional Columns: Present
2024-12-02 13:24:44,996 - INFO - Step 3: Data validated successfully.
2024-12-02 13:24:45,481 - INFO - Step 3: Data validated successfully.
2024-12-02 13:24:45,481 - INFO - Starting metadata extraction for multiple DataFrames...
2024-12-02 13:24:45,481 - INFO - Processing DataFrame 1/2 with shape (31577, 150)...
2024-12-02 13:24:45,568 - INFO - Metadata for DataFrame 0, names_of_files_under_procession:['Zew ch ON _ 2018-12-18.csv', 'Zew ch ON _ 2018-12-18_eco.csv', 'ON'], None:
+-----+----------------------------------+----------------+------------------+--------------+-----------------+-------------+
|     | Column                           |   Total Values |   Non-Null Count |   Null Count |   Unique Values | Data Type   |
+=====+==================================+================+==================+==============+=================+=============+
|   0 | Czas [ms]                        |           3157 |             3157 |        28420 |            3157 | float64     |
+-----+----------------------------------+----------------+------------------+--------------+-----------------+-------------+
|   1 | Ciś. pow. przed turb.[Pa]        |           3157 |             3157 |        28420 |              33 | float64     |
+-----+----------------------------------+----------------+------------------+--------------+-----------------+-------------+
|   2 | Czas [ms].1                      |           3157 |             3157 |        28420 |            3157 | float64     |
+-----+----------------------------------+----------------+------------------+--------------+-----------------+-------------+
|   3 | Ciś. pow. za turb.[Pa]           |           3157 |             3157 |        28420 |            1461 | float64     |
+-----+----------------------------------+----------------+------------------+--------------+-----------------+-------------+
|   4 | Czas [ms].2                      |           3158 |             3158 |        28419 |            3158 | float64     |
+-----+----------------------------------+----------------+------------------+--------------+-----------------+-------------+
|   5 | Ciśnienie atmosferyczne[hPa]     |           3158 |             3158 |        28419 |               1 | float64     |
+-----+----------------------------------+----------------+------------------+--------------+-----------------+-------------+
|   6 | Czas [ms].3                      |           3157 |             3157 |        28420 |            3157 | float64     |
+-----+----------------------------------+----------------+------------------+--------------+-----------------+-------------+
|   7 | Ciśnienie oleju[bar]             |           3157 |             3157 |        28420 |            1170 | float64     |
+-----+----------------------------------+----------------+------------------+--------------+-----------------+-------------+
|   8 | Czas [ms].4                      |           3157 |             3157 |        28420 |            3157 | float64     |
+-----+----------------------------------+----------------+------------------+--------------+-----------------+-------------+
|   9 | Ciśnienie spalin[Pa]             |           3157 |             3157 |        28420 |             135 | float64     |
+-----+----------------------------------+----------------+------------------+--------------+-----------------+-------------+
|  10 | Czas [ms].5                      |            631 |              631 |        30946 |             631 | float64     |
+-----+----------------------------------+----------------+------------------+--------------+-----------------+-------------+
|  11 | Dopeł. zb. 1/3[-]                |            631 |              631 |        30946 |               1 | float64     |
+-----+----------------------------------+----------------+------------------+--------------+-----------------+-------------+
|  12 | Czas [ms].6                      |            631 |              631 |        30946 |             631 | float64     |
+-----+----------------------------------+----------------+------------------+--------------+-----------------+-------------+
|  13 | Dopeł. zb. 2/3[-]                |            631 |              631 |        30946 |               1 | float64     |
+-----+----------------------------------+----------------+------------------+--------------+-----------------+-------------+
|  14 | Czas [ms].7                      |            631 |              631 |        30946 |             631 | float64     |
+-----+----------------------------------+----------------+------------------+--------------+-----------------+-------------+
|  15 | Dopeł. zb. 3/3[-]                |            631 |              631 |        30946 |               1 | float64     |
+-----+----------------------------------+----------------+------------------+--------------+-----------------+-------------+
|  16 | Czas [ms].8                      |            636 |              636 |        30941 |             636 | float64     |
+-----+----------------------------------+----------------+------------------+--------------+-----------------+-------------+
|  17 | Dopełnianie[-]                   |            636 |              636 |        30941 |               2 | float64     |
+-----+----------------------------------+----------------+------------------+--------------+-----------------+-------------+
|  18 | Czas [ms].9                      |           1263 |             1263 |        30314 |            1263 | float64     |
+-----+----------------------------------+----------------+------------------+--------------+-----------------+-------------+
|  19 | Duży obieg[-]                    |           1263 |             1263 |        30314 |               1 | float64     |
+-----+----------------------------------+----------------+------------------+--------------+-----------------+-------------+
|  20 | Czas [ms].10                     |           3158 |             3158 |        28419 |            3158 | float64     |
+-----+----------------------------------+----------------+------------------+--------------+-----------------+-------------+
|  21 | ECT - wejście do sil.[°C]        |           3158 |             3158 |        28419 |             269 | float64     |
+-----+----------------------------------+----------------+------------------+--------------+-----------------+-------------+
|  22 | Czas [ms].11                     |           3158 |             3158 |        28419 |            3158 | float64     |
+-----+----------------------------------+----------------+------------------+--------------+-----------------+-------------+
|  23 | ECT - wyjście z sil.[°C]         |           3158 |             3158 |        28419 |             255 | float64     |
+-----+----------------------------------+----------------+------------------+--------------+-----------------+-------------+
|  24 | Czas [ms].12                     |           3157 |             3157 |        28420 |            3157 | float64     |
+-----+----------------------------------+----------------+------------------+--------------+-----------------+-------------+
|  25 | Główny obieg - przepływ[m³/h]    |           3157 |             3157 |        28420 |            1624 | float64     |
+-----+----------------------------------+----------------+------------------+--------------+-----------------+-------------+
|  26 | Czas [ms].13                     |           3158 |             3158 |        28419 |            3158 | float64     |
+-----+----------------------------------+----------------+------------------+--------------+-----------------+-------------+
|  27 | Główny obieg - temp.[°C]         |           3158 |             3158 |        28419 |              11 | float64     |
+-----+----------------------------------+----------------+------------------+--------------+-----------------+-------------+
|  28 | Czas [ms].14                     |           2105 |             2105 |        29472 |            2105 | float64     |
+-----+----------------------------------+----------------+------------------+--------------+-----------------+-------------+
|  29 | GPReg_Setpoint0[°C]              |           2105 |             2105 |        29472 |               1 | float64     |
+-----+----------------------------------+----------------+------------------+--------------+-----------------+-------------+
|  30 | Czas [ms].15                     |           2105 |             2105 |        29472 |            2105 | float64     |
+-----+----------------------------------+----------------+------------------+--------------+-----------------+-------------+
|  31 | GPReg_Setpoint1[°C]              |           2105 |             2105 |        29472 |               1 | float64     |
+-----+----------------------------------+----------------+------------------+--------------+-----------------+-------------+
|  32 | Czas [ms].16                     |           2105 |             2105 |        29472 |            2105 | float64     |
+-----+----------------------------------+----------------+------------------+--------------+-----------------+-------------+
|  33 | GPReg_Setpoint2[°C]              |           2105 |             2105 |        29472 |               1 | float64     |
+-----+----------------------------------+----------------+------------------+--------------+-----------------+-------------+
|  34 | Czas [ms].17                     |           3158 |             3158 |        28419 |            3158 | float64     |
+-----+----------------------------------+----------------+------------------+--------------+-----------------+-------------+
|  35 | Hamulec, lewa komora, temp.[°C]  |           3158 |             3158 |        28419 |              19 | float64     |
+-----+----------------------------------+----------------+------------------+--------------+-----------------+-------------+
|  36 | Czas [ms].18                     |           3158 |             3158 |        28419 |            3158 | float64     |
+-----+----------------------------------+----------------+------------------+--------------+-----------------+-------------+
|  37 | Hamulec, prawa komora, temp.[°C] |           3158 |             3158 |        28419 |              22 | float64     |
+-----+----------------------------------+----------------+------------------+--------------+-----------------+-------------+
|  38 | Czas [ms].19                     |           3158 |             3158 |        28419 |            3158 | float64     |
+-----+----------------------------------+----------------+------------------+--------------+-----------------+-------------+
|  39 | Hamulec, przepływ wody[m³/h]     |           3158 |             3158 |        28419 |               5 | float64     |
+-----+----------------------------------+----------------+------------------+--------------+-----------------+-------------+
|  40 | Czas [ms].20                     |           2526 |             2526 |        29051 |            2526 | float64     |
+-----+----------------------------------+----------------+------------------+--------------+-----------------+-------------+
|  41 | Ilość paliwa w zbiorniku[g]      |           2526 |             2526 |        29051 |            2512 | float64     |
+-----+----------------------------------+----------------+------------------+--------------+-----------------+-------------+
|  42 | Czas [ms].21                     |           3157 |             3157 |        28420 |            3157 | float64     |
+-----+----------------------------------+----------------+------------------+--------------+-----------------+-------------+
|  43 | Kond. - przepływ wody[l/min]     |           3157 |             3157 |        28420 |             127 | float64     |
+-----+----------------------------------+----------------+------------------+--------------+-----------------+-------------+
|  44 | Czas [ms].22                     |            633 |              633 |        30944 |             633 | float64     |
+-----+----------------------------------+----------------+------------------+--------------+-----------------+-------------+
|  45 | Kontrolka zb. 1/3 [-]            |            633 |              633 |        30944 |               1 | float64     |
+-----+----------------------------------+----------------+------------------+--------------+-----------------+-------------+
|  46 | Czas [ms].23                     |            633 |              633 |        30944 |             633 | float64     |
+-----+----------------------------------+----------------+------------------+--------------+-----------------+-------------+
|  47 | Kontrolka zb. 2/3 [-]            |            633 |              633 |        30944 |               1 | float64     |
+-----+----------------------------------+----------------+------------------+--------------+-----------------+-------------+
|  48 | Czas [ms].24                     |            633 |              633 |        30944 |             633 | float64     |
+-----+----------------------------------+----------------+------------------+--------------+-----------------+-------------+
|  49 | Kontrolka zb. 3/3 [-]            |            633 |              633 |        30944 |               1 | float64     |
+-----+----------------------------------+----------------+------------------+--------------+-----------------+-------------+
|  50 | Czas [ms].25                     |           3157 |             3157 |        28420 |            3157 | float64     |
+-----+----------------------------------+----------------+------------------+--------------+-----------------+-------------+
|  51 | MAF[kg/h]                        |           3157 |             3157 |        28420 |            1258 | float64     |
+-----+----------------------------------+----------------+------------------+--------------+-----------------+-------------+
|  52 | Czas [ms].26                     |           3158 |             3158 |        28419 |            3158 | float64     |
+-----+----------------------------------+----------------+------------------+--------------+-----------------+-------------+
|  53 | Moc[kW]                          |           3158 |             3158 |        28419 |             370 | float64     |
+-----+----------------------------------+----------------+------------------+--------------+-----------------+-------------+
|  54 | Czas [ms].27                     |          31577 |            31577 |            0 |           31577 | int64       |
+-----+----------------------------------+----------------+------------------+--------------+-----------------+-------------+
|  55 | Moment obrotowy[Nm]              |          31577 |            31577 |            0 |            2442 | float64     |
+-----+----------------------------------+----------------+------------------+--------------+-----------------+-------------+
|  56 | Czas [ms].28                     |            228 |              228 |        31349 |             228 | float64     |
+-----+----------------------------------+----------------+------------------+--------------+-----------------+-------------+
|  57 | Moment Tryb3[Nm]                 |            228 |              228 |        31349 |               2 | float64     |
+-----+----------------------------------+----------------+------------------+--------------+-----------------+-------------+
|  58 | Czas [ms].29                     |              4 |                4 |        31573 |               4 | float64     |
+-----+----------------------------------+----------------+------------------+--------------+-----------------+-------------+
|  59 | Moment Tryb4[Nm]                 |              4 |                4 |        31573 |               1 | float64     |
+-----+----------------------------------+----------------+------------------+--------------+-----------------+-------------+
|  60 | Czas [ms].30                     |          31577 |            31577 |            0 |           31577 | int64       |
+-----+----------------------------------+----------------+------------------+--------------+-----------------+-------------+
|  61 | Obroty[obr/min]                  |          31577 |            31577 |            0 |            1490 | int64       |
+-----+----------------------------------+----------------+------------------+--------------+-----------------+-------------+
|  62 | Czas [ms].31                     |           3157 |             3157 |        28420 |            3157 | float64     |
+-----+----------------------------------+----------------+------------------+--------------+-----------------+-------------+
|  63 | Poz. paliwa zb. 1/3[mm]          |           3157 |             3157 |        28420 |              12 | float64     |
+-----+----------------------------------+----------------+------------------+--------------+-----------------+-------------+
|  64 | Czas [ms].32                     |           3157 |             3157 |        28420 |            3157 | float64     |
+-----+----------------------------------+----------------+------------------+--------------+-----------------+-------------+
|  65 | Poz. paliwa zb. 2/3[mm]          |           3157 |             3157 |        28420 |               2 | float64     |
+-----+----------------------------------+----------------+------------------+--------------+-----------------+-------------+
|  66 | Czas [ms].33                     |           3157 |             3157 |        28420 |            3157 | float64     |
+-----+----------------------------------+----------------+------------------+--------------+-----------------+-------------+
|  67 | Poz. paliwa zb. 3/3[mm]          |           3157 |             3157 |        28420 |               2 | float64     |
+-----+----------------------------------+----------------+------------------+--------------+-----------------+-------------+
|  68 | Czas [ms].34                     |            632 |              632 |        30945 |             632 | float64     |
+-----+----------------------------------+----------------+------------------+--------------+-----------------+-------------+
|  69 | Przekaź. pompy paliwa[-]         |            632 |              632 |        30945 |               1 | float64     |
+-----+----------------------------------+----------------+------------------+--------------+-----------------+-------------+
|  70 | Czas [ms].35                     |            634 |              634 |        30943 |             634 | float64     |
+-----+----------------------------------+----------------+------------------+--------------+-----------------+-------------+
|  71 | Przekaźnik zapłonu[-]            |            634 |              634 |        30943 |               2 | float64     |
+-----+----------------------------------+----------------+------------------+--------------+-----------------+-------------+
|  72 | Czas [ms].36                     |           2527 |             2527 |        29050 |            2527 | float64     |
+-----+----------------------------------+----------------+------------------+--------------+-----------------+-------------+
|  73 | Przepustnica[%]                  |           2527 |             2527 |        29050 |              50 | float64     |
+-----+----------------------------------+----------------+------------------+--------------+-----------------+-------------+
|  74 | Czas [ms].37                     |            472 |              472 |        31105 |             472 | float64     |
+-----+----------------------------------+----------------+------------------+--------------+-----------------+-------------+
|  75 | Przepustnica Tryb0[%]            |            472 |              472 |        31105 |               1 | float64     |
+-----+----------------------------------+----------------+------------------+--------------+-----------------+-------------+
|  76 | Czas [ms].38                     |           1856 |             1856 |        29721 |            1856 | float64     |
+-----+----------------------------------+----------------+------------------+--------------+-----------------+-------------+
|  77 | Przepustnica Tryb1[%]            |           1856 |             1856 |        29721 |              13 | float64     |
+-----+----------------------------------+----------------+------------------+--------------+-----------------+-------------+
|  78 | Czas [ms].39                     |           3157 |             3157 |        28420 |            3157 | float64     |
+-----+----------------------------------+----------------+------------------+--------------+-----------------+-------------+
|  79 | Przyklad[bar]                    |           3157 |             3157 |        28420 |               1 | float64     |
+-----+----------------------------------+----------------+------------------+--------------+-----------------+-------------+
|  80 | Czas [ms].40                     |            472 |              472 |        31105 |             472 | float64     |
+-----+----------------------------------+----------------+------------------+--------------+-----------------+-------------+
|  81 | PWM Tryb0[%]                     |            472 |              472 |        31105 |               3 | float64     |
+-----+----------------------------------+----------------+------------------+--------------+-----------------+-------------+
|  82 | Czas [ms].41                     |            635 |              635 |        30942 |             635 | float64     |
+-----+----------------------------------+----------------+------------------+--------------+-----------------+-------------+
|  83 | Rozrusznik[-]                    |            635 |              635 |        30942 |               2 | float64     |
+-----+----------------------------------+----------------+------------------+--------------+-----------------+-------------+
|  84 | Czas [ms].42                     |           1856 |             1856 |        29721 |            1856 | float64     |
+-----+----------------------------------+----------------+------------------+--------------+-----------------+-------------+
|  85 | RPM Tryb1[obr/min]               |           1856 |             1856 |        29721 |              14 | float64     |
+-----+----------------------------------+----------------+------------------+--------------+-----------------+-------------+
|  86 | Czas [ms].43                     |            228 |              228 |        31349 |             228 | float64     |
+-----+----------------------------------+----------------+------------------+--------------+-----------------+-------------+
|  87 | RPM Tryb3[obr/min]               |            228 |              228 |        31349 |               3 | float64     |
+-----+----------------------------------+----------------+------------------+--------------+-----------------+-------------+
|  88 | Czas [ms].44                     |              4 |                4 |        31573 |               4 | float64     |
+-----+----------------------------------+----------------+------------------+--------------+-----------------+-------------+
|  89 | RPM Tryb4[obr/min]               |              4 |                4 |        31573 |               1 | float64     |
+-----+----------------------------------+----------------+------------------+--------------+-----------------+-------------+
|  90 | Czas [ms].45                     |            632 |              632 |        30945 |             632 | float64     |
+-----+----------------------------------+----------------+------------------+--------------+-----------------+-------------+
|  91 | Starter[-]                       |            632 |              632 |        30945 |               2 | float64     |
+-----+----------------------------------+----------------+------------------+--------------+-----------------+-------------+
|  92 | Czas [ms].46                     |           1263 |             1263 |        30314 |            1263 | float64     |
+-----+----------------------------------+----------------+------------------+--------------+-----------------+-------------+
|  93 | Stycz. chłodni went.[-]          |           1263 |             1263 |        30314 |               1 | float64     |
+-----+----------------------------------+----------------+------------------+--------------+-----------------+-------------+
|  94 | Czas [ms].47                     |           3158 |             3158 |        28419 |            3158 | float64     |
+-----+----------------------------------+----------------+------------------+--------------+-----------------+-------------+
|  95 | Temp. oleju przed wym.[°C]       |           3158 |             3158 |        28419 |              15 | float64     |
+-----+----------------------------------+----------------+------------------+--------------+-----------------+-------------+
|  96 | Czas [ms].48                     |           3157 |             3157 |        28420 |            3157 | float64     |
+-----+----------------------------------+----------------+------------------+--------------+-----------------+-------------+
|  97 | Temp. oleju w misce[°C]          |           3157 |             3157 |        28420 |              27 | float64     |
+-----+----------------------------------+----------------+------------------+--------------+-----------------+-------------+
|  98 | Czas [ms].49                     |           3158 |             3158 |        28419 |            3158 | float64     |
+-----+----------------------------------+----------------+------------------+--------------+-----------------+-------------+
|  99 | Temp. oleju za wym.[°C]          |           3158 |             3158 |        28419 |               7 | float64     |
+-----+----------------------------------+----------------+------------------+--------------+-----------------+-------------+
| 100 | Czas [ms].50                     |           3158 |             3158 |        28419 |            3158 | float64     |
+-----+----------------------------------+----------------+------------------+--------------+-----------------+-------------+
| 101 | Temp. otoczenia[°C]              |           3158 |             3158 |        28419 |              17 | float64     |
+-----+----------------------------------+----------------+------------------+--------------+-----------------+-------------+
| 102 | Czas [ms].51                     |           3158 |             3158 |        28419 |            3158 | float64     |
+-----+----------------------------------+----------------+------------------+--------------+-----------------+-------------+
| 103 | Temp. pal. na wejściu sil.[°C]   |           3158 |             3158 |        28419 |              39 | float64     |
+-----+----------------------------------+----------------+------------------+--------------+-----------------+-------------+
| 104 | Czas [ms].52                     |           3158 |             3158 |        28419 |            3158 | float64     |
+-----+----------------------------------+----------------+------------------+--------------+-----------------+-------------+
| 105 | Temp. pal. na wyjściu sil.[°C]   |           3158 |             3158 |        28419 |             195 | float64     |
+-----+----------------------------------+----------------+------------------+--------------+-----------------+-------------+
| 106 | Czas [ms].53                     |           3157 |             3157 |        28420 |            3157 | float64     |
+-----+----------------------------------+----------------+------------------+--------------+-----------------+-------------+
| 107 | Temp. paliwa w zb. 1/3[°C]       |           3157 |             3157 |        28420 |               8 | float64     |
+-----+----------------------------------+----------------+------------------+--------------+-----------------+-------------+
| 108 | Czas [ms].54                     |           3157 |             3157 |        28420 |            3157 | float64     |
+-----+----------------------------------+----------------+------------------+--------------+-----------------+-------------+
| 109 | Temp. paliwa w zb. 2/3[°C]       |           3157 |             3157 |        28420 |               6 | float64     |
+-----+----------------------------------+----------------+------------------+--------------+-----------------+-------------+
| 110 | Czas [ms].55                     |           3157 |             3157 |        28420 |            3157 | float64     |
+-----+----------------------------------+----------------+------------------+--------------+-----------------+-------------+
| 111 | Temp. paliwa w zb. 3/3[°C]       |           3157 |             3157 |        28420 |               8 | float64     |
+-----+----------------------------------+----------------+------------------+--------------+-----------------+-------------+
| 112 | Czas [ms].56                     |           3158 |             3158 |        28419 |            3158 | float64     |
+-----+----------------------------------+----------------+------------------+--------------+-----------------+-------------+
| 113 | Temp. powietrza przed turb.[°C]  |           3158 |             3158 |        28419 |             169 | float64     |
+-----+----------------------------------+----------------+------------------+--------------+-----------------+-------------+
| 114 | Czas [ms].57                     |           3157 |             3157 |        28420 |            3157 | float64     |
+-----+----------------------------------+----------------+------------------+--------------+-----------------+-------------+
| 115 | Temp. powietrza za turb.[°C]     |           3157 |             3157 |        28420 |              50 | float64     |
+-----+----------------------------------+----------------+------------------+--------------+-----------------+-------------+
| 116 | Czas [ms].58                     |           3157 |             3157 |        28420 |            3157 | float64     |
+-----+----------------------------------+----------------+------------------+--------------+-----------------+-------------+
| 117 | Temp. spalin 1/6[°C]             |           3157 |             3157 |        28420 |             438 | float64     |
+-----+----------------------------------+----------------+------------------+--------------+-----------------+-------------+
| 118 | Czas [ms].59                     |           3157 |             3157 |        28420 |            3157 | float64     |
+-----+----------------------------------+----------------+------------------+--------------+-----------------+-------------+
| 119 | Temp. spalin 2/6[°C]             |           3157 |             3157 |        28420 |             462 | float64     |
+-----+----------------------------------+----------------+------------------+--------------+-----------------+-------------+
| 120 | Czas [ms].60                     |           3157 |             3157 |        28420 |            3157 | float64     |
+-----+----------------------------------+----------------+------------------+--------------+-----------------+-------------+
| 121 | Temp. spalin 3/6[°C]             |           3157 |             3157 |        28420 |             478 | float64     |
+-----+----------------------------------+----------------+------------------+--------------+-----------------+-------------+
| 122 | Czas [ms].61                     |           3157 |             3157 |        28420 |            3157 | float64     |
+-----+----------------------------------+----------------+------------------+--------------+-----------------+-------------+
| 123 | Temp. spalin 4/6[°C]             |           3157 |             3157 |        28420 |             471 | float64     |
+-----+----------------------------------+----------------+------------------+--------------+-----------------+-------------+
| 124 | Czas [ms].62                     |           3157 |             3157 |        28420 |            3157 | float64     |
+-----+----------------------------------+----------------+------------------+--------------+-----------------+-------------+
| 125 | Temp. spalin za turbiną 1/2[°C]  |           3157 |             3157 |        28420 |             426 | float64     |
+-----+----------------------------------+----------------+------------------+--------------+-----------------+-------------+
| 126 | Czas [ms].63                     |           3157 |             3157 |        28420 |            3157 | float64     |
+-----+----------------------------------+----------------+------------------+--------------+-----------------+-------------+
| 127 | Temp. spalin za turbiną 2/2[°C]  |           3157 |             3157 |        28420 |             408 | float64     |
+-----+----------------------------------+----------------+------------------+--------------+-----------------+-------------+
| 128 | Czas [ms].64                     |           3158 |             3158 |        28419 |            3158 | float64     |
+-----+----------------------------------+----------------+------------------+--------------+-----------------+-------------+
| 129 | Temp.pal.na wyjściu[°C]          |           3158 |             3158 |        28419 |              11 | float64     |
+-----+----------------------------------+----------------+------------------+--------------+-----------------+-------------+
| 130 | Czas [ms].65                     |           3158 |             3158 |        28419 |            3158 | float64     |
+-----+----------------------------------+----------------+------------------+--------------+-----------------+-------------+
| 131 | Temp.paliwa żądana[°C]           |           3158 |             3158 |        28419 |               1 | float64     |
+-----+----------------------------------+----------------+------------------+--------------+-----------------+-------------+
| 132 | Czas [ms].66                     |           3158 |             3158 |        28419 |            3158 | float64     |
+-----+----------------------------------+----------------+------------------+--------------+-----------------+-------------+
| 133 | Wilgotność względna[%]           |           3158 |             3158 |        28419 |               7 | float64     |
+-----+----------------------------------+----------------+------------------+--------------+-----------------+-------------+
| 134 | Czas [ms].67                     |            632 |              632 |        30945 |             632 | float64     |
+-----+----------------------------------+----------------+------------------+--------------+-----------------+-------------+
| 135 | Wyłącznik bezpieczeństwa[-]      |            632 |              632 |        30945 |               1 | float64     |
+-----+----------------------------------+----------------+------------------+--------------+-----------------+-------------+
| 136 | Czas [ms].68                     |            632 |              632 |        30945 |             632 | float64     |
+-----+----------------------------------+----------------+------------------+--------------+-----------------+-------------+
| 137 | Zapłon[-]                        |            632 |              632 |        30945 |               1 | float64     |
+-----+----------------------------------+----------------+------------------+--------------+-----------------+-------------+
| 138 | Czas [ms].69                     |            633 |              633 |        30944 |             633 | float64     |
+-----+----------------------------------+----------------+------------------+--------------+-----------------+-------------+
| 139 | Zaw. zb. paliwa 1/3[-]           |            633 |              633 |        30944 |               1 | float64     |
+-----+----------------------------------+----------------+------------------+--------------+-----------------+-------------+
| 140 | Czas [ms].70                     |            633 |              633 |        30944 |             633 | float64     |
+-----+----------------------------------+----------------+------------------+--------------+-----------------+-------------+
| 141 | Zaw. zb. paliwa 2/3[-]           |            633 |              633 |        30944 |               1 | float64     |
+-----+----------------------------------+----------------+------------------+--------------+-----------------+-------------+
| 142 | Czas [ms].71                     |            633 |              633 |        30944 |             633 | float64     |
+-----+----------------------------------+----------------+------------------+--------------+-----------------+-------------+
| 143 | Zaw. zb. paliwa 3/3[-]           |            633 |              633 |        30944 |               1 | float64     |
+-----+----------------------------------+----------------+------------------+--------------+-----------------+-------------+
| 144 | Czas [ms].72                     |           1263 |             1263 |        30314 |            1263 | float64     |
+-----+----------------------------------+----------------+------------------+--------------+-----------------+-------------+
| 145 | Zawór reg. chł. cieczy[-]        |           1263 |             1263 |        30314 |               2 | float64     |
+-----+----------------------------------+----------------+------------------+--------------+-----------------+-------------+
| 146 | Czas [ms].73                     |           3158 |             3158 |        28419 |            3158 | float64     |
+-----+----------------------------------+----------------+------------------+--------------+-----------------+-------------+
| 147 | Zużycie paliwa bieżące[g/s]      |           3158 |             3158 |        28419 |             270 | float64     |
+-----+----------------------------------+----------------+------------------+--------------+-----------------+-------------+
| 148 | Czas [ms].74                     |           3158 |             3158 |        28419 |            3158 | float64     |
+-----+----------------------------------+----------------+------------------+--------------+-----------------+-------------+
| 149 | Zużycie paliwa średnie[g/s]      |           3158 |             3158 |        28419 |            2277 | float64     |
+-----+----------------------------------+----------------+------------------+--------------+-----------------+-------------+
2024-12-02 13:24:45,569 - INFO - Processing DataFrame 2/2 with shape (10, 9)...
2024-12-02 13:24:45,572 - INFO - Metadata for DataFrame 1, names_of_files_under_procession:['Zew ch ON _ 2018-12-18.csv', 'Zew ch ON _ 2018-12-18_eco.csv', 'ON'], None:
+----+----------+----------------+------------------+--------------+-----------------+-------------+
|    | Column   |   Total Values |   Non-Null Count |   Null Count |   Unique Values | Data Type   |
+====+==========+================+==================+==============+=================+=============+
|  0 | OBR      |             10 |               10 |            0 |              10 | int64       |
+----+----------+----------------+------------------+--------------+-----------------+-------------+
|  1 | Mo       |             10 |               10 |            0 |              10 | int64       |
+----+----------+----------------+------------------+--------------+-----------------+-------------+
|  2 | CO       |             10 |               10 |            0 |               4 | float64     |
+----+----------+----------------+------------------+--------------+-----------------+-------------+
|  3 | HC       |             10 |               10 |            0 |               5 | int64       |
+----+----------+----------------+------------------+--------------+-----------------+-------------+
|  4 | LAMBDA   |             10 |               10 |            0 |              10 | float64     |
+----+----------+----------------+------------------+--------------+-----------------+-------------+
|  5 | CO2      |             10 |               10 |            0 |               7 | float64     |
+----+----------+----------------+------------------+--------------+-----------------+-------------+
|  6 | O2       |             10 |               10 |            0 |              10 | float64     |
+----+----------+----------------+------------------+--------------+-----------------+-------------+
|  7 | NO       |             10 |               10 |            0 |              10 | int64       |
+----+----------+----------------+------------------+--------------+-----------------+-------------+
|  8 | PM       |             10 |               10 |            0 |              10 | float64     |
+----+----------+----------------+------------------+--------------+-----------------+-------------+
2024-12-02 13:24:45,572 - INFO - Metadata extraction completed for all DataFrames.
2024-12-02 13:24:46,457 - INFO - Step 4: Metadata extracted successfully.
2024-12-02 13:24:46,457 - INFO - Continue data pipeline. Step 5: Filtering and preprocessing data...
2024-12-02 13:24:46,459 - INFO - !!!!!!!!Column pairs: [['Czas [ms].1', 'Ciś. pow. za turb.[Pa]'], ['Czas [ms].2', 'Ciśnienie atmosferyczne[hPa]'], ['Czas [ms].11', 'ECT - wyjście z sil.[°C]'], ['Czas [ms].25', 'MAF[kg/h]'], ['Czas [ms].26', 'Moc[kW]'], ['Czas [ms].27', 'Moment obrotowy[Nm]'], ['Czas [ms].30', 'Obroty[obr/min]'], ['Czas [ms].48', 'Temp. oleju w misce[°C]'], ['Czas [ms].50', 'Temp. otoczenia[°C]'], ['Czas [ms].52', 'Temp. pal. na wyjściu sil.[°C]'], ['Czas [ms].57', 'Temp. powietrza za turb.[°C]'], ['Czas [ms].58', 'Temp. spalin 1/6[°C]'], ['Czas [ms].59', 'Temp. spalin 2/6[°C]'], ['Czas [ms].60', 'Temp. spalin 3/6[°C]'], ['Czas [ms].61', 'Temp. spalin 4/6[°C]'], ['Czas [ms].66', 'Wilgotność względna[%]'], ['Czas [ms].74', 'Zużycie paliwa średnie[g/s]']]
2024-12-02 13:24:46,461 - INFO - Filtered DataFrame to include 34 columns.
2024-12-02 13:24:46,545 - INFO - Time columns synchronized successfully.
2024-12-02 13:24:46,546 - INFO - Filtered DataFrame shape. after synchronize_time(): (3157, 18)
2024-12-02 13:24:46,547 - INFO - DataCleaner initialized.
2024-12-02 13:24:46,548 - INFO - Starting data cleaning process.
2024-12-02 13:24:46,562 - INFO - Data cleaning process completed.
2024-12-02 13:24:46,562 - INFO - Starting identify_stable_rotation with threshold=20 and window='8000ms'
2024-12-02 13:24:46,562 - INFO - DataFrame copied for processing.
2024-12-02 13:24:46,563 - INFO - 'Time' column is already in datetime format.
2024-12-02 13:24:46,563 - INFO - 'Time' column set as index.
2024-12-02 13:24:46,564 - INFO - Computing rolling max and min of 'Obroty[obr/min]'.
2024-12-02 13:24:46,566 - INFO - Identified 2051 points where rotation difference ≤ threshold.
2024-12-02 13:24:46,568 - INFO - Labeled stable regions into 35 groups.
2024-12-02 13:24:46,570 - INFO - Group 1: Found 3 stable time points.
2024-12-02 13:24:46,570 - INFO - Group 3: Found 96 stable time points.
2024-12-02 13:24:46,571 - INFO - Group 5: Found 28 stable time points.
2024-12-02 13:24:46,571 - INFO - Group 7: Found 14 stable time points.
2024-12-02 13:24:46,571 - INFO - Group 9: Found 43 stable time points.
2024-12-02 13:24:46,571 - INFO - Group 11: Found 4 stable time points.
2024-12-02 13:24:46,571 - INFO - Group 13: Found 182 stable time points.
2024-12-02 13:24:46,571 - INFO - Group 15: Found 106 stable time points.
2024-12-02 13:24:46,572 - INFO - Group 17: Found 127 stable time points.
2024-12-02 13:24:46,572 - INFO - Group 19: Found 92 stable time points.
2024-12-02 13:24:46,572 - INFO - Group 21: Found 205 stable time points.
2024-12-02 13:24:46,572 - INFO - Group 23: Found 87 stable time points.
2024-12-02 13:24:46,572 - INFO - Group 25: Found 79 stable time points.
2024-12-02 13:24:46,572 - INFO - Group 27: Found 116 stable time points.
2024-12-02 13:24:46,573 - INFO - Group 29: Found 127 stable time points.
2024-12-02 13:24:46,573 - INFO - Group 31: Found 54 stable time points.
2024-12-02 13:24:46,573 - INFO - Group 33: Found 82 stable time points.
2024-12-02 13:24:46,573 - INFO - Group 35: Found 606 stable time points.
2024-12-02 13:24:46,574 - INFO - Dropped temporary 'Stable' and 'Group' columns.
2024-12-02 13:24:46,574 - INFO - Identified 18 stable rotation levels.
2024-12-02 13:24:46,576 - INFO - Group 0: Mean rotation = 6.7 RPM.
2024-12-02 13:24:46,578 - INFO - Group 1: Mean rotation = 800.5 RPM.
2024-12-02 13:24:46,579 - INFO - Group 2: Mean rotation = 1316.2 RPM.
2024-12-02 13:24:46,581 - INFO - Group 3: Mean rotation = 1916.4 RPM.
2024-12-02 13:24:46,583 - INFO - Group 4: Mean rotation = 2413.3 RPM.
2024-12-02 13:24:46,585 - INFO - Group 5: Mean rotation = 2539.5 RPM.
2024-12-02 13:24:46,587 - INFO - Group 6: Mean rotation = 2403.6 RPM.
2024-12-02 13:24:46,588 - INFO - Group 7: Mean rotation = 2200.9 RPM.
2024-12-02 13:24:46,590 - INFO - Group 8: Mean rotation = 1999.2 RPM.
2024-12-02 13:24:46,592 - INFO - Group 9: Mean rotation = 1899.8 RPM.
2024-12-02 13:24:46,593 - INFO - Group 10: Mean rotation = 1800.4 RPM.
2024-12-02 13:24:46,595 - INFO - Group 11: Mean rotation = 1699.7 RPM.
2024-12-02 13:24:46,597 - INFO - Group 12: Mean rotation = 1599.4 RPM.
2024-12-02 13:24:46,598 - INFO - Group 13: Mean rotation = 1497.1 RPM.
2024-12-02 13:24:46,600 - INFO - Group 14: Mean rotation = 1400.0 RPM.
2024-12-02 13:24:46,601 - INFO - Group 15: Mean rotation = 1298.5 RPM.
2024-12-02 13:24:46,603 - INFO - Group 16: Mean rotation = 1600.0 RPM.
2024-12-02 13:24:46,604 - INFO - Group 17: Mean rotation = 800.5 RPM.
2024-12-02 13:24:46,605 - INFO - Stable rotation levels extracted. Average values: [6.7, 800.5, 1316.2, 1916.4, 2413.3, 2539.5, 2403.6, 2200.9, 1999.2, 1899.8, 1800.4, 1699.7, 1599.4, 1497.1, 1400.0, 1298.5, 1600.0, 800.5]
2024-12-02 13:24:46,607 - INFO - !!!---> Starting identify_stable_torque_nm with threshold=1.6 and window='8000ms'
2024-12-02 13:24:46,607 - INFO - DataFrame copied for processing.
2024-12-02 13:24:46,607 - INFO - 'Time' column is already in datetime format.
2024-12-02 13:24:46,608 - INFO - 'Time' column set as index.
2024-12-02 13:24:46,608 - INFO - Computing rolling max and min of 'Moment obrotowy[Nm]'.
2024-12-02 13:24:46,610 - INFO - Rolling object parameters:
2024-12-02 13:24:46,610 - INFO -  - window: 8000ms
2024-12-02 13:24:46,610 - INFO -  - min_periods: 1
2024-12-02 13:24:46,610 - INFO -  - center: False
2024-12-02 13:24:46,610 - INFO -  - win_type: None
2024-12-02 13:24:46,610 - INFO -  - axis: 0
2024-12-02 13:24:46,610 - INFO -  - method: single
2024-12-02 13:24:46,610 - INFO -  - closed: None
2024-12-02 13:24:46,611 - INFO - Identified 2093 points where torque difference ≤ threshold.
2024-12-02 13:24:46,613 - INFO - Labeled stable regions into 33 groups.
2024-12-02 13:24:46,616 - INFO - Group 1: Found 443 stable time points.
2024-12-02 13:24:46,616 - INFO - Group 3: Found 1 stable time points.
2024-12-02 13:24:46,616 - INFO - Group 5: Found 31 stable time points.
2024-12-02 13:24:46,616 - INFO - Group 7: Found 55 stable time points.
2024-12-02 13:24:46,617 - INFO - Group 9: Found 71 stable time points.
2024-12-02 13:24:46,617 - INFO - Group 11: Found 33 stable time points.
2024-12-02 13:24:46,617 - INFO - Group 13: Found 112 stable time points.
2024-12-02 13:24:46,617 - INFO - Group 15: Found 98 stable time points.
2024-12-02 13:24:46,617 - INFO - Group 17: Found 7 stable time points.
2024-12-02 13:24:46,617 - INFO - Group 19: Found 168 stable time points.
2024-12-02 13:24:46,618 - INFO - Group 21: Found 67 stable time points.
2024-12-02 13:24:46,618 - INFO - Group 23: Found 87 stable time points.
2024-12-02 13:24:46,618 - INFO - Group 25: Found 105 stable time points.
2024-12-02 13:24:46,618 - INFO - Group 27: Found 127 stable time points.
2024-12-02 13:24:46,618 - INFO - Group 29: Found 40 stable time points.
2024-12-02 13:24:46,619 - INFO - Group 31: Found 80 stable time points.
2024-12-02 13:24:46,619 - INFO - Group 33: Found 568 stable time points.
2024-12-02 13:24:46,620 - INFO - Dropped temporary 'Stable' and 'Group' columns.
2024-12-02 13:24:46,620 - INFO - Identified 17 stable torque levels.
2024-12-02 13:24:46,622 - INFO - Group 0: Mean torque = 1.6 Nm.
2024-12-02 13:24:46,623 - INFO - Group 1: Mean torque = 4.0 Nm.
2024-12-02 13:24:46,625 - INFO - Group 2: Mean torque = 293.6 Nm.
2024-12-02 13:24:46,626 - INFO - Group 3: Mean torque = 294.3 Nm.
2024-12-02 13:24:46,628 - INFO - Group 4: Mean torque = 325.8 Nm.
2024-12-02 13:24:46,629 - INFO - Group 5: Mean torque = 326.7 Nm.
2024-12-02 13:24:46,631 - INFO - Group 6: Mean torque = 339.2 Nm.
2024-12-02 13:24:46,634 - INFO - Group 7: Mean torque = 348.6 Nm.
2024-12-02 13:24:46,636 - INFO - Group 8: Mean torque = 352.4 Nm.
2024-12-02 13:24:46,638 - INFO - Group 9: Mean torque = 352.8 Nm.
2024-12-02 13:24:46,639 - INFO - Group 10: Mean torque = 360.0 Nm.
2024-12-02 13:24:46,641 - INFO - Group 11: Mean torque = 369.0 Nm.
2024-12-02 13:24:46,643 - INFO - Group 12: Mean torque = 364.3 Nm.
2024-12-02 13:24:46,645 - INFO - Group 13: Mean torque = 368.6 Nm.
2024-12-02 13:24:46,646 - INFO - Group 14: Mean torque = 370.2 Nm.
2024-12-02 13:24:46,648 - INFO - Group 15: Mean torque = 113.2 Nm.
2024-12-02 13:24:46,650 - INFO - Group 16: Mean torque = 2.2 Nm.
2024-12-02 13:24:46,650 - INFO - Stable torque levels extracted. Average values: [1.6, 4.0, 293.6, 294.3, 325.8, 326.7, 339.2, 348.6, 352.4, 352.8, 360.0, 369.0, 364.3, 368.6, 370.2, 113.2, 2.2]
2024-12-02 13:24:46,654 - INFO - Starting identify_stable_fuel_consumption with threshold=0.4 and window='8000ms'
2024-12-02 13:24:46,655 - INFO - DataFrame copied for processing.
2024-12-02 13:24:46,655 - INFO - 'Time' column is already in datetime format.
2024-12-02 13:24:46,656 - INFO - 'Time' column set as index.
2024-12-02 13:24:46,656 - INFO - Computing rolling max and min of 'Zużycie paliwa średnie[g/s]'.
2024-12-02 13:24:46,658 - INFO - Rolling object parameters:
2024-12-02 13:24:46,658 - INFO -  - window: 8000ms
2024-12-02 13:24:46,658 - INFO -  - min_periods: 1
2024-12-02 13:24:46,659 - INFO -  - center: False
2024-12-02 13:24:46,659 - INFO -  - axis: 0
2024-12-02 13:24:46,659 - INFO -  - method: single
2024-12-02 13:24:46,659 - INFO -  - closed: None
2024-12-02 13:24:46,660 - INFO - Identified 2671 points where fuel consumption difference ≤ threshold.
2024-12-02 13:24:46,663 - INFO - Labeled stable regions into 15 groups.
2024-12-02 13:24:46,666 - INFO - Group 1: Found 533 stable time points.
2024-12-02 13:24:46,666 - INFO - Group 3: Found 238 stable time points.
2024-12-02 13:24:46,667 - INFO - Group 5: Found 550 stable time points.
2024-12-02 13:24:46,667 - INFO - Group 7: Found 562 stable time points.
2024-12-02 13:24:46,668 - INFO - Group 9: Found 111 stable time points.
2024-12-02 13:24:46,668 - INFO - Group 11: Found 15 stable time points.
2024-12-02 13:24:46,669 - INFO - Group 13: Found 96 stable time points.
2024-12-02 13:24:46,669 - INFO - Group 15: Found 566 stable time points.
2024-12-02 13:24:46,670 - INFO - Dropped temporary 'Stable' and 'Group' columns.
2024-12-02 13:24:46,670 - INFO - Identified 8 stable fuel consumption levels.
2024-12-02 13:24:46,672 - INFO - Group 0: Mean fuel consumption = 0.61 g/s.
2024-12-02 13:24:46,674 - INFO - Group 1: Mean fuel consumption = 4.86 g/s.
2024-12-02 13:24:46,676 - INFO - Group 2: Mean fuel consumption = 4.51 g/s.
2024-12-02 13:24:46,678 - INFO - Group 3: Mean fuel consumption = 3.72 g/s.
2024-12-02 13:24:46,680 - INFO - Group 4: Mean fuel consumption = 3.1 g/s.
2024-12-02 13:24:46,681 - INFO - Group 5: Mean fuel consumption = 3.2 g/s.
2024-12-02 13:24:46,683 - INFO - Group 6: Mean fuel consumption = 1.23 g/s.
2024-12-02 13:24:46,685 - INFO - Group 7: Mean fuel consumption = 0.17 g/s.
2024-12-02 13:24:46,686 - INFO - Stable fuel consumption levels extracted. Average values: [0.61, 4.86, 4.51, 3.72, 3.1, 3.2, 1.23, 0.17]
2024-12-02 13:24:46,689 - INFO - Starting filter_high_temperature_oil.
2024-12-02 13:24:46,690 - INFO - Removed 0 rows where oil temperature was less than 50°C.
2024-12-02 13:24:46,715 - INFO - Extracted 1636 rows of intersected stable data.
2024-12-02 13:24:46,717 - INFO - DataFrame cleaned successfully using DataCleaner.
2024-12-02 13:24:46,717 - INFO - Starting metadata extraction for multiple DataFrames...
2024-12-02 13:24:46,717 - INFO - Processing DataFrame 1/1 with shape (1636, 18)...
2024-12-02 13:24:46,729 - INFO - Metadata for DataFrame 0, names_of_files_under_procession:['Zew ch ON _ 2018-12-18.csv', 'Zew ch ON _ 2018-12-18_eco.csv', 'ON'], DataFrame after filtering and cleaning::
+----+--------------------------------+----------------+------------------+--------------+-----------------+----------------+
|    | Column                         |   Total Values |   Non-Null Count |   Null Count |   Unique Values | Data Type      |
+====+================================+================+==================+==============+=================+================+
|  0 | Time                           |           1636 |             1636 |            0 |            1636 | datetime64[ns] |
+----+--------------------------------+----------------+------------------+--------------+-----------------+----------------+
|  1 | Ciś. pow. za turb.[Pa]         |           1636 |             1636 |            0 |             647 | float64        |
+----+--------------------------------+----------------+------------------+--------------+-----------------+----------------+
|  2 | Ciśnienie atmosferyczne[hPa]   |           1636 |             1636 |            0 |               1 | float64        |
+----+--------------------------------+----------------+------------------+--------------+-----------------+----------------+
|  3 | ECT - wyjście z sil.[°C]       |           1636 |             1636 |            0 |             159 | float64        |
+----+--------------------------------+----------------+------------------+--------------+-----------------+----------------+
|  4 | MAF[kg/h]                      |           1636 |             1636 |            0 |             579 | float64        |
+----+--------------------------------+----------------+------------------+--------------+-----------------+----------------+
|  5 | Moc[kW]                        |           1636 |             1636 |            0 |              56 | float64        |
+----+--------------------------------+----------------+------------------+--------------+-----------------+----------------+
|  6 | Moment obrotowy[Nm]            |           1636 |             1636 |            0 |             134 | float64        |
+----+--------------------------------+----------------+------------------+--------------+-----------------+----------------+
|  7 | Obroty[obr/min]                |           1636 |             1636 |            0 |             110 | int64          |
+----+--------------------------------+----------------+------------------+--------------+-----------------+----------------+
|  8 | Temp. oleju w misce[°C]        |           1636 |             1636 |            0 |              27 | float64        |
+----+--------------------------------+----------------+------------------+--------------+-----------------+----------------+
|  9 | Temp. otoczenia[°C]            |           1636 |             1636 |            0 |              16 | float64        |
+----+--------------------------------+----------------+------------------+--------------+-----------------+----------------+
| 10 | Temp. pal. na wyjściu sil.[°C] |           1636 |             1636 |            0 |             104 | float64        |
+----+--------------------------------+----------------+------------------+--------------+-----------------+----------------+
| 11 | Temp. powietrza za turb.[°C]   |           1636 |             1636 |            0 |              36 | float64        |
+----+--------------------------------+----------------+------------------+--------------+-----------------+----------------+
| 12 | Temp. spalin 1/6[°C]           |           1636 |             1636 |            0 |             243 | float64        |
+----+--------------------------------+----------------+------------------+--------------+-----------------+----------------+
| 13 | Temp. spalin 2/6[°C]           |           1636 |             1636 |            0 |             231 | float64        |
+----+--------------------------------+----------------+------------------+--------------+-----------------+----------------+
| 14 | Temp. spalin 3/6[°C]           |           1636 |             1636 |            0 |             238 | float64        |
+----+--------------------------------+----------------+------------------+--------------+-----------------+----------------+
| 15 | Temp. spalin 4/6[°C]           |           1636 |             1636 |            0 |             259 | float64        |
+----+--------------------------------+----------------+------------------+--------------+-----------------+----------------+
| 16 | Wilgotność względna[%]         |           1636 |             1636 |            0 |               7 | float64        |
+----+--------------------------------+----------------+------------------+--------------+-----------------+----------------+
| 17 | Zużycie paliwa średnie[g/s]    |           1636 |             1636 |            0 |            1094 | float64        |
+----+--------------------------------+----------------+------------------+--------------+-----------------+----------------+
2024-12-02 13:24:46,729 - INFO - Metadata extraction completed for all DataFrames.
2024-12-02 13:24:48,003 - INFO - Step 5: Data filtered and preprocessed successfully.
2024-12-02 13:24:48,003 - INFO - Step 6: Continue data pipeline. Saving cleaned data...
2024-12-02 13:24:48,043 - INFO - Filtered and Cleaned data saved to /home/viktar-taustyka/GitHubRepos/DT-Engine/data/processed/cleaned_data_Zew ch ON _ 2018-12-18.csv.csv
2024-12-02 13:24:48,062 - INFO - Filtered and Cleaned data saved to /home/viktar-taustyka/GitHubRepos/DT-Engine/data/processed/filtered_data.parquet
2024-12-02 13:24:48,063 - INFO - Step 6: Save cleaned data completed successfully.
2024-12-02 13:24:48,715 - INFO - Step 6: Filtered and Cleaned data saved successfully.
2024-12-02 13:24:48,715 - INFO - Continue data pipeline. Step 7: Visualizing data...
