2025-01-11 11:30:49,946 - INFO - !!!---Processing file with ID:1: 1200 obc - 2015-05.parquet.---!!!
2025-01-11 11:31:06,663 - INFO - Step 2: Loading raw data...
2025-01-11 11:31:44,903 - INFO - DataLoader initialized with raw data path: C:\Users\vtaustyka\PycharmProjects\DT-Engine\data\raw\parquet_files
2025-01-11 11:36:45,958 - INFO - Loading main file: 1200 obc - 2015-05.parquet
2025-01-11 11:36:46,182 - INFO - Loading data from file: C:\Users\vtaustyka\PycharmProjects\DT-Engine\data\raw\parquet_files\1200 obc - 2015-05.parquet
2025-01-11 11:36:46,275 - INFO - Data loaded successfully from file: C:\Users\vtaustyka\PycharmProjects\DT-Engine\data\raw\parquet_files\1200 obc - 2015-05.parquet
2025-01-11 11:36:46,277 - INFO - Data Frame Columns: ['Czas [ms]', 'Ciś. pow. przed turb.[Pa]', 'Czas [ms].1', 'Ciś. pow. za turb.[Pa]', 'Czas [ms].2', 'Ciśnienie atmosferyczne[hPa]', 'Czas [ms].3', 'Ciśnienie oleju[bar]', 'Czas [ms].4', 'Ciśnienie spalin[Pa]', 'Czas [ms].5', 'Dopeł. zb. 1/3[-]', 'Czas [ms].6', 'Dopeł. zb. 2/3[-]', 'Czas [ms].7', 'Dopeł. zb. 3/3[-]', 'Czas [ms].8', 'Dopełnianie[-]', 'Czas [ms].9', 'Duży obieg[-]', 'Czas [ms].10', 'ECT - wejście do sil.[°C]', 'Czas [ms].11', 'ECT - wyjście z sil.[°C]', 'Czas [ms].12', 'Główny obieg - przepływ[m³/h]', 'Czas [ms].13', 'Główny obieg - temp.[°C]', 'Czas [ms].14', 'GPReg_Setpoint0[°C]', 'Czas [ms].15', 'GPReg_Setpoint1[°C]', 'Czas [ms].16', 'GPReg_Setpoint2[°C]', 'Czas [ms].17', 'Hamulec, lewa komora, temp.[°C]', 'Czas [ms].18', 'Hamulec, prawa komora, temp.[°C]', 'Czas [ms].19', 'Hamulec, przepływ wody[m³/h]', 'Czas [ms].20', 'Ilość paliwa w zbiorniku[g]', 'Czas [ms].21', 'Kond. - przepływ wody[l/min]', 'Czas [ms].22', 'Kontrolka zb. 1/3 [-]', 'Czas [ms].23', 'Kontrolka zb. 2/3 [-]', 'Czas [ms].24', 'Kontrolka zb. 3/3 [-]', 'Czas [ms].25', 'MAF[kg/h]', 'Czas [ms].26', 'Moc[kW]', 'Czas [ms].27', 'Moment obrotowy[Nm]', 'Czas [ms].28', 'Moment Tryb3[Nm]', 'Czas [ms].29', 'Obroty[obr/min]', 'Czas [ms].30', 'Poz. paliwa zb. 1/3[mm]', 'Czas [ms].31', 'Poz. paliwa zb. 2/3[mm]', 'Czas [ms].32', 'Poz. paliwa zb. 3/3[mm]', 'Czas [ms].33', 'Przekaź. pompy paliwa[-]', 'Czas [ms].34', 'Przekaźnik zapłonu[-]', 'Czas [ms].35', 'Przepustnica[%]', 'Czas [ms].36', 'Przepustnica Tryb0[%]', 'Czas [ms].37', 'Przyklad[bar]', 'Czas [ms].38', 'PWM Tryb0[%]', 'Czas [ms].39', 'Rozrusznik[-]', 'Czas [ms].40', 'RPM Tryb3[obr/min]', 'Czas [ms].41', 'Starter[-]', 'Czas [ms].42', 'Stycz. chłodni went.[-]', 'Czas [ms].43', 'Temp. oleju przed wym.[°C]', 'Czas [ms].44', 'Temp. oleju w misce[°C]', 'Czas [ms].45', 'Temp. oleju za wym.[°C]', 'Czas [ms].46', 'Temp. otoczenia[°C]', 'Czas [ms].47', 'Temp. pal. na wejściu sil.[°C]', 'Czas [ms].48', 'Temp. pal. na wyjściu sil.[°C]', 'Czas [ms].49', 'Temp. paliwa w zb. 1/3[°C]', 'Czas [ms].50', 'Temp. paliwa w zb. 2/3[°C]', 'Czas [ms].51', 'Temp. paliwa w zb. 3/3[°C]', 'Czas [ms].52', 'Temp. powietrza przed turb.[°C]', 'Czas [ms].53', 'Temp. powietrza za turb.[°C]', 'Czas [ms].54', 'Temp. spalin 1/6[°C]', 'Czas [ms].55', 'Temp. spalin 2/6[°C]', 'Czas [ms].56', 'Temp. spalin 3/6[°C]', 'Czas [ms].57', 'Temp. spalin 4/6[°C]', 'Czas [ms].58', 'Temp. spalin za turbiną 1/2[°C]', 'Czas [ms].59', 'Temp. spalin za turbiną 2/2[°C]', 'Czas [ms].60', 'Temp.pal.na wyjściu[°C]', 'Czas [ms].61', 'Temp.paliwa żądana[°C]', 'Czas [ms].62', 'Wilgotność względna[%]', 'Czas [ms].63', 'Wyłącznik bezpieczeństwa[-]', 'Czas [ms].64', 'Zapłon[-]', 'Czas [ms].65', 'Zaw. zb. paliwa 1/3[-]', 'Czas [ms].66', 'Zaw. zb. paliwa 2/3[-]', 'Czas [ms].67', 'Zaw. zb. paliwa 3/3[-]', 'Czas [ms].68', 'Zawór reg. chł. cieczy[-]', 'Czas [ms].69', 'Zużycie paliwa bieżące[g/s]', 'Czas [ms].70', 'Zużycie paliwa średnie[g/s]', 'Unnamed: 142']
2025-01-11 11:36:46,289 - INFO - Data from file '1200 obc - 2015-05.parquet':
╒════╤═════════════╤═════════════════════════════╤═══════════════╤══════════════════════════╤═══════════════╤════════════════════════════════╕
│    │   Czas [ms] │   Ciś. pow. przed turb.[Pa] │   Czas [ms].1 │   Ciś. pow. za turb.[Pa] │   Czas [ms].2 │   Ciśnienie atmosferyczne[hPa] │
╞════╪═════════════╪═════════════════════════════╪═══════════════╪══════════════════════════╪═══════════════╪════════════════════════════════╡
│  0 │          33 │                         -66 │            32 │                      -13 │           183 │                           1000 │
├────┼─────────────┼─────────────────────────────┼───────────────┼──────────────────────────┼───────────────┼────────────────────────────────┤
│  1 │         232 │                         -66 │           232 │                      -13 │           384 │                           1000 │
├────┼─────────────┼─────────────────────────────┼───────────────┼──────────────────────────┼───────────────┼────────────────────────────────┤
│  2 │         432 │                         -66 │           432 │                      -32 │           584 │                           1000 │
╘════╧═════════════╧═════════════════════════════╧═══════════════╧══════════════════════════╧═══════════════╧════════════════════════════════╛
2025-01-11 11:36:46,295 - INFO - Data from file '1200 obc - 2015-05.parquet':
╒════╤═══════════════╤════════════════════════╤═══════════════╤════════════════════════╤═══════════════╤═════════════════════╕
│    │   Czas [ms].3 │   Ciśnienie oleju[bar] │   Czas [ms].4 │   Ciśnienie spalin[Pa] │   Czas [ms].5 │   Dopeł. zb. 1/3[-] │
╞════╪═══════════════╪════════════════════════╪═══════════════╪════════════════════════╪═══════════════╪═════════════════════╡
│  0 │            32 │                  0.005 │            32 │                      0 │            84 │                   0 │
├────┼───────────────┼────────────────────────┼───────────────┼────────────────────────┼───────────────┼─────────────────────┤
│  1 │           231 │                  0.005 │           232 │                      0 │          1086 │                   0 │
├────┼───────────────┼────────────────────────┼───────────────┼────────────────────────┼───────────────┼─────────────────────┤
│  2 │           432 │                  0.006 │           432 │                     28 │          2087 │                   0 │
╘════╧═══════════════╧════════════════════════╧═══════════════╧════════════════════════╧═══════════════╧═════════════════════╛
2025-01-11 11:36:46,301 - INFO - Data from file '1200 obc - 2015-05.parquet':
╒════╤═══════════════╤═════════════════════╤═══════════════╤═════════════════════╤═══════════════╤══════════════════╕
│    │   Czas [ms].6 │   Dopeł. zb. 2/3[-] │   Czas [ms].7 │   Dopeł. zb. 3/3[-] │   Czas [ms].8 │   Dopełnianie[-] │
╞════╪═══════════════╪═════════════════════╪═══════════════╪═════════════════════╪═══════════════╪══════════════════╡
│  0 │            84 │                   0 │            84 │                   0 │           143 │                0 │
├────┼───────────────┼─────────────────────┼───────────────┼─────────────────────┼───────────────┼──────────────────┤
│  1 │          1086 │                   0 │          1086 │                   0 │          1145 │                0 │
├────┼───────────────┼─────────────────────┼───────────────┼─────────────────────┼───────────────┼──────────────────┤
│  2 │          2087 │                   0 │          2087 │                   0 │          2146 │                0 │
╘════╧═══════════════╧═════════════════════╧═══════════════╧═════════════════════╧═══════════════╧══════════════════╛
2025-01-11 11:36:46,306 - INFO - Data from file '1200 obc - 2015-05.parquet':
╒════╤═══════════════╤═════════════════╤════════════════╤═════════════════════════════╤════════════════╤════════════════════════════╕
│    │   Czas [ms].9 │   Duży obieg[-] │   Czas [ms].10 │   ECT - wejście do sil.[°C] │   Czas [ms].11 │   ECT - wyjście z sil.[°C] │
╞════╪═══════════════╪═════════════════╪════════════════╪═════════════════════════════╪════════════════╪════════════════════════════╡
│  0 │           181 │               0 │             82 │                        26.2 │             81 │                       65.6 │
├────┼───────────────┼─────────────────┼────────────────┼─────────────────────────────┼────────────────┼────────────────────────────┤
│  1 │           761 │               0 │            281 │                        26.2 │            281 │                       65.6 │
├────┼───────────────┼─────────────────┼────────────────┼─────────────────────────────┼────────────────┼────────────────────────────┤
│  2 │          1183 │               0 │            482 │                        26.3 │            481 │                       65.6 │
╘════╧═══════════════╧═════════════════╧════════════════╧═════════════════════════════╧════════════════╧════════════════════════════╛
2025-01-11 11:36:46,311 - INFO - Data from file '1200 obc - 2015-05.parquet':
╒════╤════════════════╤═════════════════════════════════╤════════════════╤════════════════════════════╤════════════════╤═══════════════════════╕
│    │   Czas [ms].12 │   Główny obieg - przepływ[m³/h] │   Czas [ms].13 │   Główny obieg - temp.[°C] │   Czas [ms].14 │   GPReg_Setpoint0[°C] │
╞════╪════════════════╪═════════════════════════════════╪════════════════╪════════════════════════════╪════════════════╪═══════════════════════╡
│  0 │             84 │                          164.76 │            185 │                       24.6 │            160 │                    60 │
├────┼────────────────┼─────────────────────────────────┼────────────────┼────────────────────────────┼────────────────┼───────────────────────┤
│  1 │            284 │                          159.51 │            385 │                       24.6 │            460 │                    60 │
├────┼────────────────┼─────────────────────────────────┼────────────────┼────────────────────────────┼────────────────┼───────────────────────┤
│  2 │            484 │                          169.35 │            585 │                       24.6 │            761 │                    60 │
╘════╧════════════════╧═════════════════════════════════╧════════════════╧════════════════════════════╧════════════════╧═══════════════════════╛
2025-01-11 11:36:46,317 - INFO - Data from file '1200 obc - 2015-05.parquet':
╒════╤════════════════╤═══════════════════════╤════════════════╤═══════════════════════╤════════════════╤═══════════════════════════════════╕
│    │   Czas [ms].15 │   GPReg_Setpoint1[°C] │   Czas [ms].16 │   GPReg_Setpoint2[°C] │   Czas [ms].17 │   Hamulec, lewa komora, temp.[°C] │
╞════╪════════════════╪═══════════════════════╪════════════════╪═══════════════════════╪════════════════╪═══════════════════════════════════╡
│  0 │            160 │                    26 │            160 │                    30 │             35 │                                22 │
├────┼────────────────┼───────────────────────┼────────────────┼───────────────────────┼────────────────┼───────────────────────────────────┤
│  1 │            460 │                    26 │            460 │                    30 │            235 │                                22 │
├────┼────────────────┼───────────────────────┼────────────────┼───────────────────────┼────────────────┼───────────────────────────────────┤
│  2 │            761 │                    26 │            761 │                    30 │            435 │                                22 │
╘════╧════════════════╧═══════════════════════╧════════════════╧═══════════════════════╧════════════════╧═══════════════════════════════════╛
2025-01-11 11:36:46,323 - INFO - Data from file '1200 obc - 2015-05.parquet':
╒════╤════════════════╤════════════════════════════════════╤════════════════╤════════════════════════════════╤════════════════╤═══════════════════════════════╕
│    │   Czas [ms].18 │   Hamulec, prawa komora, temp.[°C] │   Czas [ms].19 │   Hamulec, przepływ wody[m³/h] │   Czas [ms].20 │   Ilość paliwa w zbiorniku[g] │
╞════╪════════════════╪════════════════════════════════════╪════════════════╪════════════════════════════════╪════════════════╪═══════════════════════════════╡
│  0 │             35 │                                 22 │            185 │                           11.7 │             59 │                       235.12  │
├────┼────────────────┼────────────────────────────────────┼────────────────┼────────────────────────────────┼────────────────┼───────────────────────────────┤
│  1 │            235 │                                 22 │            385 │                           11.7 │            310 │                       235.239 │
├────┼────────────────┼────────────────────────────────────┼────────────────┼────────────────────────────────┼────────────────┼───────────────────────────────┤
│  2 │            436 │                                 22 │            586 │                           11.7 │            560 │                       235.425 │
╘════╧════════════════╧════════════════════════════════════╧════════════════╧════════════════════════════════╧════════════════╧═══════════════════════════════╛
2025-01-11 11:36:46,328 - INFO - Data from file '1200 obc - 2015-05.parquet':
╒════╤════════════════╤════════════════════════════════╤════════════════╤═════════════════════════╤════════════════╤═════════════════════════╕
│    │   Czas [ms].21 │   Kond. - przepływ wody[l/min] │   Czas [ms].22 │   Kontrolka zb. 1/3 [-] │   Czas [ms].23 │   Kontrolka zb. 2/3 [-] │
╞════╪════════════════╪════════════════════════════════╪════════════════╪═════════════════════════╪════════════════╪═════════════════════════╡
│  0 │             93 │                          10.78 │             83 │                       0 │             83 │                       0 │
├────┼────────────────┼────────────────────────────────┼────────────────┼─────────────────────────┼────────────────┼─────────────────────────┤
│  1 │            294 │                          10.81 │           1085 │                       0 │           1085 │                       0 │
├────┼────────────────┼────────────────────────────────┼────────────────┼─────────────────────────┼────────────────┼─────────────────────────┤
│  2 │            493 │                          11.17 │           1686 │                       0 │           1686 │                       0 │
╘════╧════════════════╧════════════════════════════════╧════════════════╧═════════════════════════╧════════════════╧═════════════════════════╛
2025-01-11 11:36:46,335 - INFO - Data from file '1200 obc - 2015-05.parquet':
╒════╤════════════════╤═════════════════════════╤════════════════╤═════════════╤════════════════╤═══════════╕
│    │   Czas [ms].24 │   Kontrolka zb. 3/3 [-] │   Czas [ms].25 │   MAF[kg/h] │   Czas [ms].26 │   Moc[kW] │
╞════╪════════════════╪═════════════════════════╪════════════════╪═════════════╪════════════════╪═══════════╡
│  0 │             83 │                       0 │             33 │           0 │            160 │         0 │
├────┼────────────────┼─────────────────────────┼────────────────┼─────────────┼────────────────┼───────────┤
│  1 │           1085 │                       0 │            233 │           0 │            360 │         0 │
├────┼────────────────┼─────────────────────────┼────────────────┼─────────────┼────────────────┼───────────┤
│  2 │           1686 │                       0 │            432 │           0 │            560 │         0 │
╘════╧════════════════╧═════════════════════════╧════════════════╧═════════════╧════════════════╧═══════════╛
2025-01-11 11:36:46,340 - INFO - Data from file '1200 obc - 2015-05.parquet':
╒════╤════════════════╤═══════════════════════╤════════════════╤════════════════════╤════════════════╤═══════════════════╕
│    │   Czas [ms].27 │   Moment obrotowy[Nm] │   Czas [ms].28 │   Moment Tryb3[Nm] │   Czas [ms].29 │   Obroty[obr/min] │
╞════╪════════════════╪═══════════════════════╪════════════════╪════════════════════╪════════════════╪═══════════════════╡
│  0 │             13 │                  -0.6 │           8708 │                0.5 │             13 │                 0 │
├────┼────────────────┼───────────────────────┼────────────────┼────────────────────┼────────────────┼───────────────────┤
│  1 │             33 │                  -0.6 │           8772 │                0.5 │             33 │                 0 │
├────┼────────────────┼───────────────────────┼────────────────┼────────────────────┼────────────────┼───────────────────┤
│  2 │             53 │                  -0.6 │           9022 │                0.5 │             53 │                 0 │
╘════╧════════════════╧═══════════════════════╧════════════════╧════════════════════╧════════════════╧═══════════════════╛
2025-01-11 11:36:46,345 - INFO - Data from file '1200 obc - 2015-05.parquet':
╒════╤════════════════╤═══════════════════════════╤════════════════╤═══════════════════════════╤════════════════╤═══════════════════════════╕
│    │   Czas [ms].30 │   Poz. paliwa zb. 1/3[mm] │   Czas [ms].31 │   Poz. paliwa zb. 2/3[mm] │   Czas [ms].32 │   Poz. paliwa zb. 3/3[mm] │
╞════╪════════════════╪═══════════════════════════╪════════════════╪═══════════════════════════╪════════════════╪═══════════════════════════╡
│  0 │             33 │                        78 │             34 │                         2 │             32 │                        80 │
├────┼────────────────┼───────────────────────────┼────────────────┼───────────────────────────┼────────────────┼───────────────────────────┤
│  1 │            233 │                        78 │            231 │                         2 │            232 │                        80 │
├────┼────────────────┼───────────────────────────┼────────────────┼───────────────────────────┼────────────────┼───────────────────────────┤
│  2 │            433 │                        78 │            433 │                         2 │            433 │                        80 │
╘════╧════════════════╧═══════════════════════════╧════════════════╧═══════════════════════════╧════════════════╧═══════════════════════════╛
2025-01-11 11:36:46,351 - INFO - Data from file '1200 obc - 2015-05.parquet':
╒════╤════════════════╤════════════════════════════╤════════════════╤═════════════════════════╤════════════════╤═══════════════════╕
│    │   Czas [ms].33 │   Przekaź. pompy paliwa[-] │   Czas [ms].34 │   Przekaźnik zapłonu[-] │   Czas [ms].35 │   Przepustnica[%] │
╞════╪════════════════╪════════════════════════════╪════════════════╪═════════════════════════╪════════════════╪═══════════════════╡
│  0 │            181 │                          0 │             83 │                       1 │              3 │                 0 │
├────┼────────────────┼────────────────────────────┼────────────────┼─────────────────────────┼────────────────┼───────────────────┤
│  1 │           1183 │                          0 │           1085 │                       1 │            253 │                 0 │
├────┼────────────────┼────────────────────────────┼────────────────┼─────────────────────────┼────────────────┼───────────────────┤
│  2 │           2185 │                          0 │           1686 │                       1 │            504 │                 0 │
╘════╧════════════════╧════════════════════════════╧════════════════╧═════════════════════════╧════════════════╧═══════════════════╛
2025-01-11 11:36:46,355 - INFO - Data from file '1200 obc - 2015-05.parquet':
╒════╤════════════════╤═════════════════════════╤════════════════╤═════════════════╤════════════════╤════════════════╕
│    │   Czas [ms].36 │   Przepustnica Tryb0[%] │   Czas [ms].37 │   Przyklad[bar] │   Czas [ms].38 │   PWM Tryb0[%] │
╞════╪════════════════╪═════════════════════════╪════════════════╪═════════════════╪════════════════╪════════════════╡
│  0 │             10 │                       0 │            133 │               0 │             10 │              0 │
├────┼────────────────┼─────────────────────────┼────────────────┼─────────────────┼────────────────┼────────────────┤
│  1 │            260 │                       0 │            334 │               0 │            260 │              0 │
├────┼────────────────┼─────────────────────────┼────────────────┼─────────────────┼────────────────┼────────────────┤
│  2 │            510 │                       0 │            534 │               0 │            510 │              0 │
╘════╧════════════════╧═════════════════════════╧════════════════╧═════════════════╧════════════════╧════════════════╛
2025-01-11 11:36:46,360 - INFO - Data from file '1200 obc - 2015-05.parquet':
╒════╤════════════════╤═════════════════╤════════════════╤══════════════════════╤════════════════╤══════════════╕
│    │   Czas [ms].39 │   Rozrusznik[-] │   Czas [ms].40 │   RPM Tryb3[obr/min] │   Czas [ms].41 │   Starter[-] │
╞════╪════════════════╪═════════════════╪════════════════╪══════════════════════╪════════════════╪══════════════╡
│  0 │             83 │               1 │           8708 │                  800 │            973 │            1 │
├────┼────────────────┼─────────────────┼────────────────┼──────────────────────┼────────────────┼──────────────┤
│  1 │            973 │               1 │           8772 │                  800 │           1774 │            0 │
├────┼────────────────┼─────────────────┼────────────────┼──────────────────────┼────────────────┼──────────────┤
│  2 │           1085 │               1 │           9022 │                  800 │           2776 │            0 │
╘════╧════════════════╧═════════════════╧════════════════╧══════════════════════╧════════════════╧══════════════╛
2025-01-11 11:36:46,365 - INFO - Data from file '1200 obc - 2015-05.parquet':
╒════╤════════════════╤═══════════════════════════╤════════════════╤══════════════════════════════╤════════════════╤═══════════════════════════╕
│    │   Czas [ms].42 │   Stycz. chłodni went.[-] │   Czas [ms].43 │   Temp. oleju przed wym.[°C] │   Czas [ms].44 │   Temp. oleju w misce[°C] │
╞════╪════════════════╪═══════════════════════════╪════════════════╪══════════════════════════════╪════════════════╪═══════════════════════════╡
│  0 │            181 │                         0 │             82 │                         26.1 │             35 │                        80 │
├────┼────────────────┼───────────────────────────┼────────────────┼──────────────────────────────┼────────────────┼───────────────────────────┤
│  1 │            761 │                         0 │            282 │                         26.1 │            234 │                        80 │
├────┼────────────────┼───────────────────────────┼────────────────┼──────────────────────────────┼────────────────┼───────────────────────────┤
│  2 │           1183 │                         0 │            482 │                         26.1 │            434 │                        81 │
╘════╧════════════════╧═══════════════════════════╧════════════════╧══════════════════════════════╧════════════════╧═══════════════════════════╛
2025-01-11 11:36:46,371 - INFO - Data from file '1200 obc - 2015-05.parquet':
╒════╤════════════════╤═══════════════════════════╤════════════════╤═══════════════════════╤════════════════╤══════════════════════════════════╕
│    │   Czas [ms].45 │   Temp. oleju za wym.[°C] │   Czas [ms].46 │   Temp. otoczenia[°C] │   Czas [ms].47 │   Temp. pal. na wejściu sil.[°C] │
╞════╪════════════════╪═══════════════════════════╪════════════════╪═══════════════════════╪════════════════╪══════════════════════════════════╡
│  0 │             82 │                      26.3 │            184 │                  22.6 │            184 │                             32.5 │
├────┼────────────────┼───────────────────────────┼────────────────┼───────────────────────┼────────────────┼──────────────────────────────────┤
│  1 │            282 │                      26.3 │            384 │                  22.6 │            385 │                             32.5 │
├────┼────────────────┼───────────────────────────┼────────────────┼───────────────────────┼────────────────┼──────────────────────────────────┤
│  2 │            482 │                      26.3 │            584 │                  22.6 │            585 │                             32.5 │
╘════╧════════════════╧═══════════════════════════╧════════════════╧═══════════════════════╧════════════════╧══════════════════════════════════╛
2025-01-11 11:36:46,376 - INFO - Data from file '1200 obc - 2015-05.parquet':
╒════╤════════════════╤══════════════════════════════════╤════════════════╤══════════════════════════════╤════════════════╤══════════════════════════════╕
│    │   Czas [ms].48 │   Temp. pal. na wyjściu sil.[°C] │   Czas [ms].49 │   Temp. paliwa w zb. 1/3[°C] │   Czas [ms].50 │   Temp. paliwa w zb. 2/3[°C] │
╞════╪════════════════╪══════════════════════════════════╪════════════════╪══════════════════════════════╪════════════════╪══════════════════════════════╡
│  0 │            184 │                             42.6 │             42 │                         22.1 │             42 │                         22.6 │
├────┼────────────────┼──────────────────────────────────┼────────────────┼──────────────────────────────┼────────────────┼──────────────────────────────┤
│  1 │            384 │                             42.6 │            243 │                         22.1 │            243 │                         22.6 │
├────┼────────────────┼──────────────────────────────────┼────────────────┼──────────────────────────────┼────────────────┼──────────────────────────────┤
│  2 │            585 │                             42.6 │            443 │                         22.1 │            443 │                         22.6 │
╘════╧════════════════╧══════════════════════════════════╧════════════════╧══════════════════════════════╧════════════════╧══════════════════════════════╛
2025-01-11 11:36:46,381 - INFO - Data from file '1200 obc - 2015-05.parquet':
╒════╤════════════════╤══════════════════════════════╤════════════════╤═══════════════════════════════════╤════════════════╤════════════════════════════════╕
│    │   Czas [ms].51 │   Temp. paliwa w zb. 3/3[°C] │   Czas [ms].52 │   Temp. powietrza przed turb.[°C] │   Czas [ms].53 │   Temp. powietrza za turb.[°C] │
╞════╪════════════════╪══════════════════════════════╪════════════════╪═══════════════════════════════════╪════════════════╪════════════════════════════════╡
│  0 │             43 │                         21.4 │             82 │                              38.5 │             34 │                             49 │
├────┼────────────────┼──────────────────────────────┼────────────────┼───────────────────────────────────┼────────────────┼────────────────────────────────┤
│  1 │            243 │                         21.4 │            282 │                              38.4 │            234 │                             49 │
├────┼────────────────┼──────────────────────────────┼────────────────┼───────────────────────────────────┼────────────────┼────────────────────────────────┤
│  2 │            443 │                         21.4 │            482 │                              38.4 │            434 │                             49 │
╘════╧════════════════╧══════════════════════════════╧════════════════╧═══════════════════════════════════╧════════════════╧════════════════════════════════╛
2025-01-11 11:36:46,386 - INFO - Data from file '1200 obc - 2015-05.parquet':
╒════╤════════════════╤════════════════════════╤════════════════╤════════════════════════╤════════════════╤════════════════════════╕
│    │   Czas [ms].54 │   Temp. spalin 1/6[°C] │   Czas [ms].55 │   Temp. spalin 2/6[°C] │   Czas [ms].56 │   Temp. spalin 3/6[°C] │
╞════╪════════════════╪════════════════════════╪════════════════╪════════════════════════╪════════════════╪════════════════════════╡
│  0 │            132 │                    126 │            132 │                    143 │            132 │                    144 │
├────┼────────────────┼────────────────────────┼────────────────┼────────────────────────┼────────────────┼────────────────────────┤
│  1 │            331 │                    126 │            332 │                    143 │            332 │                    144 │
├────┼────────────────┼────────────────────────┼────────────────┼────────────────────────┼────────────────┼────────────────────────┤
│  2 │            532 │                    126 │            532 │                    143 │            532 │                    144 │
╘════╧════════════════╧════════════════════════╧════════════════╧════════════════════════╧════════════════╧════════════════════════╛
2025-01-11 11:36:46,391 - INFO - Data from file '1200 obc - 2015-05.parquet':
╒════╤════════════════╤════════════════════════╤════════════════╤═══════════════════════════════════╤════════════════╤═══════════════════════════════════╕
│    │   Czas [ms].57 │   Temp. spalin 4/6[°C] │   Czas [ms].58 │   Temp. spalin za turbiną 1/2[°C] │   Czas [ms].59 │   Temp. spalin za turbiną 2/2[°C] │
╞════╪════════════════╪════════════════════════╪════════════════╪═══════════════════════════════════╪════════════════╪═══════════════════════════════════╡
│  0 │            133 │                    131 │             34 │                               143 │             34 │                               131 │
├────┼────────────────┼────────────────────────┼────────────────┼───────────────────────────────────┼────────────────┼───────────────────────────────────┤
│  1 │            332 │                    131 │            234 │                               143 │            234 │                               131 │
├────┼────────────────┼────────────────────────┼────────────────┼───────────────────────────────────┼────────────────┼───────────────────────────────────┤
│  2 │            532 │                    130 │            434 │                               143 │            435 │                               131 │
╘════╧════════════════╧════════════════════════╧════════════════╧═══════════════════════════════════╧════════════════╧═══════════════════════════════════╛
2025-01-11 11:36:46,396 - INFO - Data from file '1200 obc - 2015-05.parquet':
╒════╤════════════════╤═══════════════════════════╤════════════════╤══════════════════════════╤════════════════╤══════════════════════════╕
│    │   Czas [ms].60 │   Temp.pal.na wyjściu[°C] │   Czas [ms].61 │   Temp.paliwa żądana[°C] │   Czas [ms].62 │   Wilgotność względna[%] │
╞════╪════════════════╪═══════════════════════════╪════════════════╪══════════════════════════╪════════════════╪══════════════════════════╡
│  0 │            193 │                      25.1 │            142 │                     25.1 │            184 │                       38 │
├────┼────────────────┼───────────────────────────┼────────────────┼──────────────────────────┼────────────────┼──────────────────────────┤
│  1 │            393 │                      25.1 │            344 │                     25.1 │            384 │                       38 │
├────┼────────────────┼───────────────────────────┼────────────────┼──────────────────────────┼────────────────┼──────────────────────────┤
│  2 │            594 │                      25.1 │            543 │                     25.1 │            584 │                       38 │
╘════╧════════════════╧═══════════════════════════╧════════════════╧══════════════════════════╧════════════════╧══════════════════════════╛
2025-01-11 11:36:46,402 - INFO - Data from file '1200 obc - 2015-05.parquet':
╒════╤════════════════╤═══════════════════════════════╤════════════════╤═════════════╤════════════════╤══════════════════════════╕
│    │   Czas [ms].63 │   Wyłącznik bezpieczeństwa[-] │   Czas [ms].64 │   Zapłon[-] │   Czas [ms].65 │   Zaw. zb. paliwa 1/3[-] │
╞════╪════════════════╪═══════════════════════════════╪════════════════╪═════════════╪════════════════╪══════════════════════════╡
│  0 │            973 │                             0 │            973 │           1 │             83 │                        0 │
├────┼────────────────┼───────────────────────────────┼────────────────┼─────────────┼────────────────┼──────────────────────────┤
│  1 │           1774 │                             0 │           1774 │           1 │           1085 │                        0 │
├────┼────────────────┼───────────────────────────────┼────────────────┼─────────────┼────────────────┼──────────────────────────┤
│  2 │           2776 │                             0 │           2776 │           1 │           1686 │                        0 │
╘════╧════════════════╧═══════════════════════════════╧════════════════╧═════════════╧════════════════╧══════════════════════════╛
2025-01-11 11:36:46,407 - INFO - Data from file '1200 obc - 2015-05.parquet':
╒════╤════════════════╤══════════════════════════╤════════════════╤══════════════════════════╤════════════════╤═════════════════════════════╕
│    │   Czas [ms].66 │   Zaw. zb. paliwa 2/3[-] │   Czas [ms].67 │   Zaw. zb. paliwa 3/3[-] │   Czas [ms].68 │   Zawór reg. chł. cieczy[-] │
╞════╪════════════════╪══════════════════════════╪════════════════╪══════════════════════════╪════════════════╪═════════════════════════════╡
│  0 │             83 │                        0 │             83 │                        0 │            181 │                           1 │
├────┼────────────────┼──────────────────────────┼────────────────┼──────────────────────────┼────────────────┼─────────────────────────────┤
│  1 │           1085 │                        0 │           1085 │                        0 │            761 │                           1 │
├────┼────────────────┼──────────────────────────┼────────────────┼──────────────────────────┼────────────────┼─────────────────────────────┤
│  2 │           1686 │                        0 │           1686 │                        0 │           1183 │                           1 │
╘════╧════════════════╧══════════════════════════╧════════════════╧══════════════════════════╧════════════════╧═════════════════════════════╛
2025-01-11 11:36:46,411 - INFO - Data from file '1200 obc - 2015-05.parquet':
╒════╤════════════════╤═══════════════════════════════╤════════════════╤═══════════════════════════════╤════════════════╕
│    │   Czas [ms].69 │   Zużycie paliwa bieżące[g/s] │   Czas [ms].70 │   Zużycie paliwa średnie[g/s] │   Unnamed: 142 │
╞════╪════════════════╪═══════════════════════════════╪════════════════╪═══════════════════════════════╪════════════════╡
│  0 │            144 │                          0.25 │            143 │                             0 │            nan │
├────┼────────────────┼───────────────────────────────┼────────────────┼───────────────────────────────┼────────────────┤
│  1 │            344 │                          0.25 │            344 │                             0 │            nan │
├────┼────────────────┼───────────────────────────────┼────────────────┼───────────────────────────────┼────────────────┤
│  2 │            544 │                          0.25 │            543 │                             0 │            nan │
╘════╧════════════════╧═══════════════════════════════╧════════════════╧═══════════════════════════════╧════════════════╛
2025-01-11 11:36:46,416 - INFO - Data Frame Shape: (23360, 143)
