2024-11-29 15:25:25,308 - INFO - Starting data pipeline...
2024-11-29 15:25:25,312 - INFO - Step 1: Building files_with_raw_data_links.json...
2024-11-29 15:25:25,313 - INFO - Step 1: files_with_raw_data_links.json built successfully.
2024-11-29 15:25:27,491 - INFO - Step 1: files_with_raw_data_links.json built successfully.
2024-11-29 15:25:27,491 - INFO - Continue data pipeline. Step 2: Loading raw data...
2024-11-29 15:25:27,496 - INFO - DataLoader initialized with raw data path: c:\Users\vtaustyka\PycharmProjects\DT-Engine\data\raw
2024-11-29 15:25:27,497 - INFO - Loading main file: 1600Nn obc ON _ 2018-12-06_ORIGEN.csv
2024-11-29 15:25:27,498 - INFO - Loading data from file: c:\Users\vtaustyka\PycharmProjects\DT-Engine\data\raw\1600Nn obc ON _ 2018-12-06_ORIGEN.csv
2024-11-29 15:25:27,827 - INFO - Data loaded successfully from file: c:\Users\vtaustyka\PycharmProjects\DT-Engine\data\raw\1600Nn obc ON _ 2018-12-06_ORIGEN.csv
2024-11-29 15:25:27,828 - INFO - Data Frame Columns: ['Czas [ms]', 'Ciś. pow. przed turb.[Pa]', 'Czas [ms].1', 'Ciś. pow. za turb.[Pa]', 'Czas [ms].2', 'Ciśnienie atmosferyczne[hPa]', 'Czas [ms].3', 'Ciśnienie oleju[bar]', 'Czas [ms].4', 'Ciśnienie spalin[Pa]', 'Czas [ms].5', 'Dopeł. zb. 1/3[-]', 'Czas [ms].6', 'Dopeł. zb. 2/3[-]', 'Czas [ms].7', 'Dopeł. zb. 3/3[-]', 'Czas [ms].8', 'Dopełnianie[-]', 'Czas [ms].9', 'Duży obieg[-]', 'Czas [ms].10', 'ECT - wejście do sil.[°C]', 'Czas [ms].11', 'ECT - wyjście z sil.[°C]', 'Czas [ms].12', 'Główny obieg - przepływ[m³/h]', 'Czas [ms].13', 'Główny obieg - temp.[°C]', 'Czas [ms].14', 'GPReg_Setpoint0[°C]', 'Czas [ms].15', 'GPReg_Setpoint1[°C]', 'Czas [ms].16', 'GPReg_Setpoint2[°C]', 'Czas [ms].17', 'Hamulec, lewa komora, temp.[°C]', 'Czas [ms].18', 'Hamulec, prawa komora, temp.[°C]', 'Czas [ms].19', 'Hamulec, przepływ wody[m³/h]', 'Czas [ms].20', 'Ilość paliwa w zbiorniku[g]', 'Czas [ms].21', 'Kond. - przepływ wody[l/min]', 'Czas [ms].22', 'Kontrolka zb. 1/3 [-]', 'Czas [ms].23', 'Kontrolka zb. 2/3 [-]', 'Czas [ms].24', 'Kontrolka zb. 3/3 [-]', 'Czas [ms].25', 'MAF[kg/h]', 'Czas [ms].26', 'Moc[kW]', 'Czas [ms].27', 'Moment obrotowy[Nm]', 'Czas [ms].28', 'Moment Tryb3[Nm]', 'Czas [ms].29', 'Obroty[obr/min]', 'Czas [ms].30', 'Poz. paliwa zb. 1/3[mm]', 'Czas [ms].31', 'Poz. paliwa zb. 2/3[mm]', 'Czas [ms].32', 'Poz. paliwa zb. 3/3[mm]', 'Czas [ms].33', 'Przekaź. pompy paliwa[-]', 'Czas [ms].34', 'Przekaźnik zapłonu[-]', 'Czas [ms].35', 'Przepustnica[%]', 'Czas [ms].36', 'Przepustnica Tryb0[%]', 'Czas [ms].37', 'Przepustnica Tryb1[%]', 'Czas [ms].38', 'Przyklad[bar]', 'Czas [ms].39', 'PWM Tryb0[%]', 'Czas [ms].40', 'Rozrusznik[-]', 'Czas [ms].41', 'RPM Tryb1[obr/min]', 'Czas [ms].42', 'RPM Tryb3[obr/min]', 'Czas [ms].43', 'Starter[-]', 'Czas [ms].44', 'Stycz. chłodni went.[-]', 'Czas [ms].45', 'Temp. oleju przed wym.[°C]', 'Czas [ms].46', 'Temp. oleju w misce[°C]', 'Czas [ms].47', 'Temp. oleju za wym.[°C]', 'Czas [ms].48', 'Temp. otoczenia[°C]', 'Czas [ms].49', 'Temp. pal. na wejściu sil.[°C]', 'Czas [ms].50', 'Temp. pal. na wyjściu sil.[°C]', 'Czas [ms].51', 'Temp. paliwa w zb. 1/3[°C]', 'Czas [ms].52', 'Temp. paliwa w zb. 2/3[°C]', 'Czas [ms].53', 'Temp. paliwa w zb. 3/3[°C]', 'Czas [ms].54', 'Temp. powietrza przed turb.[°C]', 'Czas [ms].55', 'Temp. powietrza za turb.[°C]', 'Czas [ms].56', 'Temp. spalin 1/6[°C]', 'Czas [ms].57', 'Temp. spalin 2/6[°C]', 'Czas [ms].58', 'Temp. spalin 3/6[°C]', 'Czas [ms].59', 'Temp. spalin 4/6[°C]', 'Czas [ms].60', 'Temp. spalin za turbiną 1/2[°C]', 'Czas [ms].61', 'Temp. spalin za turbiną 2/2[°C]', 'Czas [ms].62', 'Temp.pal.na wyjściu[°C]', 'Czas [ms].63', 'Temp.paliwa żądana[°C]', 'Czas [ms].64', 'Wilgotność względna[%]', 'Czas [ms].65', 'Wyłącznik bezpieczeństwa[-]', 'Czas [ms].66', 'Zapłon[-]', 'Czas [ms].67', 'Zaw. zb. paliwa 1/3[-]', 'Czas [ms].68', 'Zaw. zb. paliwa 2/3[-]', 'Czas [ms].69', 'Zaw. zb. paliwa 3/3[-]', 'Czas [ms].70', 'Zawór reg. chł. cieczy[-]', 'Czas [ms].71', 'Zużycie paliwa bieżące[g/s]', 'Czas [ms].72', 'Zużycie paliwa średnie[g/s]']
2024-11-29 15:25:27,833 - INFO - Data from file '1600Nn obc ON _ 2018-12-06_ORIGEN.csv':
╒════╤═════════════╤═════════════════════════════╤═══════════════╤══════════════════════════╤═══════════════╤════════════════════════════════╕
│    │   Czas [ms] │   Ciś. pow. przed turb.[Pa] │   Czas [ms].1 │   Ciś. pow. za turb.[Pa] │   Czas [ms].2 │   Ciśnienie atmosferyczne[hPa] │
╞════╪═════════════╪═════════════════════════════╪═══════════════╪══════════════════════════╪═══════════════╪════════════════════════════════╡
│  0 │         101 │                        -102 │           100 │                     -114 │            59 │                           1003 │
├────┼─────────────┼─────────────────────────────┼───────────────┼──────────────────────────┼───────────────┼────────────────────────────────┤
│  1 │         301 │                         -93 │           301 │                     -105 │           259 │                           1003 │
├────┼─────────────┼─────────────────────────────┼───────────────┼──────────────────────────┼───────────────┼────────────────────────────────┤
│  2 │         502 │                         -93 │           502 │                      -68 │           459 │                           1003 │
╘════╧═════════════╧═════════════════════════════╧═══════════════╧══════════════════════════╧═══════════════╧════════════════════════════════╛
2024-11-29 15:25:27,837 - INFO - Data from file '1600Nn obc ON _ 2018-12-06_ORIGEN.csv':
╒════╤═══════════════╤════════════════════════╤═══════════════╤════════════════════════╤═══════════════╤═════════════════════╕
│    │   Czas [ms].3 │   Ciśnienie oleju[bar] │   Czas [ms].4 │   Ciśnienie spalin[Pa] │   Czas [ms].5 │   Dopeł. zb. 1/3[-] │
╞════╪═══════════════╪════════════════════════╪═══════════════╪════════════════════════╪═══════════════╪═════════════════════╡
│  0 │           100 │                  0.005 │           102 │                     65 │           159 │                   0 │
├────┼───────────────┼────────────────────────┼───────────────┼────────────────────────┼───────────────┼─────────────────────┤
│  1 │           300 │                  0.005 │           302 │                     84 │          1160 │                   0 │
├────┼───────────────┼────────────────────────┼───────────────┼────────────────────────┼───────────────┼─────────────────────┤
│  2 │           502 │                  0.005 │           504 │                    103 │          2162 │                   0 │
╘════╧═══════════════╧════════════════════════╧═══════════════╧════════════════════════╧═══════════════╧═════════════════════╛
2024-11-29 15:25:27,842 - INFO - Data from file '1600Nn obc ON _ 2018-12-06_ORIGEN.csv':
╒════╤═══════════════╤═════════════════════╤═══════════════╤═════════════════════╤═══════════════╤══════════════════╕
│    │   Czas [ms].6 │   Dopeł. zb. 2/3[-] │   Czas [ms].7 │   Dopeł. zb. 3/3[-] │   Czas [ms].8 │   Dopełnianie[-] │
╞════╪═══════════════╪═════════════════════╪═══════════════╪═════════════════════╪═══════════════╪══════════════════╡
│  0 │           159 │                   0 │           159 │                   0 │           236 │                0 │
├────┼───────────────┼─────────────────────┼───────────────┼─────────────────────┼───────────────┼──────────────────┤
│  1 │          1161 │                   0 │          1161 │                   0 │          1238 │                0 │
├────┼───────────────┼─────────────────────┼───────────────┼─────────────────────┼───────────────┼──────────────────┤
│  2 │          2162 │                   0 │          2162 │                   0 │          2239 │                0 │
╘════╧═══════════════╧═════════════════════╧═══════════════╧═════════════════════╧═══════════════╧══════════════════╛
2024-11-29 15:25:27,845 - INFO - Data from file '1600Nn obc ON _ 2018-12-06_ORIGEN.csv':
╒════╤═══════════════╤═════════════════╤════════════════╤═════════════════════════════╤════════════════╤════════════════════════════╕
│    │   Czas [ms].9 │   Duży obieg[-] │   Czas [ms].10 │   ECT - wejście do sil.[°C] │   Czas [ms].11 │   ECT - wyjście z sil.[°C] │
╞════╪═══════════════╪═════════════════╪════════════════╪═════════════════════════════╪════════════════╪════════════════════════════╡
│  0 │           250 │               0 │            150 │                        32.1 │            150 │                       45.4 │
├────┼───────────────┼─────────────────┼────────────────┼─────────────────────────────┼────────────────┼────────────────────────────┤
│  1 │           461 │               0 │            351 │                        32.1 │            350 │                       45.4 │
├────┼───────────────┼─────────────────┼────────────────┼─────────────────────────────┼────────────────┼────────────────────────────┤
│  2 │          1252 │               0 │            551 │                        32.1 │            551 │                       45.4 │
╘════╧═══════════════╧═════════════════╧════════════════╧═════════════════════════════╧════════════════╧════════════════════════════╛
2024-11-29 15:25:27,849 - INFO - Data from file '1600Nn obc ON _ 2018-12-06_ORIGEN.csv':
╒════╤════════════════╤═════════════════════════════════╤════════════════╤════════════════════════════╤════════════════╤═══════════════════════╕
│    │   Czas [ms].12 │   Główny obieg - przepływ[m³/h] │   Czas [ms].13 │   Główny obieg - temp.[°C] │   Czas [ms].14 │   GPReg_Setpoint0[°C] │
╞════╪════════════════╪═════════════════════════════════╪════════════════╪════════════════════════════╪════════════════╪═══════════════════════╡
│  0 │            159 │                          137.2  │             59 │                       17.4 │             61 │                    60 │
├────┼────────────────┼─────────────────────────────────┼────────────────┼────────────────────────────┼────────────────┼───────────────────────┤
│  1 │            359 │                          137.96 │            260 │                       17.4 │            361 │                    60 │
├────┼────────────────┼─────────────────────────────────┼────────────────┼────────────────────────────┼────────────────┼───────────────────────┤
│  2 │            559 │                          139.39 │            461 │                       17.4 │            662 │                    60 │
╘════╧════════════════╧═════════════════════════════════╧════════════════╧════════════════════════════╧════════════════╧═══════════════════════╛
2024-11-29 15:25:27,852 - INFO - Data from file '1600Nn obc ON _ 2018-12-06_ORIGEN.csv':
╒════╤════════════════╤═══════════════════════╤════════════════╤═══════════════════════╤════════════════╤═══════════════════════════════════╕
│    │   Czas [ms].15 │   GPReg_Setpoint1[°C] │   Czas [ms].16 │   GPReg_Setpoint2[°C] │   Czas [ms].17 │   Hamulec, lewa komora, temp.[°C] │
╞════╪════════════════╪═══════════════════════╪════════════════╪═══════════════════════╪════════════════╪═══════════════════════════════════╡
│  0 │             61 │                    26 │             61 │                    30 │            134 │                                15 │
├────┼────────────────┼───────────────────────┼────────────────┼───────────────────────┼────────────────┼───────────────────────────────────┤
│  1 │            361 │                    26 │            361 │                    30 │            334 │                                15 │
├────┼────────────────┼───────────────────────┼────────────────┼───────────────────────┼────────────────┼───────────────────────────────────┤
│  2 │            662 │                    26 │            662 │                    30 │            535 │                                15 │
╘════╧════════════════╧═══════════════════════╧════════════════╧═══════════════════════╧════════════════╧═══════════════════════════════════╛
2024-11-29 15:25:27,856 - INFO - Data from file '1600Nn obc ON _ 2018-12-06_ORIGEN.csv':
╒════╤════════════════╤════════════════════════════════════╤════════════════╤════════════════════════════════╤════════════════╤═══════════════════════════════╕
│    │   Czas [ms].18 │   Hamulec, prawa komora, temp.[°C] │   Czas [ms].19 │   Hamulec, przepływ wody[m³/h] │   Czas [ms].20 │   Ilość paliwa w zbiorniku[g] │
╞════╪════════════════╪════════════════════════════════════╪════════════════╪════════════════════════════════╪════════════════╪═══════════════════════════════╡
│  0 │            134 │                                 15 │             84 │                           11.8 │            221 │                       496.04  │
├────┼────────────────┼────────────────────────────────────┼────────────────┼────────────────────────────────┼────────────────┼───────────────────────────────┤
│  1 │            335 │                                 15 │            284 │                           11.8 │            471 │                       495.991 │
├────┼────────────────┼────────────────────────────────────┼────────────────┼────────────────────────────────┼────────────────┼───────────────────────────────┤
│  2 │            535 │                                 15 │            485 │                           11.8 │            722 │                       496.018 │
╘════╧════════════════╧════════════════════════════════════╧════════════════╧════════════════════════════════╧════════════════╧═══════════════════════════════╛
2024-11-29 15:25:27,860 - INFO - Data from file '1600Nn obc ON _ 2018-12-06_ORIGEN.csv':
╒════╤════════════════╤════════════════════════════════╤════════════════╤═════════════════════════╤════════════════╤═════════════════════════╕
│    │   Czas [ms].21 │   Kond. - przepływ wody[l/min] │   Czas [ms].22 │   Kontrolka zb. 1/3 [-] │   Czas [ms].23 │   Kontrolka zb. 2/3 [-] │
╞════╪════════════════╪════════════════════════════════╪════════════════╪═════════════════════════╪════════════════╪═════════════════════════╡
│  0 │            185 │                           7.86 │            159 │                       0 │            159 │                       0 │
├────┼────────────────┼────────────────────────────────┼────────────────┼─────────────────────────┼────────────────┼─────────────────────────┤
│  1 │            385 │                           8.12 │           1160 │                       0 │           1160 │                       0 │
├────┼────────────────┼────────────────────────────────┼────────────────┼─────────────────────────┼────────────────┼─────────────────────────┤
│  2 │            586 │                           8.13 │           1761 │                       0 │           1761 │                       0 │
╘════╧════════════════╧════════════════════════════════╧════════════════╧═════════════════════════╧════════════════╧═════════════════════════╛
2024-11-29 15:25:27,863 - INFO - Data from file '1600Nn obc ON _ 2018-12-06_ORIGEN.csv':
╒════╤════════════════╤═════════════════════════╤════════════════╤═════════════╤════════════════╤═══════════╕
│    │   Czas [ms].24 │   Kontrolka zb. 3/3 [-] │   Czas [ms].25 │   MAF[kg/h] │   Czas [ms].26 │   Moc[kW] │
╞════╪════════════════╪═════════════════════════╪════════════════╪═════════════╪════════════════╪═══════════╡
│  0 │            159 │                       0 │            101 │         0   │             61 │         0 │
├────┼────────────────┼─────────────────────────┼────────────────┼─────────────┼────────────────┼───────────┤
│  1 │           1160 │                       0 │            301 │         0   │            261 │         0 │
├────┼────────────────┼─────────────────────────┼────────────────┼─────────────┼────────────────┼───────────┤
│  2 │           1761 │                       0 │            503 │         1.3 │            462 │         0 │
╘════╧════════════════╧═════════════════════════╧════════════════╧═════════════╧════════════════╧═══════════╛
2024-11-29 15:25:27,867 - INFO - Data from file '1600Nn obc ON _ 2018-12-06_ORIGEN.csv':
╒════╤════════════════╤═══════════════════════╤════════════════╤════════════════════╤════════════════╤═══════════════════╕
│    │   Czas [ms].27 │   Moment obrotowy[Nm] │   Czas [ms].28 │   Moment Tryb3[Nm] │   Czas [ms].29 │   Obroty[obr/min] │
╞════╪════════════════╪═══════════════════════╪════════════════╪════════════════════╪════════════════╪═══════════════════╡
│  0 │              0 │                   0.1 │         106708 │                1.5 │              0 │                 0 │
├────┼────────────────┼───────────────────────┼────────────────┼────────────────────┼────────────────┼───────────────────┤
│  1 │             20 │                   0.1 │         106864 │                1.5 │             20 │                 0 │
├────┼────────────────┼───────────────────────┼────────────────┼────────────────────┼────────────────┼───────────────────┤
│  2 │             40 │                   0.1 │         107114 │                1.5 │             40 │                 0 │
╘════╧════════════════╧═══════════════════════╧════════════════╧════════════════════╧════════════════╧═══════════════════╛
2024-11-29 15:25:27,870 - INFO - Data from file '1600Nn obc ON _ 2018-12-06_ORIGEN.csv':
╒════╤════════════════╤═══════════════════════════╤════════════════╤═══════════════════════════╤════════════════╤═══════════════════════════╕
│    │   Czas [ms].30 │   Poz. paliwa zb. 1/3[mm] │   Czas [ms].31 │   Poz. paliwa zb. 2/3[mm] │   Czas [ms].32 │   Poz. paliwa zb. 3/3[mm] │
╞════╪════════════════╪═══════════════════════════╪════════════════╪═══════════════════════════╪════════════════╪═══════════════════════════╡
│  0 │            101 │                       261 │            101 │                         0 │            102 │                       121 │
├────┼────────────────┼───────────────────────────┼────────────────┼───────────────────────────┼────────────────┼───────────────────────────┤
│  1 │            301 │                       261 │            302 │                         0 │            302 │                       121 │
├────┼────────────────┼───────────────────────────┼────────────────┼───────────────────────────┼────────────────┼───────────────────────────┤
│  2 │            503 │                       261 │            503 │                         0 │            503 │                       121 │
╘════╧════════════════╧═══════════════════════════╧════════════════╧═══════════════════════════╧════════════════╧═══════════════════════════╛
2024-11-29 15:25:27,875 - INFO - Data from file '1600Nn obc ON _ 2018-12-06_ORIGEN.csv':
╒════╤════════════════╤════════════════════════════╤════════════════╤═════════════════════════╤════════════════╤═══════════════════╕
│    │   Czas [ms].33 │   Przekaź. pompy paliwa[-] │   Czas [ms].34 │   Przekaźnik zapłonu[-] │   Czas [ms].35 │   Przepustnica[%] │
╞════╪════════════════╪════════════════════════════╪════════════════╪═════════════════════════╪════════════════╪═══════════════════╡
│  0 │            250 │                          0 │            159 │                       1 │              0 │                 0 │
├────┼────────────────┼────────────────────────────┼────────────────┼─────────────────────────┼────────────────┼───────────────────┤
│  1 │           1252 │                          0 │           1160 │                       1 │            250 │                 0 │
├────┼────────────────┼────────────────────────────┼────────────────┼─────────────────────────┼────────────────┼───────────────────┤
│  2 │           2254 │                          0 │           1761 │                       1 │            500 │                 0 │
╘════╧════════════════╧════════════════════════════╧════════════════╧═════════════════════════╧════════════════╧═══════════════════╛
2024-11-29 15:25:27,879 - INFO - Data from file '1600Nn obc ON _ 2018-12-06_ORIGEN.csv':
╒════╤════════════════╤═════════════════════════╤════════════════╤═════════════════════════╤════════════════╤═════════════════╕
│    │   Czas [ms].36 │   Przepustnica Tryb0[%] │   Czas [ms].37 │   Przepustnica Tryb1[%] │   Czas [ms].38 │   Przyklad[bar] │
╞════╪════════════════╪═════════════════════════╪════════════════╪═════════════════════════╪════════════════╪═════════════════╡
│  0 │            211 │                       0 │         578585 │                    51.9 │              9 │               0 │
├────┼────────────────┼─────────────────────────┼────────────────┼─────────────────────────┼────────────────┼─────────────────┤
│  1 │            461 │                       0 │         578789 │                    51.9 │            209 │               0 │
├────┼────────────────┼─────────────────────────┼────────────────┼─────────────────────────┼────────────────┼─────────────────┤
│  2 │            712 │                       0 │         579039 │                    51.9 │            409 │               0 │
╘════╧════════════════╧═════════════════════════╧════════════════╧═════════════════════════╧════════════════╧═════════════════╛
2024-11-29 15:25:27,882 - INFO - Data from file '1600Nn obc ON _ 2018-12-06_ORIGEN.csv':
╒════╤════════════════╤════════════════╤════════════════╤═════════════════╤════════════════╤══════════════════════╕
│    │   Czas [ms].39 │   PWM Tryb0[%] │   Czas [ms].40 │   Rozrusznik[-] │   Czas [ms].41 │   RPM Tryb1[obr/min] │
╞════╪════════════════╪════════════════╪════════════════╪═════════════════╪════════════════╪══════════════════════╡
│  0 │            211 │              0 │            159 │               1 │         578585 │                 1604 │
├────┼────────────────┼────────────────┼────────────────┼─────────────────┼────────────────┼──────────────────────┤
│  1 │            461 │              0 │            978 │               1 │         578789 │                 1604 │
├────┼────────────────┼────────────────┼────────────────┼─────────────────┼────────────────┼──────────────────────┤
│  2 │            712 │              0 │           1160 │               1 │         579039 │                 1604 │
╘════╧════════════════╧════════════════╧════════════════╧═════════════════╧════════════════╧══════════════════════╛
2024-11-29 15:25:27,885 - INFO - Data from file '1600Nn obc ON _ 2018-12-06_ORIGEN.csv':
╒════╤════════════════╤══════════════════════╤════════════════╤══════════════╤════════════════╤═══════════════════════════╕
│    │   Czas [ms].42 │   RPM Tryb3[obr/min] │   Czas [ms].43 │   Starter[-] │   Czas [ms].44 │   Stycz. chłodni went.[-] │
╞════╪════════════════╪══════════════════════╪════════════════╪══════════════╪════════════════╪═══════════════════════════╡
│  0 │         106708 │                  800 │            979 │            1 │            250 │                         0 │
├────┼────────────────┼──────────────────────┼────────────────┼──────────────┼────────────────┼───────────────────────────┤
│  1 │         106864 │                  800 │           1779 │            0 │            461 │                         0 │
├────┼────────────────┼──────────────────────┼────────────────┼──────────────┼────────────────┼───────────────────────────┤
│  2 │         107114 │                  800 │           2781 │            0 │           1252 │                         0 │
╘════╧════════════════╧══════════════════════╧════════════════╧══════════════╧════════════════╧═══════════════════════════╛
2024-11-29 15:25:27,890 - INFO - Data from file '1600Nn obc ON _ 2018-12-06_ORIGEN.csv':
╒════╤════════════════╤══════════════════════════════╤════════════════╤═══════════════════════════╤════════════════╤═══════════════════════════╕
│    │   Czas [ms].45 │   Temp. oleju przed wym.[°C] │   Czas [ms].46 │   Temp. oleju w misce[°C] │   Czas [ms].47 │   Temp. oleju za wym.[°C] │
╞════╪════════════════╪══════════════════════════════╪════════════════╪═══════════════════════════╪════════════════╪═══════════════════════════╡
│  0 │            151 │                         20.3 │            109 │                        46 │            151 │                      20.1 │
├────┼────────────────┼──────────────────────────────┼────────────────┼───────────────────────────┼────────────────┼───────────────────────────┤
│  1 │            351 │                         20.2 │            310 │                        46 │            351 │                      20   │
├────┼────────────────┼──────────────────────────────┼────────────────┼───────────────────────────┼────────────────┼───────────────────────────┤
│  2 │            551 │                         20.2 │            510 │                        46 │            552 │                      20   │
╘════╧════════════════╧══════════════════════════════╧════════════════╧═══════════════════════════╧════════════════╧═══════════════════════════╛
2024-11-29 15:25:27,894 - INFO - Data from file '1600Nn obc ON _ 2018-12-06_ORIGEN.csv':
╒════╤════════════════╤═══════════════════════╤════════════════╤══════════════════════════════════╤════════════════╤══════════════════════════════════╕
│    │   Czas [ms].48 │   Temp. otoczenia[°C] │   Czas [ms].49 │   Temp. pal. na wejściu sil.[°C] │   Czas [ms].50 │   Temp. pal. na wyjściu sil.[°C] │
╞════╪════════════════╪═══════════════════════╪════════════════╪══════════════════════════════════╪════════════════╪══════════════════════════════════╡
│  0 │             60 │                  15.9 │             59 │                             20.3 │             59 │                             27.3 │
├────┼────────────────┼───────────────────────┼────────────────┼──────────────────────────────────┼────────────────┼──────────────────────────────────┤
│  1 │            259 │                  15.9 │            260 │                             20.3 │            260 │                             27.3 │
├────┼────────────────┼───────────────────────┼────────────────┼──────────────────────────────────┼────────────────┼──────────────────────────────────┤
│  2 │            460 │                  15.9 │            460 │                             20.3 │            460 │                             27.3 │
╘════╧════════════════╧═══════════════════════╧════════════════╧══════════════════════════════════╧════════════════╧══════════════════════════════════╛
2024-11-29 15:25:27,897 - INFO - Data from file '1600Nn obc ON _ 2018-12-06_ORIGEN.csv':
╒════╤════════════════╤══════════════════════════════╤════════════════╤══════════════════════════════╤════════════════╤══════════════════════════════╕
│    │   Czas [ms].51 │   Temp. paliwa w zb. 1/3[°C] │   Czas [ms].52 │   Temp. paliwa w zb. 2/3[°C] │   Czas [ms].53 │   Temp. paliwa w zb. 3/3[°C] │
╞════╪════════════════╪══════════════════════════════╪════════════════╪══════════════════════════════╪════════════════╪══════════════════════════════╡
│  0 │            135 │                         17.2 │            135 │                           17 │            135 │                         16.1 │
├────┼────────────────┼──────────────────────────────┼────────────────┼──────────────────────────────┼────────────────┼──────────────────────────────┤
│  1 │            335 │                         17.2 │            335 │                           17 │            335 │                         16.1 │
├────┼────────────────┼──────────────────────────────┼────────────────┼──────────────────────────────┼────────────────┼──────────────────────────────┤
│  2 │            536 │                         17.2 │            536 │                           17 │            536 │                         16.1 │
╘════╧════════════════╧══════════════════════════════╧════════════════╧══════════════════════════════╧════════════════╧══════════════════════════════╛
2024-11-29 15:25:27,900 - INFO - Data from file '1600Nn obc ON _ 2018-12-06_ORIGEN.csv':
╒════╤════════════════╤═══════════════════════════════════╤════════════════╤════════════════════════════════╤════════════════╤════════════════════════╕
│    │   Czas [ms].54 │   Temp. powietrza przed turb.[°C] │   Czas [ms].55 │   Temp. powietrza za turb.[°C] │   Czas [ms].56 │   Temp. spalin 1/6[°C] │
╞════╪════════════════╪═══════════════════════════════════╪════════════════╪════════════════════════════════╪════════════════╪════════════════════════╡
│  0 │            151 │                                22 │            109 │                             29 │              0 │                     66 │
├────┼────────────────┼───────────────────────────────────┼────────────────┼────────────────────────────────┼────────────────┼────────────────────────┤
│  1 │            351 │                                22 │            309 │                             28 │            200 │                     65 │
├────┼────────────────┼───────────────────────────────────┼────────────────┼────────────────────────────────┼────────────────┼────────────────────────┤
│  2 │            551 │                                22 │            510 │                             28 │            401 │                     66 │
╘════╧════════════════╧═══════════════════════════════════╧════════════════╧════════════════════════════════╧════════════════╧════════════════════════╛
2024-11-29 15:25:27,903 - INFO - Data from file '1600Nn obc ON _ 2018-12-06_ORIGEN.csv':
╒════╤════════════════╤════════════════════════╤════════════════╤════════════════════════╤════════════════╤════════════════════════╕
│    │   Czas [ms].57 │   Temp. spalin 2/6[°C] │   Czas [ms].58 │   Temp. spalin 3/6[°C] │   Czas [ms].59 │   Temp. spalin 4/6[°C] │
╞════╪════════════════╪════════════════════════╪════════════════╪════════════════════════╪════════════════╪════════════════════════╡
│  0 │              0 │                     63 │              0 │                     59 │              1 │                     60 │
├────┼────────────────┼────────────────────────┼────────────────┼────────────────────────┼────────────────┼────────────────────────┤
│  1 │            200 │                     62 │            201 │                     59 │            201 │                     60 │
├────┼────────────────┼────────────────────────┼────────────────┼────────────────────────┼────────────────┼────────────────────────┤
│  2 │            401 │                     63 │            401 │                     61 │            401 │                     60 │
╘════╧════════════════╧════════════════════════╧════════════════╧════════════════════════╧════════════════╧════════════════════════╛
2024-11-29 15:25:27,907 - INFO - Data from file '1600Nn obc ON _ 2018-12-06_ORIGEN.csv':
╒════╤════════════════╤═══════════════════════════════════╤════════════════╤═══════════════════════════════════╤════════════════╤═══════════════════════════╕
│    │   Czas [ms].60 │   Temp. spalin za turbiną 1/2[°C] │   Czas [ms].61 │   Temp. spalin za turbiną 2/2[°C] │   Czas [ms].62 │   Temp.pal.na wyjściu[°C] │
╞════╪════════════════╪═══════════════════════════════════╪════════════════╪═══════════════════════════════════╪════════════════╪═══════════════════════════╡
│  0 │            109 │                                50 │            109 │                                44 │             85 │                      13.9 │
├────┼────────────────┼───────────────────────────────────┼────────────────┼───────────────────────────────────┼────────────────┼───────────────────────────┤
│  1 │            309 │                                51 │            309 │                                44 │            285 │                      13.9 │
├────┼────────────────┼───────────────────────────────────┼────────────────┼───────────────────────────────────┼────────────────┼───────────────────────────┤
│  2 │            509 │                                50 │            510 │                                44 │            485 │                      13.9 │
╘════╧════════════════╧═══════════════════════════════════╧════════════════╧═══════════════════════════════════╧════════════════╧═══════════════════════════╛
2024-11-29 15:25:27,911 - INFO - Data from file '1600Nn obc ON _ 2018-12-06_ORIGEN.csv':
╒════╤════════════════╤══════════════════════════╤════════════════╤══════════════════════════╤════════════════╤═══════════════════════════════╕
│    │   Czas [ms].63 │   Temp.paliwa żądana[°C] │   Czas [ms].64 │   Wilgotność względna[%] │   Czas [ms].65 │   Wyłącznik bezpieczeństwa[-] │
╞════╪════════════════╪══════════════════════════╪════════════════╪══════════════════════════╪════════════════╪═══════════════════════════════╡
│  0 │             35 │                     20.6 │             59 │                       40 │            979 │                             0 │
├────┼────────────────┼──────────────────────────┼────────────────┼──────────────────────────┼────────────────┼───────────────────────────────┤
│  1 │            235 │                     20.6 │            259 │                       40 │           1779 │                             0 │
├────┼────────────────┼──────────────────────────┼────────────────┼──────────────────────────┼────────────────┼───────────────────────────────┤
│  2 │            435 │                     20.6 │            459 │                       40 │           2781 │                             0 │
╘════╧════════════════╧══════════════════════════╧════════════════╧══════════════════════════╧════════════════╧═══════════════════════════════╛
2024-11-29 15:25:27,915 - INFO - Data from file '1600Nn obc ON _ 2018-12-06_ORIGEN.csv':
╒════╤════════════════╤═════════════╤════════════════╤══════════════════════════╤════════════════╤══════════════════════════╕
│    │   Czas [ms].66 │   Zapłon[-] │   Czas [ms].67 │   Zaw. zb. paliwa 1/3[-] │   Czas [ms].68 │   Zaw. zb. paliwa 2/3[-] │
╞════╪════════════════╪═════════════╪════════════════╪══════════════════════════╪════════════════╪══════════════════════════╡
│  0 │            979 │           1 │            159 │                        0 │            159 │                        0 │
├────┼────────────────┼─────────────┼────────────────┼──────────────────────────┼────────────────┼──────────────────────────┤
│  1 │           1779 │           1 │           1160 │                        0 │           1160 │                        0 │
├────┼────────────────┼─────────────┼────────────────┼──────────────────────────┼────────────────┼──────────────────────────┤
│  2 │           2781 │           1 │           1761 │                        0 │           1761 │                        0 │
╘════╧════════════════╧═════════════╧════════════════╧══════════════════════════╧════════════════╧══════════════════════════╛
2024-11-29 15:25:27,918 - INFO - Data from file '1600Nn obc ON _ 2018-12-06_ORIGEN.csv':
╒════╤════════════════╤══════════════════════════╤════════════════╤═════════════════════════════╤════════════════╤═══════════════════════════════╕
│    │   Czas [ms].69 │   Zaw. zb. paliwa 3/3[-] │   Czas [ms].70 │   Zawór reg. chł. cieczy[-] │   Czas [ms].71 │   Zużycie paliwa bieżące[g/s] │
╞════╪════════════════╪══════════════════════════╪════════════════╪═════════════════════════════╪════════════════╪═══════════════════════════════╡
│  0 │            159 │                        0 │            250 │                           0 │             34 │                          0.01 │
├────┼────────────────┼──────────────────────────┼────────────────┼─────────────────────────────┼────────────────┼───────────────────────────────┤
│  1 │           1160 │                        0 │            461 │                           0 │            235 │                          0.01 │
├────┼────────────────┼──────────────────────────┼────────────────┼─────────────────────────────┼────────────────┼───────────────────────────────┤
│  2 │           1761 │                        0 │           1252 │                           0 │            436 │                          0.01 │
╘════╧════════════════╧══════════════════════════╧════════════════╧═════════════════════════════╧════════════════╧═══════════════════════════════╛
2024-11-29 15:25:27,921 - INFO - Data from file '1600Nn obc ON _ 2018-12-06_ORIGEN.csv':
╒════╤════════════════╤═══════════════════════════════╕
│    │   Czas [ms].72 │   Zużycie paliwa średnie[g/s] │
╞════╪════════════════╪═══════════════════════════════╡
│  0 │             35 │                             0 │
├────┼────────────────┼───────────────────────────────┤
│  1 │            235 │                             0 │
├────┼────────────────┼───────────────────────────────┤
│  2 │            436 │                             0 │
╘════╧════════════════╧═══════════════════════════════╛
2024-11-29 15:25:27,924 - INFO - Data Frame Shape: (38535, 146)
2024-11-29 15:25:27,924 - INFO - Data files loaded successfully.
2024-11-29 15:25:28,523 - INFO - Step 2: Raw data loaded successfully.
2024-11-29 15:25:28,523 - INFO - Continue data pipeline. Step 3: Validating data...
2024-11-29 15:25:28,528 - INFO - DataValidator initialized.
2024-11-29 15:25:28,529 - INFO - Starting column validation for multiple DataFrames...
2024-11-29 15:25:28,530 - INFO - DataFrame 0: All required columns are present.
2024-11-29 15:25:28,530 - INFO - DataFrame 0: All optional columns are present.
2024-11-29 15:25:28,531 - INFO - Starting schema validation for multiple DataFrames...
2024-11-29 15:25:28,532 - INFO - DataFrame 0 - Schema validation passed.
2024-11-29 15:25:28,532 - INFO - Checking for duplicate columns in multiple DataFrames...
2024-11-29 15:25:28,533 - INFO - DataFrame 0: No duplicate columns found.
2024-11-29 15:25:28,533 - INFO - Validation reports summarizing the results for each DataFrame
2024-11-29 15:25:28,534 - INFO - =================
Validation Report for DataFrame 0 (0 - main Data Frame; 1 - eco Data Frame):
DataFrame Shape: (38535, 146) (Rows, Columns) <--- !!!!!!!!!
All Required Columns: Present
All Optional Columns: Present
2024-11-29 15:25:28,535 - INFO - Step 3: Data validated successfully.
2024-11-29 15:25:29,162 - INFO - Step 3: Data validated successfully.
2024-11-29 15:25:29,162 - INFO - Starting metadata extraction for multiple DataFrames...
2024-11-29 15:25:29,162 - INFO - Processing DataFrame 1/1 with shape (38535, 146)...
2024-11-29 15:25:29,276 - INFO - Metadata for DataFrame 0, names_of_files_under_procession:['1600Nn obc ON _ 2018-12-06_ORIGEN.csv', '', 'ON'], None:
+-----+----------------------------------+------------------+--------------+-----------------+-------------+
|     | Column                           |   Non-Null Count |   Null Count |   Unique Values | Data Type   |
+=====+==================================+==================+==============+=================+=============+
|   0 | Czas [ms]                        |             3853 |        34682 |            3853 | float64     |
+-----+----------------------------------+------------------+--------------+-----------------+-------------+
|   1 | Ciś. pow. przed turb.[Pa]        |             3853 |        34682 |              27 | float64     |
+-----+----------------------------------+------------------+--------------+-----------------+-------------+
|   2 | Czas [ms].1                      |             3853 |        34682 |            3853 | float64     |
+-----+----------------------------------+------------------+--------------+-----------------+-------------+
|   3 | Ciś. pow. za turb.[Pa]           |             3853 |        34682 |            1372 | float64     |
+-----+----------------------------------+------------------+--------------+-----------------+-------------+
|   4 | Czas [ms].2                      |             3853 |        34682 |            3853 | float64     |
+-----+----------------------------------+------------------+--------------+-----------------+-------------+
|   5 | Ciśnienie atmosferyczne[hPa]     |             3853 |        34682 |               1 | float64     |
+-----+----------------------------------+------------------+--------------+-----------------+-------------+
|   6 | Czas [ms].3                      |             3853 |        34682 |            3853 | float64     |
+-----+----------------------------------+------------------+--------------+-----------------+-------------+
|   7 | Ciśnienie oleju[bar]             |             3853 |        34682 |            1142 | float64     |
+-----+----------------------------------+------------------+--------------+-----------------+-------------+
|   8 | Czas [ms].4                      |             3853 |        34682 |            3853 | float64     |
+-----+----------------------------------+------------------+--------------+-----------------+-------------+
|   9 | Ciśnienie spalin[Pa]             |             3853 |        34682 |             112 | float64     |
+-----+----------------------------------+------------------+--------------+-----------------+-------------+
|  10 | Czas [ms].5                      |              771 |        37764 |             771 | float64     |
+-----+----------------------------------+------------------+--------------+-----------------+-------------+
|  11 | Dopeł. zb. 1/3[-]                |              771 |        37764 |               1 | float64     |
+-----+----------------------------------+------------------+--------------+-----------------+-------------+
|  12 | Czas [ms].6                      |              771 |        37764 |             771 | float64     |
+-----+----------------------------------+------------------+--------------+-----------------+-------------+
|  13 | Dopeł. zb. 2/3[-]                |              771 |        37764 |               1 | float64     |
+-----+----------------------------------+------------------+--------------+-----------------+-------------+
|  14 | Czas [ms].7                      |              771 |        37764 |             771 | float64     |
+-----+----------------------------------+------------------+--------------+-----------------+-------------+
|  15 | Dopeł. zb. 3/3[-]                |              771 |        37764 |               1 | float64     |
+-----+----------------------------------+------------------+--------------+-----------------+-------------+
|  16 | Czas [ms].8                      |              779 |        37756 |             779 | float64     |
+-----+----------------------------------+------------------+--------------+-----------------+-------------+
|  17 | Dopełnianie[-]                   |              779 |        37756 |               2 | float64     |
+-----+----------------------------------+------------------+--------------+-----------------+-------------+
|  18 | Czas [ms].9                      |             1543 |        36992 |            1543 | float64     |
+-----+----------------------------------+------------------+--------------+-----------------+-------------+
|  19 | Duży obieg[-]                    |             1543 |        36992 |               1 | float64     |
+-----+----------------------------------+------------------+--------------+-----------------+-------------+
|  20 | Czas [ms].10                     |             3853 |        34682 |            3853 | float64     |
+-----+----------------------------------+------------------+--------------+-----------------+-------------+
|  21 | ECT - wejście do sil.[°C]        |             3853 |        34682 |             387 | float64     |
+-----+----------------------------------+------------------+--------------+-----------------+-------------+
|  22 | Czas [ms].11                     |             3853 |        34682 |            3853 | float64     |
+-----+----------------------------------+------------------+--------------+-----------------+-------------+
|  23 | ECT - wyjście z sil.[°C]         |             3853 |        34682 |             302 | float64     |
+-----+----------------------------------+------------------+--------------+-----------------+-------------+
|  24 | Czas [ms].12                     |             3853 |        34682 |            3853 | float64     |
+-----+----------------------------------+------------------+--------------+-----------------+-------------+
|  25 | Główny obieg - przepływ[m³/h]    |             3853 |        34682 |            2176 | float64     |
+-----+----------------------------------+------------------+--------------+-----------------+-------------+
|  26 | Czas [ms].13                     |             3853 |        34682 |            3853 | float64     |
+-----+----------------------------------+------------------+--------------+-----------------+-------------+
|  27 | Główny obieg - temp.[°C]         |             3853 |        34682 |              19 | float64     |
+-----+----------------------------------+------------------+--------------+-----------------+-------------+
|  28 | Czas [ms].14                     |             2569 |        35966 |            2569 | float64     |
+-----+----------------------------------+------------------+--------------+-----------------+-------------+
|  29 | GPReg_Setpoint0[°C]              |             2569 |        35966 |               1 | float64     |
+-----+----------------------------------+------------------+--------------+-----------------+-------------+
|  30 | Czas [ms].15                     |             2569 |        35966 |            2569 | float64     |
+-----+----------------------------------+------------------+--------------+-----------------+-------------+
|  31 | GPReg_Setpoint1[°C]              |             2569 |        35966 |               1 | float64     |
+-----+----------------------------------+------------------+--------------+-----------------+-------------+
|  32 | Czas [ms].16                     |             2569 |        35966 |            2569 | float64     |
+-----+----------------------------------+------------------+--------------+-----------------+-------------+
|  33 | GPReg_Setpoint2[°C]              |             2569 |        35966 |               1 | float64     |
+-----+----------------------------------+------------------+--------------+-----------------+-------------+
|  34 | Czas [ms].17                     |             3853 |        34682 |            3853 | float64     |
+-----+----------------------------------+------------------+--------------+-----------------+-------------+
|  35 | Hamulec, lewa komora, temp.[°C]  |             3853 |        34682 |              18 | float64     |
+-----+----------------------------------+------------------+--------------+-----------------+-------------+
|  36 | Czas [ms].18                     |             3853 |        34682 |            3853 | float64     |
+-----+----------------------------------+------------------+--------------+-----------------+-------------+
|  37 | Hamulec, prawa komora, temp.[°C] |             3853 |        34682 |              21 | float64     |
+-----+----------------------------------+------------------+--------------+-----------------+-------------+
|  38 | Czas [ms].19                     |             3853 |        34682 |            3853 | float64     |
+-----+----------------------------------+------------------+--------------+-----------------+-------------+
|  39 | Hamulec, przepływ wody[m³/h]     |             3853 |        34682 |               4 | float64     |
+-----+----------------------------------+------------------+--------------+-----------------+-------------+
|  40 | Czas [ms].20                     |             3082 |        35453 |            3082 | float64     |
+-----+----------------------------------+------------------+--------------+-----------------+-------------+
|  41 | Ilość paliwa w zbiorniku[g]      |             3082 |        35453 |            3061 | float64     |
+-----+----------------------------------+------------------+--------------+-----------------+-------------+
|  42 | Czas [ms].21                     |             3852 |        34683 |            3852 | float64     |
+-----+----------------------------------+------------------+--------------+-----------------+-------------+
|  43 | Kond. - przepływ wody[l/min]     |             3852 |        34683 |             114 | float64     |
+-----+----------------------------------+------------------+--------------+-----------------+-------------+
|  44 | Czas [ms].22                     |              773 |        37762 |             773 | float64     |
+-----+----------------------------------+------------------+--------------+-----------------+-------------+
|  45 | Kontrolka zb. 1/3 [-]            |              773 |        37762 |               1 | float64     |
+-----+----------------------------------+------------------+--------------+-----------------+-------------+
|  46 | Czas [ms].23                     |              773 |        37762 |             773 | float64     |
+-----+----------------------------------+------------------+--------------+-----------------+-------------+
|  47 | Kontrolka zb. 2/3 [-]            |              773 |        37762 |               1 | float64     |
+-----+----------------------------------+------------------+--------------+-----------------+-------------+
|  48 | Czas [ms].24                     |              773 |        37762 |             773 | float64     |
+-----+----------------------------------+------------------+--------------+-----------------+-------------+
|  49 | Kontrolka zb. 3/3 [-]            |              773 |        37762 |               1 | float64     |
+-----+----------------------------------+------------------+--------------+-----------------+-------------+
|  50 | Czas [ms].25                     |             3853 |        34682 |            3853 | float64     |
+-----+----------------------------------+------------------+--------------+-----------------+-------------+
|  51 | MAF[kg/h]                        |             3853 |        34682 |             711 | float64     |
+-----+----------------------------------+------------------+--------------+-----------------+-------------+
|  52 | Czas [ms].26                     |             3853 |        34682 |            3853 | float64     |
+-----+----------------------------------+------------------+--------------+-----------------+-------------+
|  53 | Moc[kW]                          |             3853 |        34682 |             213 | float64     |
+-----+----------------------------------+------------------+--------------+-----------------+-------------+
|  54 | Czas [ms].27                     |            38535 |            0 |           38533 | int64       |
+-----+----------------------------------+------------------+--------------+-----------------+-------------+
|  55 | Moment obrotowy[Nm]              |            38535 |            0 |            1643 | float64     |
+-----+----------------------------------+------------------+--------------+-----------------+-------------+
|  56 | Czas [ms].28                     |             2227 |        36308 |            2227 | float64     |
+-----+----------------------------------+------------------+--------------+-----------------+-------------+
|  57 | Moment Tryb3[Nm]                 |             2227 |        36308 |              25 | float64     |
+-----+----------------------------------+------------------+--------------+-----------------+-------------+
|  58 | Czas [ms].29                     |            38535 |            0 |           38533 | int64       |
+-----+----------------------------------+------------------+--------------+-----------------+-------------+
|  59 | Obroty[obr/min]                  |            38535 |            0 |             703 | int64       |
+-----+----------------------------------+------------------+--------------+-----------------+-------------+
|  60 | Czas [ms].30                     |             3853 |        34682 |            3853 | float64     |
+-----+----------------------------------+------------------+--------------+-----------------+-------------+
|  61 | Poz. paliwa zb. 1/3[mm]          |             3853 |        34682 |              20 | float64     |
+-----+----------------------------------+------------------+--------------+-----------------+-------------+
|  62 | Czas [ms].31                     |             3853 |        34682 |            3853 | float64     |
+-----+----------------------------------+------------------+--------------+-----------------+-------------+
|  63 | Poz. paliwa zb. 2/3[mm]          |             3853 |        34682 |               2 | float64     |
+-----+----------------------------------+------------------+--------------+-----------------+-------------+
|  64 | Czas [ms].32                     |             3853 |        34682 |            3853 | float64     |
+-----+----------------------------------+------------------+--------------+-----------------+-------------+
|  65 | Poz. paliwa zb. 3/3[mm]          |             3853 |        34682 |               1 | float64     |
+-----+----------------------------------+------------------+--------------+-----------------+-------------+
|  66 | Czas [ms].33                     |              772 |        37763 |             772 | float64     |
+-----+----------------------------------+------------------+--------------+-----------------+-------------+
|  67 | Przekaź. pompy paliwa[-]         |              772 |        37763 |               1 | float64     |
+-----+----------------------------------+------------------+--------------+-----------------+-------------+
|  68 | Czas [ms].34                     |              774 |        37761 |             774 | float64     |
+-----+----------------------------------+------------------+--------------+-----------------+-------------+
|  69 | Przekaźnik zapłonu[-]            |              774 |        37761 |               2 | float64     |
+-----+----------------------------------+------------------+--------------+-----------------+-------------+
|  70 | Czas [ms].35                     |             3083 |        35452 |            3083 | float64     |
+-----+----------------------------------+------------------+--------------+-----------------+-------------+
|  71 | Przepustnica[%]                  |             3083 |        35452 |             148 | float64     |
+-----+----------------------------------+------------------+--------------+-----------------+-------------+
|  72 | Czas [ms].36                     |              694 |        37841 |             694 | float64     |
+-----+----------------------------------+------------------+--------------+-----------------+-------------+
|  73 | Przepustnica Tryb0[%]            |              694 |        37841 |               3 | float64     |
+-----+----------------------------------+------------------+--------------+-----------------+-------------+
|  74 | Czas [ms].37                     |              200 |        38335 |             200 | float64     |
+-----+----------------------------------+------------------+--------------+-----------------+-------------+
|  75 | Przepustnica Tryb1[%]            |              200 |        38335 |               6 | float64     |
+-----+----------------------------------+------------------+--------------+-----------------+-------------+
|  76 | Czas [ms].38                     |             3853 |        34682 |            3853 | float64     |
+-----+----------------------------------+------------------+--------------+-----------------+-------------+
|  77 | Przyklad[bar]                    |             3853 |        34682 |               1 | float64     |
+-----+----------------------------------+------------------+--------------+-----------------+-------------+
|  78 | Czas [ms].39                     |              694 |        37841 |             694 | float64     |
+-----+----------------------------------+------------------+--------------+-----------------+-------------+
|  79 | PWM Tryb0[%]                     |              694 |        37841 |               3 | float64     |
+-----+----------------------------------+------------------+--------------+-----------------+-------------+
|  80 | Czas [ms].40                     |              775 |        37760 |             775 | float64     |
+-----+----------------------------------+------------------+--------------+-----------------+-------------+
|  81 | Rozrusznik[-]                    |              775 |        37760 |               2 | float64     |
+-----+----------------------------------+------------------+--------------+-----------------+-------------+
|  82 | Czas [ms].41                     |              200 |        38335 |             200 | float64     |
+-----+----------------------------------+------------------+--------------+-----------------+-------------+
|  83 | RPM Tryb1[obr/min]               |              200 |        38335 |               2 | float64     |
+-----+----------------------------------+------------------+--------------+-----------------+-------------+
|  84 | Czas [ms].42                     |             2227 |        36308 |            2227 | float64     |
+-----+----------------------------------+------------------+--------------+-----------------+-------------+
|  85 | RPM Tryb3[obr/min]               |             2227 |        36308 |               5 | float64     |
+-----+----------------------------------+------------------+--------------+-----------------+-------------+
|  86 | Czas [ms].43                     |              770 |        37765 |             770 | float64     |
+-----+----------------------------------+------------------+--------------+-----------------+-------------+
|  87 | Starter[-]                       |              770 |        37765 |               2 | float64     |
+-----+----------------------------------+------------------+--------------+-----------------+-------------+
|  88 | Czas [ms].44                     |             1543 |        36992 |            1543 | float64     |
+-----+----------------------------------+------------------+--------------+-----------------+-------------+
|  89 | Stycz. chłodni went.[-]          |             1543 |        36992 |               1 | float64     |
+-----+----------------------------------+------------------+--------------+-----------------+-------------+
|  90 | Czas [ms].45                     |             3853 |        34682 |            3853 | float64     |
+-----+----------------------------------+------------------+--------------+-----------------+-------------+
|  91 | Temp. oleju przed wym.[°C]       |             3853 |        34682 |              19 | float64     |
+-----+----------------------------------+------------------+--------------+-----------------+-------------+
|  92 | Czas [ms].46                     |             3853 |        34682 |            3853 | float64     |
+-----+----------------------------------+------------------+--------------+-----------------+-------------+
|  93 | Temp. oleju w misce[°C]          |             3853 |        34682 |              43 | float64     |
+-----+----------------------------------+------------------+--------------+-----------------+-------------+
|  94 | Czas [ms].47                     |             3853 |        34682 |            3853 | float64     |
+-----+----------------------------------+------------------+--------------+-----------------+-------------+
|  95 | Temp. oleju za wym.[°C]          |             3853 |        34682 |              12 | float64     |
+-----+----------------------------------+------------------+--------------+-----------------+-------------+
|  96 | Czas [ms].48                     |             3853 |        34682 |            3853 | float64     |
+-----+----------------------------------+------------------+--------------+-----------------+-------------+
|  97 | Temp. otoczenia[°C]              |             3853 |        34682 |              13 | float64     |
+-----+----------------------------------+------------------+--------------+-----------------+-------------+
|  98 | Czas [ms].49                     |             3853 |        34682 |            3853 | float64     |
+-----+----------------------------------+------------------+--------------+-----------------+-------------+
|  99 | Temp. pal. na wejściu sil.[°C]   |             3853 |        34682 |              35 | float64     |
+-----+----------------------------------+------------------+--------------+-----------------+-------------+
| 100 | Czas [ms].50                     |             3853 |        34682 |            3853 | float64     |
+-----+----------------------------------+------------------+--------------+-----------------+-------------+
| 101 | Temp. pal. na wyjściu sil.[°C]   |             3853 |        34682 |             199 | float64     |
+-----+----------------------------------+------------------+--------------+-----------------+-------------+
| 102 | Czas [ms].51                     |             3853 |        34682 |            3853 | float64     |
+-----+----------------------------------+------------------+--------------+-----------------+-------------+
| 103 | Temp. paliwa w zb. 1/3[°C]       |             3853 |        34682 |               6 | float64     |
+-----+----------------------------------+------------------+--------------+-----------------+-------------+
| 104 | Czas [ms].52                     |             3853 |        34682 |            3853 | float64     |
+-----+----------------------------------+------------------+--------------+-----------------+-------------+
| 105 | Temp. paliwa w zb. 2/3[°C]       |             3853 |        34682 |               7 | float64     |
+-----+----------------------------------+------------------+--------------+-----------------+-------------+
| 106 | Czas [ms].53                     |             3853 |        34682 |            3853 | float64     |
+-----+----------------------------------+------------------+--------------+-----------------+-------------+
| 107 | Temp. paliwa w zb. 3/3[°C]       |             3853 |        34682 |               7 | float64     |
+-----+----------------------------------+------------------+--------------+-----------------+-------------+
| 108 | Czas [ms].54                     |             3853 |        34682 |            3853 | float64     |
+-----+----------------------------------+------------------+--------------+-----------------+-------------+
| 109 | Temp. powietrza przed turb.[°C]  |             3853 |        34682 |              53 | float64     |
+-----+----------------------------------+------------------+--------------+-----------------+-------------+
| 110 | Czas [ms].55                     |             3853 |        34682 |            3853 | float64     |
+-----+----------------------------------+------------------+--------------+-----------------+-------------+
| 111 | Temp. powietrza za turb.[°C]     |             3853 |        34682 |              49 | float64     |
+-----+----------------------------------+------------------+--------------+-----------------+-------------+
| 112 | Czas [ms].56                     |             3853 |        34682 |            3853 | float64     |
+-----+----------------------------------+------------------+--------------+-----------------+-------------+
| 113 | Temp. spalin 1/6[°C]             |             3853 |        34682 |             444 | float64     |
+-----+----------------------------------+------------------+--------------+-----------------+-------------+
| 114 | Czas [ms].57                     |             3853 |        34682 |            3853 | float64     |
+-----+----------------------------------+------------------+--------------+-----------------+-------------+
| 115 | Temp. spalin 2/6[°C]             |             3853 |        34682 |             484 | float64     |
+-----+----------------------------------+------------------+--------------+-----------------+-------------+
| 116 | Czas [ms].58                     |             3853 |        34682 |            3853 | float64     |
+-----+----------------------------------+------------------+--------------+-----------------+-------------+
| 117 | Temp. spalin 3/6[°C]             |             3853 |        34682 |             465 | float64     |
+-----+----------------------------------+------------------+--------------+-----------------+-------------+
| 118 | Czas [ms].59                     |             3853 |        34682 |            3853 | float64     |
+-----+----------------------------------+------------------+--------------+-----------------+-------------+
| 119 | Temp. spalin 4/6[°C]             |             3853 |        34682 |             473 | float64     |
+-----+----------------------------------+------------------+--------------+-----------------+-------------+
| 120 | Czas [ms].60                     |             3853 |        34682 |            3853 | float64     |
+-----+----------------------------------+------------------+--------------+-----------------+-------------+
| 121 | Temp. spalin za turbiną 1/2[°C]  |             3853 |        34682 |             480 | float64     |
+-----+----------------------------------+------------------+--------------+-----------------+-------------+
| 122 | Czas [ms].61                     |             3853 |        34682 |            3853 | float64     |
+-----+----------------------------------+------------------+--------------+-----------------+-------------+
| 123 | Temp. spalin za turbiną 2/2[°C]  |             3853 |        34682 |             457 | float64     |
+-----+----------------------------------+------------------+--------------+-----------------+-------------+
| 124 | Czas [ms].62                     |             3853 |        34682 |            3853 | float64     |
+-----+----------------------------------+------------------+--------------+-----------------+-------------+
| 125 | Temp.pal.na wyjściu[°C]          |             3853 |        34682 |              15 | float64     |
+-----+----------------------------------+------------------+--------------+-----------------+-------------+
| 126 | Czas [ms].63                     |             3853 |        34682 |            3853 | float64     |
+-----+----------------------------------+------------------+--------------+-----------------+-------------+
| 127 | Temp.paliwa żądana[°C]           |             3853 |        34682 |               1 | float64     |
+-----+----------------------------------+------------------+--------------+-----------------+-------------+
| 128 | Czas [ms].64                     |             3853 |        34682 |            3853 | float64     |
+-----+----------------------------------+------------------+--------------+-----------------+-------------+
| 129 | Wilgotność względna[%]           |             3853 |        34682 |               6 | float64     |
+-----+----------------------------------+------------------+--------------+-----------------+-------------+
| 130 | Czas [ms].65                     |              770 |        37765 |             770 | float64     |
+-----+----------------------------------+------------------+--------------+-----------------+-------------+
| 131 | Wyłącznik bezpieczeństwa[-]      |              770 |        37765 |               1 | float64     |
+-----+----------------------------------+------------------+--------------+-----------------+-------------+
| 132 | Czas [ms].66                     |              770 |        37765 |             770 | float64     |
+-----+----------------------------------+------------------+--------------+-----------------+-------------+
| 133 | Zapłon[-]                        |              770 |        37765 |               1 | float64     |
+-----+----------------------------------+------------------+--------------+-----------------+-------------+
| 134 | Czas [ms].67                     |              773 |        37762 |             773 | float64     |
+-----+----------------------------------+------------------+--------------+-----------------+-------------+
| 135 | Zaw. zb. paliwa 1/3[-]           |              773 |        37762 |               1 | float64     |
+-----+----------------------------------+------------------+--------------+-----------------+-------------+
| 136 | Czas [ms].68                     |              773 |        37762 |             773 | float64     |
+-----+----------------------------------+------------------+--------------+-----------------+-------------+
| 137 | Zaw. zb. paliwa 2/3[-]           |              773 |        37762 |               1 | float64     |
+-----+----------------------------------+------------------+--------------+-----------------+-------------+
| 138 | Czas [ms].69                     |              773 |        37762 |             773 | float64     |
+-----+----------------------------------+------------------+--------------+-----------------+-------------+
| 139 | Zaw. zb. paliwa 3/3[-]           |              773 |        37762 |               1 | float64     |
+-----+----------------------------------+------------------+--------------+-----------------+-------------+
| 140 | Czas [ms].70                     |             1543 |        36992 |            1543 | float64     |
+-----+----------------------------------+------------------+--------------+-----------------+-------------+
| 141 | Zawór reg. chł. cieczy[-]        |             1543 |        36992 |               2 | float64     |
+-----+----------------------------------+------------------+--------------+-----------------+-------------+
| 142 | Czas [ms].71                     |             3853 |        34682 |            3853 | float64     |
+-----+----------------------------------+------------------+--------------+-----------------+-------------+
| 143 | Zużycie paliwa bieżące[g/s]      |             3853 |        34682 |             266 | float64     |
+-----+----------------------------------+------------------+--------------+-----------------+-------------+
| 144 | Czas [ms].72                     |             3853 |        34682 |            3853 | float64     |
+-----+----------------------------------+------------------+--------------+-----------------+-------------+
| 145 | Zużycie paliwa średnie[g/s]      |             3853 |        34682 |            2509 | float64     |
+-----+----------------------------------+------------------+--------------+-----------------+-------------+
2024-11-29 15:25:29,307 - INFO - Metadata extraction completed for all DataFrames.
2024-11-29 15:25:29,962 - INFO - Step 4: Metadata extracted successfully.
2024-11-29 15:25:29,962 - INFO - Continue data pipeline. Step 5: Filtering and preprocessing data...
2024-11-29 15:25:29,972 - INFO - Filtered DataFrame to include 34 columns.
2024-11-29 15:25:30,043 - INFO - Time columns synchronized successfully.
2024-11-29 15:25:30,046 - INFO - !!!! ---> Filtered DataFrame shape: (3853, 18)
2024-11-29 15:25:30,057 - INFO - Identified 12 stable rotation levels.
2024-11-29 15:25:30,068 - INFO - Identified 7 stable torque levels.
2024-11-29 15:25:30,079 - INFO - Extracted 3105 rows of intersected stable data.
2024-11-29 15:25:30,079 - INFO - Starting metadata extraction for multiple DataFrames...
2024-11-29 15:25:30,079 - INFO - Processing DataFrame 1/1 with shape (3105, 18)...
2024-11-29 15:25:30,085 - INFO - Metadata for DataFrame 0, names_of_files_under_procession:['1600Nn obc ON _ 2018-12-06_ORIGEN.csv', '', 'ON'], DataFrame after filtering and cleaning::
+----+--------------------------------+------------------+--------------+-----------------+-------------+
|    | Column                         |   Non-Null Count |   Null Count |   Unique Values | Data Type   |
+====+================================+==================+==============+=================+=============+
|  0 | Time                           |             3105 |            0 |            3105 | float64     |
+----+--------------------------------+------------------+--------------+-----------------+-------------+
|  1 | Ciś. pow. za turb.[Pa]         |             3105 |            0 |            1051 | float64     |
+----+--------------------------------+------------------+--------------+-----------------+-------------+
|  2 | Ciśnienie atmosferyczne[hPa]   |             3105 |            0 |               1 | float64     |
+----+--------------------------------+------------------+--------------+-----------------+-------------+
|  3 | ECT - wyjście z sil.[°C]       |             3105 |            0 |             245 | float64     |
+----+--------------------------------+------------------+--------------+-----------------+-------------+
|  4 | MAF[kg/h]                      |             3105 |            0 |             583 | float64     |
+----+--------------------------------+------------------+--------------+-----------------+-------------+
|  5 | Moc[kW]                        |             3104 |            1 |              93 | float64     |
+----+--------------------------------+------------------+--------------+-----------------+-------------+
|  6 | Moment obrotowy[Nm]            |             3105 |            0 |             227 | float64     |
+----+--------------------------------+------------------+--------------+-----------------+-------------+
|  7 | Obroty[obr/min]                |             3105 |            0 |              35 | int64       |
+----+--------------------------------+------------------+--------------+-----------------+-------------+
|  8 | Temp. oleju w misce[°C]        |             3105 |            0 |              43 | float64     |
+----+--------------------------------+------------------+--------------+-----------------+-------------+
|  9 | Temp. otoczenia[°C]            |             3105 |            0 |              13 | float64     |
+----+--------------------------------+------------------+--------------+-----------------+-------------+
| 10 | Temp. pal. na wyjściu sil.[°C] |             3105 |            0 |             183 | float64     |
+----+--------------------------------+------------------+--------------+-----------------+-------------+
| 11 | Temp. powietrza za turb.[°C]   |             3105 |            0 |              48 | float64     |
+----+--------------------------------+------------------+--------------+-----------------+-------------+
| 12 | Temp. spalin 1/6[°C]           |             3077 |           28 |             367 | float64     |
+----+--------------------------------+------------------+--------------+-----------------+-------------+
| 13 | Temp. spalin 2/6[°C]           |             3069 |           36 |             391 | float64     |
+----+--------------------------------+------------------+--------------+-----------------+-------------+
| 14 | Temp. spalin 3/6[°C]           |             3091 |           14 |             364 | float64     |
+----+--------------------------------+------------------+--------------+-----------------+-------------+
| 15 | Temp. spalin 4/6[°C]           |             3091 |           14 |             376 | float64     |
+----+--------------------------------+------------------+--------------+-----------------+-------------+
| 16 | Wilgotność względna[%]         |             3105 |            0 |               6 | float64     |
+----+--------------------------------+------------------+--------------+-----------------+-------------+
| 17 | Zużycie paliwa średnie[g/s]    |             3105 |            0 |            1991 | float64     |
+----+--------------------------------+------------------+--------------+-----------------+-------------+
2024-11-29 15:25:30,090 - INFO - Metadata extraction completed for all DataFrames.
2024-11-29 15:25:30,626 - INFO - Step 5: Data filtered and preprocessed successfully.
2024-11-29 15:25:30,626 - INFO - Step 6: Continue data pipeline. Saving cleaned data...
2024-11-29 15:25:30,679 - INFO - Filtered and Cleaned data saved to c:\Users\vtaustyka\PycharmProjects\DT-Engine\data\processed\cleaned_data_1600Nn obc ON _ 2018-12-06_ORIGEN.csv.csv
2024-11-29 15:25:30,707 - INFO - Filtered and Cleaned data saved to c:\Users\vtaustyka\PycharmProjects\DT-Engine\data\processed\filtered_data.parquet
2024-11-29 15:25:30,707 - INFO - Step 6: Save cleaned data completed successfully.
2024-11-29 15:25:31,233 - INFO - Step 6: Filtered and Cleaned data saved successfully.
2024-11-29 15:25:31,234 - INFO - Continue data pipeline. Step 7: Visualizing data...
2024-11-29 15:25:39,426 - INFO - Step 7: Data visualization completed successfully.
2024-11-29 15:25:39,426 - INFO - Data pipeline completed successfully.
