2024-11-25 17:55:45,635 - INFO - Starting data pipeline...
2024-11-25 17:55:45,640 - INFO - Step 1: Building files_with_raw_data_links.json...
2024-11-25 17:55:45,641 - INFO - Step 1: files_with_raw_data_links.json built successfully.
2024-11-25 17:55:50,465 - INFO - Step 1: files_with_raw_data_links.json built successfully.
2024-11-25 17:55:50,465 - INFO - Continue data pipeline. Step 2: Loading raw data...
2024-11-25 17:55:50,469 - INFO - DataLoader initialized with raw data path: c:\Users\vtaustyka\PycharmProjects\DT-Engine\data\raw
2024-11-25 17:55:50,470 - INFO - Loading main file: 1600Nn obc ON _ 2018-12-06_ORIGEN.csv
2024-11-25 17:55:50,473 - INFO - Loading data from file: c:\Users\vtaustyka\PycharmProjects\DT-Engine\data\raw\1600Nn obc ON _ 2018-12-06_ORIGEN.csv
2024-11-25 17:55:50,767 - INFO - Data loaded successfully from file: c:\Users\vtaustyka\PycharmProjects\DT-Engine\data\raw\1600Nn obc ON _ 2018-12-06_ORIGEN.csv
2024-11-25 17:55:50,980 - INFO - Data Frame Shape: (38535, 146)
2024-11-25 17:55:50,980 - INFO - Data files loaded successfully.
2024-11-25 17:55:51,545 - INFO - Step 2: Raw data loaded successfully.
2024-11-25 17:55:51,545 - INFO - Continue data pipeline. Step 3: Validating data...
2024-11-25 17:55:51,549 - INFO - DataValidator initialized.
2024-11-25 17:55:51,550 - INFO - Starting column validation for multiple DataFrames...
2024-11-25 17:55:51,550 - INFO - DataFrame 0: All required columns are present.
2024-11-25 17:55:51,551 - INFO - DataFrame 0: All optional columns are present.
2024-11-25 17:55:51,551 - INFO - Starting schema validation for multiple DataFrames...
2024-11-25 17:55:51,552 - INFO - DataFrame 0 - Schema validation passed.
2024-11-25 17:55:51,552 - INFO - Checking for duplicate columns in multiple DataFrames...
2024-11-25 17:55:51,553 - INFO - DataFrame 0: No duplicate columns found.
2024-11-25 17:55:51,553 - INFO - Validation reports summarizing the results for each DataFrame
2024-11-25 17:55:51,553 - INFO - =================
Validation Report for DataFrame 0 (0 - main Data Frame; 1 - eco Data Frame):
DataFrame Shape: (38535, 146) (Rows, Columns) <--- !!!!!!!!!
All Required Columns: Present
All Optional Columns: Present
2024-11-25 17:55:51,554 - INFO - Step 3: Data validated successfully.
2024-11-25 17:55:52,225 - INFO - Step 3: Data validated successfully.
2024-11-25 17:55:52,225 - INFO - Starting metadata extraction for multiple DataFrames...
2024-11-25 17:55:52,226 - INFO - Processing DataFrame 1/1 with shape (38535, 146)...
2024-11-25 17:55:52,420 - INFO - Metadata extraction completed for all DataFrames.
2024-11-25 17:55:52,960 - INFO - Step 4: Metadata extracted successfully.
2024-11-25 17:55:52,961 - INFO - Continue data pipeline. Step 5: Cleaning and preprocessing data...
2024-11-25 17:55:52,975 - INFO - DataCleaner initialized with required columns.
2024-11-25 17:55:52,975 - INFO - Starting data cleaning process.
2024-11-25 17:55:52,980 - INFO - Filtered DataFrame to include 34 columns.
2024-11-25 17:55:52,981 - INFO - Data cleaning process completed.
2024-11-25 17:55:52,981 - INFO - Filtered DataFrame shape: (38535, 34)
2024-11-25 17:55:53,011 - INFO - Step 5: Data cleaned and preprocessed successfully.
2024-11-25 17:55:53,559 - INFO - Step 5: Data cleaned and preprocessed successfully.
2024-11-25 17:55:53,559 - INFO - Step 6: Continue data pipeline. Saving cleaned data...
2024-11-25 17:55:53,626 - INFO - Cleaned data saved to c:\Users\vtaustyka\PycharmProjects\DT-Engine\data\processed\cleaned_data.parquet
2024-11-25 17:55:53,627 - INFO - Step 6: Save cleaned data completed successfully.
2024-11-25 17:55:54,152 - INFO - Step 6: Cleaned data saved successfully.
2024-11-25 17:55:54,153 - INFO - Continue data pipeline. Step 7 - NOT IMPLEMENTED: Filtering data...
2024-11-25 17:55:54,849 - INFO - Step 7: Data filtering step not implemented.
2024-11-25 17:55:54,849 - INFO - Data pipeline completed successfully.
