2024-12-05 11:38:06,745 - INFO - Starting data pipeline...
2024-12-05 11:38:06,745 - INFO - Continue data pipeline. Step 2: Loading raw data...
2024-12-05 11:38:06,746 - INFO - DataLoader initialized with raw data path: /home/viktar-taustyka/GitHubRepos/DT-Engine/data/raw/parquet_files
2024-12-05 11:38:06,747 - INFO - Loading main file: Dyp BIOW 1800 rpm - 2023-05.parquet
2024-12-05 11:38:06,747 - INFO - Loading data from file: /home/viktar-taustyka/GitHubRepos/DT-Engine/data/raw/parquet_files/Dyp BIOW 1800 rpm - 2023-05.parquet
2024-12-05 11:38:06,885 - INFO - Data loaded successfully from file: /home/viktar-taustyka/GitHubRepos/DT-Engine/data/raw/parquet_files/Dyp BIOW 1800 rpm - 2023-05.parquet
2024-12-05 11:38:06,885 - INFO - Data Frame Columns: ['Czas [ms]', 'CiĹ›. pow. przed turb.[Pa]', 'Czas [ms].1', 'CiĹ›. pow. za turb.[Pa]', 'Czas [ms].2', 'CiĹ›nienie atmosferyczne[hPa]', 'Czas [ms].3', 'CiĹ›nienie oleju[bar]', 'Czas [ms].4', 'CiĹ›nienie spalin[Pa]', 'Czas [ms].5', 'DopeĹ‚. zb. 1/3[-]', 'Czas [ms].6', 'DopeĹ‚. zb. 2/3[-]', 'Czas [ms].7', 'DopeĹ‚. zb. 3/3[-]', 'Czas [ms].8', 'DopeĹ‚nianie[-]', 'Czas [ms].9', 'DuĹĽy obieg[-]', 'Czas [ms].10', 'ECT - wejĹ›cie do sil.[Â°C]', 'Czas [ms].11', 'ECT - wyjĹ›cie z sil.[Â°C]', 'Czas [ms].12', 'GĹ‚Ăłwny obieg - przepĹ‚yw[mÂł/h]', 'Czas [ms].13', 'GĹ‚Ăłwny obieg - temp.[Â°C]', 'Czas [ms].14', 'GPReg_Setpoint0[Â°C]', 'Czas [ms].15', 'GPReg_Setpoint1[Â°C]', 'Czas [ms].16', 'GPReg_Setpoint2[Â°C]', 'Czas [ms].17', 'Hamulec, lewa komora, temp.[Â°C]', 'Czas [ms].18', 'Hamulec, prawa komora, temp.[Â°C]', 'Czas [ms].19', 'Hamulec, przepĹ‚yw wody[mÂł/h]', 'Czas [ms].20', 'IloĹ›Ä‡ paliwa w zbiorniku[g]', 'Czas [ms].21', 'Kond. - przepĹ‚yw wody[l/min]', 'Czas [ms].22', 'Kontrolka zb. 1/3 [-]', 'Czas [ms].23', 'Kontrolka zb. 2/3 [-]', 'Czas [ms].24', 'Kontrolka zb. 3/3 [-]', 'Czas [ms].25', 'MAF[kg/h]', 'Czas [ms].26', 'Moc[kW]', 'Czas [ms].27', 'Moment obrotowy[Nm]', 'Czas [ms].28', 'Moment Tryb3[Nm]', 'Czas [ms].29', 'Obroty[obr/min]', 'Czas [ms].30', 'Poz. paliwa zb. 1/3[mm]', 'Czas [ms].31', 'Poz. paliwa zb. 2/3[mm]', 'Czas [ms].32', 'Poz. paliwa zb. 3/3[mm]', 'Czas [ms].33', 'PrzekaĹş. pompy paliwa[-]', 'Czas [ms].34', 'PrzekaĹşnik zapĹ‚onu[-]', 'Czas [ms].35', 'Przepustnica[%]', 'Czas [ms].36', 'Przepustnica Tryb0[%]', 'Czas [ms].37', 'Przyklad[bar]', 'Czas [ms].38', 'PWM Tryb0[%]', 'Czas [ms].39', 'Rozrusznik[-]', 'Czas [ms].40', 'RPM Tryb3[obr/min]', 'Czas [ms].41', 'Starter[-]', 'Czas [ms].42', 'Stycz. chĹ‚odni went.[-]', 'Czas [ms].43', 'Temp. oleju przed wym.[Â°C]', 'Czas [ms].44', 'Temp. oleju w misce[Â°C]', 'Czas [ms].45', 'Temp. oleju za wym.[Â°C]', 'Czas [ms].46', 'Temp. otoczenia[Â°C]', 'Czas [ms].47', 'Temp. pal. na wejĹ›ciu sil.[Â°C]', 'Czas [ms].48', 'Temp. pal. na wyjĹ›ciu sil.[Â°C]', 'Czas [ms].49', 'Temp. paliwa w zb. 1/3[Â°C]', 'Czas [ms].50', 'Temp. paliwa w zb. 2/3[Â°C]', 'Czas [ms].51', 'Temp. paliwa w zb. 3/3[Â°C]', 'Czas [ms].52', 'Temp. powietrza przed turb.[Â°C]', 'Czas [ms].53', 'Temp. powietrza za turb.[Â°C]', 'Czas [ms].54', 'Temp. spalin 1/6[Â°C]', 'Czas [ms].55', 'Temp. spalin 2/6[Â°C]', 'Czas [ms].56', 'Temp. spalin 3/6[Â°C]', 'Czas [ms].57', 'Temp. spalin 4/6[Â°C]', 'Czas [ms].58', 'Temp. spalin za turbinÄ… 1/2[Â°C]', 'Czas [ms].59', 'Temp. spalin za turbinÄ… 2/2[Â°C]', 'Czas [ms].60', 'Temp.pal.na wyjĹ›ciu[Â°C]', 'Czas [ms].61', 'Temp.paliwa ĹĽÄ…dana[Â°C]', 'Czas [ms].62', 'WilgotnoĹ›Ä‡ wzglÄ™dna[%]', 'Czas [ms].63', 'WyĹ‚Ä…cznik bezpieczeĹ„stwa[-]', 'Czas [ms].64', 'ZapĹ‚on[-]', 'Czas [ms].65', 'Zaw. zb. paliwa 1/3[-]', 'Czas [ms].66', 'Zaw. zb. paliwa 2/3[-]', 'Czas [ms].67', 'Zaw. zb. paliwa 3/3[-]', 'Czas [ms].68', 'ZawĂłr reg. chĹ‚. cieczy[-]', 'Czas [ms].69', 'ZuĹĽycie paliwa bieĹĽÄ…ce[g/s]', 'Czas [ms].70', 'ZuĹĽycie paliwa Ĺ›rednie[g/s]', 'Unnamed: 142']
2024-12-05 11:38:06,890 - INFO - Data from file 'Dyp BIOW 1800 rpm - 2023-05.parquet':
╒════╤═════════════╤══════════════════════════════╤═══════════════╤═══════════════════════════╤═══════════════╤═════════════════════════════════╕
│    │   Czas [ms] │   CiĹ›. pow. przed turb.[Pa] │   Czas [ms].1 │   CiĹ›. pow. za turb.[Pa] │   Czas [ms].2 │   CiĹ›nienie atmosferyczne[hPa] │
╞════╪═════════════╪══════════════════════════════╪═══════════════╪═══════════════════════════╪═══════════════╪═════════════════════════════════╡
│  0 │         150 │                        64544 │           150 │                      2622 │            60 │                             988 │
├────┼─────────────┼──────────────────────────────┼───────────────┼───────────────────────────┼───────────────┼─────────────────────────────────┤
│  1 │         351 │                        64627 │           350 │                      2649 │           260 │                             988 │
├────┼─────────────┼──────────────────────────────┼───────────────┼───────────────────────────┼───────────────┼─────────────────────────────────┤
│  2 │         551 │                        64672 │           551 │                      2658 │           460 │                             988 │
╘════╧═════════════╧══════════════════════════════╧═══════════════╧═══════════════════════════╧═══════════════╧═════════════════════════════════╛
2024-12-05 11:38:06,893 - INFO - Data from file 'Dyp BIOW 1800 rpm - 2023-05.parquet':
╒════╤═══════════════╤═════════════════════════╤═══════════════╤═════════════════════════╤═══════════════╤══════════════════════╕
│    │   Czas [ms].3 │   CiĹ›nienie oleju[bar] │   Czas [ms].4 │   CiĹ›nienie spalin[Pa] │   Czas [ms].5 │   DopeĹ‚. zb. 1/3[-] │
╞════╪═══════════════╪═════════════════════════╪═══════════════╪═════════════════════════╪═══════════════╪══════════════════════╡
│  0 │           150 │                   5.964 │           151 │                      37 │           160 │                    0 │
├────┼───────────────┼─────────────────────────┼───────────────┼─────────────────────────┼───────────────┼──────────────────────┤
│  1 │           350 │                   5.964 │           352 │                      28 │          1162 │                    0 │
├────┼───────────────┼─────────────────────────┼───────────────┼─────────────────────────┼───────────────┼──────────────────────┤
│  2 │           550 │                   5.964 │           552 │                      47 │          2163 │                    0 │
╘════╧═══════════════╧═════════════════════════╧═══════════════╧═════════════════════════╧═══════════════╧══════════════════════╛
2024-12-05 11:38:06,894 - INFO - Data from file 'Dyp BIOW 1800 rpm - 2023-05.parquet':
╒════╤═══════════════╤══════════════════════╤═══════════════╤══════════════════════╤═══════════════╤═══════════════════╕
│    │   Czas [ms].6 │   DopeĹ‚. zb. 2/3[-] │   Czas [ms].7 │   DopeĹ‚. zb. 3/3[-] │   Czas [ms].8 │   DopeĹ‚nianie[-] │
╞════╪═══════════════╪══════════════════════╪═══════════════╪══════════════════════╪═══════════════╪═══════════════════╡
│  0 │           160 │                    0 │           160 │                    0 │           245 │                 0 │
├────┼───────────────┼──────────────────────┼───────────────┼──────────────────────┼───────────────┼───────────────────┤
│  1 │          1162 │                    0 │          1162 │                    0 │          1247 │                 0 │
├────┼───────────────┼──────────────────────┼───────────────┼──────────────────────┼───────────────┼───────────────────┤
│  2 │          2163 │                    0 │          2163 │                    0 │          2248 │                 0 │
╘════╧═══════════════╧══════════════════════╧═══════════════╧══════════════════════╧═══════════════╧═══════════════════╛
2024-12-05 11:38:06,896 - INFO - Data from file 'Dyp BIOW 1800 rpm - 2023-05.parquet':
╒════╤═══════════════╤══════════════════╤════════════════╤═══════════════════════════════╤════════════════╤══════════════════════════════╕
│    │   Czas [ms].9 │   DuĹĽy obieg[-] │   Czas [ms].10 │   ECT - wejĹ›cie do sil.[Â°C] │   Czas [ms].11 │   ECT - wyjĹ›cie z sil.[Â°C] │
╞════╪═══════════════╪══════════════════╪════════════════╪═══════════════════════════════╪════════════════╪══════════════════════════════╡
│  0 │           100 │                0 │              0 │                          23.2 │              0 │                         58.4 │
├────┼───────────────┼──────────────────┼────────────────┼───────────────────────────────┼────────────────┼──────────────────────────────┤
│  1 │           393 │                0 │            200 │                          23.2 │            200 │                         58.4 │
├────┼───────────────┼──────────────────┼────────────────┼───────────────────────────────┼────────────────┼──────────────────────────────┤
│  2 │          1101 │                0 │            401 │                          23.3 │            400 │                         58.4 │
╘════╧═══════════════╧══════════════════╧════════════════╧═══════════════════════════════╧════════════════╧══════════════════════════════╛
2024-12-05 11:38:06,898 - INFO - Data from file 'Dyp BIOW 1800 rpm - 2023-05.parquet':
╒════╤════════════════╤═════════════════════════════════════╤════════════════╤═══════════════════════════════╤════════════════╤════════════════════════╕
│    │   Czas [ms].12 │   GĹ‚Ăłwny obieg - przepĹ‚yw[mÂł/h] │   Czas [ms].13 │   GĹ‚Ăłwny obieg - temp.[Â°C] │   Czas [ms].14 │   GPReg_Setpoint0[Â°C] │
╞════╪════════════════╪═════════════════════════════════════╪════════════════╪═══════════════════════════════╪════════════════╪════════════════════════╡
│  0 │            161 │                              158.92 │             61 │                          22.4 │            293 │                     60 │
├────┼────────────────┼─────────────────────────────────────┼────────────────┼───────────────────────────────┼────────────────┼────────────────────────┤
│  1 │            360 │                              148.48 │            261 │                          22.4 │            594 │                     60 │
├────┼────────────────┼─────────────────────────────────────┼────────────────┼───────────────────────────────┼────────────────┼────────────────────────┤
│  2 │            561 │                              153.2  │            462 │                          22.4 │            894 │                     60 │
╘════╧════════════════╧═════════════════════════════════════╧════════════════╧═══════════════════════════════╧════════════════╧════════════════════════╛
2024-12-05 11:38:06,900 - INFO - Data from file 'Dyp BIOW 1800 rpm - 2023-05.parquet':
╒════╤════════════════╤════════════════════════╤════════════════╤════════════════════════╤════════════════╤════════════════════════════════════╕
│    │   Czas [ms].15 │   GPReg_Setpoint1[Â°C] │   Czas [ms].16 │   GPReg_Setpoint2[Â°C] │   Czas [ms].17 │   Hamulec, lewa komora, temp.[Â°C] │
╞════╪════════════════╪════════════════════════╪════════════════╪════════════════════════╪════════════════╪════════════════════════════════════╡
│  0 │            293 │                     25 │            293 │                     34 │             30 │                                 20 │
├────┼────────────────┼────────────────────────┼────────────────┼────────────────────────┼────────────────┼────────────────────────────────────┤
│  1 │            594 │                     25 │            594 │                     34 │            230 │                                 20 │
├────┼────────────────┼────────────────────────┼────────────────┼────────────────────────┼────────────────┼────────────────────────────────────┤
│  2 │            894 │                     25 │            894 │                     34 │            430 │                                 20 │
╘════╧════════════════╧════════════════════════╧════════════════╧════════════════════════╧════════════════╧════════════════════════════════════╛
2024-12-05 11:38:06,901 - INFO - Data from file 'Dyp BIOW 1800 rpm - 2023-05.parquet':
╒════╤════════════════╤═════════════════════════════════════╤════════════════╤══════════════════════════════════╤════════════════╤═════════════════════════════════╕
│    │   Czas [ms].18 │   Hamulec, prawa komora, temp.[Â°C] │   Czas [ms].19 │   Hamulec, przepĹ‚yw wody[mÂł/h] │   Czas [ms].20 │   IloĹ›Ä‡ paliwa w zbiorniku[g] │
╞════╪════════════════╪═════════════════════════════════════╪════════════════╪══════════════════════════════════╪════════════════╪═════════════════════════════════╡
│  0 │             30 │                                  20 │            180 │                             11.5 │            199 │                         247.052 │
├────┼────────────────┼─────────────────────────────────────┼────────────────┼──────────────────────────────────┼────────────────┼─────────────────────────────────┤
│  1 │            230 │                                  20 │            380 │                             11.6 │            449 │                         247.034 │
├────┼────────────────┼─────────────────────────────────────┼────────────────┼──────────────────────────────────┼────────────────┼─────────────────────────────────┤
│  2 │            431 │                                  20 │            581 │                             11.6 │            700 │                         247.084 │
╘════╧════════════════╧═════════════════════════════════════╧════════════════╧══════════════════════════════════╧════════════════╧═════════════════════════════════╛
2024-12-05 11:38:06,903 - INFO - Data from file 'Dyp BIOW 1800 rpm - 2023-05.parquet':
╒════╤════════════════╤═════════════════════════════════╤════════════════╤═════════════════════════╤════════════════╤═════════════════════════╕
│    │   Czas [ms].21 │   Kond. - przepĹ‚yw wody[l/min] │   Czas [ms].22 │   Kontrolka zb. 1/3 [-] │   Czas [ms].23 │   Kontrolka zb. 2/3 [-] │
╞════╪════════════════╪═════════════════════════════════╪════════════════╪═════════════════════════╪════════════════╪═════════════════════════╡
│  0 │            194 │                               0 │            160 │                       0 │            160 │                       0 │
├────┼────────────────┼─────────────────────────────────┼────────────────┼─────────────────────────┼────────────────┼─────────────────────────┤
│  1 │            394 │                               0 │           1162 │                       0 │           1162 │                       0 │
├────┼────────────────┼─────────────────────────────────┼────────────────┼─────────────────────────┼────────────────┼─────────────────────────┤
│  2 │            594 │                               0 │           1362 │                       0 │           1362 │                       0 │
╘════╧════════════════╧═════════════════════════════════╧════════════════╧═════════════════════════╧════════════════╧═════════════════════════╛
2024-12-05 11:38:06,905 - INFO - Data from file 'Dyp BIOW 1800 rpm - 2023-05.parquet':
╒════╤════════════════╤═════════════════════════╤════════════════╤═════════════╤════════════════╤═══════════╕
│    │   Czas [ms].24 │   Kontrolka zb. 3/3 [-] │   Czas [ms].25 │   MAF[kg/h] │   Czas [ms].26 │   Moc[kW] │
╞════╪════════════════╪═════════════════════════╪════════════════╪═════════════╪════════════════╪═══════════╡
│  0 │            160 │                       0 │            150 │         0   │            193 │         0 │
├────┼────────────────┼─────────────────────────┼────────────────┼─────────────┼────────────────┼───────────┤
│  1 │           1162 │                       0 │            351 │         0   │            394 │         0 │
├────┼────────────────┼─────────────────────────┼────────────────┼─────────────┼────────────────┼───────────┤
│  2 │           1362 │                       0 │            551 │         1.3 │            594 │         0 │
╘════╧════════════════╧═════════════════════════╧════════════════╧═════════════╧════════════════╧═══════════╛
2024-12-05 11:38:06,907 - INFO - Data from file 'Dyp BIOW 1800 rpm - 2023-05.parquet':
╒════╤════════════════╤═══════════════════════╤════════════════╤════════════════════╤════════════════╤═══════════════════╕
│    │   Czas [ms].27 │   Moment obrotowy[Nm] │   Czas [ms].28 │   Moment Tryb3[Nm] │   Czas [ms].29 │   Obroty[obr/min] │
╞════╪════════════════╪═══════════════════════╪════════════════╪════════════════════╪════════════════╪═══════════════════╡
│  0 │              9 │                  -1.1 │         118853 │                0.1 │              9 │                 0 │
├────┼────────────────┼───────────────────────┼────────────────┼────────────────────┼────────────────┼───────────────────┤
│  1 │             29 │                  -1.1 │         119055 │                0.1 │             29 │                 0 │
├────┼────────────────┼───────────────────────┼────────────────┼────────────────────┼────────────────┼───────────────────┤
│  2 │             49 │                  -1.1 │         119305 │                0.1 │             49 │                 0 │
╘════╧════════════════╧═══════════════════════╧════════════════╧════════════════════╧════════════════╧═══════════════════╛
2024-12-05 11:38:06,909 - INFO - Data from file 'Dyp BIOW 1800 rpm - 2023-05.parquet':
╒════╤════════════════╤═══════════════════════════╤════════════════╤═══════════════════════════╤════════════════╤═══════════════════════════╕
│    │   Czas [ms].30 │   Poz. paliwa zb. 1/3[mm] │   Czas [ms].31 │   Poz. paliwa zb. 2/3[mm] │   Czas [ms].32 │   Poz. paliwa zb. 3/3[mm] │
╞════╪════════════════╪═══════════════════════════╪════════════════╪═══════════════════════════╪════════════════╪═══════════════════════════╡
│  0 │            151 │                        55 │            151 │                         1 │            151 │                         3 │
├────┼────────────────┼───────────────────────────┼────────────────┼───────────────────────────┼────────────────┼───────────────────────────┤
│  1 │            351 │                        55 │            351 │                         1 │            352 │                         3 │
├────┼────────────────┼───────────────────────────┼────────────────┼───────────────────────────┼────────────────┼───────────────────────────┤
│  2 │            551 │                        55 │            552 │                         1 │            552 │                         3 │
╘════╧════════════════╧═══════════════════════════╧════════════════╧═══════════════════════════╧════════════════╧═══════════════════════════╛
2024-12-05 11:38:06,911 - INFO - Data from file 'Dyp BIOW 1800 rpm - 2023-05.parquet':
╒════╤════════════════╤═════════════════════════════╤════════════════╤═══════════════════════════╤════════════════╤═══════════════════╕
│    │   Czas [ms].33 │   PrzekaĹş. pompy paliwa[-] │   Czas [ms].34 │   PrzekaĹşnik zapĹ‚onu[-] │   Czas [ms].35 │   Przepustnica[%] │
╞════╪════════════════╪═════════════════════════════╪════════════════╪═══════════════════════════╪════════════════╪═══════════════════╡
│  0 │            100 │                           0 │            160 │                         1 │            170 │                 0 │
├────┼────────────────┼─────────────────────────────┼────────────────┼───────────────────────────┼────────────────┼───────────────────┤
│  1 │           1101 │                           0 │           1162 │                         1 │            420 │                 0 │
├────┼────────────────┼─────────────────────────────┼────────────────┼───────────────────────────┼────────────────┼───────────────────┤
│  2 │           2103 │                           0 │           1362 │                         1 │            670 │                 0 │
╘════╧════════════════╧═════════════════════════════╧════════════════╧═══════════════════════════╧════════════════╧═══════════════════╛
2024-12-05 11:38:06,913 - INFO - Data from file 'Dyp BIOW 1800 rpm - 2023-05.parquet':
╒════╤════════════════╤═════════════════════════╤════════════════╤═════════════════╤════════════════╤════════════════╕
│    │   Czas [ms].36 │   Przepustnica Tryb0[%] │   Czas [ms].37 │   Przyklad[bar] │   Czas [ms].38 │   PWM Tryb0[%] │
╞════╪════════════════╪═════════════════════════╪════════════════╪═════════════════╪════════════════╪════════════════╡
│  0 │            135 │                       0 │             10 │               0 │            135 │              0 │
├────┼────────────────┼─────────────────────────┼────────────────┼─────────────────┼────────────────┼────────────────┤
│  1 │            385 │                       0 │            210 │               0 │            385 │              0 │
├────┼────────────────┼─────────────────────────┼────────────────┼─────────────────┼────────────────┼────────────────┤
│  2 │            636 │                       0 │            410 │               0 │            636 │              0 │
╘════╧════════════════╧═════════════════════════╧════════════════╧═════════════════╧════════════════╧════════════════╛
2024-12-05 11:38:06,915 - INFO - Data from file 'Dyp BIOW 1800 rpm - 2023-05.parquet':
╒════╤════════════════╤═════════════════╤════════════════╤══════════════════════╤════════════════╤══════════════╕
│    │   Czas [ms].39 │   Rozrusznik[-] │   Czas [ms].40 │   RPM Tryb3[obr/min] │   Czas [ms].41 │   Starter[-] │
╞════╪════════════════╪═════════════════╪════════════════╪══════════════════════╪════════════════╪══════════════╡
│  0 │            160 │               1 │         118853 │                  801 │            931 │            1 │
├────┼────────────────┼─────────────────┼────────────────┼──────────────────────┼────────────────┼──────────────┤
│  1 │            930 │               1 │         119055 │                  801 │           1331 │            0 │
├────┼────────────────┼─────────────────┼────────────────┼──────────────────────┼────────────────┼──────────────┤
│  2 │           1162 │               1 │         119305 │                  801 │           2333 │            0 │
╘════╧════════════════╧═════════════════╧════════════════╧══════════════════════╧════════════════╧══════════════╛
2024-12-05 11:38:06,917 - INFO - Data from file 'Dyp BIOW 1800 rpm - 2023-05.parquet':
╒════╤════════════════╤════════════════════════════╤════════════════╤═══════════════════════════════╤════════════════╤════════════════════════════╕
│    │   Czas [ms].42 │   Stycz. chĹ‚odni went.[-] │   Czas [ms].43 │   Temp. oleju przed wym.[Â°C] │   Czas [ms].44 │   Temp. oleju w misce[Â°C] │
╞════╪════════════════╪════════════════════════════╪════════════════╪═══════════════════════════════╪════════════════╪════════════════════════════╡
│  0 │            100 │                          0 │              0 │                            23 │            111 │                         17 │
├────┼────────────────┼────────────────────────────┼────────────────┼───────────────────────────────┼────────────────┼────────────────────────────┤
│  1 │            393 │                          0 │            200 │                            23 │            311 │                         17 │
├────┼────────────────┼────────────────────────────┼────────────────┼───────────────────────────────┼────────────────┼────────────────────────────┤
│  2 │           1101 │                          0 │            400 │                            23 │            511 │                         16 │
╘════╧════════════════╧════════════════════════════╧════════════════╧═══════════════════════════════╧════════════════╧════════════════════════════╛
2024-12-05 11:38:06,919 - INFO - Data from file 'Dyp BIOW 1800 rpm - 2023-05.parquet':
╒════╤════════════════╤════════════════════════════╤════════════════╤════════════════════════╤════════════════╤════════════════════════════════════╕
│    │   Czas [ms].45 │   Temp. oleju za wym.[Â°C] │   Czas [ms].46 │   Temp. otoczenia[Â°C] │   Czas [ms].47 │   Temp. pal. na wejĹ›ciu sil.[Â°C] │
╞════╪════════════════╪════════════════════════════╪════════════════╪════════════════════════╪════════════════╪════════════════════════════════════╡
│  0 │              0 │                       23.5 │             60 │                   21.2 │             61 │                               27.5 │
├────┼────────────────┼────────────────────────────┼────────────────┼────────────────────────┼────────────────┼────────────────────────────────────┤
│  1 │            201 │                       23.5 │            261 │                   21.2 │            260 │                               27.5 │
├────┼────────────────┼────────────────────────────┼────────────────┼────────────────────────┼────────────────┼────────────────────────────────────┤
│  2 │            401 │                       23.5 │            461 │                   21.2 │            461 │                               27.5 │
╘════╧════════════════╧════════════════════════════╧════════════════╧════════════════════════╧════════════════╧════════════════════════════════════╛
2024-12-05 11:38:06,921 - INFO - Data from file 'Dyp BIOW 1800 rpm - 2023-05.parquet':
╒════╤════════════════╤════════════════════════════════════╤════════════════╤═══════════════════════════════╤════════════════╤═══════════════════════════════╕
│    │   Czas [ms].48 │   Temp. pal. na wyjĹ›ciu sil.[Â°C] │   Czas [ms].49 │   Temp. paliwa w zb. 1/3[Â°C] │   Czas [ms].50 │   Temp. paliwa w zb. 2/3[Â°C] │
╞════╪════════════════╪════════════════════════════════════╪════════════════╪═══════════════════════════════╪════════════════╪═══════════════════════════════╡
│  0 │             60 │                               39.1 │            143 │                          21.8 │            144 │                          23.4 │
├────┼────────────────┼────────────────────────────────────┼────────────────┼───────────────────────────────┼────────────────┼───────────────────────────────┤
│  1 │            261 │                               39.1 │            344 │                          21.8 │            344 │                          23.4 │
├────┼────────────────┼────────────────────────────────────┼────────────────┼───────────────────────────────┼────────────────┼───────────────────────────────┤
│  2 │            461 │                               39.1 │            544 │                          21.9 │            544 │                          23.4 │
╘════╧════════════════╧════════════════════════════════════╧════════════════╧═══════════════════════════════╧════════════════╧═══════════════════════════════╛
2024-12-05 11:38:06,923 - INFO - Data from file 'Dyp BIOW 1800 rpm - 2023-05.parquet':
╒════╤════════════════╤═══════════════════════════════╤════════════════╤════════════════════════════════════╤════════════════╤═════════════════════════════════╕
│    │   Czas [ms].51 │   Temp. paliwa w zb. 3/3[Â°C] │   Czas [ms].52 │   Temp. powietrza przed turb.[Â°C] │   Czas [ms].53 │   Temp. powietrza za turb.[Â°C] │
╞════╪════════════════╪═══════════════════════════════╪════════════════╪════════════════════════════════════╪════════════════╪═════════════════════════════════╡
│  0 │            144 │                          22.5 │              0 │                               41.6 │            110 │                              51 │
├────┼────────────────┼───────────────────────────────┼────────────────┼────────────────────────────────────┼────────────────┼─────────────────────────────────┤
│  1 │            344 │                          22.5 │            201 │                               41.6 │            311 │                              51 │
├────┼────────────────┼───────────────────────────────┼────────────────┼────────────────────────────────────┼────────────────┼─────────────────────────────────┤
│  2 │            544 │                          22.5 │            401 │                               41.6 │            511 │                              51 │
╘════╧════════════════╧═══════════════════════════════╧════════════════╧════════════════════════════════════╧════════════════╧═════════════════════════════════╛
2024-12-05 11:38:06,925 - INFO - Data from file 'Dyp BIOW 1800 rpm - 2023-05.parquet':
╒════╤════════════════╤═════════════════════════╤════════════════╤═════════════════════════╤════════════════╤═════════════════════════╕
│    │   Czas [ms].54 │   Temp. spalin 1/6[Â°C] │   Czas [ms].55 │   Temp. spalin 2/6[Â°C] │   Czas [ms].56 │   Temp. spalin 3/6[Â°C] │
╞════╪════════════════╪═════════════════════════╪════════════════╪═════════════════════════╪════════════════╪═════════════════════════╡
│  0 │             50 │                     105 │             50 │                     110 │             50 │                     100 │
├────┼────────────────┼─────────────────────────┼────────────────┼─────────────────────────┼────────────────┼─────────────────────────┤
│  1 │            250 │                     105 │            250 │                     110 │            250 │                     100 │
├────┼────────────────┼─────────────────────────┼────────────────┼─────────────────────────┼────────────────┼─────────────────────────┤
│  2 │            450 │                     105 │            450 │                     110 │            451 │                     100 │
╘════╧════════════════╧═════════════════════════╧════════════════╧═════════════════════════╧════════════════╧═════════════════════════╛
2024-12-05 11:38:06,927 - INFO - Data from file 'Dyp BIOW 1800 rpm - 2023-05.parquet':
╒════╤════════════════╤═════════════════════════╤════════════════╤═════════════════════════════════════╤════════════════╤═════════════════════════════════════╕
│    │   Czas [ms].57 │   Temp. spalin 4/6[Â°C] │   Czas [ms].58 │   Temp. spalin za turbinÄ… 1/2[Â°C] │   Czas [ms].59 │   Temp. spalin za turbinÄ… 2/2[Â°C] │
╞════╪════════════════╪═════════════════════════╪════════════════╪═════════════════════════════════════╪════════════════╪═════════════════════════════════════╡
│  0 │             50 │                      90 │            110 │                                 105 │            110 │                                  99 │
├────┼────────────────┼─────────────────────────┼────────────────┼─────────────────────────────────────┼────────────────┼─────────────────────────────────────┤
│  1 │            251 │                      90 │            310 │                                 105 │            310 │                                  99 │
├────┼────────────────┼─────────────────────────┼────────────────┼─────────────────────────────────────┼────────────────┼─────────────────────────────────────┤
│  2 │            451 │                      90 │            511 │                                 105 │            511 │                                 100 │
╘════╧════════════════╧═════════════════════════╧════════════════╧═════════════════════════════════════╧════════════════╧═════════════════════════════════════╛
2024-12-05 11:38:06,929 - INFO - Data from file 'Dyp BIOW 1800 rpm - 2023-05.parquet':
╒════╤════════════════╤═════════════════════════════╤════════════════╤═════════════════════════════╤════════════════╤═════════════════════════════╕
│    │   Czas [ms].60 │   Temp.pal.na wyjĹ›ciu[Â°C] │   Czas [ms].61 │   Temp.paliwa ĹĽÄ…dana[Â°C] │   Czas [ms].62 │   WilgotnoĹ›Ä‡ wzglÄ™dna[%] │
╞════╪════════════════╪═════════════════════════════╪════════════════╪═════════════════════════════╪════════════════╪═════════════════════════════╡
│  0 │             94 │                        18.6 │             43 │                        21.4 │             60 │                          52 │
├────┼────────────────┼─────────────────────────────┼────────────────┼─────────────────────────────┼────────────────┼─────────────────────────────┤
│  1 │            294 │                        18.7 │            244 │                        21.4 │            261 │                          52 │
├────┼────────────────┼─────────────────────────────┼────────────────┼─────────────────────────────┼────────────────┼─────────────────────────────┤
│  2 │            494 │                        18.7 │            444 │                        21.4 │            461 │                          52 │
╘════╧════════════════╧═════════════════════════════╧════════════════╧═════════════════════════════╧════════════════╧═════════════════════════════╛
2024-12-05 11:38:06,931 - INFO - Data from file 'Dyp BIOW 1800 rpm - 2023-05.parquet':
╒════╤════════════════╤══════════════════════════════════╤════════════════╤══════════════╤════════════════╤══════════════════════════╕
│    │   Czas [ms].63 │   WyĹ‚Ä…cznik bezpieczeĹ„stwa[-] │   Czas [ms].64 │   ZapĹ‚on[-] │   Czas [ms].65 │   Zaw. zb. paliwa 1/3[-] │
╞════╪════════════════╪══════════════════════════════════╪════════════════╪══════════════╪════════════════╪══════════════════════════╡
│  0 │            931 │                                0 │            931 │            1 │            160 │                        0 │
├────┼────────────────┼──────────────────────────────────┼────────────────┼──────────────┼────────────────┼──────────────────────────┤
│  1 │           1331 │                                0 │           1331 │            1 │           1162 │                        0 │
├────┼────────────────┼──────────────────────────────────┼────────────────┼──────────────┼────────────────┼──────────────────────────┤
│  2 │           2333 │                                0 │           2333 │            1 │           1362 │                        0 │
╘════╧════════════════╧══════════════════════════════════╧════════════════╧══════════════╧════════════════╧══════════════════════════╛
2024-12-05 11:38:06,933 - INFO - Data from file 'Dyp BIOW 1800 rpm - 2023-05.parquet':
╒════╤════════════════╤══════════════════════════╤════════════════╤══════════════════════════╤════════════════╤═══════════════════════════════╕
│    │   Czas [ms].66 │   Zaw. zb. paliwa 2/3[-] │   Czas [ms].67 │   Zaw. zb. paliwa 3/3[-] │   Czas [ms].68 │   ZawĂłr reg. chĹ‚. cieczy[-] │
╞════╪════════════════╪══════════════════════════╪════════════════╪══════════════════════════╪════════════════╪═══════════════════════════════╡
│  0 │            160 │                        0 │            160 │                        0 │            100 │                             1 │
├────┼────────────────┼──────────────────────────┼────────────────┼──────────────────────────┼────────────────┼───────────────────────────────┤
│  1 │           1162 │                        0 │           1162 │                        0 │            393 │                             1 │
├────┼────────────────┼──────────────────────────┼────────────────┼──────────────────────────┼────────────────┼───────────────────────────────┤
│  2 │           1362 │                        0 │           1362 │                        0 │           1101 │                             1 │
╘════╧════════════════╧══════════════════════════╧════════════════╧══════════════════════════╧════════════════╧═══════════════════════════════╛
2024-12-05 11:38:06,934 - INFO - Data from file 'Dyp BIOW 1800 rpm - 2023-05.parquet':
╒════╤════════════════╤══════════════════════════════════╤════════════════╤═════════════════════════════════╤════════════════╕
│    │   Czas [ms].69 │   ZuĹĽycie paliwa bieĹĽÄ…ce[g/s] │   Czas [ms].70 │   ZuĹĽycie paliwa Ĺ›rednie[g/s] │   Unnamed: 142 │
╞════╪════════════════╪══════════════════════════════════╪════════════════╪═════════════════════════════════╪════════════════╡
│  0 │             44 │                             0.12 │             43 │                          0.0099 │            nan │
├────┼────────────────┼──────────────────────────────────┼────────────────┼─────────────────────────────────┼────────────────┤
│  1 │            244 │                             0.12 │            244 │                          0.0096 │            nan │
├────┼────────────────┼──────────────────────────────────┼────────────────┼─────────────────────────────────┼────────────────┤
│  2 │            444 │                             0    │            444 │                          0.0094 │            nan │
╘════╧════════════════╧══════════════════════════════════╧════════════════╧═════════════════════════════════╧════════════════╛
2024-12-05 11:38:06,936 - INFO - Data Frame Shape: (38728, 143)
2024-12-05 11:38:06,936 - INFO - Data files loaded successfully.
2024-12-05 11:38:17,258 - INFO - Step 2: Raw data loaded successfully.
2024-12-05 11:38:17,259 - INFO - Continue data pipeline. Step 3: Validating data...
2024-12-05 11:38:17,260 - INFO - DataValidator initialized.
2024-12-05 11:38:17,260 - INFO - Starting column validation for multiple DataFrames...
2024-12-05 11:38:17,262 - ERROR - DataFrame 0: Missing required columns: ['Ciś. pow. za turb.[Pa]', 'Ciśnienie atmosferyczne[hPa]', 'ECT - wyjście z sil.[°C]', 'Temp. oleju w misce[°C]', 'Temp. otoczenia[°C]', 'Temp. pal. na wyjściu sil.[°C]', 'Temp. powietrza za turb.[°C]', 'Temp. spalin 1/6[°C]', 'Temp. spalin 2/6[°C]', 'Temp. spalin 3/6[°C]', 'Temp. spalin 4/6[°C]', 'Wilgotność względna[%]', 'Zużycie paliwa średnie[g/s]']
2024-12-05 11:38:17,262 - INFO - DataFrame 0: All optional columns are present.
2024-12-05 11:38:17,262 - INFO - DataFrame 0: Filled missing required column 'Ciś. pow. za turb.[Pa]' with 0
2024-12-05 11:38:17,263 - INFO - DataFrame 0: Filled missing required column 'Ciśnienie atmosferyczne[hPa]' with 0
2024-12-05 11:38:17,264 - INFO - DataFrame 0: Filled missing required column 'ECT - wyjście z sil.[°C]' with 0
2024-12-05 11:38:17,264 - INFO - DataFrame 0: Filled missing required column 'Temp. oleju w misce[°C]' with 0
2024-12-05 11:38:17,265 - INFO - DataFrame 0: Filled missing required column 'Temp. otoczenia[°C]' with 0
2024-12-05 11:38:17,265 - INFO - DataFrame 0: Filled missing required column 'Temp. pal. na wyjściu sil.[°C]' with 0
2024-12-05 11:38:17,266 - INFO - DataFrame 0: Filled missing required column 'Temp. powietrza za turb.[°C]' with 0
2024-12-05 11:38:17,266 - INFO - DataFrame 0: Filled missing required column 'Temp. spalin 1/6[°C]' with 0
2024-12-05 11:38:17,267 - INFO - DataFrame 0: Filled missing required column 'Temp. spalin 2/6[°C]' with 0
2024-12-05 11:38:17,267 - INFO - DataFrame 0: Filled missing required column 'Temp. spalin 3/6[°C]' with 0
2024-12-05 11:38:17,268 - INFO - DataFrame 0: Filled missing required column 'Temp. spalin 4/6[°C]' with 0
2024-12-05 11:38:17,268 - INFO - DataFrame 0: Filled missing required column 'Wilgotność względna[%]' with 0
2024-12-05 11:38:17,269 - INFO - DataFrame 0: Filled missing required column 'Zużycie paliwa średnie[g/s]' with 0
2024-12-05 11:38:17,269 - INFO - DataFrame 0: Missing required columns filled with default values.
2024-12-05 11:38:17,269 - INFO - Starting schema validation for multiple DataFrames...
2024-12-05 11:38:17,270 - INFO - DataFrame 0 - Schema validation passed.
2024-12-05 11:38:17,270 - INFO - Checking for duplicate columns in multiple DataFrames...
2024-12-05 11:38:17,270 - INFO - DataFrame 0: No duplicate columns found.
2024-12-05 11:38:17,270 - INFO - Validation reports summarizing the results for each DataFrame
2024-12-05 11:38:17,271 - INFO - =================
Validation Report for DataFrame 0 (0 - main Data Frame; 1 - eco Data Frame):
DataFrame Shape: (38728, 156) (Rows, Columns) <--- !!!!!!!!!
Missing Required Columns: Ciś. pow. za turb.[Pa], Ciśnienie atmosferyczne[hPa], ECT - wyjście z sil.[°C], Temp. oleju w misce[°C], Temp. otoczenia[°C], Temp. pal. na wyjściu sil.[°C], Temp. powietrza za turb.[°C], Temp. spalin 1/6[°C], Temp. spalin 2/6[°C], Temp. spalin 3/6[°C], Temp. spalin 4/6[°C], Wilgotność względna[%], Zużycie paliwa średnie[g/s]
All Optional Columns: Present
2024-12-05 11:38:17,271 - INFO - Step 3: Data validated successfully.
2024-12-05 11:38:25,524 - INFO - Step 3: Data validated successfully.
2024-12-05 11:38:25,524 - INFO - Starting metadata extraction for multiple DataFrames...
2024-12-05 11:38:25,525 - INFO - Processing DataFrame 1/1 with shape (38728, 156)...
2024-12-05 11:38:25,630 - INFO - Metadata for DataFrame 0, names_of_files_under_procession:['Dyp BIOW 1800 rpm - 2023-05.parquet', '', 'BIOW'], None:
+-----+-----------------------------------+----------------+------------------+--------------+-----------------+-------------+
|     | Column                            |   Total Values |   Non-Null Count |   Null Count |   Unique Values | Data Type   |
+=====+===================================+================+==================+==============+=================+=============+
|   0 | Czas [ms]                         |           3872 |             3872 |        34856 |            3872 | float64     |
+-----+-----------------------------------+----------------+------------------+--------------+-----------------+-------------+
|   1 | CiĹ›. pow. przed turb.[Pa]        |           3872 |             3872 |        34856 |            1330 | float64     |
+-----+-----------------------------------+----------------+------------------+--------------+-----------------+-------------+
|   2 | Czas [ms].1                       |           3872 |             3872 |        34856 |            3872 | float64     |
+-----+-----------------------------------+----------------+------------------+--------------+-----------------+-------------+
|   3 | CiĹ›. pow. za turb.[Pa]           |           3872 |             3872 |        34856 |              35 | float64     |
+-----+-----------------------------------+----------------+------------------+--------------+-----------------+-------------+
|   4 | Czas [ms].2                       |           3872 |             3872 |        34856 |            3872 | float64     |
+-----+-----------------------------------+----------------+------------------+--------------+-----------------+-------------+
|   5 | CiĹ›nienie atmosferyczne[hPa]     |           3872 |             3872 |        34856 |               1 | float64     |
+-----+-----------------------------------+----------------+------------------+--------------+-----------------+-------------+
|   6 | Czas [ms].3                       |           3872 |             3872 |        34856 |            3872 | float64     |
+-----+-----------------------------------+----------------+------------------+--------------+-----------------+-------------+
|   7 | CiĹ›nienie oleju[bar]             |           3872 |             3872 |        34856 |               3 | float64     |
+-----+-----------------------------------+----------------+------------------+--------------+-----------------+-------------+
|   8 | Czas [ms].4                       |           3872 |             3872 |        34856 |            3872 | float64     |
+-----+-----------------------------------+----------------+------------------+--------------+-----------------+-------------+
|   9 | CiĹ›nienie spalin[Pa]             |           3872 |             3872 |        34856 |             129 | float64     |
+-----+-----------------------------------+----------------+------------------+--------------+-----------------+-------------+
|  10 | Czas [ms].5                       |            775 |              775 |        37953 |             775 | float64     |
+-----+-----------------------------------+----------------+------------------+--------------+-----------------+-------------+
|  11 | DopeĹ‚. zb. 1/3[-]                |            775 |              775 |        37953 |               1 | float64     |
+-----+-----------------------------------+----------------+------------------+--------------+-----------------+-------------+
|  12 | Czas [ms].6                       |            775 |              775 |        37953 |             775 | float64     |
+-----+-----------------------------------+----------------+------------------+--------------+-----------------+-------------+
|  13 | DopeĹ‚. zb. 2/3[-]                |            775 |              775 |        37953 |               1 | float64     |
+-----+-----------------------------------+----------------+------------------+--------------+-----------------+-------------+
|  14 | Czas [ms].7                       |            775 |              775 |        37953 |             775 | float64     |
+-----+-----------------------------------+----------------+------------------+--------------+-----------------+-------------+
|  15 | DopeĹ‚. zb. 3/3[-]                |            775 |              775 |        37953 |               1 | float64     |
+-----+-----------------------------------+----------------+------------------+--------------+-----------------+-------------+
|  16 | Czas [ms].8                       |            780 |              780 |        37948 |             780 | float64     |
+-----+-----------------------------------+----------------+------------------+--------------+-----------------+-------------+
|  17 | DopeĹ‚nianie[-]                   |            780 |              780 |        37948 |               2 | float64     |
+-----+-----------------------------------+----------------+------------------+--------------+-----------------+-------------+
|  18 | Czas [ms].9                       |           1550 |             1550 |        37178 |            1550 | float64     |
+-----+-----------------------------------+----------------+------------------+--------------+-----------------+-------------+
|  19 | DuĹĽy obieg[-]                    |           1550 |             1550 |        37178 |               1 | float64     |
+-----+-----------------------------------+----------------+------------------+--------------+-----------------+-------------+
|  20 | Czas [ms].10                      |           3873 |             3873 |        34855 |            3873 | float64     |
+-----+-----------------------------------+----------------+------------------+--------------+-----------------+-------------+
|  21 | ECT - wejĹ›cie do sil.[Â°C]       |           3873 |             3873 |        34855 |              41 | float64     |
+-----+-----------------------------------+----------------+------------------+--------------+-----------------+-------------+
|  22 | Czas [ms].11                      |           3873 |             3873 |        34855 |            3873 | float64     |
+-----+-----------------------------------+----------------+------------------+--------------+-----------------+-------------+
|  23 | ECT - wyjĹ›cie z sil.[Â°C]        |           3873 |             3873 |        34855 |             156 | float64     |
+-----+-----------------------------------+----------------+------------------+--------------+-----------------+-------------+
|  24 | Czas [ms].12                      |           3872 |             3872 |        34856 |            3872 | float64     |
+-----+-----------------------------------+----------------+------------------+--------------+-----------------+-------------+
|  25 | GĹ‚Ăłwny obieg - przepĹ‚yw[mÂł/h] |           3872 |             3872 |        34856 |            1436 | float64     |
+-----+-----------------------------------+----------------+------------------+--------------+-----------------+-------------+
|  26 | Czas [ms].13                      |           3872 |             3872 |        34856 |            3872 | float64     |
+-----+-----------------------------------+----------------+------------------+--------------+-----------------+-------------+
|  27 | GĹ‚Ăłwny obieg - temp.[Â°C]       |           3872 |             3872 |        34856 |              18 | float64     |
+-----+-----------------------------------+----------------+------------------+--------------+-----------------+-------------+
|  28 | Czas [ms].14                      |           2581 |             2581 |        36147 |            2581 | float64     |
+-----+-----------------------------------+----------------+------------------+--------------+-----------------+-------------+
|  29 | GPReg_Setpoint0[Â°C]              |           2581 |             2581 |        36147 |               1 | float64     |
+-----+-----------------------------------+----------------+------------------+--------------+-----------------+-------------+
|  30 | Czas [ms].15                      |           2581 |             2581 |        36147 |            2581 | float64     |
+-----+-----------------------------------+----------------+------------------+--------------+-----------------+-------------+
|  31 | GPReg_Setpoint1[Â°C]              |           2581 |             2581 |        36147 |               1 | float64     |
+-----+-----------------------------------+----------------+------------------+--------------+-----------------+-------------+
|  32 | Czas [ms].16                      |           2581 |             2581 |        36147 |            2581 | float64     |
+-----+-----------------------------------+----------------+------------------+--------------+-----------------+-------------+
|  33 | GPReg_Setpoint2[Â°C]              |           2581 |             2581 |        36147 |               1 | float64     |
+-----+-----------------------------------+----------------+------------------+--------------+-----------------+-------------+
|  34 | Czas [ms].17                      |           3873 |             3873 |        34855 |            3873 | float64     |
+-----+-----------------------------------+----------------+------------------+--------------+-----------------+-------------+
|  35 | Hamulec, lewa komora, temp.[Â°C]  |           3873 |             3873 |        34855 |              16 | float64     |
+-----+-----------------------------------+----------------+------------------+--------------+-----------------+-------------+
|  36 | Czas [ms].18                      |           3873 |             3873 |        34855 |            3873 | float64     |
+-----+-----------------------------------+----------------+------------------+--------------+-----------------+-------------+
|  37 | Hamulec, prawa komora, temp.[Â°C] |           3873 |             3873 |        34855 |              19 | float64     |
+-----+-----------------------------------+----------------+------------------+--------------+-----------------+-------------+
|  38 | Czas [ms].19                      |           3872 |             3872 |        34856 |            3872 | float64     |
+-----+-----------------------------------+----------------+------------------+--------------+-----------------+-------------+
|  39 | Hamulec, przepĹ‚yw wody[mÂł/h]    |           3872 |             3872 |        34856 |               4 | float64     |
+-----+-----------------------------------+----------------+------------------+--------------+-----------------+-------------+
|  40 | Czas [ms].20                      |           3097 |             3097 |        35631 |            3097 | float64     |
+-----+-----------------------------------+----------------+------------------+--------------+-----------------+-------------+
|  41 | IloĹ›Ä‡ paliwa w zbiorniku[g]     |           3097 |             3097 |        35631 |            3086 | float64     |
+-----+-----------------------------------+----------------+------------------+--------------+-----------------+-------------+
|  42 | Czas [ms].21                      |           3872 |             3872 |        34856 |            3872 | float64     |
+-----+-----------------------------------+----------------+------------------+--------------+-----------------+-------------+
|  43 | Kond. - przepĹ‚yw wody[l/min]     |           3872 |             3872 |        34856 |               1 | float64     |
+-----+-----------------------------------+----------------+------------------+--------------+-----------------+-------------+
|  44 | Czas [ms].22                      |            776 |              776 |        37952 |             776 | float64     |
+-----+-----------------------------------+----------------+------------------+--------------+-----------------+-------------+
|  45 | Kontrolka zb. 1/3 [-]             |            776 |              776 |        37952 |               1 | float64     |
+-----+-----------------------------------+----------------+------------------+--------------+-----------------+-------------+
|  46 | Czas [ms].23                      |            776 |              776 |        37952 |             776 | float64     |
+-----+-----------------------------------+----------------+------------------+--------------+-----------------+-------------+
|  47 | Kontrolka zb. 2/3 [-]             |            776 |              776 |        37952 |               1 | float64     |
+-----+-----------------------------------+----------------+------------------+--------------+-----------------+-------------+
|  48 | Czas [ms].24                      |            776 |              776 |        37952 |             776 | float64     |
+-----+-----------------------------------+----------------+------------------+--------------+-----------------+-------------+
|  49 | Kontrolka zb. 3/3 [-]             |            776 |              776 |        37952 |               1 | float64     |
+-----+-----------------------------------+----------------+------------------+--------------+-----------------+-------------+
|  50 | Czas [ms].25                      |           3872 |             3872 |        34856 |            3872 | float64     |
+-----+-----------------------------------+----------------+------------------+--------------+-----------------+-------------+
|  51 | MAF[kg/h]                         |           3872 |             3872 |        34856 |             758 | float64     |
+-----+-----------------------------------+----------------+------------------+--------------+-----------------+-------------+
|  52 | Czas [ms].26                      |           3872 |             3872 |        34856 |            3872 | float64     |
+-----+-----------------------------------+----------------+------------------+--------------+-----------------+-------------+
|  53 | Moc[kW]                           |           3872 |             3872 |        34856 |             287 | float64     |
+-----+-----------------------------------+----------------+------------------+--------------+-----------------+-------------+
|  54 | Czas [ms].27                      |          38728 |            38728 |            0 |           38726 | int64       |
+-----+-----------------------------------+----------------+------------------+--------------+-----------------+-------------+
|  55 | Moment obrotowy[Nm]               |          38728 |            38728 |            0 |            1842 | float64     |
+-----+-----------------------------------+----------------+------------------+--------------+-----------------+-------------+
|  56 | Czas [ms].28                      |           2646 |             2646 |        36082 |            2646 | float64     |
+-----+-----------------------------------+----------------+------------------+--------------+-----------------+-------------+
|  57 | Moment Tryb3[Nm]                  |           2646 |             2646 |        36082 |              19 | float64     |
+-----+-----------------------------------+----------------+------------------+--------------+-----------------+-------------+
|  58 | Czas [ms].29                      |          38728 |            38728 |            0 |           38726 | int64       |
+-----+-----------------------------------+----------------+------------------+--------------+-----------------+-------------+
|  59 | Obroty[obr/min]                   |          38728 |            38728 |            0 |             598 | int64       |
+-----+-----------------------------------+----------------+------------------+--------------+-----------------+-------------+
|  60 | Czas [ms].30                      |           3872 |             3872 |        34856 |            3872 | float64     |
+-----+-----------------------------------+----------------+------------------+--------------+-----------------+-------------+
|  61 | Poz. paliwa zb. 1/3[mm]           |           3872 |             3872 |        34856 |              23 | float64     |
+-----+-----------------------------------+----------------+------------------+--------------+-----------------+-------------+
|  62 | Czas [ms].31                      |           3872 |             3872 |        34856 |            3872 | float64     |
+-----+-----------------------------------+----------------+------------------+--------------+-----------------+-------------+
|  63 | Poz. paliwa zb. 2/3[mm]           |           3872 |             3872 |        34856 |               2 | float64     |
+-----+-----------------------------------+----------------+------------------+--------------+-----------------+-------------+
|  64 | Czas [ms].32                      |           3872 |             3872 |        34856 |            3872 | float64     |
+-----+-----------------------------------+----------------+------------------+--------------+-----------------+-------------+
|  65 | Poz. paliwa zb. 3/3[mm]           |           3872 |             3872 |        34856 |               2 | float64     |
+-----+-----------------------------------+----------------+------------------+--------------+-----------------+-------------+
|  66 | Czas [ms].33                      |            775 |              775 |        37953 |             775 | float64     |
+-----+-----------------------------------+----------------+------------------+--------------+-----------------+-------------+
|  67 | PrzekaĹş. pompy paliwa[-]         |            775 |              775 |        37953 |               1 | float64     |
+-----+-----------------------------------+----------------+------------------+--------------+-----------------+-------------+
|  68 | Czas [ms].34                      |            776 |              776 |        37952 |             776 | float64     |
+-----+-----------------------------------+----------------+------------------+--------------+-----------------+-------------+
|  69 | PrzekaĹşnik zapĹ‚onu[-]           |            776 |              776 |        37952 |               1 | float64     |
+-----+-----------------------------------+----------------+------------------+--------------+-----------------+-------------+
|  70 | Czas [ms].35                      |           3098 |             3098 |        35630 |            3098 | float64     |
+-----+-----------------------------------+----------------+------------------+--------------+-----------------+-------------+
|  71 | Przepustnica[%]                   |           3098 |             3098 |        35630 |             215 | float64     |
+-----+-----------------------------------+----------------+------------------+--------------+-----------------+-------------+
|  72 | Czas [ms].36                      |            475 |              475 |        38253 |             475 | float64     |
+-----+-----------------------------------+----------------+------------------+--------------+-----------------+-------------+
|  73 | Przepustnica Tryb0[%]             |            475 |              475 |        38253 |               1 | float64     |
+-----+-----------------------------------+----------------+------------------+--------------+-----------------+-------------+
|  74 | Czas [ms].37                      |           3873 |             3873 |        34855 |            3873 | float64     |
+-----+-----------------------------------+----------------+------------------+--------------+-----------------+-------------+
|  75 | Przyklad[bar]                     |           3873 |             3873 |        34855 |               1 | float64     |
+-----+-----------------------------------+----------------+------------------+--------------+-----------------+-------------+
|  76 | Czas [ms].38                      |            475 |              475 |        38253 |             475 | float64     |
+-----+-----------------------------------+----------------+------------------+--------------+-----------------+-------------+
|  77 | PWM Tryb0[%]                      |            475 |              475 |        38253 |               1 | float64     |
+-----+-----------------------------------+----------------+------------------+--------------+-----------------+-------------+
|  78 | Czas [ms].39                      |            778 |              778 |        37950 |             778 | float64     |
+-----+-----------------------------------+----------------+------------------+--------------+-----------------+-------------+
|  79 | Rozrusznik[-]                     |            778 |              778 |        37950 |               2 | float64     |
+-----+-----------------------------------+----------------+------------------+--------------+-----------------+-------------+
|  80 | Czas [ms].40                      |           2646 |             2646 |        36082 |            2646 | float64     |
+-----+-----------------------------------+----------------+------------------+--------------+-----------------+-------------+
|  81 | RPM Tryb3[obr/min]                |           2646 |             2646 |        36082 |               5 | float64     |
+-----+-----------------------------------+----------------+------------------+--------------+-----------------+-------------+
|  82 | Czas [ms].41                      |            774 |              774 |        37954 |             774 | float64     |
+-----+-----------------------------------+----------------+------------------+--------------+-----------------+-------------+
|  83 | Starter[-]                        |            774 |              774 |        37954 |               2 | float64     |
+-----+-----------------------------------+----------------+------------------+--------------+-----------------+-------------+
|  84 | Czas [ms].42                      |           1550 |             1550 |        37178 |            1550 | float64     |
+-----+-----------------------------------+----------------+------------------+--------------+-----------------+-------------+
|  85 | Stycz. chĹ‚odni went.[-]          |           1550 |             1550 |        37178 |               1 | float64     |
+-----+-----------------------------------+----------------+------------------+--------------+-----------------+-------------+
|  86 | Czas [ms].43                      |           3873 |             3873 |        34855 |            3873 | float64     |
+-----+-----------------------------------+----------------+------------------+--------------+-----------------+-------------+
|  87 | Temp. oleju przed wym.[Â°C]       |           3873 |             3873 |        34855 |              12 | float64     |
+-----+-----------------------------------+----------------+------------------+--------------+-----------------+-------------+
|  88 | Czas [ms].44                      |           3872 |             3872 |        34856 |            3872 | float64     |
+-----+-----------------------------------+----------------+------------------+--------------+-----------------+-------------+
|  89 | Temp. oleju w misce[Â°C]          |           3872 |             3872 |        34856 |               5 | float64     |
+-----+-----------------------------------+----------------+------------------+--------------+-----------------+-------------+
|  90 | Czas [ms].45                      |           3873 |             3873 |        34855 |            3873 | float64     |
+-----+-----------------------------------+----------------+------------------+--------------+-----------------+-------------+
|  91 | Temp. oleju za wym.[Â°C]          |           3873 |             3873 |        34855 |              10 | float64     |
+-----+-----------------------------------+----------------+------------------+--------------+-----------------+-------------+
|  92 | Czas [ms].46                      |           3872 |             3872 |        34856 |            3872 | float64     |
+-----+-----------------------------------+----------------+------------------+--------------+-----------------+-------------+
|  93 | Temp. otoczenia[Â°C]              |           3872 |             3872 |        34856 |               7 | float64     |
+-----+-----------------------------------+----------------+------------------+--------------+-----------------+-------------+
|  94 | Czas [ms].47                      |           3872 |             3872 |        34856 |            3872 | float64     |
+-----+-----------------------------------+----------------+------------------+--------------+-----------------+-------------+
|  95 | Temp. pal. na wejĹ›ciu sil.[Â°C]  |           3872 |             3872 |        34856 |              25 | float64     |
+-----+-----------------------------------+----------------+------------------+--------------+-----------------+-------------+
|  96 | Czas [ms].48                      |           3872 |             3872 |        34856 |            3872 | float64     |
+-----+-----------------------------------+----------------+------------------+--------------+-----------------+-------------+
|  97 | Temp. pal. na wyjĹ›ciu sil.[Â°C]  |           3872 |             3872 |        34856 |             142 | float64     |
+-----+-----------------------------------+----------------+------------------+--------------+-----------------+-------------+
|  98 | Czas [ms].49                      |           3872 |             3872 |        34856 |            3872 | float64     |
+-----+-----------------------------------+----------------+------------------+--------------+-----------------+-------------+
|  99 | Temp. paliwa w zb. 1/3[Â°C]       |           3872 |             3872 |        34856 |               9 | float64     |
+-----+-----------------------------------+----------------+------------------+--------------+-----------------+-------------+
| 100 | Czas [ms].50                      |           3872 |             3872 |        34856 |            3872 | float64     |
+-----+-----------------------------------+----------------+------------------+--------------+-----------------+-------------+
| 101 | Temp. paliwa w zb. 2/3[Â°C]       |           3872 |             3872 |        34856 |               6 | float64     |
+-----+-----------------------------------+----------------+------------------+--------------+-----------------+-------------+
| 102 | Czas [ms].51                      |           3872 |             3872 |        34856 |            3872 | float64     |
+-----+-----------------------------------+----------------+------------------+--------------+-----------------+-------------+
| 103 | Temp. paliwa w zb. 3/3[Â°C]       |           3872 |             3872 |        34856 |              14 | float64     |
+-----+-----------------------------------+----------------+------------------+--------------+-----------------+-------------+
| 104 | Czas [ms].52                      |           3873 |             3873 |        34855 |            3873 | float64     |
+-----+-----------------------------------+----------------+------------------+--------------+-----------------+-------------+
| 105 | Temp. powietrza przed turb.[Â°C]  |           3873 |             3873 |        34855 |             177 | float64     |
+-----+-----------------------------------+----------------+------------------+--------------+-----------------+-------------+
| 106 | Czas [ms].53                      |           3872 |             3872 |        34856 |            3872 | float64     |
+-----+-----------------------------------+----------------+------------------+--------------+-----------------+-------------+
| 107 | Temp. powietrza za turb.[Â°C]     |           3872 |             3872 |        34856 |              39 | float64     |
+-----+-----------------------------------+----------------+------------------+--------------+-----------------+-------------+
| 108 | Czas [ms].54                      |           3872 |             3872 |        34856 |            3872 | float64     |
+-----+-----------------------------------+----------------+------------------+--------------+-----------------+-------------+
| 109 | Temp. spalin 1/6[Â°C]             |           3872 |             3872 |        34856 |             412 | float64     |
+-----+-----------------------------------+----------------+------------------+--------------+-----------------+-------------+
| 110 | Czas [ms].55                      |           3872 |             3872 |        34856 |            3872 | float64     |
+-----+-----------------------------------+----------------+------------------+--------------+-----------------+-------------+
| 111 | Temp. spalin 2/6[Â°C]             |           3872 |             3872 |        34856 |             466 | float64     |
+-----+-----------------------------------+----------------+------------------+--------------+-----------------+-------------+
| 112 | Czas [ms].56                      |           3872 |             3872 |        34856 |            3872 | float64     |
+-----+-----------------------------------+----------------+------------------+--------------+-----------------+-------------+
| 113 | Temp. spalin 3/6[Â°C]             |           3872 |             3872 |        34856 |             473 | float64     |
+-----+-----------------------------------+----------------+------------------+--------------+-----------------+-------------+
| 114 | Czas [ms].57                      |           3872 |             3872 |        34856 |            3872 | float64     |
+-----+-----------------------------------+----------------+------------------+--------------+-----------------+-------------+
| 115 | Temp. spalin 4/6[Â°C]             |           3872 |             3872 |        34856 |             456 | float64     |
+-----+-----------------------------------+----------------+------------------+--------------+-----------------+-------------+
| 116 | Czas [ms].58                      |           3872 |             3872 |        34856 |            3872 | float64     |
+-----+-----------------------------------+----------------+------------------+--------------+-----------------+-------------+
| 117 | Temp. spalin za turbinÄ… 1/2[Â°C] |           3872 |             3872 |        34856 |             398 | float64     |
+-----+-----------------------------------+----------------+------------------+--------------+-----------------+-------------+
| 118 | Czas [ms].59                      |           3872 |             3872 |        34856 |            3872 | float64     |
+-----+-----------------------------------+----------------+------------------+--------------+-----------------+-------------+
| 119 | Temp. spalin za turbinÄ… 2/2[Â°C] |           3872 |             3872 |        34856 |             380 | float64     |
+-----+-----------------------------------+----------------+------------------+--------------+-----------------+-------------+
| 120 | Czas [ms].60                      |           3872 |             3872 |        34856 |            3872 | float64     |
+-----+-----------------------------------+----------------+------------------+--------------+-----------------+-------------+
| 121 | Temp.pal.na wyjĹ›ciu[Â°C]         |           3872 |             3872 |        34856 |              12 | float64     |
+-----+-----------------------------------+----------------+------------------+--------------+-----------------+-------------+
| 122 | Czas [ms].61                      |           3872 |             3872 |        34856 |            3872 | float64     |
+-----+-----------------------------------+----------------+------------------+--------------+-----------------+-------------+
| 123 | Temp.paliwa ĹĽÄ…dana[Â°C]         |           3872 |             3872 |        34856 |               1 | float64     |
+-----+-----------------------------------+----------------+------------------+--------------+-----------------+-------------+
| 124 | Czas [ms].62                      |           3872 |             3872 |        34856 |            3872 | float64     |
+-----+-----------------------------------+----------------+------------------+--------------+-----------------+-------------+
| 125 | WilgotnoĹ›Ä‡ wzglÄ™dna[%]         |           3872 |             3872 |        34856 |               4 | float64     |
+-----+-----------------------------------+----------------+------------------+--------------+-----------------+-------------+
| 126 | Czas [ms].63                      |            774 |              774 |        37954 |             774 | float64     |
+-----+-----------------------------------+----------------+------------------+--------------+-----------------+-------------+
| 127 | WyĹ‚Ä…cznik bezpieczeĹ„stwa[-]    |            774 |              774 |        37954 |               1 | float64     |
+-----+-----------------------------------+----------------+------------------+--------------+-----------------+-------------+
| 128 | Czas [ms].64                      |            774 |              774 |        37954 |             774 | float64     |
+-----+-----------------------------------+----------------+------------------+--------------+-----------------+-------------+
| 129 | ZapĹ‚on[-]                        |            774 |              774 |        37954 |               1 | float64     |
+-----+-----------------------------------+----------------+------------------+--------------+-----------------+-------------+
| 130 | Czas [ms].65                      |            776 |              776 |        37952 |             776 | float64     |
+-----+-----------------------------------+----------------+------------------+--------------+-----------------+-------------+
| 131 | Zaw. zb. paliwa 1/3[-]            |            776 |              776 |        37952 |               1 | float64     |
+-----+-----------------------------------+----------------+------------------+--------------+-----------------+-------------+
| 132 | Czas [ms].66                      |            776 |              776 |        37952 |             776 | float64     |
+-----+-----------------------------------+----------------+------------------+--------------+-----------------+-------------+
| 133 | Zaw. zb. paliwa 2/3[-]            |            776 |              776 |        37952 |               1 | float64     |
+-----+-----------------------------------+----------------+------------------+--------------+-----------------+-------------+
| 134 | Czas [ms].67                      |            776 |              776 |        37952 |             776 | float64     |
+-----+-----------------------------------+----------------+------------------+--------------+-----------------+-------------+
| 135 | Zaw. zb. paliwa 3/3[-]            |            776 |              776 |        37952 |               1 | float64     |
+-----+-----------------------------------+----------------+------------------+--------------+-----------------+-------------+
| 136 | Czas [ms].68                      |           1550 |             1550 |        37178 |            1550 | float64     |
+-----+-----------------------------------+----------------+------------------+--------------+-----------------+-------------+
| 137 | ZawĂłr reg. chĹ‚. cieczy[-]       |           1550 |             1550 |        37178 |               1 | float64     |
+-----+-----------------------------------+----------------+------------------+--------------+-----------------+-------------+
| 138 | Czas [ms].69                      |           3872 |             3872 |        34856 |            3872 | float64     |
+-----+-----------------------------------+----------------+------------------+--------------+-----------------+-------------+
| 139 | ZuĹĽycie paliwa bieĹĽÄ…ce[g/s]    |           3872 |             3872 |        34856 |             305 | float64     |
+-----+-----------------------------------+----------------+------------------+--------------+-----------------+-------------+
| 140 | Czas [ms].70                      |           3872 |             3872 |        34856 |            3872 | float64     |
+-----+-----------------------------------+----------------+------------------+--------------+-----------------+-------------+
| 141 | ZuĹĽycie paliwa Ĺ›rednie[g/s]     |           3872 |             3872 |        34856 |            2609 | float64     |
+-----+-----------------------------------+----------------+------------------+--------------+-----------------+-------------+
| 142 | Unnamed: 142                      |              0 |                0 |        38728 |               0 | float64     |
+-----+-----------------------------------+----------------+------------------+--------------+-----------------+-------------+
| 143 | Ciś. pow. za turb.[Pa]            |          38728 |            38728 |            0 |               1 | int64       |
+-----+-----------------------------------+----------------+------------------+--------------+-----------------+-------------+
| 144 | Ciśnienie atmosferyczne[hPa]      |          38728 |            38728 |            0 |               1 | int64       |
+-----+-----------------------------------+----------------+------------------+--------------+-----------------+-------------+
| 145 | ECT - wyjście z sil.[°C]          |          38728 |            38728 |            0 |               1 | int64       |
+-----+-----------------------------------+----------------+------------------+--------------+-----------------+-------------+
| 146 | Temp. oleju w misce[°C]           |          38728 |            38728 |            0 |               1 | int64       |
+-----+-----------------------------------+----------------+------------------+--------------+-----------------+-------------+
| 147 | Temp. otoczenia[°C]               |          38728 |            38728 |            0 |               1 | int64       |
+-----+-----------------------------------+----------------+------------------+--------------+-----------------+-------------+
| 148 | Temp. pal. na wyjściu sil.[°C]    |          38728 |            38728 |            0 |               1 | int64       |
+-----+-----------------------------------+----------------+------------------+--------------+-----------------+-------------+
| 149 | Temp. powietrza za turb.[°C]      |          38728 |            38728 |            0 |               1 | int64       |
+-----+-----------------------------------+----------------+------------------+--------------+-----------------+-------------+
| 150 | Temp. spalin 1/6[°C]              |          38728 |            38728 |            0 |               1 | int64       |
+-----+-----------------------------------+----------------+------------------+--------------+-----------------+-------------+
| 151 | Temp. spalin 2/6[°C]              |          38728 |            38728 |            0 |               1 | int64       |
+-----+-----------------------------------+----------------+------------------+--------------+-----------------+-------------+
| 152 | Temp. spalin 3/6[°C]              |          38728 |            38728 |            0 |               1 | int64       |
+-----+-----------------------------------+----------------+------------------+--------------+-----------------+-------------+
| 153 | Temp. spalin 4/6[°C]              |          38728 |            38728 |            0 |               1 | int64       |
+-----+-----------------------------------+----------------+------------------+--------------+-----------------+-------------+
| 154 | Wilgotność względna[%]            |          38728 |            38728 |            0 |               1 | int64       |
+-----+-----------------------------------+----------------+------------------+--------------+-----------------+-------------+
| 155 | Zużycie paliwa średnie[g/s]       |          38728 |            38728 |            0 |               1 | int64       |
+-----+-----------------------------------+----------------+------------------+--------------+-----------------+-------------+
2024-12-05 11:38:25,631 - INFO - Metadata extraction completed for all DataFrames.
2024-12-05 11:38:27,571 - INFO - Step 4: Metadata extracted successfully.
2024-12-05 11:38:27,571 - INFO - Continue data pipeline. Step 5: Filtering and preprocessing data...
2024-12-05 11:38:27,573 - INFO - !!!!!!!!Column pairs: [['Unnamed: 142', 'Ciś. pow. za turb.[Pa]'], ['Ciś. pow. za turb.[Pa]', 'Ciśnienie atmosferyczne[hPa]'], ['Ciśnienie atmosferyczne[hPa]', 'ECT - wyjście z sil.[°C]'], ['Czas [ms].25', 'MAF[kg/h]'], ['Czas [ms].26', 'Moc[kW]'], ['Czas [ms].27', 'Moment obrotowy[Nm]'], ['Czas [ms].29', 'Obroty[obr/min]'], ['ECT - wyjście z sil.[°C]', 'Temp. oleju w misce[°C]'], ['Temp. oleju w misce[°C]', 'Temp. otoczenia[°C]'], ['Temp. otoczenia[°C]', 'Temp. pal. na wyjściu sil.[°C]'], ['Temp. pal. na wyjściu sil.[°C]', 'Temp. powietrza za turb.[°C]'], ['Temp. powietrza za turb.[°C]', 'Temp. spalin 1/6[°C]'], ['Temp. spalin 1/6[°C]', 'Temp. spalin 2/6[°C]'], ['Temp. spalin 2/6[°C]', 'Temp. spalin 3/6[°C]'], ['Temp. spalin 3/6[°C]', 'Temp. spalin 4/6[°C]'], ['Temp. spalin 4/6[°C]', 'Wilgotność względna[%]'], ['Wilgotność względna[%]', 'Zużycie paliwa średnie[g/s]']]
2024-12-05 11:38:27,579 - INFO - Filtered DataFrame to include 34 columns.
2024-12-05 11:38:27,591 - ERROR - An error occurred: Cannot set a DataFrame with multiple columns to the single column Ciś. pow. za turb.[Pa]
