2024-12-02 13:31:19,067 - INFO - Starting data pipeline...
2024-12-02 13:31:19,069 - INFO - Step 1: Building files_with_raw_data_links.json...
2024-12-02 13:31:19,070 - INFO - Step 1: files_with_raw_data_links.json built successfully.
2024-12-02 13:31:23,133 - INFO - Step 1: files_with_raw_data_links.json built successfully.
2024-12-02 13:31:23,134 - INFO - Continue data pipeline. Step 2: Loading raw data...
2024-12-02 13:31:23,135 - INFO - DataLoader initialized with raw data path: /home/viktar-taustyka/GitHubRepos/DT-Engine/data/raw
2024-12-02 13:31:23,135 - INFO - Loading main file: Zew Efekta Agrotronika _ 2019-05-17.csv
2024-12-02 13:31:23,135 - INFO - Loading data from file: /home/viktar-taustyka/GitHubRepos/DT-Engine/data/raw/Zew Efekta Agrotronika _ 2019-05-17.csv
2024-12-02 13:31:23,367 - INFO - Data loaded successfully from file: /home/viktar-taustyka/GitHubRepos/DT-Engine/data/raw/Zew Efekta Agrotronika _ 2019-05-17.csv
2024-12-02 13:31:23,368 - INFO - Data Frame Columns: ['Czas [ms]', 'Ciś. pow. przed turb.[Pa]', 'Czas [ms].1', 'Ciś. pow. za turb.[Pa]', 'Czas [ms].2', 'Ciśnienie atmosferyczne[hPa]', 'Czas [ms].3', 'Ciśnienie oleju[bar]', 'Czas [ms].4', 'Ciśnienie spalin[Pa]', 'Czas [ms].5', 'Dopeł. zb. 1/3[-]', 'Czas [ms].6', 'Dopeł. zb. 2/3[-]', 'Czas [ms].7', 'Dopeł. zb. 3/3[-]', 'Czas [ms].8', 'Dopełnianie[-]', 'Czas [ms].9', 'Duży obieg[-]', 'Czas [ms].10', 'ECT - wejście do sil.[°C]', 'Czas [ms].11', 'ECT - wyjście z sil.[°C]', 'Czas [ms].12', 'Główny obieg - przepływ[m³/h]', 'Czas [ms].13', 'Główny obieg - temp.[°C]', 'Czas [ms].14', 'GPReg_Setpoint0[°C]', 'Czas [ms].15', 'GPReg_Setpoint1[°C]', 'Czas [ms].16', 'GPReg_Setpoint2[°C]', 'Czas [ms].17', 'Hamulec, lewa komora, temp.[°C]', 'Czas [ms].18', 'Hamulec, prawa komora, temp.[°C]', 'Czas [ms].19', 'Hamulec, przepływ wody[m³/h]', 'Czas [ms].20', 'Ilość paliwa w zbiorniku[g]', 'Czas [ms].21', 'Kond. - przepływ wody[l/min]', 'Czas [ms].22', 'Kontrolka zb. 1/3 [-]', 'Czas [ms].23', 'Kontrolka zb. 2/3 [-]', 'Czas [ms].24', 'Kontrolka zb. 3/3 [-]', 'Czas [ms].25', 'MAF[kg/h]', 'Czas [ms].26', 'Moc[kW]', 'Czas [ms].27', 'Moment obrotowy[Nm]', 'Czas [ms].28', 'Moment Tryb3[Nm]', 'Czas [ms].29', 'Moment Tryb4[Nm]', 'Czas [ms].30', 'Obroty[obr/min]', 'Czas [ms].31', 'Poz. paliwa zb. 1/3[mm]', 'Czas [ms].32', 'Poz. paliwa zb. 2/3[mm]', 'Czas [ms].33', 'Poz. paliwa zb. 3/3[mm]', 'Czas [ms].34', 'Przekaź. pompy paliwa[-]', 'Czas [ms].35', 'Przekaźnik zapłonu[-]', 'Czas [ms].36', 'Przepustnica[%]', 'Czas [ms].37', 'Przepustnica Tryb0[%]', 'Czas [ms].38', 'Przepustnica Tryb1[%]', 'Czas [ms].39', 'Przyklad[bar]', 'Czas [ms].40', 'PWM Tryb0[%]', 'Czas [ms].41', 'Rozrusznik[-]', 'Czas [ms].42', 'RPM Tryb1[obr/min]', 'Czas [ms].43', 'RPM Tryb3[obr/min]', 'Czas [ms].44', 'RPM Tryb4[obr/min]', 'Czas [ms].45', 'Starter[-]', 'Czas [ms].46', 'Stycz. chłodni went.[-]', 'Czas [ms].47', 'Temp. oleju przed wym.[°C]', 'Czas [ms].48', 'Temp. oleju w misce[°C]', 'Czas [ms].49', 'Temp. oleju za wym.[°C]', 'Czas [ms].50', 'Temp. otoczenia[°C]', 'Czas [ms].51', 'Temp. pal. na wejściu sil.[°C]', 'Czas [ms].52', 'Temp. pal. na wyjściu sil.[°C]', 'Czas [ms].53', 'Temp. paliwa w zb. 1/3[°C]', 'Czas [ms].54', 'Temp. paliwa w zb. 2/3[°C]', 'Czas [ms].55', 'Temp. paliwa w zb. 3/3[°C]', 'Czas [ms].56', 'Temp. powietrza przed turb.[°C]', 'Czas [ms].57', 'Temp. powietrza za turb.[°C]', 'Czas [ms].58', 'Temp. spalin 1/6[°C]', 'Czas [ms].59', 'Temp. spalin 2/6[°C]', 'Czas [ms].60', 'Temp. spalin 3/6[°C]', 'Czas [ms].61', 'Temp. spalin 4/6[°C]', 'Czas [ms].62', 'Temp. spalin za turbiną 1/2[°C]', 'Czas [ms].63', 'Temp. spalin za turbiną 2/2[°C]', 'Czas [ms].64', 'Temp.pal.na wyjściu[°C]', 'Czas [ms].65', 'Temp.paliwa żądana[°C]', 'Czas [ms].66', 'Wilgotność względna[%]', 'Czas [ms].67', 'Wyłącznik bezpieczeństwa[-]', 'Czas [ms].68', 'Zapłon[-]', 'Czas [ms].69', 'Zaw. zb. paliwa 1/3[-]', 'Czas [ms].70', 'Zaw. zb. paliwa 2/3[-]', 'Czas [ms].71', 'Zaw. zb. paliwa 3/3[-]', 'Czas [ms].72', 'Zawór reg. chł. cieczy[-]', 'Czas [ms].73', 'Zużycie paliwa bieżące[g/s]', 'Czas [ms].74', 'Zużycie paliwa średnie[g/s]']
2024-12-02 13:31:23,370 - INFO - Data from file 'Zew Efekta Agrotronika _ 2019-05-17.csv':
╒════╤═════════════╤═════════════════════════════╤═══════════════╤══════════════════════════╤═══════════════╤════════════════════════════════╕
│    │   Czas [ms] │   Ciś. pow. przed turb.[Pa] │   Czas [ms].1 │   Ciś. pow. za turb.[Pa] │   Czas [ms].2 │   Ciśnienie atmosferyczne[hPa] │
╞════╪═════════════╪═════════════════════════════╪═══════════════╪══════════════════════════╪═══════════════╪════════════════════════════════╡
│  0 │         137 │                          -1 │           137 │                      -50 │            94 │                            990 │
├────┼─────────────┼─────────────────────────────┼───────────────┼──────────────────────────┼───────────────┼────────────────────────────────┤
│  1 │         338 │                         -47 │           337 │                      -59 │           294 │                            990 │
├────┼─────────────┼─────────────────────────────┼───────────────┼──────────────────────────┼───────────────┼────────────────────────────────┤
│  2 │         538 │                         -29 │           539 │                      -41 │           496 │                            991 │
╘════╧═════════════╧═════════════════════════════╧═══════════════╧══════════════════════════╧═══════════════╧════════════════════════════════╛
2024-12-02 13:31:23,371 - INFO - Data from file 'Zew Efekta Agrotronika _ 2019-05-17.csv':
╒════╤═══════════════╤════════════════════════╤═══════════════╤════════════════════════╤═══════════════╤═════════════════════╕
│    │   Czas [ms].3 │   Ciśnienie oleju[bar] │   Czas [ms].4 │   Ciśnienie spalin[Pa] │   Czas [ms].5 │   Dopeł. zb. 1/3[-] │
╞════╪═══════════════╪════════════════════════╪═══════════════╪════════════════════════╪═══════════════╪═════════════════════╡
│  0 │           137 │                  0.006 │           139 │                    131 │           595 │                   0 │
├────┼───────────────┼────────────────────────┼───────────────┼────────────────────────┼───────────────┼─────────────────────┤
│  1 │           337 │                  0.006 │           339 │                    121 │          1596 │                   0 │
├────┼───────────────┼────────────────────────┼───────────────┼────────────────────────┼───────────────┼─────────────────────┤
│  2 │           538 │                  0.006 │           539 │                    121 │          2598 │                   0 │
╘════╧═══════════════╧════════════════════════╧═══════════════╧════════════════════════╧═══════════════╧═════════════════════╛
2024-12-02 13:31:23,372 - INFO - Data from file 'Zew Efekta Agrotronika _ 2019-05-17.csv':
╒════╤═══════════════╤═════════════════════╤═══════════════╤═════════════════════╤═══════════════╤══════════════════╕
│    │   Czas [ms].6 │   Dopeł. zb. 2/3[-] │   Czas [ms].7 │   Dopeł. zb. 3/3[-] │   Czas [ms].8 │   Dopełnianie[-] │
╞════╪═══════════════╪═════════════════════╪═══════════════╪═════════════════════╪═══════════════╪══════════════════╡
│  0 │           595 │                   0 │           595 │                   0 │           694 │                0 │
├────┼───────────────┼─────────────────────┼───────────────┼─────────────────────┼───────────────┼──────────────────┤
│  1 │          1596 │                   0 │          1596 │                   0 │          1695 │                0 │
├────┼───────────────┼─────────────────────┼───────────────┼─────────────────────┼───────────────┼──────────────────┤
│  2 │          2598 │                   0 │          2598 │                   0 │          2697 │                0 │
╘════╧═══════════════╧═════════════════════╧═══════════════╧═════════════════════╧═══════════════╧══════════════════╛
2024-12-02 13:31:23,374 - INFO - Data from file 'Zew Efekta Agrotronika _ 2019-05-17.csv':
╒════╤═══════════════╤═════════════════╤════════════════╤═════════════════════════════╤════════════════╤════════════════════════════╕
│    │   Czas [ms].9 │   Duży obieg[-] │   Czas [ms].10 │   ECT - wejście do sil.[°C] │   Czas [ms].11 │   ECT - wyjście z sil.[°C] │
╞════╪═══════════════╪═════════════════╪════════════════╪═════════════════════════════╪════════════════╪════════════════════════════╡
│  0 │            16 │               0 │            187 │                          22 │            187 │                       68.1 │
├────┼───────────────┼─────────────────┼────────────────┼─────────────────────────────┼────────────────┼────────────────────────────┤
│  1 │           688 │               0 │            387 │                          22 │            387 │                       68.1 │
├────┼───────────────┼─────────────────┼────────────────┼─────────────────────────────┼────────────────┼────────────────────────────┤
│  2 │          1017 │               0 │            588 │                          22 │            588 │                       68.1 │
╘════╧═══════════════╧═════════════════╧════════════════╧═════════════════════════════╧════════════════╧════════════════════════════╛
2024-12-02 13:31:23,376 - INFO - Data from file 'Zew Efekta Agrotronika _ 2019-05-17.csv':
╒════╤════════════════╤═════════════════════════════════╤════════════════╤════════════════════════════╤════════════════╤═══════════════════════╕
│    │   Czas [ms].12 │   Główny obieg - przepływ[m³/h] │   Czas [ms].13 │   Główny obieg - temp.[°C] │   Czas [ms].14 │   GPReg_Setpoint0[°C] │
╞════╪════════════════╪═════════════════════════════════╪════════════════╪════════════════════════════╪════════════════╪═══════════════════════╡
│  0 │            194 │                          157.77 │             94 │                       19   │             16 │                    60 │
├────┼────────────────┼─────────────────────────────────┼────────────────┼────────────────────────────┼────────────────┼───────────────────────┤
│  1 │            394 │                          160.97 │            296 │                       18.9 │            316 │                    60 │
├────┼────────────────┼─────────────────────────────────┼────────────────┼────────────────────────────┼────────────────┼───────────────────────┤
│  2 │            595 │                          156.87 │            497 │                       18.9 │            617 │                    60 │
╘════╧════════════════╧═════════════════════════════════╧════════════════╧════════════════════════════╧════════════════╧═══════════════════════╛
2024-12-02 13:31:23,377 - INFO - Data from file 'Zew Efekta Agrotronika _ 2019-05-17.csv':
╒════╤════════════════╤═══════════════════════╤════════════════╤═══════════════════════╤════════════════╤═══════════════════════════════════╕
│    │   Czas [ms].15 │   GPReg_Setpoint1[°C] │   Czas [ms].16 │   GPReg_Setpoint2[°C] │   Czas [ms].17 │   Hamulec, lewa komora, temp.[°C] │
╞════╪════════════════╪═══════════════════════╪════════════════╪═══════════════════════╪════════════════╪═══════════════════════════════════╡
│  0 │             16 │                    30 │             16 │                    34 │             95 │                                19 │
├────┼────────────────┼───────────────────────┼────────────────┼───────────────────────┼────────────────┼───────────────────────────────────┤
│  1 │            316 │                    30 │            316 │                    34 │            295 │                                19 │
├────┼────────────────┼───────────────────────┼────────────────┼───────────────────────┼────────────────┼───────────────────────────────────┤
│  2 │            617 │                    30 │            617 │                    34 │            496 │                                19 │
╘════╧════════════════╧═══════════════════════╧════════════════╧═══════════════════════╧════════════════╧═══════════════════════════════════╛
2024-12-02 13:31:23,379 - INFO - Data from file 'Zew Efekta Agrotronika _ 2019-05-17.csv':
╒════╤════════════════╤════════════════════════════════════╤════════════════╤════════════════════════════════╤════════════════╤═══════════════════════════════╕
│    │   Czas [ms].18 │   Hamulec, prawa komora, temp.[°C] │   Czas [ms].19 │   Hamulec, przepływ wody[m³/h] │   Czas [ms].20 │   Ilość paliwa w zbiorniku[g] │
╞════╪════════════════╪════════════════════════════════════╪════════════════╪════════════════════════════════╪════════════════╪═══════════════════════════════╡
│  0 │             95 │                                 20 │             45 │                           11.7 │            127 │                       614.652 │
├────┼────────────────┼────────────────────────────────────┼────────────────┼────────────────────────────────┼────────────────┼───────────────────────────────┤
│  1 │            296 │                                 20 │            245 │                           11.7 │            377 │                       614.53  │
├────┼────────────────┼────────────────────────────────────┼────────────────┼────────────────────────────────┼────────────────┼───────────────────────────────┤
│  2 │            496 │                                 20 │            446 │                           11.7 │            628 │                       614.623 │
╘════╧════════════════╧════════════════════════════════════╧════════════════╧════════════════════════════════╧════════════════╧═══════════════════════════════╛
2024-12-02 13:31:23,380 - INFO - Data from file 'Zew Efekta Agrotronika _ 2019-05-17.csv':
╒════╤════════════════╤════════════════════════════════╤════════════════╤═════════════════════════╤════════════════╤═════════════════════════╕
│    │   Czas [ms].21 │   Kond. - przepływ wody[l/min] │   Czas [ms].22 │   Kontrolka zb. 1/3 [-] │   Czas [ms].23 │   Kontrolka zb. 2/3 [-] │
╞════╪════════════════╪════════════════════════════════╪════════════════╪═════════════════════════╪════════════════╪═════════════════════════╡
│  0 │             41 │                           7.58 │            595 │                       0 │            595 │                       0 │
├────┼────────────────┼────────────────────────────────┼────────────────┼─────────────────────────┼────────────────┼─────────────────────────┤
│  1 │            242 │                           7.71 │           1596 │                       0 │           1596 │                       0 │
├────┼────────────────┼────────────────────────────────┼────────────────┼─────────────────────────┼────────────────┼─────────────────────────┤
│  2 │            442 │                           7.91 │           1797 │                       0 │           1797 │                       0 │
╘════╧════════════════╧════════════════════════════════╧════════════════╧═════════════════════════╧════════════════╧═════════════════════════╛
2024-12-02 13:31:23,382 - INFO - Data from file 'Zew Efekta Agrotronika _ 2019-05-17.csv':
╒════╤════════════════╤═════════════════════════╤════════════════╤═════════════╤════════════════╤═══════════╕
│    │   Czas [ms].24 │   Kontrolka zb. 3/3 [-] │   Czas [ms].25 │   MAF[kg/h] │   Czas [ms].26 │   Moc[kW] │
╞════╪════════════════╪═════════════════════════╪════════════════╪═════════════╪════════════════╪═══════════╡
│  0 │            595 │                       0 │            138 │         0   │             16 │         0 │
├────┼────────────────┼─────────────────────────┼────────────────┼─────────────┼────────────────┼───────────┤
│  1 │           1596 │                       0 │            338 │         1   │            216 │         0 │
├────┼────────────────┼─────────────────────────┼────────────────┼─────────────┼────────────────┼───────────┤
│  2 │           1797 │                       0 │            538 │         4.2 │            416 │         0 │
╘════╧════════════════╧═════════════════════════╧════════════════╧═════════════╧════════════════╧═══════════╛
2024-12-02 13:31:23,383 - INFO - Data from file 'Zew Efekta Agrotronika _ 2019-05-17.csv':
╒════╤════════════════╤═══════════════════════╤════════════════╤════════════════════╤════════════════╤════════════════════╕
│    │   Czas [ms].27 │   Moment obrotowy[Nm] │   Czas [ms].28 │   Moment Tryb3[Nm] │   Czas [ms].29 │   Moment Tryb4[Nm] │
╞════╪════════════════╪═══════════════════════╪════════════════╪════════════════════╪════════════════╪════════════════════╡
│  0 │              0 │                   0.5 │         515432 │              369.1 │         531017 │                3.1 │
├────┼────────────────┼───────────────────────┼────────────────┼────────────────────┼────────────────┼────────────────────┤
│  1 │             20 │                   0.5 │         515503 │              369.1 │         531026 │                3.1 │
├────┼────────────────┼───────────────────────┼────────────────┼────────────────────┼────────────────┼────────────────────┤
│  2 │             40 │                   0.5 │         515754 │              369.1 │         531276 │                3.1 │
╘════╧════════════════╧═══════════════════════╧════════════════╧════════════════════╧════════════════╧════════════════════╛
2024-12-02 13:31:23,384 - INFO - Data from file 'Zew Efekta Agrotronika _ 2019-05-17.csv':
╒════╤════════════════╤═══════════════════╤════════════════╤═══════════════════════════╤════════════════╤═══════════════════════════╕
│    │   Czas [ms].30 │   Obroty[obr/min] │   Czas [ms].31 │   Poz. paliwa zb. 1/3[mm] │   Czas [ms].32 │   Poz. paliwa zb. 2/3[mm] │
╞════╪════════════════╪═══════════════════╪════════════════╪═══════════════════════════╪════════════════╪═══════════════════════════╡
│  0 │              0 │                 0 │            138 │                       142 │            138 │                        75 │
├────┼────────────────┼───────────────────┼────────────────┼───────────────────────────┼────────────────┼───────────────────────────┤
│  1 │             20 │                 0 │            338 │                       142 │            338 │                        75 │
├────┼────────────────┼───────────────────┼────────────────┼───────────────────────────┼────────────────┼───────────────────────────┤
│  2 │             40 │                 0 │            538 │                       142 │            538 │                        75 │
╘════╧════════════════╧═══════════════════╧════════════════╧═══════════════════════════╧════════════════╧═══════════════════════════╛
2024-12-02 13:31:23,386 - INFO - Data from file 'Zew Efekta Agrotronika _ 2019-05-17.csv':
╒════╤════════════════╤═══════════════════════════╤════════════════╤════════════════════════════╤════════════════╤═════════════════════════╕
│    │   Czas [ms].33 │   Poz. paliwa zb. 3/3[mm] │   Czas [ms].34 │   Przekaź. pompy paliwa[-] │   Czas [ms].35 │   Przekaźnik zapłonu[-] │
╞════╪════════════════╪═══════════════════════════╪════════════════╪════════════════════════════╪════════════════╪═════════════════════════╡
│  0 │            138 │                       110 │            688 │                          0 │            595 │                       1 │
├────┼────────────────┼───────────────────────────┼────────────────┼────────────────────────────┼────────────────┼─────────────────────────┤
│  1 │            339 │                       110 │           1689 │                          0 │           1596 │                       1 │
├────┼────────────────┼───────────────────────────┼────────────────┼────────────────────────────┼────────────────┼─────────────────────────┤
│  2 │            539 │                       110 │           2692 │                          0 │           1797 │                       1 │
╘════╧════════════════╧═══════════════════════════╧════════════════╧════════════════════════════╧════════════════╧═════════════════════════╛
2024-12-02 13:31:23,388 - INFO - Data from file 'Zew Efekta Agrotronika _ 2019-05-17.csv':
╒════╤════════════════╤═══════════════════╤════════════════╤═════════════════════════╤════════════════╤═════════════════════════╕
│    │   Czas [ms].36 │   Przepustnica[%] │   Czas [ms].37 │   Przepustnica Tryb0[%] │   Czas [ms].38 │   Przepustnica Tryb1[%] │
╞════╪════════════════╪═══════════════════╪════════════════╪═════════════════════════╪════════════════╪═════════════════════════╡
│  0 │             40 │                 0 │             16 │                       0 │          10382 │                       0 │
├────┼────────────────┼───────────────────┼────────────────┼─────────────────────────┼────────────────┼─────────────────────────┤
│  1 │            290 │                 0 │            266 │                       0 │          10531 │                       0 │
├────┼────────────────┼───────────────────┼────────────────┼─────────────────────────┼────────────────┼─────────────────────────┤
│  2 │            540 │                 0 │            516 │                       0 │          10781 │                       0 │
╘════╧════════════════╧═══════════════════╧════════════════╧═════════════════════════╧════════════════╧═════════════════════════╛
2024-12-02 13:31:23,390 - INFO - Data from file 'Zew Efekta Agrotronika _ 2019-05-17.csv':
╒════╤════════════════╤═════════════════╤════════════════╤════════════════╤════════════════╤═════════════════╕
│    │   Czas [ms].39 │   Przyklad[bar] │   Czas [ms].40 │   PWM Tryb0[%] │   Czas [ms].41 │   Rozrusznik[-] │
╞════╪════════════════╪═════════════════╪════════════════╪════════════════╪════════════════╪═════════════════╡
│  0 │             44 │               0 │             16 │              0 │            595 │               1 │
├────┼────────────────┼─────────────────┼────────────────┼────────────────┼────────────────┼─────────────────┤
│  1 │            244 │               0 │            266 │              0 │            915 │               1 │
├────┼────────────────┼─────────────────┼────────────────┼────────────────┼────────────────┼─────────────────┤
│  2 │            445 │               0 │            516 │              0 │           1562 │               0 │
╘════╧════════════════╧═════════════════╧════════════════╧════════════════╧════════════════╧═════════════════╛
2024-12-02 13:31:23,392 - INFO - Data from file 'Zew Efekta Agrotronika _ 2019-05-17.csv':
╒════╤════════════════╤══════════════════════╤════════════════╤══════════════════════╤════════════════╤══════════════════════╕
│    │   Czas [ms].42 │   RPM Tryb1[obr/min] │   Czas [ms].43 │   RPM Tryb3[obr/min] │   Czas [ms].44 │   RPM Tryb4[obr/min] │
╞════╪════════════════╪══════════════════════╪════════════════╪══════════════════════╪════════════════╪══════════════════════╡
│  0 │          10382 │                  801 │         515432 │                 1300 │         531017 │                  801 │
├────┼────────────────┼──────────────────────┼────────────────┼──────────────────────┼────────────────┼──────────────────────┤
│  1 │          10531 │                  801 │         515503 │                 1300 │         531026 │                  801 │
├────┼────────────────┼──────────────────────┼────────────────┼──────────────────────┼────────────────┼──────────────────────┤
│  2 │          10781 │                  801 │         515754 │                 1300 │         531276 │                  801 │
╘════╧════════════════╧══════════════════════╧════════════════╧══════════════════════╧════════════════╧══════════════════════╛
2024-12-02 13:31:23,394 - INFO - Data from file 'Zew Efekta Agrotronika _ 2019-05-17.csv':
╒════╤════════════════╤══════════════╤════════════════╤═══════════════════════════╤════════════════╤══════════════════════════════╕
│    │   Czas [ms].45 │   Starter[-] │   Czas [ms].46 │   Stycz. chłodni went.[-] │   Czas [ms].47 │   Temp. oleju przed wym.[°C] │
╞════╪════════════════╪══════════════╪════════════════╪═══════════════════════════╪════════════════╪══════════════════════════════╡
│  0 │            916 │            1 │             16 │                         0 │            187 │                           26 │
├────┼────────────────┼──────────────┼────────────────┼───────────────────────────┼────────────────┼──────────────────────────────┤
│  1 │           1717 │            0 │            688 │                         0 │            388 │                           26 │
├────┼────────────────┼──────────────┼────────────────┼───────────────────────────┼────────────────┼──────────────────────────────┤
│  2 │           2719 │            0 │           1017 │                         0 │            588 │                           26 │
╘════╧════════════════╧══════════════╧════════════════╧═══════════════════════════╧════════════════╧══════════════════════════════╛
2024-12-02 13:31:23,396 - INFO - Data from file 'Zew Efekta Agrotronika _ 2019-05-17.csv':
╒════╤════════════════╤═══════════════════════════╤════════════════╤═══════════════════════════╤════════════════╤═══════════════════════╕
│    │   Czas [ms].48 │   Temp. oleju w misce[°C] │   Czas [ms].49 │   Temp. oleju za wym.[°C] │   Czas [ms].50 │   Temp. otoczenia[°C] │
╞════╪════════════════╪═══════════════════════════╪════════════════╪═══════════════════════════╪════════════════╪═══════════════════════╡
│  0 │            145 │                        77 │            188 │                      25.9 │             95 │                  21.6 │
├────┼────────────────┼───────────────────────────┼────────────────┼───────────────────────────┼────────────────┼───────────────────────┤
│  1 │            345 │                        77 │            388 │                      25.9 │            295 │                  21.6 │
├────┼────────────────┼───────────────────────────┼────────────────┼───────────────────────────┼────────────────┼───────────────────────┤
│  2 │            545 │                        77 │            588 │                      25.9 │            497 │                  21.6 │
╘════╧════════════════╧═══════════════════════════╧════════════════╧═══════════════════════════╧════════════════╧═══════════════════════╛
2024-12-02 13:31:23,398 - INFO - Data from file 'Zew Efekta Agrotronika _ 2019-05-17.csv':
╒════╤════════════════╤══════════════════════════════════╤════════════════╤══════════════════════════════════╤════════════════╤══════════════════════════════╕
│    │   Czas [ms].51 │   Temp. pal. na wejściu sil.[°C] │   Czas [ms].52 │   Temp. pal. na wyjściu sil.[°C] │   Czas [ms].53 │   Temp. paliwa w zb. 1/3[°C] │
╞════╪════════════════╪══════════════════════════════════╪════════════════╪══════════════════════════════════╪════════════════╪══════════════════════════════╡
│  0 │             96 │                             25.2 │             95 │                             39.9 │            191 │                         22.2 │
├────┼────────────────┼──────────────────────────────────┼────────────────┼──────────────────────────────────┼────────────────┼──────────────────────────────┤
│  1 │            295 │                             25.2 │            295 │                             39.9 │            392 │                         22.2 │
├────┼────────────────┼──────────────────────────────────┼────────────────┼──────────────────────────────────┼────────────────┼──────────────────────────────┤
│  2 │            497 │                             25.2 │            497 │                             39.8 │            592 │                         22.2 │
╘════╧════════════════╧══════════════════════════════════╧════════════════╧══════════════════════════════════╧════════════════╧══════════════════════════════╛
2024-12-02 13:31:23,400 - INFO - Data from file 'Zew Efekta Agrotronika _ 2019-05-17.csv':
╒════╤════════════════╤══════════════════════════════╤════════════════╤══════════════════════════════╤════════════════╤═══════════════════════════════════╕
│    │   Czas [ms].54 │   Temp. paliwa w zb. 2/3[°C] │   Czas [ms].55 │   Temp. paliwa w zb. 3/3[°C] │   Czas [ms].56 │   Temp. powietrza przed turb.[°C] │
╞════╪════════════════╪══════════════════════════════╪════════════════╪══════════════════════════════╪════════════════╪═══════════════════════════════════╡
│  0 │            192 │                         22   │            192 │                         21.5 │            188 │                              31.3 │
├────┼────────────────┼──────────────────────────────┼────────────────┼──────────────────────────────┼────────────────┼───────────────────────────────────┤
│  1 │            392 │                         21.9 │            392 │                         21.5 │            388 │                              31.3 │
├────┼────────────────┼──────────────────────────────┼────────────────┼──────────────────────────────┼────────────────┼───────────────────────────────────┤
│  2 │            592 │                         21.9 │            592 │                         21.5 │            588 │                              31.3 │
╘════╧════════════════╧══════════════════════════════╧════════════════╧══════════════════════════════╧════════════════╧═══════════════════════════════════╛
2024-12-02 13:31:23,402 - INFO - Data from file 'Zew Efekta Agrotronika _ 2019-05-17.csv':
╒════╤════════════════╤════════════════════════════════╤════════════════╤════════════════════════╤════════════════╤════════════════════════╕
│    │   Czas [ms].57 │   Temp. powietrza za turb.[°C] │   Czas [ms].58 │   Temp. spalin 1/6[°C] │   Czas [ms].59 │   Temp. spalin 2/6[°C] │
╞════╪════════════════╪════════════════════════════════╪════════════════╪════════════════════════╪════════════════╪════════════════════════╡
│  0 │            145 │                             41 │             37 │                    197 │             37 │                    219 │
├────┼────────────────┼────────────────────────────────┼────────────────┼────────────────────────┼────────────────┼────────────────────────┤
│  1 │            345 │                             41 │            238 │                    197 │            238 │                    219 │
├────┼────────────────┼────────────────────────────────┼────────────────┼────────────────────────┼────────────────┼────────────────────────┤
│  2 │            545 │                             41 │            437 │                    195 │            438 │                    219 │
╘════╧════════════════╧════════════════════════════════╧════════════════╧════════════════════════╧════════════════╧════════════════════════╛
2024-12-02 13:31:23,403 - INFO - Data from file 'Zew Efekta Agrotronika _ 2019-05-17.csv':
╒════╤════════════════╤════════════════════════╤════════════════╤════════════════════════╤════════════════╤═══════════════════════════════════╕
│    │   Czas [ms].60 │   Temp. spalin 3/6[°C] │   Czas [ms].61 │   Temp. spalin 4/6[°C] │   Czas [ms].62 │   Temp. spalin za turbiną 1/2[°C] │
╞════╪════════════════╪════════════════════════╪════════════════╪════════════════════════╪════════════════╪═══════════════════════════════════╡
│  0 │             37 │                    223 │             37 │                    204 │            144 │                               209 │
├────┼────────────────┼────────────────────────┼────────────────┼────────────────────────┼────────────────┼───────────────────────────────────┤
│  1 │            238 │                    223 │            239 │                    204 │            344 │                               210 │
├────┼────────────────┼────────────────────────┼────────────────┼────────────────────────┼────────────────┼───────────────────────────────────┤
│  2 │            438 │                    224 │            438 │                    204 │            545 │                               210 │
╘════╧════════════════╧════════════════════════╧════════════════╧════════════════════════╧════════════════╧═══════════════════════════════════╛
2024-12-02 13:31:23,404 - INFO - Data from file 'Zew Efekta Agrotronika _ 2019-05-17.csv':
╒════╤════════════════╤═══════════════════════════════════╤════════════════╤═══════════════════════════╤════════════════╤══════════════════════════╕
│    │   Czas [ms].63 │   Temp. spalin za turbiną 2/2[°C] │   Czas [ms].64 │   Temp.pal.na wyjściu[°C] │   Czas [ms].65 │   Temp.paliwa żądana[°C] │
╞════╪════════════════╪═══════════════════════════════════╪════════════════╪═══════════════════════════╪════════════════╪══════════════════════════╡
│  0 │            144 │                               197 │            142 │                      15.8 │             91 │                       22 │
├────┼────────────────┼───────────────────────────────────┼────────────────┼───────────────────────────┼────────────────┼──────────────────────────┤
│  1 │            345 │                               197 │            342 │                      15.8 │            291 │                       22 │
├────┼────────────────┼───────────────────────────────────┼────────────────┼───────────────────────────┼────────────────┼──────────────────────────┤
│  2 │            545 │                               197 │            542 │                      15.8 │            492 │                       22 │
╘════╧════════════════╧═══════════════════════════════════╧════════════════╧═══════════════════════════╧════════════════╧══════════════════════════╛
2024-12-02 13:31:23,405 - INFO - Data from file 'Zew Efekta Agrotronika _ 2019-05-17.csv':
╒════╤════════════════╤══════════════════════════╤════════════════╤═══════════════════════════════╤════════════════╤═════════════╕
│    │   Czas [ms].66 │   Wilgotność względna[%] │   Czas [ms].67 │   Wyłącznik bezpieczeństwa[-] │   Czas [ms].68 │   Zapłon[-] │
╞════╪════════════════╪══════════════════════════╪════════════════╪═══════════════════════════════╪════════════════╪═════════════╡
│  0 │             94 │                       61 │            916 │                             0 │            916 │           1 │
├────┼────────────────┼──────────────────────────┼────────────────┼───────────────────────────────┼────────────────┼─────────────┤
│  1 │            294 │                       61 │           1717 │                             0 │           1717 │           1 │
├────┼────────────────┼──────────────────────────┼────────────────┼───────────────────────────────┼────────────────┼─────────────┤
│  2 │            496 │                       61 │           2719 │                             0 │           2719 │           1 │
╘════╧════════════════╧══════════════════════════╧════════════════╧═══════════════════════════════╧════════════════╧═════════════╛
2024-12-02 13:31:23,407 - INFO - Data from file 'Zew Efekta Agrotronika _ 2019-05-17.csv':
╒════╤════════════════╤══════════════════════════╤════════════════╤══════════════════════════╤════════════════╤══════════════════════════╕
│    │   Czas [ms].69 │   Zaw. zb. paliwa 1/3[-] │   Czas [ms].70 │   Zaw. zb. paliwa 2/3[-] │   Czas [ms].71 │   Zaw. zb. paliwa 3/3[-] │
╞════╪════════════════╪══════════════════════════╪════════════════╪══════════════════════════╪════════════════╪══════════════════════════╡
│  0 │            595 │                        0 │            595 │                        0 │            595 │                        0 │
├────┼────────────────┼──────────────────────────┼────────────────┼──────────────────────────┼────────────────┼──────────────────────────┤
│  1 │           1596 │                        0 │           1596 │                        0 │           1596 │                        0 │
├────┼────────────────┼──────────────────────────┼────────────────┼──────────────────────────┼────────────────┼──────────────────────────┤
│  2 │           1797 │                        0 │           1797 │                        0 │           1797 │                        0 │
╘════╧════════════════╧══════════════════════════╧════════════════╧══════════════════════════╧════════════════╧══════════════════════════╛
2024-12-02 13:31:23,408 - INFO - Data from file 'Zew Efekta Agrotronika _ 2019-05-17.csv':
╒════╤════════════════╤═════════════════════════════╤════════════════╤═══════════════════════════════╤════════════════╤═══════════════════════════════╕
│    │   Czas [ms].72 │   Zawór reg. chł. cieczy[-] │   Czas [ms].73 │   Zużycie paliwa bieżące[g/s] │   Czas [ms].74 │   Zużycie paliwa średnie[g/s] │
╞════╪════════════════╪═════════════════════════════╪════════════════╪═══════════════════════════════╪════════════════╪═══════════════════════════════╡
│  0 │             16 │                           1 │             92 │                             0 │             91 │                             0 │
├────┼────────────────┼─────────────────────────────┼────────────────┼───────────────────────────────┼────────────────┼───────────────────────────────┤
│  1 │            688 │                           1 │            292 │                             0 │            292 │                             0 │
├────┼────────────────┼─────────────────────────────┼────────────────┼───────────────────────────────┼────────────────┼───────────────────────────────┤
│  2 │           1017 │                           1 │            493 │                             0 │            492 │                             0 │
╘════╧════════════════╧═════════════════════════════╧════════════════╧═══════════════════════════════╧════════════════╧═══════════════════════════════╛
2024-12-02 13:31:23,409 - INFO - Data Frame Shape: (28344, 150)
2024-12-02 13:31:23,409 - INFO - Data files loaded successfully.
2024-12-02 13:31:24,841 - INFO - Step 2: Raw data loaded successfully.
2024-12-02 13:31:24,841 - INFO - Continue data pipeline. Step 3: Validating data...
2024-12-02 13:31:24,844 - INFO - DataValidator initialized.
2024-12-02 13:31:24,844 - INFO - Starting column validation for multiple DataFrames...
2024-12-02 13:31:24,844 - INFO - DataFrame 0: All required columns are present.
2024-12-02 13:31:24,844 - INFO - DataFrame 0: All optional columns are present.
2024-12-02 13:31:24,844 - INFO - Starting schema validation for multiple DataFrames...
2024-12-02 13:31:24,846 - INFO - DataFrame 0 - Schema validation passed.
2024-12-02 13:31:24,846 - INFO - Checking for duplicate columns in multiple DataFrames...
2024-12-02 13:31:24,846 - INFO - DataFrame 0: No duplicate columns found.
2024-12-02 13:31:24,846 - INFO - Validation reports summarizing the results for each DataFrame
2024-12-02 13:31:24,846 - INFO - =================
Validation Report for DataFrame 0 (0 - main Data Frame; 1 - eco Data Frame):
DataFrame Shape: (28344, 150) (Rows, Columns) <--- !!!!!!!!!
All Required Columns: Present
All Optional Columns: Present
2024-12-02 13:31:24,846 - INFO - Step 3: Data validated successfully.
2024-12-02 13:31:26,258 - INFO - Step 3: Data validated successfully.
2024-12-02 13:31:26,258 - INFO - Starting metadata extraction for multiple DataFrames...
2024-12-02 13:31:26,258 - INFO - Processing DataFrame 1/1 with shape (28344, 150)...
2024-12-02 13:31:26,338 - INFO - Metadata for DataFrame 0, names_of_files_under_procession:['Zew Efekta Agrotronika _ 2019-05-17.csv', '', 'Efekta Agrotronika'], None:
+-----+----------------------------------+----------------+------------------+--------------+-----------------+-------------+
|     | Column                           |   Total Values |   Non-Null Count |   Null Count |   Unique Values | Data Type   |
+=====+==================================+================+==================+==============+=================+=============+
|   0 | Czas [ms]                        |           2834 |             2834 |        25510 |            2834 | float64     |
+-----+----------------------------------+----------------+------------------+--------------+-----------------+-------------+
|   1 | Ciś. pow. przed turb.[Pa]        |           2834 |             2834 |        25510 |              48 | float64     |
+-----+----------------------------------+----------------+------------------+--------------+-----------------+-------------+
|   2 | Czas [ms].1                      |           2834 |             2834 |        25510 |            2834 | float64     |
+-----+----------------------------------+----------------+------------------+--------------+-----------------+-------------+
|   3 | Ciś. pow. za turb.[Pa]           |           2834 |             2834 |        25510 |            1431 | float64     |
+-----+----------------------------------+----------------+------------------+--------------+-----------------+-------------+
|   4 | Czas [ms].2                      |           2834 |             2834 |        25510 |            2834 | float64     |
+-----+----------------------------------+----------------+------------------+--------------+-----------------+-------------+
|   5 | Ciśnienie atmosferyczne[hPa]     |           2834 |             2834 |        25510 |               2 | float64     |
+-----+----------------------------------+----------------+------------------+--------------+-----------------+-------------+
|   6 | Czas [ms].3                      |           2834 |             2834 |        25510 |            2834 | float64     |
+-----+----------------------------------+----------------+------------------+--------------+-----------------+-------------+
|   7 | Ciśnienie oleju[bar]             |           2834 |             2834 |        25510 |            1055 | float64     |
+-----+----------------------------------+----------------+------------------+--------------+-----------------+-------------+
|   8 | Czas [ms].4                      |           2834 |             2834 |        25510 |            2834 | float64     |
+-----+----------------------------------+----------------+------------------+--------------+-----------------+-------------+
|   9 | Ciśnienie spalin[Pa]             |           2834 |             2834 |        25510 |             134 | float64     |
+-----+----------------------------------+----------------+------------------+--------------+-----------------+-------------+
|  10 | Czas [ms].5                      |            567 |              567 |        27777 |             567 | float64     |
+-----+----------------------------------+----------------+------------------+--------------+-----------------+-------------+
|  11 | Dopeł. zb. 1/3[-]                |            567 |              567 |        27777 |               1 | float64     |
+-----+----------------------------------+----------------+------------------+--------------+-----------------+-------------+
|  12 | Czas [ms].6                      |            567 |              567 |        27777 |             567 | float64     |
+-----+----------------------------------+----------------+------------------+--------------+-----------------+-------------+
|  13 | Dopeł. zb. 2/3[-]                |            567 |              567 |        27777 |               1 | float64     |
+-----+----------------------------------+----------------+------------------+--------------+-----------------+-------------+
|  14 | Czas [ms].7                      |            567 |              567 |        27777 |             567 | float64     |
+-----+----------------------------------+----------------+------------------+--------------+-----------------+-------------+
|  15 | Dopeł. zb. 3/3[-]                |            567 |              567 |        27777 |               1 | float64     |
+-----+----------------------------------+----------------+------------------+--------------+-----------------+-------------+
|  16 | Czas [ms].8                      |            575 |              575 |        27769 |             575 | float64     |
+-----+----------------------------------+----------------+------------------+--------------+-----------------+-------------+
|  17 | Dopełnianie[-]                   |            575 |              575 |        27769 |               2 | float64     |
+-----+----------------------------------+----------------+------------------+--------------+-----------------+-------------+
|  18 | Czas [ms].9                      |           1134 |             1134 |        27210 |            1134 | float64     |
+-----+----------------------------------+----------------+------------------+--------------+-----------------+-------------+
|  19 | Duży obieg[-]                    |           1134 |             1134 |        27210 |               1 | float64     |
+-----+----------------------------------+----------------+------------------+--------------+-----------------+-------------+
|  20 | Czas [ms].10                     |           2833 |             2833 |        25511 |            2833 | float64     |
+-----+----------------------------------+----------------+------------------+--------------+-----------------+-------------+
|  21 | ECT - wejście do sil.[°C]        |           2833 |             2833 |        25511 |             157 | float64     |
+-----+----------------------------------+----------------+------------------+--------------+-----------------+-------------+
|  22 | Czas [ms].11                     |           2833 |             2833 |        25511 |            2833 | float64     |
+-----+----------------------------------+----------------+------------------+--------------+-----------------+-------------+
|  23 | ECT - wyjście z sil.[°C]         |           2833 |             2833 |        25511 |              99 | float64     |
+-----+----------------------------------+----------------+------------------+--------------+-----------------+-------------+
|  24 | Czas [ms].12                     |           2833 |             2833 |        25511 |            2833 | float64     |
+-----+----------------------------------+----------------+------------------+--------------+-----------------+-------------+
|  25 | Główny obieg - przepływ[m³/h]    |           2833 |             2833 |        25511 |            1156 | float64     |
+-----+----------------------------------+----------------+------------------+--------------+-----------------+-------------+
|  26 | Czas [ms].13                     |           2834 |             2834 |        25510 |            2834 | float64     |
+-----+----------------------------------+----------------+------------------+--------------+-----------------+-------------+
|  27 | Główny obieg - temp.[°C]         |           2834 |             2834 |        25510 |              18 | float64     |
+-----+----------------------------------+----------------+------------------+--------------+-----------------+-------------+
|  28 | Czas [ms].14                     |           1890 |             1890 |        26454 |            1890 | float64     |
+-----+----------------------------------+----------------+------------------+--------------+-----------------+-------------+
|  29 | GPReg_Setpoint0[°C]              |           1890 |             1890 |        26454 |               1 | float64     |
+-----+----------------------------------+----------------+------------------+--------------+-----------------+-------------+
|  30 | Czas [ms].15                     |           1890 |             1890 |        26454 |            1890 | float64     |
+-----+----------------------------------+----------------+------------------+--------------+-----------------+-------------+
|  31 | GPReg_Setpoint1[°C]              |           1890 |             1890 |        26454 |               1 | float64     |
+-----+----------------------------------+----------------+------------------+--------------+-----------------+-------------+
|  32 | Czas [ms].16                     |           1890 |             1890 |        26454 |            1890 | float64     |
+-----+----------------------------------+----------------+------------------+--------------+-----------------+-------------+
|  33 | GPReg_Setpoint2[°C]              |           1890 |             1890 |        26454 |               1 | float64     |
+-----+----------------------------------+----------------+------------------+--------------+-----------------+-------------+
|  34 | Czas [ms].17                     |           2834 |             2834 |        25510 |            2834 | float64     |
+-----+----------------------------------+----------------+------------------+--------------+-----------------+-------------+
|  35 | Hamulec, lewa komora, temp.[°C]  |           2834 |             2834 |        25510 |              20 | float64     |
+-----+----------------------------------+----------------+------------------+--------------+-----------------+-------------+
|  36 | Czas [ms].18                     |           2834 |             2834 |        25510 |            2834 | float64     |
+-----+----------------------------------+----------------+------------------+--------------+-----------------+-------------+
|  37 | Hamulec, prawa komora, temp.[°C] |           2834 |             2834 |        25510 |              22 | float64     |
+-----+----------------------------------+----------------+------------------+--------------+-----------------+-------------+
|  38 | Czas [ms].19                     |           2834 |             2834 |        25510 |            2834 | float64     |
+-----+----------------------------------+----------------+------------------+--------------+-----------------+-------------+
|  39 | Hamulec, przepływ wody[m³/h]     |           2834 |             2834 |        25510 |               4 | float64     |
+-----+----------------------------------+----------------+------------------+--------------+-----------------+-------------+
|  40 | Czas [ms].20                     |           2267 |             2267 |        26077 |            2267 | float64     |
+-----+----------------------------------+----------------+------------------+--------------+-----------------+-------------+
|  41 | Ilość paliwa w zbiorniku[g]      |           2267 |             2267 |        26077 |            2256 | float64     |
+-----+----------------------------------+----------------+------------------+--------------+-----------------+-------------+
|  42 | Czas [ms].21                     |           2834 |             2834 |        25510 |            2834 | float64     |
+-----+----------------------------------+----------------+------------------+--------------+-----------------+-------------+
|  43 | Kond. - przepływ wody[l/min]     |           2834 |             2834 |        25510 |              57 | float64     |
+-----+----------------------------------+----------------+------------------+--------------+-----------------+-------------+
|  44 | Czas [ms].22                     |            568 |              568 |        27776 |             568 | float64     |
+-----+----------------------------------+----------------+------------------+--------------+-----------------+-------------+
|  45 | Kontrolka zb. 1/3 [-]            |            568 |              568 |        27776 |               1 | float64     |
+-----+----------------------------------+----------------+------------------+--------------+-----------------+-------------+
|  46 | Czas [ms].23                     |            568 |              568 |        27776 |             568 | float64     |
+-----+----------------------------------+----------------+------------------+--------------+-----------------+-------------+
|  47 | Kontrolka zb. 2/3 [-]            |            568 |              568 |        27776 |               1 | float64     |
+-----+----------------------------------+----------------+------------------+--------------+-----------------+-------------+
|  48 | Czas [ms].24                     |            568 |              568 |        27776 |             568 | float64     |
+-----+----------------------------------+----------------+------------------+--------------+-----------------+-------------+
|  49 | Kontrolka zb. 3/3 [-]            |            568 |              568 |        27776 |               1 | float64     |
+-----+----------------------------------+----------------+------------------+--------------+-----------------+-------------+
|  50 | Czas [ms].25                     |           2834 |             2834 |        25510 |            2834 | float64     |
+-----+----------------------------------+----------------+------------------+--------------+-----------------+-------------+
|  51 | MAF[kg/h]                        |           2834 |             2834 |        25510 |            1382 | float64     |
+-----+----------------------------------+----------------+------------------+--------------+-----------------+-------------+
|  52 | Czas [ms].26                     |           2834 |             2834 |        25510 |            2834 | float64     |
+-----+----------------------------------+----------------+------------------+--------------+-----------------+-------------+
|  53 | Moc[kW]                          |           2834 |             2834 |        25510 |             334 | float64     |
+-----+----------------------------------+----------------+------------------+--------------+-----------------+-------------+
|  54 | Czas [ms].27                     |          28344 |            28344 |            0 |           28341 | int64       |
+-----+----------------------------------+----------------+------------------+--------------+-----------------+-------------+
|  55 | Moment obrotowy[Nm]              |          28344 |            28344 |            0 |            2296 | float64     |
+-----+----------------------------------+----------------+------------------+--------------+-----------------+-------------+
|  56 | Czas [ms].28                     |            153 |              153 |        28191 |             153 | float64     |
+-----+----------------------------------+----------------+------------------+--------------+-----------------+-------------+
|  57 | Moment Tryb3[Nm]                 |            153 |              153 |        28191 |               2 | float64     |
+-----+----------------------------------+----------------+------------------+--------------+-----------------+-------------+
|  58 | Czas [ms].29                     |              4 |                4 |        28340 |               4 | float64     |
+-----+----------------------------------+----------------+------------------+--------------+-----------------+-------------+
|  59 | Moment Tryb4[Nm]                 |              4 |                4 |        28340 |               1 | float64     |
+-----+----------------------------------+----------------+------------------+--------------+-----------------+-------------+
|  60 | Czas [ms].30                     |          28344 |            28344 |            0 |           28341 | int64       |
+-----+----------------------------------+----------------+------------------+--------------+-----------------+-------------+
|  61 | Obroty[obr/min]                  |          28344 |            28344 |            0 |            1569 | int64       |
+-----+----------------------------------+----------------+------------------+--------------+-----------------+-------------+
|  62 | Czas [ms].31                     |           2834 |             2834 |        25510 |            2834 | float64     |
+-----+----------------------------------+----------------+------------------+--------------+-----------------+-------------+
|  63 | Poz. paliwa zb. 1/3[mm]          |           2834 |             2834 |        25510 |              23 | float64     |
+-----+----------------------------------+----------------+------------------+--------------+-----------------+-------------+
|  64 | Czas [ms].32                     |           2834 |             2834 |        25510 |            2834 | float64     |
+-----+----------------------------------+----------------+------------------+--------------+-----------------+-------------+
|  65 | Poz. paliwa zb. 2/3[mm]          |           2834 |             2834 |        25510 |               2 | float64     |
+-----+----------------------------------+----------------+------------------+--------------+-----------------+-------------+
|  66 | Czas [ms].33                     |           2834 |             2834 |        25510 |            2834 | float64     |
+-----+----------------------------------+----------------+------------------+--------------+-----------------+-------------+
|  67 | Poz. paliwa zb. 3/3[mm]          |           2834 |             2834 |        25510 |               2 | float64     |
+-----+----------------------------------+----------------+------------------+--------------+-----------------+-------------+
|  68 | Czas [ms].34                     |            567 |              567 |        27777 |             567 | float64     |
+-----+----------------------------------+----------------+------------------+--------------+-----------------+-------------+
|  69 | Przekaź. pompy paliwa[-]         |            567 |              567 |        27777 |               1 | float64     |
+-----+----------------------------------+----------------+------------------+--------------+-----------------+-------------+
|  70 | Czas [ms].35                     |            568 |              568 |        27776 |             568 | float64     |
+-----+----------------------------------+----------------+------------------+--------------+-----------------+-------------+
|  71 | Przekaźnik zapłonu[-]            |            568 |              568 |        27776 |               1 | float64     |
+-----+----------------------------------+----------------+------------------+--------------+-----------------+-------------+
|  72 | Czas [ms].36                     |           2268 |             2268 |        26076 |            2268 | float64     |
+-----+----------------------------------+----------------+------------------+--------------+-----------------+-------------+
|  73 | Przepustnica[%]                  |           2268 |             2268 |        26076 |              47 | float64     |
+-----+----------------------------------+----------------+------------------+--------------+-----------------+-------------+
|  74 | Czas [ms].37                     |            117 |              117 |        28227 |             117 | float64     |
+-----+----------------------------------+----------------+------------------+--------------+-----------------+-------------+
|  75 | Przepustnica Tryb0[%]            |            117 |              117 |        28227 |               2 | float64     |
+-----+----------------------------------+----------------+------------------+--------------+-----------------+-------------+
|  76 | Czas [ms].38                     |           2028 |             2028 |        26316 |            2027 | float64     |
+-----+----------------------------------+----------------+------------------+--------------+-----------------+-------------+
|  77 | Przepustnica Tryb1[%]            |           2028 |             2028 |        26316 |              11 | float64     |
+-----+----------------------------------+----------------+------------------+--------------+-----------------+-------------+
|  78 | Czas [ms].39                     |           2834 |             2834 |        25510 |            2834 | float64     |
+-----+----------------------------------+----------------+------------------+--------------+-----------------+-------------+
|  79 | Przyklad[bar]                    |           2834 |             2834 |        25510 |               1 | float64     |
+-----+----------------------------------+----------------+------------------+--------------+-----------------+-------------+
|  80 | Czas [ms].40                     |            117 |              117 |        28227 |             117 | float64     |
+-----+----------------------------------+----------------+------------------+--------------+-----------------+-------------+
|  81 | PWM Tryb0[%]                     |            117 |              117 |        28227 |               3 | float64     |
+-----+----------------------------------+----------------+------------------+--------------+-----------------+-------------+
|  82 | Czas [ms].41                     |            570 |              570 |        27774 |             570 | float64     |
+-----+----------------------------------+----------------+------------------+--------------+-----------------+-------------+
|  83 | Rozrusznik[-]                    |            570 |              570 |        27774 |               2 | float64     |
+-----+----------------------------------+----------------+------------------+--------------+-----------------+-------------+
|  84 | Czas [ms].42                     |           2028 |             2028 |        26316 |            2027 | float64     |
+-----+----------------------------------+----------------+------------------+--------------+-----------------+-------------+
|  85 | RPM Tryb1[obr/min]               |           2028 |             2028 |        26316 |              13 | float64     |
+-----+----------------------------------+----------------+------------------+--------------+-----------------+-------------+
|  86 | Czas [ms].43                     |            153 |              153 |        28191 |             153 | float64     |
+-----+----------------------------------+----------------+------------------+--------------+-----------------+-------------+
|  87 | RPM Tryb3[obr/min]               |            153 |              153 |        28191 |               4 | float64     |
+-----+----------------------------------+----------------+------------------+--------------+-----------------+-------------+
|  88 | Czas [ms].44                     |              4 |                4 |        28340 |               4 | float64     |
+-----+----------------------------------+----------------+------------------+--------------+-----------------+-------------+
|  89 | RPM Tryb4[obr/min]               |              4 |                4 |        28340 |               1 | float64     |
+-----+----------------------------------+----------------+------------------+--------------+-----------------+-------------+
|  90 | Czas [ms].45                     |            566 |              566 |        27778 |             566 | float64     |
+-----+----------------------------------+----------------+------------------+--------------+-----------------+-------------+
|  91 | Starter[-]                       |            566 |              566 |        27778 |               2 | float64     |
+-----+----------------------------------+----------------+------------------+--------------+-----------------+-------------+
|  92 | Czas [ms].46                     |           1134 |             1134 |        27210 |            1134 | float64     |
+-----+----------------------------------+----------------+------------------+--------------+-----------------+-------------+
|  93 | Stycz. chłodni went.[-]          |           1134 |             1134 |        27210 |               1 | float64     |
+-----+----------------------------------+----------------+------------------+--------------+-----------------+-------------+
|  94 | Czas [ms].47                     |           2833 |             2833 |        25511 |            2833 | float64     |
+-----+----------------------------------+----------------+------------------+--------------+-----------------+-------------+
|  95 | Temp. oleju przed wym.[°C]       |           2833 |             2833 |        25511 |               8 | float64     |
+-----+----------------------------------+----------------+------------------+--------------+-----------------+-------------+
|  96 | Czas [ms].48                     |           2833 |             2833 |        25511 |            2833 | float64     |
+-----+----------------------------------+----------------+------------------+--------------+-----------------+-------------+
|  97 | Temp. oleju w misce[°C]          |           2833 |             2833 |        25511 |              29 | float64     |
+-----+----------------------------------+----------------+------------------+--------------+-----------------+-------------+
|  98 | Czas [ms].49                     |           2833 |             2833 |        25511 |            2833 | float64     |
+-----+----------------------------------+----------------+------------------+--------------+-----------------+-------------+
|  99 | Temp. oleju za wym.[°C]          |           2833 |             2833 |        25511 |              10 | float64     |
+-----+----------------------------------+----------------+------------------+--------------+-----------------+-------------+
| 100 | Czas [ms].50                     |           2834 |             2834 |        25510 |            2834 | float64     |
+-----+----------------------------------+----------------+------------------+--------------+-----------------+-------------+
| 101 | Temp. otoczenia[°C]              |           2834 |             2834 |        25510 |              23 | float64     |
+-----+----------------------------------+----------------+------------------+--------------+-----------------+-------------+
| 102 | Czas [ms].51                     |           2834 |             2834 |        25510 |            2834 | float64     |
+-----+----------------------------------+----------------+------------------+--------------+-----------------+-------------+
| 103 | Temp. pal. na wejściu sil.[°C]   |           2834 |             2834 |        25510 |              35 | float64     |
+-----+----------------------------------+----------------+------------------+--------------+-----------------+-------------+
| 104 | Czas [ms].52                     |           2834 |             2834 |        25510 |            2834 | float64     |
+-----+----------------------------------+----------------+------------------+--------------+-----------------+-------------+
| 105 | Temp. pal. na wyjściu sil.[°C]   |           2834 |             2834 |        25510 |             199 | float64     |
+-----+----------------------------------+----------------+------------------+--------------+-----------------+-------------+
| 106 | Czas [ms].53                     |           2833 |             2833 |        25511 |            2833 | float64     |
+-----+----------------------------------+----------------+------------------+--------------+-----------------+-------------+
| 107 | Temp. paliwa w zb. 1/3[°C]       |           2833 |             2833 |        25511 |              11 | float64     |
+-----+----------------------------------+----------------+------------------+--------------+-----------------+-------------+
| 108 | Czas [ms].54                     |           2833 |             2833 |        25511 |            2833 | float64     |
+-----+----------------------------------+----------------+------------------+--------------+-----------------+-------------+
| 109 | Temp. paliwa w zb. 2/3[°C]       |           2833 |             2833 |        25511 |              13 | float64     |
+-----+----------------------------------+----------------+------------------+--------------+-----------------+-------------+
| 110 | Czas [ms].55                     |           2833 |             2833 |        25511 |            2833 | float64     |
+-----+----------------------------------+----------------+------------------+--------------+-----------------+-------------+
| 111 | Temp. paliwa w zb. 3/3[°C]       |           2833 |             2833 |        25511 |               7 | float64     |
+-----+----------------------------------+----------------+------------------+--------------+-----------------+-------------+
| 112 | Czas [ms].56                     |           2833 |             2833 |        25511 |            2833 | float64     |
+-----+----------------------------------+----------------+------------------+--------------+-----------------+-------------+
| 113 | Temp. powietrza przed turb.[°C]  |           2833 |             2833 |        25511 |              46 | float64     |
+-----+----------------------------------+----------------+------------------+--------------+-----------------+-------------+
| 114 | Czas [ms].57                     |           2833 |             2833 |        25511 |            2833 | float64     |
+-----+----------------------------------+----------------+------------------+--------------+-----------------+-------------+
| 115 | Temp. powietrza za turb.[°C]     |           2833 |             2833 |        25511 |              59 | float64     |
+-----+----------------------------------+----------------+------------------+--------------+-----------------+-------------+
| 116 | Czas [ms].58                     |           2834 |             2834 |        25510 |            2834 | float64     |
+-----+----------------------------------+----------------+------------------+--------------+-----------------+-------------+
| 117 | Temp. spalin 1/6[°C]             |           2834 |             2834 |        25510 |             315 | float64     |
+-----+----------------------------------+----------------+------------------+--------------+-----------------+-------------+
| 118 | Czas [ms].59                     |           2834 |             2834 |        25510 |            2834 | float64     |
+-----+----------------------------------+----------------+------------------+--------------+-----------------+-------------+
| 119 | Temp. spalin 2/6[°C]             |           2834 |             2834 |        25510 |             345 | float64     |
+-----+----------------------------------+----------------+------------------+--------------+-----------------+-------------+
| 120 | Czas [ms].60                     |           2834 |             2834 |        25510 |            2834 | float64     |
+-----+----------------------------------+----------------+------------------+--------------+-----------------+-------------+
| 121 | Temp. spalin 3/6[°C]             |           2834 |             2834 |        25510 |             348 | float64     |
+-----+----------------------------------+----------------+------------------+--------------+-----------------+-------------+
| 122 | Czas [ms].61                     |           2834 |             2834 |        25510 |            2834 | float64     |
+-----+----------------------------------+----------------+------------------+--------------+-----------------+-------------+
| 123 | Temp. spalin 4/6[°C]             |           2834 |             2834 |        25510 |             330 | float64     |
+-----+----------------------------------+----------------+------------------+--------------+-----------------+-------------+
| 124 | Czas [ms].62                     |           2833 |             2833 |        25511 |            2833 | float64     |
+-----+----------------------------------+----------------+------------------+--------------+-----------------+-------------+
| 125 | Temp. spalin za turbiną 1/2[°C]  |           2833 |             2833 |        25511 |             320 | float64     |
+-----+----------------------------------+----------------+------------------+--------------+-----------------+-------------+
| 126 | Czas [ms].63                     |           2833 |             2833 |        25511 |            2833 | float64     |
+-----+----------------------------------+----------------+------------------+--------------+-----------------+-------------+
| 127 | Temp. spalin za turbiną 2/2[°C]  |           2833 |             2833 |        25511 |             317 | float64     |
+-----+----------------------------------+----------------+------------------+--------------+-----------------+-------------+
| 128 | Czas [ms].64                     |           2833 |             2833 |        25511 |            2833 | float64     |
+-----+----------------------------------+----------------+------------------+--------------+-----------------+-------------+
| 129 | Temp.pal.na wyjściu[°C]          |           2833 |             2833 |        25511 |              19 | float64     |
+-----+----------------------------------+----------------+------------------+--------------+-----------------+-------------+
| 130 | Czas [ms].65                     |           2834 |             2834 |        25510 |            2834 | float64     |
+-----+----------------------------------+----------------+------------------+--------------+-----------------+-------------+
| 131 | Temp.paliwa żądana[°C]           |           2834 |             2834 |        25510 |               1 | float64     |
+-----+----------------------------------+----------------+------------------+--------------+-----------------+-------------+
| 132 | Czas [ms].66                     |           2834 |             2834 |        25510 |            2834 | float64     |
+-----+----------------------------------+----------------+------------------+--------------+-----------------+-------------+
| 133 | Wilgotność względna[%]           |           2834 |             2834 |        25510 |               7 | float64     |
+-----+----------------------------------+----------------+------------------+--------------+-----------------+-------------+
| 134 | Czas [ms].67                     |            566 |              566 |        27778 |             566 | float64     |
+-----+----------------------------------+----------------+------------------+--------------+-----------------+-------------+
| 135 | Wyłącznik bezpieczeństwa[-]      |            566 |              566 |        27778 |               1 | float64     |
+-----+----------------------------------+----------------+------------------+--------------+-----------------+-------------+
| 136 | Czas [ms].68                     |            566 |              566 |        27778 |             566 | float64     |
+-----+----------------------------------+----------------+------------------+--------------+-----------------+-------------+
| 137 | Zapłon[-]                        |            566 |              566 |        27778 |               1 | float64     |
+-----+----------------------------------+----------------+------------------+--------------+-----------------+-------------+
| 138 | Czas [ms].69                     |            568 |              568 |        27776 |             568 | float64     |
+-----+----------------------------------+----------------+------------------+--------------+-----------------+-------------+
| 139 | Zaw. zb. paliwa 1/3[-]           |            568 |              568 |        27776 |               1 | float64     |
+-----+----------------------------------+----------------+------------------+--------------+-----------------+-------------+
| 140 | Czas [ms].70                     |            568 |              568 |        27776 |             568 | float64     |
+-----+----------------------------------+----------------+------------------+--------------+-----------------+-------------+
| 141 | Zaw. zb. paliwa 2/3[-]           |            568 |              568 |        27776 |               1 | float64     |
+-----+----------------------------------+----------------+------------------+--------------+-----------------+-------------+
| 142 | Czas [ms].71                     |            568 |              568 |        27776 |             568 | float64     |
+-----+----------------------------------+----------------+------------------+--------------+-----------------+-------------+
| 143 | Zaw. zb. paliwa 3/3[-]           |            568 |              568 |        27776 |               1 | float64     |
+-----+----------------------------------+----------------+------------------+--------------+-----------------+-------------+
| 144 | Czas [ms].72                     |           1134 |             1134 |        27210 |            1134 | float64     |
+-----+----------------------------------+----------------+------------------+--------------+-----------------+-------------+
| 145 | Zawór reg. chł. cieczy[-]        |           1134 |             1134 |        27210 |               1 | float64     |
+-----+----------------------------------+----------------+------------------+--------------+-----------------+-------------+
| 146 | Czas [ms].73                     |           2834 |             2834 |        25510 |            2834 | float64     |
+-----+----------------------------------+----------------+------------------+--------------+-----------------+-------------+
| 147 | Zużycie paliwa bieżące[g/s]      |           2834 |             2834 |        25510 |             258 | float64     |
+-----+----------------------------------+----------------+------------------+--------------+-----------------+-------------+
| 148 | Czas [ms].74                     |           2834 |             2834 |        25510 |            2834 | float64     |
+-----+----------------------------------+----------------+------------------+--------------+-----------------+-------------+
| 149 | Zużycie paliwa średnie[g/s]      |           2834 |             2834 |        25510 |            2053 | float64     |
+-----+----------------------------------+----------------+------------------+--------------+-----------------+-------------+
2024-12-02 13:31:26,339 - INFO - Metadata extraction completed for all DataFrames.
2024-12-02 13:31:28,419 - INFO - Step 4: Metadata extracted successfully.
2024-12-02 13:31:28,419 - INFO - Continue data pipeline. Step 5: Filtering and preprocessing data...
2024-12-02 13:31:28,421 - INFO - !!!!!!!!Column pairs: [['Czas [ms].1', 'Ciś. pow. za turb.[Pa]'], ['Czas [ms].2', 'Ciśnienie atmosferyczne[hPa]'], ['Czas [ms].11', 'ECT - wyjście z sil.[°C]'], ['Czas [ms].25', 'MAF[kg/h]'], ['Czas [ms].26', 'Moc[kW]'], ['Czas [ms].27', 'Moment obrotowy[Nm]'], ['Czas [ms].30', 'Obroty[obr/min]'], ['Czas [ms].48', 'Temp. oleju w misce[°C]'], ['Czas [ms].50', 'Temp. otoczenia[°C]'], ['Czas [ms].52', 'Temp. pal. na wyjściu sil.[°C]'], ['Czas [ms].57', 'Temp. powietrza za turb.[°C]'], ['Czas [ms].58', 'Temp. spalin 1/6[°C]'], ['Czas [ms].59', 'Temp. spalin 2/6[°C]'], ['Czas [ms].60', 'Temp. spalin 3/6[°C]'], ['Czas [ms].61', 'Temp. spalin 4/6[°C]'], ['Czas [ms].66', 'Wilgotność względna[%]'], ['Czas [ms].74', 'Zużycie paliwa średnie[g/s]']]
2024-12-02 13:31:28,423 - INFO - Filtered DataFrame to include 34 columns.
2024-12-02 13:31:28,487 - INFO - Time columns synchronized successfully.
2024-12-02 13:31:28,488 - INFO - Filtered DataFrame shape. after synchronize_time(): (2834, 18)
2024-12-02 13:31:28,489 - INFO - DataCleaner initialized.
2024-12-02 13:31:28,489 - INFO - Starting data cleaning process.
2024-12-02 13:31:28,499 - INFO - Data cleaning process completed.
2024-12-02 13:31:28,499 - INFO - Starting identify_stable_rotation with threshold=20 and window='8000ms'
2024-12-02 13:31:28,499 - INFO - DataFrame copied for processing.
2024-12-02 13:31:28,500 - INFO - 'Time' column is already in datetime format.
2024-12-02 13:31:28,500 - INFO - 'Time' column set as index.
2024-12-02 13:31:28,500 - INFO - Computing rolling max and min of 'Obroty[obr/min]'.
2024-12-02 13:31:28,502 - INFO - Identified 1739 points where rotation difference ≤ threshold.
2024-12-02 13:31:28,504 - INFO - Labeled stable regions into 33 groups.
2024-12-02 13:31:28,507 - INFO - Group 1: Found 3 stable time points.
2024-12-02 13:31:28,507 - INFO - Group 3: Found 80 stable time points.
2024-12-02 13:31:28,508 - INFO - Group 5: Found 24 stable time points.
2024-12-02 13:31:28,508 - INFO - Group 7: Found 172 stable time points.
2024-12-02 13:31:28,508 - INFO - Group 9: Found 151 stable time points.
2024-12-02 13:31:28,508 - INFO - Group 11: Found 74 stable time points.
2024-12-02 13:31:28,508 - INFO - Group 13: Found 144 stable time points.
2024-12-02 13:31:28,509 - INFO - Group 15: Found 106 stable time points.
2024-12-02 13:31:28,509 - INFO - Group 17: Found 124 stable time points.
2024-12-02 13:31:28,509 - INFO - Group 19: Found 105 stable time points.
2024-12-02 13:31:28,509 - INFO - Group 21: Found 79 stable time points.
2024-12-02 13:31:28,509 - INFO - Group 23: Found 155 stable time points.
2024-12-02 13:31:28,510 - INFO - Group 25: Found 153 stable time points.
2024-12-02 13:31:28,510 - INFO - Group 27: Found 106 stable time points.
2024-12-02 13:31:28,510 - INFO - Group 29: Found 117 stable time points.
2024-12-02 13:31:28,510 - INFO - Group 31: Found 43 stable time points.
2024-12-02 13:31:28,511 - INFO - Group 33: Found 103 stable time points.
2024-12-02 13:31:28,512 - INFO - Dropped temporary 'Stable' and 'Group' columns.
2024-12-02 13:31:28,512 - INFO - Identified 17 stable rotation levels.
2024-12-02 13:31:28,514 - INFO - Group 0: Mean rotation = 6.7 RPM.
2024-12-02 13:31:28,516 - INFO - Group 1: Mean rotation = 800.5 RPM.
2024-12-02 13:31:28,516 - INFO - Group 2: Mean rotation = 1706.6 RPM.
2024-12-02 13:31:28,518 - INFO - Group 3: Mean rotation = 2403.0 RPM.
2024-12-02 13:31:28,519 - INFO - Group 4: Mean rotation = 2301.3 RPM.
2024-12-02 13:31:28,520 - INFO - Group 5: Mean rotation = 2199.7 RPM.
2024-12-02 13:31:28,521 - INFO - Group 6: Mean rotation = 2100.2 RPM.
2024-12-02 13:31:28,523 - INFO - Group 7: Mean rotation = 1999.9 RPM.
2024-12-02 13:31:28,525 - INFO - Group 8: Mean rotation = 1900.7 RPM.
2024-12-02 13:31:28,527 - INFO - Group 9: Mean rotation = 1799.5 RPM.
2024-12-02 13:31:28,528 - INFO - Group 10: Mean rotation = 1700.1 RPM.
2024-12-02 13:31:28,530 - INFO - Group 11: Mean rotation = 1599.8 RPM.
2024-12-02 13:31:28,531 - INFO - Group 12: Mean rotation = 1497.3 RPM.
2024-12-02 13:31:28,532 - INFO - Group 13: Mean rotation = 1399.8 RPM.
2024-12-02 13:31:28,534 - INFO - Group 14: Mean rotation = 1298.9 RPM.
2024-12-02 13:31:28,535 - INFO - Group 15: Mean rotation = 800.8 RPM.
2024-12-02 13:31:28,536 - INFO - Group 16: Mean rotation = 1800.5 RPM.
2024-12-02 13:31:28,536 - INFO - Stable rotation levels extracted. Average values: [6.7, 800.5, 1706.6, 2403.0, 2301.3, 2199.7, 2100.2, 1999.9, 1900.7, 1799.5, 1700.1, 1599.8, 1497.3, 1399.8, 1298.9, 800.8, 1800.5]
2024-12-02 13:31:28,538 - INFO - !!!---> Starting identify_stable_torque_nm with threshold=1.6 and window='8000ms'
2024-12-02 13:31:28,539 - INFO - DataFrame copied for processing.
2024-12-02 13:31:28,539 - INFO - 'Time' column is already in datetime format.
2024-12-02 13:31:28,540 - INFO - 'Time' column set as index.
2024-12-02 13:31:28,540 - INFO - Computing rolling max and min of 'Moment obrotowy[Nm]'.
2024-12-02 13:31:28,541 - INFO - Rolling object parameters:
2024-12-02 13:31:28,542 - INFO -  - window: 8000ms
2024-12-02 13:31:28,542 - INFO -  - min_periods: 1
2024-12-02 13:31:28,542 - INFO -  - center: False
2024-12-02 13:31:28,542 - INFO -  - win_type: None
2024-12-02 13:31:28,542 - INFO -  - axis: 0
2024-12-02 13:31:28,542 - INFO -  - method: single
2024-12-02 13:31:28,542 - INFO -  - closed: None
2024-12-02 13:31:28,543 - INFO - Identified 1803 points where torque difference ≤ threshold.
2024-12-02 13:31:28,546 - INFO - Labeled stable regions into 35 groups.
2024-12-02 13:31:28,548 - INFO - Group 1: Found 338 stable time points.
2024-12-02 13:31:28,548 - INFO - Group 3: Found 103 stable time points.
2024-12-02 13:31:28,548 - INFO - Group 5: Found 1 stable time points.
2024-12-02 13:31:28,548 - INFO - Group 7: Found 24 stable time points.
2024-12-02 13:31:28,549 - INFO - Group 9: Found 125 stable time points.
2024-12-02 13:31:28,549 - INFO - Group 11: Found 6 stable time points.
2024-12-02 13:31:28,549 - INFO - Group 13: Found 66 stable time points.
2024-12-02 13:31:28,549 - INFO - Group 15: Found 114 stable time points.
2024-12-02 13:31:28,549 - INFO - Group 17: Found 92 stable time points.
2024-12-02 13:31:28,550 - INFO - Group 19: Found 109 stable time points.
2024-12-02 13:31:28,550 - INFO - Group 21: Found 91 stable time points.
2024-12-02 13:31:28,550 - INFO - Group 23: Found 10 stable time points.
2024-12-02 13:31:28,550 - INFO - Group 25: Found 64 stable time points.
2024-12-02 13:31:28,550 - INFO - Group 27: Found 165 stable time points.
2024-12-02 13:31:28,550 - INFO - Group 29: Found 138 stable time points.
2024-12-02 13:31:28,551 - INFO - Group 31: Found 105 stable time points.
2024-12-02 13:31:28,551 - INFO - Group 33: Found 106 stable time points.
2024-12-02 13:31:28,551 - INFO - Group 35: Found 146 stable time points.
2024-12-02 13:31:28,552 - INFO - Dropped temporary 'Stable' and 'Group' columns.
2024-12-02 13:31:28,552 - INFO - Identified 18 stable torque levels.
2024-12-02 13:31:28,554 - INFO - Group 0: Mean torque = 1.8 Nm.
2024-12-02 13:31:28,555 - INFO - Group 1: Mean torque = 298.9 Nm.
2024-12-02 13:31:28,556 - INFO - Group 2: Mean torque = 301.3 Nm.
2024-12-02 13:31:28,558 - INFO - Group 3: Mean torque = 301.6 Nm.
2024-12-02 13:31:28,559 - INFO - Group 4: Mean torque = 314.0 Nm.
2024-12-02 13:31:28,561 - INFO - Group 5: Mean torque = 331.9 Nm.
2024-12-02 13:31:28,563 - INFO - Group 6: Mean torque = 331.5 Nm.
2024-12-02 13:31:28,564 - INFO - Group 7: Mean torque = 334.7 Nm.
2024-12-02 13:31:28,565 - INFO - Group 8: Mean torque = 340.8 Nm.
2024-12-02 13:31:28,567 - INFO - Group 9: Mean torque = 349.2 Nm.
2024-12-02 13:31:28,568 - INFO - Group 10: Mean torque = 353.8 Nm.
2024-12-02 13:31:28,570 - INFO - Group 11: Mean torque = 361.8 Nm.
2024-12-02 13:31:28,571 - INFO - Group 12: Mean torque = 362.0 Nm.
2024-12-02 13:31:28,572 - INFO - Group 13: Mean torque = 371.2 Nm.
2024-12-02 13:31:28,573 - INFO - Group 14: Mean torque = 363.8 Nm.
2024-12-02 13:31:28,575 - INFO - Group 15: Mean torque = 366.5 Nm.
2024-12-02 13:31:28,576 - INFO - Group 16: Mean torque = 369.2 Nm.
2024-12-02 13:31:28,578 - INFO - Group 17: Mean torque = 2.6 Nm.
2024-12-02 13:31:28,579 - INFO - Stable torque levels extracted. Average values: [1.8, 298.9, 301.3, 301.6, 314.0, 331.9, 331.5, 334.7, 340.8, 349.2, 353.8, 361.8, 362.0, 371.2, 363.8, 366.5, 369.2, 2.6]
2024-12-02 13:31:28,582 - INFO - Starting identify_stable_fuel_consumption with threshold=0.1 and window='8000ms'
2024-12-02 13:31:28,582 - INFO - DataFrame copied for processing.
2024-12-02 13:31:28,582 - INFO - 'Time' column is already in datetime format.
2024-12-02 13:31:28,583 - INFO - 'Time' column set as index.
2024-12-02 13:31:28,583 - INFO - Computing rolling max and min of 'Zużycie paliwa średnie[g/s]'.
2024-12-02 13:31:28,585 - INFO - Rolling object parameters:
2024-12-02 13:31:28,585 - INFO -  - window: 8000ms
2024-12-02 13:31:28,585 - INFO -  - min_periods: 1
2024-12-02 13:31:28,585 - INFO -  - center: False
2024-12-02 13:31:28,585 - INFO -  - axis: 0
2024-12-02 13:31:28,585 - INFO -  - method: single
2024-12-02 13:31:28,586 - INFO -  - closed: None
2024-12-02 13:31:28,586 - INFO - Identified 1563 points where fuel consumption difference ≤ threshold.
2024-12-02 13:31:28,588 - INFO - Labeled stable regions into 39 groups.
2024-12-02 13:31:28,590 - INFO - Group 1: Found 38 stable time points.
2024-12-02 13:31:28,590 - INFO - Group 3: Found 63 stable time points.
2024-12-02 13:31:28,591 - INFO - Group 5: Found 13 stable time points.
2024-12-02 13:31:28,591 - INFO - Group 7: Found 47 stable time points.
2024-12-02 13:31:28,591 - INFO - Group 9: Found 11 stable time points.
2024-12-02 13:31:28,591 - INFO - Group 11: Found 113 stable time points.
2024-12-02 13:31:28,591 - INFO - Group 13: Found 198 stable time points.
2024-12-02 13:31:28,592 - INFO - Group 15: Found 82 stable time points.
2024-12-02 13:31:28,592 - INFO - Group 17: Found 160 stable time points.
2024-12-02 13:31:28,592 - INFO - Group 19: Found 76 stable time points.
2024-12-02 13:31:28,593 - INFO - Group 21: Found 72 stable time points.
2024-12-02 13:31:28,593 - INFO - Group 23: Found 68 stable time points.
2024-12-02 13:31:28,593 - INFO - Group 25: Found 25 stable time points.
2024-12-02 13:31:28,594 - INFO - Group 27: Found 81 stable time points.
2024-12-02 13:31:28,594 - INFO - Group 29: Found 137 stable time points.
2024-12-02 13:31:28,594 - INFO - Group 31: Found 157 stable time points.
2024-12-02 13:31:28,594 - INFO - Group 33: Found 61 stable time points.
2024-12-02 13:31:28,595 - INFO - Group 35: Found 26 stable time points.
2024-12-02 13:31:28,595 - INFO - Group 37: Found 96 stable time points.
2024-12-02 13:31:28,595 - INFO - Group 39: Found 39 stable time points.
2024-12-02 13:31:28,596 - INFO - Dropped temporary 'Stable' and 'Group' columns.
2024-12-02 13:31:28,596 - INFO - Identified 20 stable fuel consumption levels.
2024-12-02 13:31:28,598 - INFO - Group 0: Mean fuel consumption = 0.04 g/s.
2024-12-02 13:31:28,599 - INFO - Group 1: Mean fuel consumption = 0.17 g/s.
2024-12-02 13:31:28,601 - INFO - Group 2: Mean fuel consumption = 0.26 g/s.
2024-12-02 13:31:28,602 - INFO - Group 3: Mean fuel consumption = 0.52 g/s.
2024-12-02 13:31:28,604 - INFO - Group 4: Mean fuel consumption = 4.99 g/s.
2024-12-02 13:31:28,605 - INFO - Group 5: Mean fuel consumption = 4.95 g/s.
2024-12-02 13:31:28,606 - INFO - Group 6: Mean fuel consumption = 4.91 g/s.
2024-12-02 13:31:28,608 - INFO - Group 7: Mean fuel consumption = 4.94 g/s.
2024-12-02 13:31:28,610 - INFO - Group 8: Mean fuel consumption = 4.65 g/s.
2024-12-02 13:31:28,612 - INFO - Group 9: Mean fuel consumption = 4.58 g/s.
2024-12-02 13:31:28,613 - INFO - Group 10: Mean fuel consumption = 4.42 g/s.
2024-12-02 13:31:28,615 - INFO - Group 11: Mean fuel consumption = 4.27 g/s.
2024-12-02 13:31:28,616 - INFO - Group 12: Mean fuel consumption = 4.2 g/s.
2024-12-02 13:31:28,618 - INFO - Group 13: Mean fuel consumption = 4.04 g/s.
2024-12-02 13:31:28,619 - INFO - Group 14: Mean fuel consumption = 3.97 g/s.
2024-12-02 13:31:28,620 - INFO - Group 15: Mean fuel consumption = 3.46 g/s.
2024-12-02 13:31:28,621 - INFO - Group 16: Mean fuel consumption = 3.26 g/s.
2024-12-02 13:31:28,623 - INFO - Group 17: Mean fuel consumption = 3.19 g/s.
2024-12-02 13:31:28,624 - INFO - Group 18: Mean fuel consumption = 3.05 g/s.
2024-12-02 13:31:28,626 - INFO - Group 19: Mean fuel consumption = 0.53 g/s.
2024-12-02 13:31:28,626 - INFO - Stable fuel consumption levels extracted. Average values: [0.04, 0.17, 0.26, 0.52, 4.99, 4.95, 4.91, 4.94, 4.65, 4.58, 4.42, 4.27, 4.2, 4.04, 3.97, 3.46, 3.26, 3.19, 3.05, 0.53]
2024-12-02 13:31:28,629 - INFO - Starting filter_high_temperature_oil.
2024-12-02 13:31:28,630 - INFO - Removed 0 rows where oil temperature was less than 50°C.
2024-12-02 13:31:28,645 - INFO - Extracted 947 rows of intersected stable data.
2024-12-02 13:31:28,646 - INFO - DataFrame cleaned successfully using DataCleaner.
2024-12-02 13:31:28,647 - INFO - Starting metadata extraction for multiple DataFrames...
2024-12-02 13:31:28,647 - INFO - Processing DataFrame 1/1 with shape (947, 18)...
2024-12-02 13:31:28,655 - INFO - Metadata for DataFrame 0, names_of_files_under_procession:['Zew Efekta Agrotronika _ 2019-05-17.csv', '', 'Efekta Agrotronika'], DataFrame after filtering and cleaning::
+----+--------------------------------+----------------+------------------+--------------+-----------------+----------------+
|    | Column                         |   Total Values |   Non-Null Count |   Null Count |   Unique Values | Data Type      |
+====+================================+================+==================+==============+=================+================+
|  0 | Time                           |            947 |              947 |            0 |             947 | datetime64[ns] |
+----+--------------------------------+----------------+------------------+--------------+-----------------+----------------+
|  1 | Ciś. pow. za turb.[Pa]         |            947 |              947 |            0 |             506 | float64        |
+----+--------------------------------+----------------+------------------+--------------+-----------------+----------------+
|  2 | Ciśnienie atmosferyczne[hPa]   |            947 |              947 |            0 |               2 | float64        |
+----+--------------------------------+----------------+------------------+--------------+-----------------+----------------+
|  3 | ECT - wyjście z sil.[°C]       |            947 |              947 |            0 |              57 | float64        |
+----+--------------------------------+----------------+------------------+--------------+-----------------+----------------+
|  4 | MAF[kg/h]                      |            947 |              947 |            0 |             564 | float64        |
+----+--------------------------------+----------------+------------------+--------------+-----------------+----------------+
|  5 | Moc[kW]                        |            947 |              947 |            0 |              59 | float64        |
+----+--------------------------------+----------------+------------------+--------------+-----------------+----------------+
|  6 | Moment obrotowy[Nm]            |            947 |              947 |            0 |             174 | float64        |
+----+--------------------------------+----------------+------------------+--------------+-----------------+----------------+
|  7 | Obroty[obr/min]                |            947 |              947 |            0 |              97 | int64          |
+----+--------------------------------+----------------+------------------+--------------+-----------------+----------------+
|  8 | Temp. oleju w misce[°C]        |            947 |              947 |            0 |              27 | float64        |
+----+--------------------------------+----------------+------------------+--------------+-----------------+----------------+
|  9 | Temp. otoczenia[°C]            |            947 |              947 |            0 |              22 | float64        |
+----+--------------------------------+----------------+------------------+--------------+-----------------+----------------+
| 10 | Temp. pal. na wyjściu sil.[°C] |            947 |              947 |            0 |              70 | float64        |
+----+--------------------------------+----------------+------------------+--------------+-----------------+----------------+
| 11 | Temp. powietrza za turb.[°C]   |            947 |              947 |            0 |              32 | float64        |
+----+--------------------------------+----------------+------------------+--------------+-----------------+----------------+
| 12 | Temp. spalin 1/6[°C]           |            947 |              947 |            0 |             103 | float64        |
+----+--------------------------------+----------------+------------------+--------------+-----------------+----------------+
| 13 | Temp. spalin 2/6[°C]           |            947 |              947 |            0 |             112 | float64        |
+----+--------------------------------+----------------+------------------+--------------+-----------------+----------------+
| 14 | Temp. spalin 3/6[°C]           |            947 |              947 |            0 |             113 | float64        |
+----+--------------------------------+----------------+------------------+--------------+-----------------+----------------+
| 15 | Temp. spalin 4/6[°C]           |            947 |              947 |            0 |             104 | float64        |
+----+--------------------------------+----------------+------------------+--------------+-----------------+----------------+
| 16 | Wilgotność względna[%]         |            947 |              947 |            0 |               7 | float64        |
+----+--------------------------------+----------------+------------------+--------------+-----------------+----------------+
| 17 | Zużycie paliwa średnie[g/s]    |            947 |              947 |            0 |             623 | float64        |
+----+--------------------------------+----------------+------------------+--------------+-----------------+----------------+
2024-12-02 13:31:28,655 - INFO - Metadata extraction completed for all DataFrames.
2024-12-02 13:31:31,291 - INFO - Process stopped at step 5.
