2024-12-05 11:43:19,196 - INFO - Starting data pipeline...
2024-12-05 11:43:19,196 - INFO - Continue data pipeline. Step 2: Loading raw data...
2024-12-05 11:43:19,197 - INFO - DataLoader initialized with raw data path: /home/viktar-taustyka/GitHubRepos/DT-Engine/data/raw/parquet_files
2024-12-05 11:43:19,198 - INFO - Loading main file: BUMG ON 2200 - 2024-09.parquet
2024-12-05 11:43:19,198 - INFO - Loading data from file: /home/viktar-taustyka/GitHubRepos/DT-Engine/data/raw/parquet_files/BUMG ON 2200 - 2024-09.parquet
2024-12-05 11:43:19,281 - INFO - Data loaded successfully from file: /home/viktar-taustyka/GitHubRepos/DT-Engine/data/raw/parquet_files/BUMG ON 2200 - 2024-09.parquet
2024-12-05 11:43:19,281 - INFO - Data Frame Columns: ['Czas [ms]', 'CiĹ›. pow. przed turb.[Pa]', 'Czas [ms].1', 'CiĹ›. pow. za turb.[Pa]', 'Czas [ms].2', 'CiĹ›nienie atmosferyczne[hPa]', 'Czas [ms].3', 'CiĹ›nienie oleju[bar]', 'Czas [ms].4', 'CiĹ›nienie spalin[Pa]', 'Czas [ms].5', 'DopeĹ‚. zb. 1/3[-]', 'Czas [ms].6', 'DopeĹ‚. zb. 2/3[-]', 'Czas [ms].7', 'DopeĹ‚. zb. 3/3[-]', 'Czas [ms].8', 'DopeĹ‚nianie[-]', 'Czas [ms].9', 'DuĹĽy obieg[-]', 'Czas [ms].10', 'ECT - wejĹ›cie do sil.[Â°C]', 'Czas [ms].11', 'ECT - wyjĹ›cie z sil.[Â°C]', 'Czas [ms].12', 'GĹ‚Ăłwny obieg - przepĹ‚yw[mÂł/h]', 'Czas [ms].13', 'GĹ‚Ăłwny obieg - temp.[Â°C]', 'Czas [ms].14', 'GPReg_Setpoint0[Â°C]', 'Czas [ms].15', 'GPReg_Setpoint1[Â°C]', 'Czas [ms].16', 'GPReg_Setpoint2[Â°C]', 'Czas [ms].17', 'Hamulec, lewa komora, temp.[Â°C]', 'Czas [ms].18', 'Hamulec, prawa komora, temp.[Â°C]', 'Czas [ms].19', 'Hamulec, przepĹ‚yw wody[mÂł/h]', 'Czas [ms].20', 'IloĹ›Ä‡ paliwa w zbiorniku[g]', 'Czas [ms].21', 'Kond. - przepĹ‚yw wody[l/min]', 'Czas [ms].22', 'Kontrolka zb. 1/3 [-]', 'Czas [ms].23', 'Kontrolka zb. 2/3 [-]', 'Czas [ms].24', 'Kontrolka zb. 3/3 [-]', 'Czas [ms].25', 'MAF[kg/h]', 'Czas [ms].26', 'Moc[kW]', 'Czas [ms].27', 'Moment obrotowy[Nm]', 'Czas [ms].28', 'Moment Tryb3[Nm]', 'Czas [ms].29', 'Obroty[obr/min]', 'Czas [ms].30', 'Poz. paliwa zb. 1/3[mm]', 'Czas [ms].31', 'Poz. paliwa zb. 2/3[mm]', 'Czas [ms].32', 'Poz. paliwa zb. 3/3[mm]', 'Czas [ms].33', 'PrzekaĹş. pompy paliwa[-]', 'Czas [ms].34', 'PrzekaĹşnik zapĹ‚onu[-]', 'Czas [ms].35', 'Przepustnica[%]', 'Czas [ms].36', 'Przepustnica Tryb0[%]', 'Czas [ms].37', 'Przyklad[bar]', 'Czas [ms].38', 'PWM Tryb0[%]', 'Czas [ms].39', 'Rozrusznik[-]', 'Czas [ms].40', 'RPM Tryb3[obr/min]', 'Czas [ms].41', 'Starter[-]', 'Czas [ms].42', 'Stycz. chĹ‚odni went.[-]', 'Czas [ms].43', 'Temp. oleju przed wym.[Â°C]', 'Czas [ms].44', 'Temp. oleju w misce[Â°C]', 'Czas [ms].45', 'Temp. oleju za wym.[Â°C]', 'Czas [ms].46', 'Temp. otoczenia[Â°C]', 'Czas [ms].47', 'Temp. pal. na wejĹ›ciu sil.[Â°C]', 'Czas [ms].48', 'Temp. pal. na wyjĹ›ciu sil.[Â°C]', 'Czas [ms].49', 'Temp. paliwa w zb. 1/3[Â°C]', 'Czas [ms].50', 'Temp. paliwa w zb. 2/3[Â°C]', 'Czas [ms].51', 'Temp. paliwa w zb. 3/3[Â°C]', 'Czas [ms].52', 'Temp. powietrza przed turb.[Â°C]', 'Czas [ms].53', 'Temp. powietrza za turb.[Â°C]', 'Czas [ms].54', 'Temp. spalin 1/6[Â°C]', 'Czas [ms].55', 'Temp. spalin 2/6[Â°C]', 'Czas [ms].56', 'Temp. spalin 3/6[Â°C]', 'Czas [ms].57', 'Temp. spalin 4/6[Â°C]', 'Czas [ms].58', 'Temp. spalin za turbinÄ… 1/2[Â°C]', 'Czas [ms].59', 'Temp. spalin za turbinÄ… 2/2[Â°C]', 'Czas [ms].60', 'Temp.pal.na wyjĹ›ciu[Â°C]', 'Czas [ms].61', 'Temp.paliwa ĹĽÄ…dana[Â°C]', 'Czas [ms].62', 'WilgotnoĹ›Ä‡ wzglÄ™dna[%]', 'Czas [ms].63', 'WyĹ‚Ä…cznik bezpieczeĹ„stwa[-]', 'Czas [ms].64', 'ZapĹ‚on[-]', 'Czas [ms].65', 'Zaw. zb. paliwa 1/3[-]', 'Czas [ms].66', 'Zaw. zb. paliwa 2/3[-]', 'Czas [ms].67', 'Zaw. zb. paliwa 3/3[-]', 'Czas [ms].68', 'ZawĂłr reg. chĹ‚. cieczy[-]', 'Czas [ms].69', 'ZuĹĽycie paliwa bieĹĽÄ…ce[g/s]', 'Czas [ms].70', 'ZuĹĽycie paliwa Ĺ›rednie[g/s]', 'Unnamed: 142']
2024-12-05 11:43:19,284 - INFO - Data from file 'BUMG ON 2200 - 2024-09.parquet':
╒════╤═════════════╤══════════════════════════════╤═══════════════╤═══════════════════════════╤═══════════════╤═════════════════════════════════╕
│    │   Czas [ms] │   CiĹ›. pow. przed turb.[Pa] │   Czas [ms].1 │   CiĹ›. pow. za turb.[Pa] │   Czas [ms].2 │   CiĹ›nienie atmosferyczne[hPa] │
╞════╪═════════════╪══════════════════════════════╪═══════════════╪═══════════════════════════╪═══════════════╪═════════════════════════════════╡
│  0 │         180 │                        80930 │           180 │                      2338 │            34 │                             999 │
├────┼─────────────┼──────────────────────────────┼───────────────┼───────────────────────────┼───────────────┼─────────────────────────────────┤
│  1 │         380 │                        80967 │           380 │                      2320 │           234 │                             999 │
├────┼─────────────┼──────────────────────────────┼───────────────┼───────────────────────────┼───────────────┼─────────────────────────────────┤
│  2 │         581 │                        81031 │           581 │                      2366 │           435 │                             999 │
╘════╧═════════════╧══════════════════════════════╧═══════════════╧═══════════════════════════╧═══════════════╧═════════════════════════════════╛
2024-12-05 11:43:19,286 - INFO - Data from file 'BUMG ON 2200 - 2024-09.parquet':
╒════╤═══════════════╤═════════════════════════╤═══════════════╤═════════════════════════╤═══════════════╤══════════════════════╕
│    │   Czas [ms].3 │   CiĹ›nienie oleju[bar] │   Czas [ms].4 │   CiĹ›nienie spalin[Pa] │   Czas [ms].5 │   DopeĹ‚. zb. 1/3[-] │
╞════╪═══════════════╪═════════════════════════╪═══════════════╪═════════════════════════╪═══════════════╪══════════════════════╡
│  0 │           179 │                   0.006 │           179 │                      28 │           535 │                    0 │
├────┼───────────────┼─────────────────────────┼───────────────┼─────────────────────────┼───────────────┼──────────────────────┤
│  1 │           380 │                   0.006 │           380 │                      19 │          1537 │                    0 │
├────┼───────────────┼─────────────────────────┼───────────────┼─────────────────────────┼───────────────┼──────────────────────┤
│  2 │           580 │                   0.007 │           581 │                      28 │          2538 │                    0 │
╘════╧═══════════════╧═════════════════════════╧═══════════════╧═════════════════════════╧═══════════════╧══════════════════════╛
2024-12-05 11:43:19,288 - INFO - Data from file 'BUMG ON 2200 - 2024-09.parquet':
╒════╤═══════════════╤══════════════════════╤═══════════════╤══════════════════════╤═══════════════╤═══════════════════╕
│    │   Czas [ms].6 │   DopeĹ‚. zb. 2/3[-] │   Czas [ms].7 │   DopeĹ‚. zb. 3/3[-] │   Czas [ms].8 │   DopeĹ‚nianie[-] │
╞════╪═══════════════╪══════════════════════╪═══════════════╪══════════════════════╪═══════════════╪═══════════════════╡
│  0 │           535 │                    0 │           535 │                    0 │           593 │                 0 │
├────┼───────────────┼──────────────────────┼───────────────┼──────────────────────┼───────────────┼───────────────────┤
│  1 │          1537 │                    0 │          1537 │                    0 │          1595 │                 0 │
├────┼───────────────┼──────────────────────┼───────────────┼──────────────────────┼───────────────┼───────────────────┤
│  2 │          2538 │                    0 │          2538 │                    0 │          2596 │                 0 │
╘════╧═══════════════╧══════════════════════╧═══════════════╧══════════════════════╧═══════════════╧═══════════════════╛
2024-12-05 11:43:19,290 - INFO - Data from file 'BUMG ON 2200 - 2024-09.parquet':
╒════╤═══════════════╤══════════════════╤════════════════╤═══════════════════════════════╤════════════════╤══════════════════════════════╕
│    │   Czas [ms].9 │   DuĹĽy obieg[-] │   Czas [ms].10 │   ECT - wejĹ›cie do sil.[Â°C] │   Czas [ms].11 │   ECT - wyjĹ›cie z sil.[Â°C] │
╞════╪═══════════════╪══════════════════╪════════════════╪═══════════════════════════════╪════════════════╪══════════════════════════════╡
│  0 │           180 │                1 │             30 │                          28.5 │             30 │                         61.9 │
├────┼───────────────┼──────────────────┼────────────────┼───────────────────────────────┼────────────────┼──────────────────────────────┤
│  1 │           530 │                1 │            229 │                          28.5 │            229 │                         61.9 │
├────┼───────────────┼──────────────────┼────────────────┼───────────────────────────────┼────────────────┼──────────────────────────────┤
│  2 │          1181 │                1 │            430 │                          28.5 │            429 │                         61.9 │
╘════╧═══════════════╧══════════════════╧════════════════╧═══════════════════════════════╧════════════════╧══════════════════════════════╛
2024-12-05 11:43:19,291 - INFO - Data from file 'BUMG ON 2200 - 2024-09.parquet':
╒════╤════════════════╤═════════════════════════════════════╤════════════════╤═══════════════════════════════╤════════════════╤════════════════════════╕
│    │   Czas [ms].12 │   GĹ‚Ăłwny obieg - przepĹ‚yw[mÂł/h] │   Czas [ms].13 │   GĹ‚Ăłwny obieg - temp.[Â°C] │   Czas [ms].14 │   GPReg_Setpoint0[Â°C] │
╞════╪════════════════╪═════════════════════════════════════╪════════════════╪═══════════════════════════════╪════════════════╪════════════════════════╡
│  0 │            135 │                              132.63 │             35 │                          26.8 │            180 │                     60 │
├────┼────────────────┼─────────────────────────────────────┼────────────────┼───────────────────────────────┼────────────────┼────────────────────────┤
│  1 │            336 │                              134.17 │            236 │                          26.8 │            480 │                     60 │
├────┼────────────────┼─────────────────────────────────────┼────────────────┼───────────────────────────────┼────────────────┼────────────────────────┤
│  2 │            536 │                              135.37 │            436 │                          26.8 │            781 │                     60 │
╘════╧════════════════╧═════════════════════════════════════╧════════════════╧═══════════════════════════════╧════════════════╧════════════════════════╛
2024-12-05 11:43:19,293 - INFO - Data from file 'BUMG ON 2200 - 2024-09.parquet':
╒════╤════════════════╤════════════════════════╤════════════════╤════════════════════════╤════════════════╤════════════════════════════════════╕
│    │   Czas [ms].15 │   GPReg_Setpoint1[Â°C] │   Czas [ms].16 │   GPReg_Setpoint2[Â°C] │   Czas [ms].17 │   Hamulec, lewa komora, temp.[Â°C] │
╞════╪════════════════╪════════════════════════╪════════════════╪════════════════════════╪════════════════╪════════════════════════════════════╡
│  0 │            180 │                     26 │            180 │                     34 │             77 │                                 24 │
├────┼────────────────┼────────────────────────┼────────────────┼────────────────────────┼────────────────┼────────────────────────────────────┤
│  1 │            480 │                     26 │            480 │                     34 │            277 │                                 24 │
├────┼────────────────┼────────────────────────┼────────────────┼────────────────────────┼────────────────┼────────────────────────────────────┤
│  2 │            781 │                     26 │            781 │                     34 │            477 │                                 24 │
╘════╧════════════════╧════════════════════════╧════════════════╧════════════════════════╧════════════════╧════════════════════════════════════╛
2024-12-05 11:43:19,294 - INFO - Data from file 'BUMG ON 2200 - 2024-09.parquet':
╒════╤════════════════╤═════════════════════════════════════╤════════════════╤══════════════════════════════════╤════════════════╤═════════════════════════════════╕
│    │   Czas [ms].18 │   Hamulec, prawa komora, temp.[Â°C] │   Czas [ms].19 │   Hamulec, przepĹ‚yw wody[mÂł/h] │   Czas [ms].20 │   IloĹ›Ä‡ paliwa w zbiorniku[g] │
╞════╪════════════════╪═════════════════════════════════════╪════════════════╪══════════════════════════════════╪════════════════╪═════════════════════════════════╡
│  0 │             77 │                                  25 │             27 │                             11.5 │             59 │                         138.026 │
├────┼────────────────┼─────────────────────────────────────┼────────────────┼──────────────────────────────────┼────────────────┼─────────────────────────────────┤
│  1 │            277 │                                  25 │            227 │                             11.5 │            309 │                         138.125 │
├────┼────────────────┼─────────────────────────────────────┼────────────────┼──────────────────────────────────┼────────────────┼─────────────────────────────────┤
│  2 │            477 │                                  25 │            427 │                             11.5 │            560 │                         138.152 │
╘════╧════════════════╧═════════════════════════════════════╧════════════════╧══════════════════════════════════╧════════════════╧═════════════════════════════════╛
2024-12-05 11:43:19,296 - INFO - Data from file 'BUMG ON 2200 - 2024-09.parquet':
╒════╤════════════════╤═════════════════════════════════╤════════════════╤═════════════════════════╤════════════════╤═════════════════════════╕
│    │   Czas [ms].21 │   Kond. - przepĹ‚yw wody[l/min] │   Czas [ms].22 │   Kontrolka zb. 1/3 [-] │   Czas [ms].23 │   Kontrolka zb. 2/3 [-] │
╞════╪════════════════╪═════════════════════════════════╪════════════════╪═════════════════════════╪════════════════╪═════════════════════════╡
│  0 │            141 │                               0 │            134 │                       0 │            134 │                       0 │
├────┼────────────────┼─────────────────────────────────┼────────────────┼─────────────────────────┼────────────────┼─────────────────────────┤
│  1 │            341 │                               0 │            535 │                       0 │            535 │                       0 │
├────┼────────────────┼─────────────────────────────────┼────────────────┼─────────────────────────┼────────────────┼─────────────────────────┤
│  2 │            542 │                               0 │           1536 │                       0 │           1536 │                       0 │
╘════╧════════════════╧═════════════════════════════════╧════════════════╧═════════════════════════╧════════════════╧═════════════════════════╛
2024-12-05 11:43:19,297 - INFO - Data from file 'BUMG ON 2200 - 2024-09.parquet':
╒════╤════════════════╤═════════════════════════╤════════════════╤═════════════╤════════════════╤═══════════╕
│    │   Czas [ms].24 │   Kontrolka zb. 3/3 [-] │   Czas [ms].25 │   MAF[kg/h] │   Czas [ms].26 │   Moc[kW] │
╞════╪════════════════╪═════════════════════════╪════════════════╪═════════════╪════════════════╪═══════════╡
│  0 │            134 │                       0 │            180 │         0   │            180 │         0 │
├────┼────────────────┼─────────────────────────┼────────────────┼─────────────┼────────────────┼───────────┤
│  1 │            535 │                       0 │            381 │         0   │            380 │         0 │
├────┼────────────────┼─────────────────────────┼────────────────┼─────────────┼────────────────┼───────────┤
│  2 │           1536 │                       0 │            582 │         0.8 │            580 │         0 │
╘════╧════════════════╧═════════════════════════╧════════════════╧═════════════╧════════════════╧═══════════╛
2024-12-05 11:43:19,299 - INFO - Data from file 'BUMG ON 2200 - 2024-09.parquet':
╒════╤════════════════╤═══════════════════════╤════════════════╤════════════════════╤════════════════╤═══════════════════╕
│    │   Czas [ms].27 │   Moment obrotowy[Nm] │   Czas [ms].28 │   Moment Tryb3[Nm] │   Czas [ms].29 │   Obroty[obr/min] │
╞════╪════════════════╪═══════════════════════╪════════════════╪════════════════════╪════════════════╪═══════════════════╡
│  0 │              8 │                  -1.6 │         129470 │               -0.4 │              8 │                 0 │
├────┼────────────────┼───────────────────────┼────────────────┼────────────────────┼────────────────┼───────────────────┤
│  1 │             28 │                  -1.6 │         129615 │               -0.4 │             28 │                 0 │
├────┼────────────────┼───────────────────────┼────────────────┼────────────────────┼────────────────┼───────────────────┤
│  2 │             48 │                  -1.6 │         129865 │               -0.4 │             48 │                 0 │
╘════╧════════════════╧═══════════════════════╧════════════════╧════════════════════╧════════════════╧═══════════════════╛
2024-12-05 11:43:19,301 - INFO - Data from file 'BUMG ON 2200 - 2024-09.parquet':
╒════╤════════════════╤═══════════════════════════╤════════════════╤═══════════════════════════╤════════════════╤═══════════════════════════╕
│    │   Czas [ms].30 │   Poz. paliwa zb. 1/3[mm] │   Czas [ms].31 │   Poz. paliwa zb. 2/3[mm] │   Czas [ms].32 │   Poz. paliwa zb. 3/3[mm] │
╞════╪════════════════╪═══════════════════════════╪════════════════╪═══════════════════════════╪════════════════╪═══════════════════════════╡
│  0 │            180 │                        45 │            181 │                         0 │            181 │                         3 │
├────┼────────────────┼───────────────────────────┼────────────────┼───────────────────────────┼────────────────┼───────────────────────────┤
│  1 │            381 │                        45 │            382 │                         0 │            380 │                         3 │
├────┼────────────────┼───────────────────────────┼────────────────┼───────────────────────────┼────────────────┼───────────────────────────┤
│  2 │            582 │                        45 │            580 │                         0 │            580 │                         3 │
╘════╧════════════════╧═══════════════════════════╧════════════════╧═══════════════════════════╧════════════════╧═══════════════════════════╛
2024-12-05 11:43:19,302 - INFO - Data from file 'BUMG ON 2200 - 2024-09.parquet':
╒════╤════════════════╤═════════════════════════════╤════════════════╤═══════════════════════════╤════════════════╤═══════════════════╕
│    │   Czas [ms].33 │   PrzekaĹş. pompy paliwa[-] │   Czas [ms].34 │   PrzekaĹşnik zapĹ‚onu[-] │   Czas [ms].35 │   Przepustnica[%] │
╞════╪════════════════╪═════════════════════════════╪════════════════╪═══════════════════════════╪════════════════╪═══════════════════╡
│  0 │            530 │                           0 │            134 │                         1 │            178 │                 0 │
├────┼────────────────┼─────────────────────────────┼────────────────┼───────────────────────────┼────────────────┼───────────────────┤
│  1 │           1532 │                           0 │            535 │                         1 │            428 │                 0 │
├────┼────────────────┼─────────────────────────────┼────────────────┼───────────────────────────┼────────────────┼───────────────────┤
│  2 │           2533 │                           0 │           1536 │                         1 │            679 │                 0 │
╘════╧════════════════╧═════════════════════════════╧════════════════╧═══════════════════════════╧════════════════╧═══════════════════╛
2024-12-05 11:43:19,304 - INFO - Data from file 'BUMG ON 2200 - 2024-09.parquet':
╒════╤════════════════╤═════════════════════════╤════════════════╤═════════════════╤════════════════╤════════════════╕
│    │   Czas [ms].36 │   Przepustnica Tryb0[%] │   Czas [ms].37 │   Przyklad[bar] │   Czas [ms].38 │   PWM Tryb0[%] │
╞════╪════════════════╪═════════════════════════╪════════════════╪═════════════════╪════════════════╪════════════════╡
│  0 │            180 │                       0 │            184 │               0 │            180 │              0 │
├────┼────────────────┼─────────────────────────┼────────────────┼─────────────────┼────────────────┼────────────────┤
│  1 │            430 │                       0 │            385 │               0 │            430 │              0 │
├────┼────────────────┼─────────────────────────┼────────────────┼─────────────────┼────────────────┼────────────────┤
│  2 │            680 │                       0 │            585 │               0 │            680 │              0 │
╘════╧════════════════╧═════════════════════════╧════════════════╧═════════════════╧════════════════╧════════════════╛
2024-12-05 11:43:19,305 - INFO - Data from file 'BUMG ON 2200 - 2024-09.parquet':
╒════╤════════════════╤═════════════════╤════════════════╤══════════════════════╤════════════════╤══════════════╕
│    │   Czas [ms].39 │   Rozrusznik[-] │   Czas [ms].40 │   RPM Tryb3[obr/min] │   Czas [ms].41 │   Starter[-] │
╞════╪════════════════╪═════════════════╪════════════════╪══════════════════════╪════════════════╪══════════════╡
│  0 │            134 │               1 │         129470 │                  800 │            944 │            1 │
├────┼────────────────┼─────────────────┼────────────────┼──────────────────────┼────────────────┼──────────────┤
│  1 │            535 │               1 │         129615 │                  800 │           1946 │            0 │
├────┼────────────────┼─────────────────┼────────────────┼──────────────────────┼────────────────┼──────────────┤
│  2 │            943 │               1 │         129865 │                  800 │           2947 │            0 │
╘════╧════════════════╧═════════════════╧════════════════╧══════════════════════╧════════════════╧══════════════╛
2024-12-05 11:43:19,307 - INFO - Data from file 'BUMG ON 2200 - 2024-09.parquet':
╒════╤════════════════╤════════════════════════════╤════════════════╤═══════════════════════════════╤════════════════╤════════════════════════════╕
│    │   Czas [ms].42 │   Stycz. chĹ‚odni went.[-] │   Czas [ms].43 │   Temp. oleju przed wym.[Â°C] │   Czas [ms].44 │   Temp. oleju w misce[Â°C] │
╞════╪════════════════╪════════════════════════════╪════════════════╪═══════════════════════════════╪════════════════╪════════════════════════════╡
│  0 │            180 │                          0 │             30 │                          30.8 │             85 │                         28 │
├────┼────────────────┼────────────────────────────┼────────────────┼───────────────────────────────┼────────────────┼────────────────────────────┤
│  1 │            530 │                          0 │            230 │                          30.8 │            286 │                         28 │
├────┼────────────────┼────────────────────────────┼────────────────┼───────────────────────────────┼────────────────┼────────────────────────────┤
│  2 │           1181 │                          0 │            430 │                          30.8 │            486 │                         28 │
╘════╧════════════════╧════════════════════════════╧════════════════╧═══════════════════════════════╧════════════════╧════════════════════════════╛
2024-12-05 11:43:19,308 - INFO - Data from file 'BUMG ON 2200 - 2024-09.parquet':
╒════╤════════════════╤════════════════════════════╤════════════════╤════════════════════════╤════════════════╤════════════════════════════════════╕
│    │   Czas [ms].45 │   Temp. oleju za wym.[Â°C] │   Czas [ms].46 │   Temp. otoczenia[Â°C] │   Czas [ms].47 │   Temp. pal. na wejĹ›ciu sil.[Â°C] │
╞════╪════════════════╪════════════════════════════╪════════════════╪════════════════════════╪════════════════╪════════════════════════════════════╡
│  0 │             31 │                       31.5 │             35 │                   28.8 │             35 │                               33.2 │
├────┼────────────────┼────────────────────────────┼────────────────┼────────────────────────┼────────────────┼────────────────────────────────────┤
│  1 │            230 │                       31.5 │            235 │                   28.8 │            235 │                               33.3 │
├────┼────────────────┼────────────────────────────┼────────────────┼────────────────────────┼────────────────┼────────────────────────────────────┤
│  2 │            430 │                       31.5 │            435 │                   28.8 │            436 │                               33.3 │
╘════╧════════════════╧════════════════════════════╧════════════════╧════════════════════════╧════════════════╧════════════════════════════════════╛
2024-12-05 11:43:19,310 - INFO - Data from file 'BUMG ON 2200 - 2024-09.parquet':
╒════╤════════════════╤════════════════════════════════════╤════════════════╤═══════════════════════════════╤════════════════╤═══════════════════════════════╕
│    │   Czas [ms].48 │   Temp. pal. na wyjĹ›ciu sil.[Â°C] │   Czas [ms].49 │   Temp. paliwa w zb. 1/3[Â°C] │   Czas [ms].50 │   Temp. paliwa w zb. 2/3[Â°C] │
╞════╪════════════════╪════════════════════════════════════╪════════════════╪═══════════════════════════════╪════════════════╪═══════════════════════════════╡
│  0 │             35 │                                 43 │             91 │                          27.7 │             91 │                          29.8 │
├────┼────────────────┼────────────────────────────────────┼────────────────┼───────────────────────────────┼────────────────┼───────────────────────────────┤
│  1 │            235 │                                 43 │            291 │                          27.7 │            291 │                          29.8 │
├────┼────────────────┼────────────────────────────────────┼────────────────┼───────────────────────────────┼────────────────┼───────────────────────────────┤
│  2 │            435 │                                 43 │            491 │                          27.7 │            492 │                          29.8 │
╘════╧════════════════╧════════════════════════════════════╧════════════════╧═══════════════════════════════╧════════════════╧═══════════════════════════════╛
2024-12-05 11:43:19,311 - INFO - Data from file 'BUMG ON 2200 - 2024-09.parquet':
╒════╤════════════════╤═══════════════════════════════╤════════════════╤════════════════════════════════════╤════════════════╤═════════════════════════════════╕
│    │   Czas [ms].51 │   Temp. paliwa w zb. 3/3[Â°C] │   Czas [ms].52 │   Temp. powietrza przed turb.[Â°C] │   Czas [ms].53 │   Temp. powietrza za turb.[Â°C] │
╞════╪════════════════╪═══════════════════════════════╪════════════════╪════════════════════════════════════╪════════════════╪═════════════════════════════════╡
│  0 │             91 │                          29.7 │             31 │                               52.8 │             85 │                              58 │
├────┼────────────────┼───────────────────────────────┼────────────────┼────────────────────────────────────┼────────────────┼─────────────────────────────────┤
│  1 │            292 │                          29.7 │            230 │                               52.8 │            286 │                              58 │
├────┼────────────────┼───────────────────────────────┼────────────────┼────────────────────────────────────┼────────────────┼─────────────────────────────────┤
│  2 │            492 │                          29.7 │            430 │                               52.9 │            485 │                              58 │
╘════╧════════════════╧═══════════════════════════════╧════════════════╧════════════════════════════════════╧════════════════╧═════════════════════════════════╛
2024-12-05 11:43:19,312 - INFO - Data from file 'BUMG ON 2200 - 2024-09.parquet':
╒════╤════════════════╤═════════════════════════╤════════════════╤═════════════════════════╤════════════════╤═════════════════════════╕
│    │   Czas [ms].54 │   Temp. spalin 1/6[Â°C] │   Czas [ms].55 │   Temp. spalin 2/6[Â°C] │   Czas [ms].56 │   Temp. spalin 3/6[Â°C] │
╞════╪════════════════╪═════════════════════════╪════════════════╪═════════════════════════╪════════════════╪═════════════════════════╡
│  0 │             79 │                     117 │             80 │                     124 │             80 │                     117 │
├────┼────────────────┼─────────────────────────┼────────────────┼─────────────────────────┼────────────────┼─────────────────────────┤
│  1 │            279 │                     118 │            280 │                     125 │            280 │                     118 │
├────┼────────────────┼─────────────────────────┼────────────────┼─────────────────────────┼────────────────┼─────────────────────────┤
│  2 │            480 │                     118 │            480 │                     124 │            480 │                     118 │
╘════╧════════════════╧═════════════════════════╧════════════════╧═════════════════════════╧════════════════╧═════════════════════════╛
2024-12-05 11:43:19,314 - INFO - Data from file 'BUMG ON 2200 - 2024-09.parquet':
╒════╤════════════════╤═════════════════════════╤════════════════╤═════════════════════════════════════╤════════════════╤═════════════════════════════════════╕
│    │   Czas [ms].57 │   Temp. spalin 4/6[Â°C] │   Czas [ms].58 │   Temp. spalin za turbinÄ… 1/2[Â°C] │   Czas [ms].59 │   Temp. spalin za turbinÄ… 2/2[Â°C] │
╞════╪════════════════╪═════════════════════════╪════════════════╪═════════════════════════════════════╪════════════════╪═════════════════════════════════════╡
│  0 │             80 │                     104 │             84 │                                 120 │             85 │                                 111 │
├────┼────────────────┼─────────────────────────┼────────────────┼─────────────────────────────────────┼────────────────┼─────────────────────────────────────┤
│  1 │            280 │                     105 │            286 │                                 120 │            286 │                                 112 │
├────┼────────────────┼─────────────────────────┼────────────────┼─────────────────────────────────────┼────────────────┼─────────────────────────────────────┤
│  2 │            480 │                     106 │            485 │                                 120 │            485 │                                 112 │
╘════╧════════════════╧═════════════════════════╧════════════════╧═════════════════════════════════════╧════════════════╧═════════════════════════════════════╛
2024-12-05 11:43:19,316 - INFO - Data from file 'BUMG ON 2200 - 2024-09.parquet':
╒════╤════════════════╤═════════════════════════════╤════════════════╤═════════════════════════════╤════════════════╤═════════════════════════════╕
│    │   Czas [ms].60 │   Temp.pal.na wyjĹ›ciu[Â°C] │   Czas [ms].61 │   Temp.paliwa ĹĽÄ…dana[Â°C] │   Czas [ms].62 │   WilgotnoĹ›Ä‡ wzglÄ™dna[%] │
╞════╪════════════════╪═════════════════════════════╪════════════════╪═════════════════════════════╪════════════════╪═════════════════════════════╡
│  0 │             41 │                        23.6 │            191 │                          15 │             34 │                          40 │
├────┼────────────────┼─────────────────────────────┼────────────────┼─────────────────────────────┼────────────────┼─────────────────────────────┤
│  1 │            241 │                        23.6 │            391 │                          15 │            235 │                          40 │
├────┼────────────────┼─────────────────────────────┼────────────────┼─────────────────────────────┼────────────────┼─────────────────────────────┤
│  2 │            442 │                        23.6 │            592 │                          15 │            435 │                          40 │
╘════╧════════════════╧═════════════════════════════╧════════════════╧═════════════════════════════╧════════════════╧═════════════════════════════╛
2024-12-05 11:43:19,317 - INFO - Data from file 'BUMG ON 2200 - 2024-09.parquet':
╒════╤════════════════╤══════════════════════════════════╤════════════════╤══════════════╤════════════════╤══════════════════════════╕
│    │   Czas [ms].63 │   WyĹ‚Ä…cznik bezpieczeĹ„stwa[-] │   Czas [ms].64 │   ZapĹ‚on[-] │   Czas [ms].65 │   Zaw. zb. paliwa 1/3[-] │
╞════╪════════════════╪══════════════════════════════════╪════════════════╪══════════════╪════════════════╪══════════════════════════╡
│  0 │            944 │                                0 │            944 │            1 │            134 │                        0 │
├────┼────────────────┼──────────────────────────────────┼────────────────┼──────────────┼────────────────┼──────────────────────────┤
│  1 │           1946 │                                0 │           1946 │            1 │            535 │                        0 │
├────┼────────────────┼──────────────────────────────────┼────────────────┼──────────────┼────────────────┼──────────────────────────┤
│  2 │           2947 │                                0 │           2947 │            1 │           1536 │                        0 │
╘════╧════════════════╧══════════════════════════════════╧════════════════╧══════════════╧════════════════╧══════════════════════════╛
2024-12-05 11:43:19,319 - INFO - Data from file 'BUMG ON 2200 - 2024-09.parquet':
╒════╤════════════════╤══════════════════════════╤════════════════╤══════════════════════════╤════════════════╤═══════════════════════════════╕
│    │   Czas [ms].66 │   Zaw. zb. paliwa 2/3[-] │   Czas [ms].67 │   Zaw. zb. paliwa 3/3[-] │   Czas [ms].68 │   ZawĂłr reg. chĹ‚. cieczy[-] │
╞════╪════════════════╪══════════════════════════╪════════════════╪══════════════════════════╪════════════════╪═══════════════════════════════╡
│  0 │            134 │                        0 │            134 │                        0 │            180 │                             1 │
├────┼────────────────┼──────────────────────────┼────────────────┼──────────────────────────┼────────────────┼───────────────────────────────┤
│  1 │            535 │                        0 │            535 │                        0 │            530 │                             1 │
├────┼────────────────┼──────────────────────────┼────────────────┼──────────────────────────┼────────────────┼───────────────────────────────┤
│  2 │           1536 │                        0 │           1536 │                        0 │           1181 │                             1 │
╘════╧════════════════╧══════════════════════════╧════════════════╧══════════════════════════╧════════════════╧═══════════════════════════════╛
2024-12-05 11:43:19,321 - INFO - Data from file 'BUMG ON 2200 - 2024-09.parquet':
╒════╤════════════════╤══════════════════════════════════╤════════════════╤═════════════════════════════════╤════════════════╕
│    │   Czas [ms].69 │   ZuĹĽycie paliwa bieĹĽÄ…ce[g/s] │   Czas [ms].70 │   ZuĹĽycie paliwa Ĺ›rednie[g/s] │   Unnamed: 142 │
╞════╪════════════════╪══════════════════════════════════╪════════════════╪═════════════════════════════════╪════════════════╡
│  0 │            192 │                             0    │            192 │                          0.0035 │            nan │
├────┼────────────────┼──────────────────────────────────┼────────────────┼─────────────────────────────────┼────────────────┤
│  1 │            392 │                             0.14 │            391 │                          0.0035 │            nan │
├────┼────────────────┼──────────────────────────────────┼────────────────┼─────────────────────────────────┼────────────────┤
│  2 │            592 │                             0.14 │            592 │                          0.0023 │            nan │
╘════╧════════════════╧══════════════════════════════════╧════════════════╧═════════════════════════════════╧════════════════╛
2024-12-05 11:43:19,322 - INFO - Data Frame Shape: (45538, 143)
2024-12-05 11:43:19,322 - INFO - Data files loaded successfully.
2024-12-05 11:43:22,966 - INFO - Step 2: Raw data loaded successfully.
2024-12-05 11:43:22,966 - INFO - Continue data pipeline. Step 3: Validating data...
2024-12-05 11:43:22,968 - INFO - DataValidator initialized.
2024-12-05 11:43:22,968 - INFO - Starting column validation for multiple DataFrames...
2024-12-05 11:43:22,968 - ERROR - DataFrame 0: Missing required columns: ['Ciś. pow. za turb.[Pa]', 'Ciśnienie atmosferyczne[hPa]', 'ECT - wyjście z sil.[°C]', 'Temp. oleju w misce[°C]', 'Temp. otoczenia[°C]', 'Temp. pal. na wyjściu sil.[°C]', 'Temp. powietrza za turb.[°C]', 'Temp. spalin 1/6[°C]', 'Temp. spalin 2/6[°C]', 'Temp. spalin 3/6[°C]', 'Temp. spalin 4/6[°C]', 'Wilgotność względna[%]', 'Zużycie paliwa średnie[g/s]']
2024-12-05 11:43:22,968 - INFO - DataFrame 0: All optional columns are present.
2024-12-05 11:43:22,969 - INFO - DataFrame 0: Filled missing required column 'Ciś. pow. za turb.[Pa]' with 0
2024-12-05 11:43:22,970 - INFO - DataFrame 0: Filled missing required column 'Ciśnienie atmosferyczne[hPa]' with 0
2024-12-05 11:43:22,970 - INFO - DataFrame 0: Filled missing required column 'ECT - wyjście z sil.[°C]' with 0
2024-12-05 11:43:22,970 - INFO - DataFrame 0: Filled missing required column 'Temp. oleju w misce[°C]' with 0
2024-12-05 11:43:22,971 - INFO - DataFrame 0: Filled missing required column 'Temp. otoczenia[°C]' with 0
2024-12-05 11:43:22,972 - INFO - DataFrame 0: Filled missing required column 'Temp. pal. na wyjściu sil.[°C]' with 0
2024-12-05 11:43:22,972 - INFO - DataFrame 0: Filled missing required column 'Temp. powietrza za turb.[°C]' with 0
2024-12-05 11:43:22,973 - INFO - DataFrame 0: Filled missing required column 'Temp. spalin 1/6[°C]' with 0
2024-12-05 11:43:22,974 - INFO - DataFrame 0: Filled missing required column 'Temp. spalin 2/6[°C]' with 0
2024-12-05 11:43:22,974 - INFO - DataFrame 0: Filled missing required column 'Temp. spalin 3/6[°C]' with 0
2024-12-05 11:43:22,975 - INFO - DataFrame 0: Filled missing required column 'Temp. spalin 4/6[°C]' with 0
2024-12-05 11:43:22,975 - INFO - DataFrame 0: Filled missing required column 'Wilgotność względna[%]' with 0
2024-12-05 11:43:22,976 - INFO - DataFrame 0: Filled missing required column 'Zużycie paliwa średnie[g/s]' with 0
2024-12-05 11:43:22,976 - INFO - DataFrame 0: Missing required columns filled with default values.
2024-12-05 11:43:22,976 - INFO - Starting schema validation for multiple DataFrames...
2024-12-05 11:43:22,977 - INFO - DataFrame 0 - Schema validation passed.
2024-12-05 11:43:22,978 - INFO - Checking for duplicate columns in multiple DataFrames...
2024-12-05 11:43:22,978 - INFO - DataFrame 0: No duplicate columns found.
2024-12-05 11:43:22,978 - INFO - Validation reports summarizing the results for each DataFrame
2024-12-05 11:43:22,978 - INFO - =================
Validation Report for DataFrame 0 (0 - main Data Frame; 1 - eco Data Frame):
DataFrame Shape: (45538, 156) (Rows, Columns) <--- !!!!!!!!!
Missing Required Columns: Ciś. pow. za turb.[Pa], Ciśnienie atmosferyczne[hPa], ECT - wyjście z sil.[°C], Temp. oleju w misce[°C], Temp. otoczenia[°C], Temp. pal. na wyjściu sil.[°C], Temp. powietrza za turb.[°C], Temp. spalin 1/6[°C], Temp. spalin 2/6[°C], Temp. spalin 3/6[°C], Temp. spalin 4/6[°C], Wilgotność względna[%], Zużycie paliwa średnie[g/s]
All Optional Columns: Present
2024-12-05 11:43:22,978 - INFO - Step 3: Data validated successfully.
2024-12-05 11:43:30,938 - INFO - Step 3: Data validated successfully.
2024-12-05 11:43:30,938 - INFO - Starting metadata extraction for multiple DataFrames...
2024-12-05 11:43:30,939 - INFO - Processing DataFrame 1/1 with shape (45538, 156)...
2024-12-05 11:43:31,046 - INFO - Metadata for DataFrame 0, names_of_files_under_procession:['BUMG ON 2200 - 2024-09.parquet', '', 'ON'], None:
+-----+-----------------------------------+----------------+------------------+--------------+-----------------+-------------+
|     | Column                            |   Total Values |   Non-Null Count |   Null Count |   Unique Values | Data Type   |
+=====+===================================+================+==================+==============+=================+=============+
|   0 | Czas [ms]                         |           4553 |             4553 |        40985 |            4553 | float64     |
+-----+-----------------------------------+----------------+------------------+--------------+-----------------+-------------+
|   1 | CiĹ›. pow. przed turb.[Pa]        |           4553 |             4553 |        40985 |             778 | float64     |
+-----+-----------------------------------+----------------+------------------+--------------+-----------------+-------------+
|   2 | Czas [ms].1                       |           4553 |             4553 |        40985 |            4553 | float64     |
+-----+-----------------------------------+----------------+------------------+--------------+-----------------+-------------+
|   3 | CiĹ›. pow. za turb.[Pa]           |           4553 |             4553 |        40985 |              33 | float64     |
+-----+-----------------------------------+----------------+------------------+--------------+-----------------+-------------+
|   4 | Czas [ms].2                       |           4554 |             4554 |        40984 |            4554 | float64     |
+-----+-----------------------------------+----------------+------------------+--------------+-----------------+-------------+
|   5 | CiĹ›nienie atmosferyczne[hPa]     |           4554 |             4554 |        40984 |               2 | float64     |
+-----+-----------------------------------+----------------+------------------+--------------+-----------------+-------------+
|   6 | Czas [ms].3                       |           4553 |             4553 |        40985 |            4553 | float64     |
+-----+-----------------------------------+----------------+------------------+--------------+-----------------+-------------+
|   7 | CiĹ›nienie oleju[bar]             |           4553 |             4553 |        40985 |               4 | float64     |
+-----+-----------------------------------+----------------+------------------+--------------+-----------------+-------------+
|   8 | Czas [ms].4                       |           4553 |             4553 |        40985 |            4553 | float64     |
+-----+-----------------------------------+----------------+------------------+--------------+-----------------+-------------+
|   9 | CiĹ›nienie spalin[Pa]             |           4553 |             4553 |        40985 |             116 | float64     |
+-----+-----------------------------------+----------------+------------------+--------------+-----------------+-------------+
|  10 | Czas [ms].5                       |            911 |              911 |        44627 |             911 | float64     |
+-----+-----------------------------------+----------------+------------------+--------------+-----------------+-------------+
|  11 | DopeĹ‚. zb. 1/3[-]                |            911 |              911 |        44627 |               1 | float64     |
+-----+-----------------------------------+----------------+------------------+--------------+-----------------+-------------+
|  12 | Czas [ms].6                       |            911 |              911 |        44627 |             911 | float64     |
+-----+-----------------------------------+----------------+------------------+--------------+-----------------+-------------+
|  13 | DopeĹ‚. zb. 2/3[-]                |            911 |              911 |        44627 |               1 | float64     |
+-----+-----------------------------------+----------------+------------------+--------------+-----------------+-------------+
|  14 | Czas [ms].7                       |            911 |              911 |        44627 |             911 | float64     |
+-----+-----------------------------------+----------------+------------------+--------------+-----------------+-------------+
|  15 | DopeĹ‚. zb. 3/3[-]                |            911 |              911 |        44627 |               1 | float64     |
+-----+-----------------------------------+----------------+------------------+--------------+-----------------+-------------+
|  16 | Czas [ms].8                       |            918 |              918 |        44620 |             918 | float64     |
+-----+-----------------------------------+----------------+------------------+--------------+-----------------+-------------+
|  17 | DopeĹ‚nianie[-]                   |            918 |              918 |        44620 |               2 | float64     |
+-----+-----------------------------------+----------------+------------------+--------------+-----------------+-------------+
|  18 | Czas [ms].9                       |           1822 |             1822 |        43716 |            1822 | float64     |
+-----+-----------------------------------+----------------+------------------+--------------+-----------------+-------------+
|  19 | DuĹĽy obieg[-]                    |           1822 |             1822 |        43716 |               1 | float64     |
+-----+-----------------------------------+----------------+------------------+--------------+-----------------+-------------+
|  20 | Czas [ms].10                      |           4554 |             4554 |        40984 |            4554 | float64     |
+-----+-----------------------------------+----------------+------------------+--------------+-----------------+-------------+
|  21 | ECT - wejĹ›cie do sil.[Â°C]       |           4554 |             4554 |        40984 |              55 | float64     |
+-----+-----------------------------------+----------------+------------------+--------------+-----------------+-------------+
|  22 | Czas [ms].11                      |           4554 |             4554 |        40984 |            4554 | float64     |
+-----+-----------------------------------+----------------+------------------+--------------+-----------------+-------------+
|  23 | ECT - wyjĹ›cie z sil.[Â°C]        |           4554 |             4554 |        40984 |             165 | float64     |
+-----+-----------------------------------+----------------+------------------+--------------+-----------------+-------------+
|  24 | Czas [ms].12                      |           4553 |             4553 |        40985 |            4553 | float64     |
+-----+-----------------------------------+----------------+------------------+--------------+-----------------+-------------+
|  25 | GĹ‚Ăłwny obieg - przepĹ‚yw[mÂł/h] |           4553 |             4553 |        40985 |            1358 | float64     |
+-----+-----------------------------------+----------------+------------------+--------------+-----------------+-------------+
|  26 | Czas [ms].13                      |           4554 |             4554 |        40984 |            4554 | float64     |
+-----+-----------------------------------+----------------+------------------+--------------+-----------------+-------------+
|  27 | GĹ‚Ăłwny obieg - temp.[Â°C]       |           4554 |             4554 |        40984 |              17 | float64     |
+-----+-----------------------------------+----------------+------------------+--------------+-----------------+-------------+
|  28 | Czas [ms].14                      |           3036 |             3036 |        42502 |            3036 | float64     |
+-----+-----------------------------------+----------------+------------------+--------------+-----------------+-------------+
|  29 | GPReg_Setpoint0[Â°C]              |           3036 |             3036 |        42502 |               1 | float64     |
+-----+-----------------------------------+----------------+------------------+--------------+-----------------+-------------+
|  30 | Czas [ms].15                      |           3036 |             3036 |        42502 |            3036 | float64     |
+-----+-----------------------------------+----------------+------------------+--------------+-----------------+-------------+
|  31 | GPReg_Setpoint1[Â°C]              |           3036 |             3036 |        42502 |               1 | float64     |
+-----+-----------------------------------+----------------+------------------+--------------+-----------------+-------------+
|  32 | Czas [ms].16                      |           3036 |             3036 |        42502 |            3036 | float64     |
+-----+-----------------------------------+----------------+------------------+--------------+-----------------+-------------+
|  33 | GPReg_Setpoint2[Â°C]              |           3036 |             3036 |        42502 |               1 | float64     |
+-----+-----------------------------------+----------------+------------------+--------------+-----------------+-------------+
|  34 | Czas [ms].17                      |           4554 |             4554 |        40984 |            4554 | float64     |
+-----+-----------------------------------+----------------+------------------+--------------+-----------------+-------------+
|  35 | Hamulec, lewa komora, temp.[Â°C]  |           4554 |             4554 |        40984 |              18 | float64     |
+-----+-----------------------------------+----------------+------------------+--------------+-----------------+-------------+
|  36 | Czas [ms].18                      |           4554 |             4554 |        40984 |            4554 | float64     |
+-----+-----------------------------------+----------------+------------------+--------------+-----------------+-------------+
|  37 | Hamulec, prawa komora, temp.[Â°C] |           4554 |             4554 |        40984 |              20 | float64     |
+-----+-----------------------------------+----------------+------------------+--------------+-----------------+-------------+
|  38 | Czas [ms].19                      |           4554 |             4554 |        40984 |            4554 | float64     |
+-----+-----------------------------------+----------------+------------------+--------------+-----------------+-------------+
|  39 | Hamulec, przepĹ‚yw wody[mÂł/h]    |           4554 |             4554 |        40984 |               6 | float64     |
+-----+-----------------------------------+----------------+------------------+--------------+-----------------+-------------+
|  40 | Czas [ms].20                      |           3643 |             3643 |        41895 |            3643 | float64     |
+-----+-----------------------------------+----------------+------------------+--------------+-----------------+-------------+
|  41 | IloĹ›Ä‡ paliwa w zbiorniku[g]     |           3643 |             3643 |        41895 |            3606 | float64     |
+-----+-----------------------------------+----------------+------------------+--------------+-----------------+-------------+
|  42 | Czas [ms].21                      |           4553 |             4553 |        40985 |            4553 | float64     |
+-----+-----------------------------------+----------------+------------------+--------------+-----------------+-------------+
|  43 | Kond. - przepĹ‚yw wody[l/min]     |           4553 |             4553 |        40985 |               1 | float64     |
+-----+-----------------------------------+----------------+------------------+--------------+-----------------+-------------+
|  44 | Czas [ms].22                      |            913 |              913 |        44625 |             913 | float64     |
+-----+-----------------------------------+----------------+------------------+--------------+-----------------+-------------+
|  45 | Kontrolka zb. 1/3 [-]             |            913 |              913 |        44625 |               1 | float64     |
+-----+-----------------------------------+----------------+------------------+--------------+-----------------+-------------+
|  46 | Czas [ms].23                      |            913 |              913 |        44625 |             913 | float64     |
+-----+-----------------------------------+----------------+------------------+--------------+-----------------+-------------+
|  47 | Kontrolka zb. 2/3 [-]             |            913 |              913 |        44625 |               1 | float64     |
+-----+-----------------------------------+----------------+------------------+--------------+-----------------+-------------+
|  48 | Czas [ms].24                      |            913 |              913 |        44625 |             913 | float64     |
+-----+-----------------------------------+----------------+------------------+--------------+-----------------+-------------+
|  49 | Kontrolka zb. 3/3 [-]             |            913 |              913 |        44625 |               1 | float64     |
+-----+-----------------------------------+----------------+------------------+--------------+-----------------+-------------+
|  50 | Czas [ms].25                      |           4553 |             4553 |        40985 |            4553 | float64     |
+-----+-----------------------------------+----------------+------------------+--------------+-----------------+-------------+
|  51 | MAF[kg/h]                         |           4553 |             4553 |        40985 |             881 | float64     |
+-----+-----------------------------------+----------------+------------------+--------------+-----------------+-------------+
|  52 | Czas [ms].26                      |           4553 |             4553 |        40985 |            4553 | float64     |
+-----+-----------------------------------+----------------+------------------+--------------+-----------------+-------------+
|  53 | Moc[kW]                           |           4553 |             4553 |        40985 |             256 | float64     |
+-----+-----------------------------------+----------------+------------------+--------------+-----------------+-------------+
|  54 | Czas [ms].27                      |          45538 |            45538 |            0 |           45537 | int64       |
+-----+-----------------------------------+----------------+------------------+--------------+-----------------+-------------+
|  55 | Moment obrotowy[Nm]               |          45538 |            45538 |            0 |            1652 | float64     |
+-----+-----------------------------------+----------------+------------------+--------------+-----------------+-------------+
|  56 | Czas [ms].28                      |           3148 |             3148 |        42390 |            3148 | float64     |
+-----+-----------------------------------+----------------+------------------+--------------+-----------------+-------------+
|  57 | Moment Tryb3[Nm]                  |           3148 |             3148 |        42390 |              17 | float64     |
+-----+-----------------------------------+----------------+------------------+--------------+-----------------+-------------+
|  58 | Czas [ms].29                      |          45538 |            45538 |            0 |           45537 | int64       |
+-----+-----------------------------------+----------------+------------------+--------------+-----------------+-------------+
|  59 | Obroty[obr/min]                   |          45538 |            45538 |            0 |             580 | int64       |
+-----+-----------------------------------+----------------+------------------+--------------+-----------------+-------------+
|  60 | Czas [ms].30                      |           4553 |             4553 |        40985 |            4553 | float64     |
+-----+-----------------------------------+----------------+------------------+--------------+-----------------+-------------+
|  61 | Poz. paliwa zb. 1/3[mm]           |           4553 |             4553 |        40985 |              22 | float64     |
+-----+-----------------------------------+----------------+------------------+--------------+-----------------+-------------+
|  62 | Czas [ms].31                      |           4553 |             4553 |        40985 |            4553 | float64     |
+-----+-----------------------------------+----------------+------------------+--------------+-----------------+-------------+
|  63 | Poz. paliwa zb. 2/3[mm]           |           4553 |             4553 |        40985 |               2 | float64     |
+-----+-----------------------------------+----------------+------------------+--------------+-----------------+-------------+
|  64 | Czas [ms].32                      |           4553 |             4553 |        40985 |            4553 | float64     |
+-----+-----------------------------------+----------------+------------------+--------------+-----------------+-------------+
|  65 | Poz. paliwa zb. 3/3[mm]           |           4553 |             4553 |        40985 |               1 | float64     |
+-----+-----------------------------------+----------------+------------------+--------------+-----------------+-------------+
|  66 | Czas [ms].33                      |            911 |              911 |        44627 |             911 | float64     |
+-----+-----------------------------------+----------------+------------------+--------------+-----------------+-------------+
|  67 | PrzekaĹş. pompy paliwa[-]         |            911 |              911 |        44627 |               1 | float64     |
+-----+-----------------------------------+----------------+------------------+--------------+-----------------+-------------+
|  68 | Czas [ms].34                      |            914 |              914 |        44624 |             914 | float64     |
+-----+-----------------------------------+----------------+------------------+--------------+-----------------+-------------+
|  69 | PrzekaĹşnik zapĹ‚onu[-]           |            914 |              914 |        44624 |               2 | float64     |
+-----+-----------------------------------+----------------+------------------+--------------+-----------------+-------------+
|  70 | Czas [ms].35                      |           3643 |             3643 |        41895 |            3643 | float64     |
+-----+-----------------------------------+----------------+------------------+--------------+-----------------+-------------+
|  71 | Przepustnica[%]                   |           3643 |             3643 |        41895 |             136 | float64     |
+-----+-----------------------------------+----------------+------------------+--------------+-----------------+-------------+
|  72 | Czas [ms].36                      |            518 |              518 |        45020 |             518 | float64     |
+-----+-----------------------------------+----------------+------------------+--------------+-----------------+-------------+
|  73 | Przepustnica Tryb0[%]             |            518 |              518 |        45020 |               1 | float64     |
+-----+-----------------------------------+----------------+------------------+--------------+-----------------+-------------+
|  74 | Czas [ms].37                      |           4553 |             4553 |        40985 |            4553 | float64     |
+-----+-----------------------------------+----------------+------------------+--------------+-----------------+-------------+
|  75 | Przyklad[bar]                     |           4553 |             4553 |        40985 |               1 | float64     |
+-----+-----------------------------------+----------------+------------------+--------------+-----------------+-------------+
|  76 | Czas [ms].38                      |            518 |              518 |        45020 |             518 | float64     |
+-----+-----------------------------------+----------------+------------------+--------------+-----------------+-------------+
|  77 | PWM Tryb0[%]                      |            518 |              518 |        45020 |               1 | float64     |
+-----+-----------------------------------+----------------+------------------+--------------+-----------------+-------------+
|  78 | Czas [ms].39                      |            915 |              915 |        44623 |             915 | float64     |
+-----+-----------------------------------+----------------+------------------+--------------+-----------------+-------------+
|  79 | Rozrusznik[-]                     |            915 |              915 |        44623 |               2 | float64     |
+-----+-----------------------------------+----------------+------------------+--------------+-----------------+-------------+
|  80 | Czas [ms].40                      |           3148 |             3148 |        42390 |            3148 | float64     |
+-----+-----------------------------------+----------------+------------------+--------------+-----------------+-------------+
|  81 | RPM Tryb3[obr/min]                |           3148 |             3148 |        42390 |               4 | float64     |
+-----+-----------------------------------+----------------+------------------+--------------+-----------------+-------------+
|  82 | Czas [ms].41                      |            910 |              910 |        44628 |             910 | float64     |
+-----+-----------------------------------+----------------+------------------+--------------+-----------------+-------------+
|  83 | Starter[-]                        |            910 |              910 |        44628 |               2 | float64     |
+-----+-----------------------------------+----------------+------------------+--------------+-----------------+-------------+
|  84 | Czas [ms].42                      |           1822 |             1822 |        43716 |            1822 | float64     |
+-----+-----------------------------------+----------------+------------------+--------------+-----------------+-------------+
|  85 | Stycz. chĹ‚odni went.[-]          |           1822 |             1822 |        43716 |               1 | float64     |
+-----+-----------------------------------+----------------+------------------+--------------+-----------------+-------------+
|  86 | Czas [ms].43                      |           4554 |             4554 |        40984 |            4554 | float64     |
+-----+-----------------------------------+----------------+------------------+--------------+-----------------+-------------+
|  87 | Temp. oleju przed wym.[Â°C]       |           4554 |             4554 |        40984 |              19 | float64     |
+-----+-----------------------------------+----------------+------------------+--------------+-----------------+-------------+
|  88 | Czas [ms].44                      |           4553 |             4553 |        40985 |            4553 | float64     |
+-----+-----------------------------------+----------------+------------------+--------------+-----------------+-------------+
|  89 | Temp. oleju w misce[Â°C]          |           4553 |             4553 |        40985 |               4 | float64     |
+-----+-----------------------------------+----------------+------------------+--------------+-----------------+-------------+
|  90 | Czas [ms].45                      |           4554 |             4554 |        40984 |            4554 | float64     |
+-----+-----------------------------------+----------------+------------------+--------------+-----------------+-------------+
|  91 | Temp. oleju za wym.[Â°C]          |           4554 |             4554 |        40984 |              12 | float64     |
+-----+-----------------------------------+----------------+------------------+--------------+-----------------+-------------+
|  92 | Czas [ms].46                      |           4554 |             4554 |        40984 |            4554 | float64     |
+-----+-----------------------------------+----------------+------------------+--------------+-----------------+-------------+
|  93 | Temp. otoczenia[Â°C]              |           4554 |             4554 |        40984 |               8 | float64     |
+-----+-----------------------------------+----------------+------------------+--------------+-----------------+-------------+
|  94 | Czas [ms].47                      |           4554 |             4554 |        40984 |            4554 | float64     |
+-----+-----------------------------------+----------------+------------------+--------------+-----------------+-------------+
|  95 | Temp. pal. na wejĹ›ciu sil.[Â°C]  |           4554 |             4554 |        40984 |              33 | float64     |
+-----+-----------------------------------+----------------+------------------+--------------+-----------------+-------------+
|  96 | Czas [ms].48                      |           4554 |             4554 |        40984 |            4554 | float64     |
+-----+-----------------------------------+----------------+------------------+--------------+-----------------+-------------+
|  97 | Temp. pal. na wyjĹ›ciu sil.[Â°C]  |           4554 |             4554 |        40984 |             193 | float64     |
+-----+-----------------------------------+----------------+------------------+--------------+-----------------+-------------+
|  98 | Czas [ms].49                      |           4553 |             4553 |        40985 |            4553 | float64     |
+-----+-----------------------------------+----------------+------------------+--------------+-----------------+-------------+
|  99 | Temp. paliwa w zb. 1/3[Â°C]       |           4553 |             4553 |        40985 |               8 | float64     |
+-----+-----------------------------------+----------------+------------------+--------------+-----------------+-------------+
| 100 | Czas [ms].50                      |           4553 |             4553 |        40985 |            4553 | float64     |
+-----+-----------------------------------+----------------+------------------+--------------+-----------------+-------------+
| 101 | Temp. paliwa w zb. 2/3[Â°C]       |           4553 |             4553 |        40985 |              14 | float64     |
+-----+-----------------------------------+----------------+------------------+--------------+-----------------+-------------+
| 102 | Czas [ms].51                      |           4553 |             4553 |        40985 |            4553 | float64     |
+-----+-----------------------------------+----------------+------------------+--------------+-----------------+-------------+
| 103 | Temp. paliwa w zb. 3/3[Â°C]       |           4553 |             4553 |        40985 |              11 | float64     |
+-----+-----------------------------------+----------------+------------------+--------------+-----------------+-------------+
| 104 | Czas [ms].52                      |           4554 |             4554 |        40984 |            4554 | float64     |
+-----+-----------------------------------+----------------+------------------+--------------+-----------------+-------------+
| 105 | Temp. powietrza przed turb.[Â°C]  |           4554 |             4554 |        40984 |             194 | float64     |
+-----+-----------------------------------+----------------+------------------+--------------+-----------------+-------------+
| 106 | Czas [ms].53                      |           4553 |             4553 |        40985 |            4553 | float64     |
+-----+-----------------------------------+----------------+------------------+--------------+-----------------+-------------+
| 107 | Temp. powietrza za turb.[Â°C]     |           4553 |             4553 |        40985 |              56 | float64     |
+-----+-----------------------------------+----------------+------------------+--------------+-----------------+-------------+
| 108 | Czas [ms].54                      |           4553 |             4553 |        40985 |            4553 | float64     |
+-----+-----------------------------------+----------------+------------------+--------------+-----------------+-------------+
| 109 | Temp. spalin 1/6[Â°C]             |           4553 |             4553 |        40985 |             402 | float64     |
+-----+-----------------------------------+----------------+------------------+--------------+-----------------+-------------+
| 110 | Czas [ms].55                      |           4553 |             4553 |        40985 |            4553 | float64     |
+-----+-----------------------------------+----------------+------------------+--------------+-----------------+-------------+
| 111 | Temp. spalin 2/6[Â°C]             |           4553 |             4553 |        40985 |             446 | float64     |
+-----+-----------------------------------+----------------+------------------+--------------+-----------------+-------------+
| 112 | Czas [ms].56                      |           4553 |             4553 |        40985 |            4553 | float64     |
+-----+-----------------------------------+----------------+------------------+--------------+-----------------+-------------+
| 113 | Temp. spalin 3/6[Â°C]             |           4553 |             4553 |        40985 |             460 | float64     |
+-----+-----------------------------------+----------------+------------------+--------------+-----------------+-------------+
| 114 | Czas [ms].57                      |           4553 |             4553 |        40985 |            4553 | float64     |
+-----+-----------------------------------+----------------+------------------+--------------+-----------------+-------------+
| 115 | Temp. spalin 4/6[Â°C]             |           4553 |             4553 |        40985 |             424 | float64     |
+-----+-----------------------------------+----------------+------------------+--------------+-----------------+-------------+
| 116 | Czas [ms].58                      |           4553 |             4553 |        40985 |            4553 | float64     |
+-----+-----------------------------------+----------------+------------------+--------------+-----------------+-------------+
| 117 | Temp. spalin za turbinÄ… 1/2[Â°C] |           4553 |             4553 |        40985 |             379 | float64     |
+-----+-----------------------------------+----------------+------------------+--------------+-----------------+-------------+
| 118 | Czas [ms].59                      |           4553 |             4553 |        40985 |            4553 | float64     |
+-----+-----------------------------------+----------------+------------------+--------------+-----------------+-------------+
| 119 | Temp. spalin za turbinÄ… 2/2[Â°C] |           4553 |             4553 |        40985 |             375 | float64     |
+-----+-----------------------------------+----------------+------------------+--------------+-----------------+-------------+
| 120 | Czas [ms].60                      |           4553 |             4553 |        40985 |            4553 | float64     |
+-----+-----------------------------------+----------------+------------------+--------------+-----------------+-------------+
| 121 | Temp.pal.na wyjĹ›ciu[Â°C]         |           4553 |             4553 |        40985 |              13 | float64     |
+-----+-----------------------------------+----------------+------------------+--------------+-----------------+-------------+
| 122 | Czas [ms].61                      |           4553 |             4553 |        40985 |            4553 | float64     |
+-----+-----------------------------------+----------------+------------------+--------------+-----------------+-------------+
| 123 | Temp.paliwa ĹĽÄ…dana[Â°C]         |           4553 |             4553 |        40985 |               1 | float64     |
+-----+-----------------------------------+----------------+------------------+--------------+-----------------+-------------+
| 124 | Czas [ms].62                      |           4554 |             4554 |        40984 |            4554 | float64     |
+-----+-----------------------------------+----------------+------------------+--------------+-----------------+-------------+
| 125 | WilgotnoĹ›Ä‡ wzglÄ™dna[%]         |           4554 |             4554 |        40984 |               3 | float64     |
+-----+-----------------------------------+----------------+------------------+--------------+-----------------+-------------+
| 126 | Czas [ms].63                      |            910 |              910 |        44628 |             910 | float64     |
+-----+-----------------------------------+----------------+------------------+--------------+-----------------+-------------+
| 127 | WyĹ‚Ä…cznik bezpieczeĹ„stwa[-]    |            910 |              910 |        44628 |               1 | float64     |
+-----+-----------------------------------+----------------+------------------+--------------+-----------------+-------------+
| 128 | Czas [ms].64                      |            910 |              910 |        44628 |             910 | float64     |
+-----+-----------------------------------+----------------+------------------+--------------+-----------------+-------------+
| 129 | ZapĹ‚on[-]                        |            910 |              910 |        44628 |               1 | float64     |
+-----+-----------------------------------+----------------+------------------+--------------+-----------------+-------------+
| 130 | Czas [ms].65                      |            913 |              913 |        44625 |             913 | float64     |
+-----+-----------------------------------+----------------+------------------+--------------+-----------------+-------------+
| 131 | Zaw. zb. paliwa 1/3[-]            |            913 |              913 |        44625 |               1 | float64     |
+-----+-----------------------------------+----------------+------------------+--------------+-----------------+-------------+
| 132 | Czas [ms].66                      |            913 |              913 |        44625 |             913 | float64     |
+-----+-----------------------------------+----------------+------------------+--------------+-----------------+-------------+
| 133 | Zaw. zb. paliwa 2/3[-]            |            913 |              913 |        44625 |               1 | float64     |
+-----+-----------------------------------+----------------+------------------+--------------+-----------------+-------------+
| 134 | Czas [ms].67                      |            913 |              913 |        44625 |             913 | float64     |
+-----+-----------------------------------+----------------+------------------+--------------+-----------------+-------------+
| 135 | Zaw. zb. paliwa 3/3[-]            |            913 |              913 |        44625 |               1 | float64     |
+-----+-----------------------------------+----------------+------------------+--------------+-----------------+-------------+
| 136 | Czas [ms].68                      |           1822 |             1822 |        43716 |            1822 | float64     |
+-----+-----------------------------------+----------------+------------------+--------------+-----------------+-------------+
| 137 | ZawĂłr reg. chĹ‚. cieczy[-]       |           1822 |             1822 |        43716 |               1 | float64     |
+-----+-----------------------------------+----------------+------------------+--------------+-----------------+-------------+
| 138 | Czas [ms].69                      |           4553 |             4553 |        40985 |            4553 | float64     |
+-----+-----------------------------------+----------------+------------------+--------------+-----------------+-------------+
| 139 | ZuĹĽycie paliwa bieĹĽÄ…ce[g/s]    |           4553 |             4553 |        40985 |             305 | float64     |
+-----+-----------------------------------+----------------+------------------+--------------+-----------------+-------------+
| 140 | Czas [ms].70                      |           4553 |             4553 |        40985 |            4553 | float64     |
+-----+-----------------------------------+----------------+------------------+--------------+-----------------+-------------+
| 141 | ZuĹĽycie paliwa Ĺ›rednie[g/s]     |           4553 |             4553 |        40985 |            2703 | float64     |
+-----+-----------------------------------+----------------+------------------+--------------+-----------------+-------------+
| 142 | Unnamed: 142                      |              0 |                0 |        45538 |               0 | float64     |
+-----+-----------------------------------+----------------+------------------+--------------+-----------------+-------------+
| 143 | Ciś. pow. za turb.[Pa]            |          45538 |            45538 |            0 |               1 | int64       |
+-----+-----------------------------------+----------------+------------------+--------------+-----------------+-------------+
| 144 | Ciśnienie atmosferyczne[hPa]      |          45538 |            45538 |            0 |               1 | int64       |
+-----+-----------------------------------+----------------+------------------+--------------+-----------------+-------------+
| 145 | ECT - wyjście z sil.[°C]          |          45538 |            45538 |            0 |               1 | int64       |
+-----+-----------------------------------+----------------+------------------+--------------+-----------------+-------------+
| 146 | Temp. oleju w misce[°C]           |          45538 |            45538 |            0 |               1 | int64       |
+-----+-----------------------------------+----------------+------------------+--------------+-----------------+-------------+
| 147 | Temp. otoczenia[°C]               |          45538 |            45538 |            0 |               1 | int64       |
+-----+-----------------------------------+----------------+------------------+--------------+-----------------+-------------+
| 148 | Temp. pal. na wyjściu sil.[°C]    |          45538 |            45538 |            0 |               1 | int64       |
+-----+-----------------------------------+----------------+------------------+--------------+-----------------+-------------+
| 149 | Temp. powietrza za turb.[°C]      |          45538 |            45538 |            0 |               1 | int64       |
+-----+-----------------------------------+----------------+------------------+--------------+-----------------+-------------+
| 150 | Temp. spalin 1/6[°C]              |          45538 |            45538 |            0 |               1 | int64       |
+-----+-----------------------------------+----------------+------------------+--------------+-----------------+-------------+
| 151 | Temp. spalin 2/6[°C]              |          45538 |            45538 |            0 |               1 | int64       |
+-----+-----------------------------------+----------------+------------------+--------------+-----------------+-------------+
| 152 | Temp. spalin 3/6[°C]              |          45538 |            45538 |            0 |               1 | int64       |
+-----+-----------------------------------+----------------+------------------+--------------+-----------------+-------------+
| 153 | Temp. spalin 4/6[°C]              |          45538 |            45538 |            0 |               1 | int64       |
+-----+-----------------------------------+----------------+------------------+--------------+-----------------+-------------+
| 154 | Wilgotność względna[%]            |          45538 |            45538 |            0 |               1 | int64       |
+-----+-----------------------------------+----------------+------------------+--------------+-----------------+-------------+
| 155 | Zużycie paliwa średnie[g/s]       |          45538 |            45538 |            0 |               1 | int64       |
+-----+-----------------------------------+----------------+------------------+--------------+-----------------+-------------+
2024-12-05 11:43:31,047 - INFO - Metadata extraction completed for all DataFrames.
2024-12-05 11:43:38,326 - INFO - Step 4: Metadata extracted successfully.
2024-12-05 11:43:38,326 - INFO - Continue data pipeline. Step 5: Filtering and preprocessing data...
2024-12-05 11:43:38,328 - INFO - !!!!!!!!Column pairs: [['Unnamed: 142', 'Ciś. pow. za turb.[Pa]'], ['Ciś. pow. za turb.[Pa]', 'Ciśnienie atmosferyczne[hPa]'], ['Ciśnienie atmosferyczne[hPa]', 'ECT - wyjście z sil.[°C]'], ['Czas [ms].25', 'MAF[kg/h]'], ['Czas [ms].26', 'Moc[kW]'], ['Czas [ms].27', 'Moment obrotowy[Nm]'], ['Czas [ms].29', 'Obroty[obr/min]'], ['ECT - wyjście z sil.[°C]', 'Temp. oleju w misce[°C]'], ['Temp. oleju w misce[°C]', 'Temp. otoczenia[°C]'], ['Temp. otoczenia[°C]', 'Temp. pal. na wyjściu sil.[°C]'], ['Temp. pal. na wyjściu sil.[°C]', 'Temp. powietrza za turb.[°C]'], ['Temp. powietrza za turb.[°C]', 'Temp. spalin 1/6[°C]'], ['Temp. spalin 1/6[°C]', 'Temp. spalin 2/6[°C]'], ['Temp. spalin 2/6[°C]', 'Temp. spalin 3/6[°C]'], ['Temp. spalin 3/6[°C]', 'Temp. spalin 4/6[°C]'], ['Temp. spalin 4/6[°C]', 'Wilgotność względna[%]'], ['Wilgotność względna[%]', 'Zużycie paliwa średnie[g/s]']]
2024-12-05 11:43:38,335 - INFO - Filtered DataFrame to include 34 columns.
2024-12-05 11:43:38,341 - ERROR - An error occurred: Cannot set a DataFrame with multiple columns to the single column Ciś. pow. za turb.[Pa]
