2024-12-03 17:44:51,418 - INFO - Starting data pipeline...
2024-12-03 17:44:51,424 - INFO - Step 1: Building files_with_raw_data_links.json...
2024-12-03 17:44:51,426 - INFO - Step 1: files_with_raw_data_links.json built successfully.
2024-12-03 17:44:57,480 - INFO - Step 1: files_with_raw_data_links.json built successfully.
2024-12-03 17:44:57,481 - INFO - Continue data pipeline. Step 2: Loading raw data...
2024-12-03 17:44:57,488 - INFO - DataLoader initialized with raw data path: c:\Users\vtaustyka\PycharmProjects\DT-Engine\data\raw
2024-12-03 17:44:57,491 - INFO - Loading main file: Zew ch ON _ 2018-12-18.csv
2024-12-03 17:44:57,496 - INFO - Loading data from file: c:\Users\vtaustyka\PycharmProjects\DT-Engine\data\raw\Zew ch ON _ 2018-12-18.csv
2024-12-03 17:44:57,803 - INFO - Data loaded successfully from file: c:\Users\vtaustyka\PycharmProjects\DT-Engine\data\raw\Zew ch ON _ 2018-12-18.csv
2024-12-03 17:44:57,804 - INFO - Data Frame Columns: ['Czas [ms]', 'Ciś. pow. przed turb.[Pa]', 'Czas [ms].1', 'Ciś. pow. za turb.[Pa]', 'Czas [ms].2', 'Ciśnienie atmosferyczne[hPa]', 'Czas [ms].3', 'Ciśnienie oleju[bar]', 'Czas [ms].4', 'Ciśnienie spalin[Pa]', 'Czas [ms].5', 'Dopeł. zb. 1/3[-]', 'Czas [ms].6', 'Dopeł. zb. 2/3[-]', 'Czas [ms].7', 'Dopeł. zb. 3/3[-]', 'Czas [ms].8', 'Dopełnianie[-]', 'Czas [ms].9', 'Duży obieg[-]', 'Czas [ms].10', 'ECT - wejście do sil.[°C]', 'Czas [ms].11', 'ECT - wyjście z sil.[°C]', 'Czas [ms].12', 'Główny obieg - przepływ[m³/h]', 'Czas [ms].13', 'Główny obieg - temp.[°C]', 'Czas [ms].14', 'GPReg_Setpoint0[°C]', 'Czas [ms].15', 'GPReg_Setpoint1[°C]', 'Czas [ms].16', 'GPReg_Setpoint2[°C]', 'Czas [ms].17', 'Hamulec, lewa komora, temp.[°C]', 'Czas [ms].18', 'Hamulec, prawa komora, temp.[°C]', 'Czas [ms].19', 'Hamulec, przepływ wody[m³/h]', 'Czas [ms].20', 'Ilość paliwa w zbiorniku[g]', 'Czas [ms].21', 'Kond. - przepływ wody[l/min]', 'Czas [ms].22', 'Kontrolka zb. 1/3 [-]', 'Czas [ms].23', 'Kontrolka zb. 2/3 [-]', 'Czas [ms].24', 'Kontrolka zb. 3/3 [-]', 'Czas [ms].25', 'MAF[kg/h]', 'Czas [ms].26', 'Moc[kW]', 'Czas [ms].27', 'Moment obrotowy[Nm]', 'Czas [ms].28', 'Moment Tryb3[Nm]', 'Czas [ms].29', 'Moment Tryb4[Nm]', 'Czas [ms].30', 'Obroty[obr/min]', 'Czas [ms].31', 'Poz. paliwa zb. 1/3[mm]', 'Czas [ms].32', 'Poz. paliwa zb. 2/3[mm]', 'Czas [ms].33', 'Poz. paliwa zb. 3/3[mm]', 'Czas [ms].34', 'Przekaź. pompy paliwa[-]', 'Czas [ms].35', 'Przekaźnik zapłonu[-]', 'Czas [ms].36', 'Przepustnica[%]', 'Czas [ms].37', 'Przepustnica Tryb0[%]', 'Czas [ms].38', 'Przepustnica Tryb1[%]', 'Czas [ms].39', 'Przyklad[bar]', 'Czas [ms].40', 'PWM Tryb0[%]', 'Czas [ms].41', 'Rozrusznik[-]', 'Czas [ms].42', 'RPM Tryb1[obr/min]', 'Czas [ms].43', 'RPM Tryb3[obr/min]', 'Czas [ms].44', 'RPM Tryb4[obr/min]', 'Czas [ms].45', 'Starter[-]', 'Czas [ms].46', 'Stycz. chłodni went.[-]', 'Czas [ms].47', 'Temp. oleju przed wym.[°C]', 'Czas [ms].48', 'Temp. oleju w misce[°C]', 'Czas [ms].49', 'Temp. oleju za wym.[°C]', 'Czas [ms].50', 'Temp. otoczenia[°C]', 'Czas [ms].51', 'Temp. pal. na wejściu sil.[°C]', 'Czas [ms].52', 'Temp. pal. na wyjściu sil.[°C]', 'Czas [ms].53', 'Temp. paliwa w zb. 1/3[°C]', 'Czas [ms].54', 'Temp. paliwa w zb. 2/3[°C]', 'Czas [ms].55', 'Temp. paliwa w zb. 3/3[°C]', 'Czas [ms].56', 'Temp. powietrza przed turb.[°C]', 'Czas [ms].57', 'Temp. powietrza za turb.[°C]', 'Czas [ms].58', 'Temp. spalin 1/6[°C]', 'Czas [ms].59', 'Temp. spalin 2/6[°C]', 'Czas [ms].60', 'Temp. spalin 3/6[°C]', 'Czas [ms].61', 'Temp. spalin 4/6[°C]', 'Czas [ms].62', 'Temp. spalin za turbiną 1/2[°C]', 'Czas [ms].63', 'Temp. spalin za turbiną 2/2[°C]', 'Czas [ms].64', 'Temp.pal.na wyjściu[°C]', 'Czas [ms].65', 'Temp.paliwa żądana[°C]', 'Czas [ms].66', 'Wilgotność względna[%]', 'Czas [ms].67', 'Wyłącznik bezpieczeństwa[-]', 'Czas [ms].68', 'Zapłon[-]', 'Czas [ms].69', 'Zaw. zb. paliwa 1/3[-]', 'Czas [ms].70', 'Zaw. zb. paliwa 2/3[-]', 'Czas [ms].71', 'Zaw. zb. paliwa 3/3[-]', 'Czas [ms].72', 'Zawór reg. chł. cieczy[-]', 'Czas [ms].73', 'Zużycie paliwa bieżące[g/s]', 'Czas [ms].74', 'Zużycie paliwa średnie[g/s]']
2024-12-03 17:44:57,826 - INFO - Data from file 'Zew ch ON _ 2018-12-18.csv':
╒════╤═════════════╤═════════════════════════════╤═══════════════╤══════════════════════════╤═══════════════╤════════════════════════════════╕
│    │   Czas [ms] │   Ciś. pow. przed turb.[Pa] │   Czas [ms].1 │   Ciś. pow. za turb.[Pa] │   Czas [ms].2 │   Ciśnienie atmosferyczne[hPa] │
╞════╪═════════════╪═════════════════════════════╪═══════════════╪══════════════════════════╪═══════════════╪════════════════════════════════╡
│  0 │         191 │                        -130 │           190 │                     -105 │            42 │                           1006 │
├────┼─────────────┼─────────────────────────────┼───────────────┼──────────────────────────┼───────────────┼────────────────────────────────┤
│  1 │         390 │                        -148 │           390 │                      -77 │           243 │                           1006 │
├────┼─────────────┼─────────────────────────────┼───────────────┼──────────────────────────┼───────────────┼────────────────────────────────┤
│  2 │         591 │                        -157 │           591 │                      -68 │           443 │                           1006 │
╘════╧═════════════╧═════════════════════════════╧═══════════════╧══════════════════════════╧═══════════════╧════════════════════════════════╛
2024-12-03 17:44:57,831 - INFO - Data from file 'Zew ch ON _ 2018-12-18.csv':
╒════╤═══════════════╤════════════════════════╤═══════════════╤════════════════════════╤═══════════════╤═════════════════════╕
│    │   Czas [ms].3 │   Ciśnienie oleju[bar] │   Czas [ms].4 │   Ciśnienie spalin[Pa] │   Czas [ms].5 │   Dopeł. zb. 1/3[-] │
╞════╪═══════════════╪════════════════════════╪═══════════════╪════════════════════════╪═══════════════╪═════════════════════╡
│  0 │           189 │                  0.006 │           190 │                      0 │           544 │                   0 │
├────┼───────────────┼────────────────────────┼───────────────┼────────────────────────┼───────────────┼─────────────────────┤
│  1 │           390 │                  0.006 │           390 │                    -18 │          1545 │                   0 │
├────┼───────────────┼────────────────────────┼───────────────┼────────────────────────┼───────────────┼─────────────────────┤
│  2 │           590 │                  0.006 │           590 │                    -28 │          2547 │                   0 │
╘════╧═══════════════╧════════════════════════╧═══════════════╧════════════════════════╧═══════════════╧═════════════════════╛
2024-12-03 17:44:57,835 - INFO - Data from file 'Zew ch ON _ 2018-12-18.csv':
╒════╤═══════════════╤═════════════════════╤═══════════════╤═════════════════════╤═══════════════╤══════════════════╕
│    │   Czas [ms].6 │   Dopeł. zb. 2/3[-] │   Czas [ms].7 │   Dopeł. zb. 3/3[-] │   Czas [ms].8 │   Dopełnianie[-] │
╞════╪═══════════════╪═════════════════════╪═══════════════╪═════════════════════╪═══════════════╪══════════════════╡
│  0 │           544 │                   0 │           544 │                   0 │           621 │                0 │
├────┼───────────────┼─────────────────────┼───────────────┼─────────────────────┼───────────────┼──────────────────┤
│  1 │          1545 │                   0 │          1545 │                   0 │          1623 │                0 │
├────┼───────────────┼─────────────────────┼───────────────┼─────────────────────┼───────────────┼──────────────────┤
│  2 │          2547 │                   0 │          2547 │                   0 │          2625 │                0 │
╘════╧═══════════════╧═════════════════════╧═══════════════╧═════════════════════╧═══════════════╧══════════════════╛
2024-12-03 17:44:57,839 - INFO - Data from file 'Zew ch ON _ 2018-12-18.csv':
╒════╤═══════════════╤═════════════════╤════════════════╤═════════════════════════════╤════════════════╤════════════════════════════╕
│    │   Czas [ms].9 │   Duży obieg[-] │   Czas [ms].10 │   ECT - wejście do sil.[°C] │   Czas [ms].11 │   ECT - wyjście z sil.[°C] │
╞════╪═══════════════╪═════════════════╪════════════════╪═════════════════════════════╪════════════════╪════════════════════════════╡
│  0 │           540 │               0 │             39 │                        20.9 │             39 │                       49.1 │
├────┼───────────────┼─────────────────┼────────────────┼─────────────────────────────┼────────────────┼────────────────────────────┤
│  1 │           871 │               0 │            240 │                        20.9 │            239 │                       49.1 │
├────┼───────────────┼─────────────────┼────────────────┼─────────────────────────────┼────────────────┼────────────────────────────┤
│  2 │          1541 │               0 │            440 │                        20.9 │            440 │                       49.1 │
╘════╧═══════════════╧═════════════════╧════════════════╧═════════════════════════════╧════════════════╧════════════════════════════╛
2024-12-03 17:44:57,843 - INFO - Data from file 'Zew ch ON _ 2018-12-18.csv':
╒════╤════════════════╤═════════════════════════════════╤════════════════╤════════════════════════════╤════════════════╤═══════════════════════╕
│    │   Czas [ms].12 │   Główny obieg - przepływ[m³/h] │   Czas [ms].13 │   Główny obieg - temp.[°C] │   Czas [ms].14 │   GPReg_Setpoint0[°C] │
╞════╪════════════════╪═════════════════════════════════╪════════════════╪════════════════════════════╪════════════════╪═══════════════════════╡
│  0 │            143 │                          144.78 │             44 │                       19.9 │             70 │                    60 │
├────┼────────────────┼─────────────────────────────────┼────────────────┼────────────────────────────┼────────────────┼───────────────────────┤
│  1 │            343 │                          141.57 │            243 │                       19.9 │            370 │                    60 │
├────┼────────────────┼─────────────────────────────────┼────────────────┼────────────────────────────┼────────────────┼───────────────────────┤
│  2 │            544 │                          136.68 │            444 │                       19.9 │            671 │                    60 │
╘════╧════════════════╧═════════════════════════════════╧════════════════╧════════════════════════════╧════════════════╧═══════════════════════╛
2024-12-03 17:44:57,847 - INFO - Data from file 'Zew ch ON _ 2018-12-18.csv':
╒════╤════════════════╤═══════════════════════╤════════════════╤═══════════════════════╤════════════════╤═══════════════════════════════════╕
│    │   Czas [ms].15 │   GPReg_Setpoint1[°C] │   Czas [ms].16 │   GPReg_Setpoint2[°C] │   Czas [ms].17 │   Hamulec, lewa komora, temp.[°C] │
╞════╪════════════════╪═══════════════════════╪════════════════╪═══════════════════════╪════════════════╪═══════════════════════════════════╡
│  0 │             70 │                    30 │             70 │                    34 │            108 │                                17 │
├────┼────────────────┼───────────────────────┼────────────────┼───────────────────────┼────────────────┼───────────────────────────────────┤
│  1 │            370 │                    30 │            370 │                    34 │            308 │                                17 │
├────┼────────────────┼───────────────────────┼────────────────┼───────────────────────┼────────────────┼───────────────────────────────────┤
│  2 │            671 │                    30 │            671 │                    34 │            509 │                                17 │
╘════╧════════════════╧═══════════════════════╧════════════════╧═══════════════════════╧════════════════╧═══════════════════════════════════╛
2024-12-03 17:44:57,855 - INFO - Data from file 'Zew ch ON _ 2018-12-18.csv':
╒════╤════════════════╤════════════════════════════════════╤════════════════╤════════════════════════════════╤════════════════╤═══════════════════════════════╕
│    │   Czas [ms].18 │   Hamulec, prawa komora, temp.[°C] │   Czas [ms].19 │   Hamulec, przepływ wody[m³/h] │   Czas [ms].20 │   Ilość paliwa w zbiorniku[g] │
╞════╪════════════════╪════════════════════════════════════╪════════════════╪════════════════════════════════╪════════════════╪═══════════════════════════════╡
│  0 │            108 │                                 17 │             58 │                           11.7 │              0 │                       597.585 │
├────┼────────────────┼────────────────────────────────────┼────────────────┼────────────────────────────────┼────────────────┼───────────────────────────────┤
│  1 │            309 │                                 17 │            258 │                           11.8 │            250 │                       597.566 │
├────┼────────────────┼────────────────────────────────────┼────────────────┼────────────────────────────────┼────────────────┼───────────────────────────────┤
│  2 │            509 │                                 17 │            459 │                           11.8 │            500 │                       597.488 │
╘════╧════════════════╧════════════════════════════════════╧════════════════╧════════════════════════════════╧════════════════╧═══════════════════════════════╛
2024-12-03 17:44:57,868 - INFO - Data from file 'Zew ch ON _ 2018-12-18.csv':
╒════╤════════════════╤════════════════════════════════╤════════════════╤═════════════════════════╤════════════════╤═════════════════════════╕
│    │   Czas [ms].21 │   Kond. - przepływ wody[l/min] │   Czas [ms].22 │   Kontrolka zb. 1/3 [-] │   Czas [ms].23 │   Kontrolka zb. 2/3 [-] │
╞════╪════════════════╪════════════════════════════════╪════════════════╪═════════════════════════╪════════════════╪═════════════════════════╡
│  0 │            169 │                           8.57 │            143 │                       0 │            143 │                       0 │
├────┼────────────────┼────────────────────────────────┼────────────────┼─────────────────────────┼────────────────┼─────────────────────────┤
│  1 │            369 │                           8.75 │            543 │                       0 │            543 │                       0 │
├────┼────────────────┼────────────────────────────────┼────────────────┼─────────────────────────┼────────────────┼─────────────────────────┤
│  2 │            570 │                           8.56 │           1345 │                       0 │           1345 │                       0 │
╘════╧════════════════╧════════════════════════════════╧════════════════╧═════════════════════════╧════════════════╧═════════════════════════╛
2024-12-03 17:44:57,877 - INFO - Data from file 'Zew ch ON _ 2018-12-18.csv':
╒════╤════════════════╤═════════════════════════╤════════════════╤═════════════╤════════════════╤═══════════╕
│    │   Czas [ms].24 │   Kontrolka zb. 3/3 [-] │   Czas [ms].25 │   MAF[kg/h] │   Czas [ms].26 │   Moc[kW] │
╞════╪════════════════╪═════════════════════════╪════════════════╪═════════════╪════════════════╪═══════════╡
│  0 │            143 │                       0 │            191 │         0   │             70 │         0 │
├────┼────────────────┼─────────────────────────┼────────────────┼─────────────┼────────────────┼───────────┤
│  1 │            543 │                       0 │            391 │         0.8 │            270 │         0 │
├────┼────────────────┼─────────────────────────┼────────────────┼─────────────┼────────────────┼───────────┤
│  2 │           1345 │                       0 │            592 │         3.7 │            471 │         0 │
╘════╧════════════════╧═════════════════════════╧════════════════╧═════════════╧════════════════╧═══════════╛
2024-12-03 17:44:57,884 - INFO - Data from file 'Zew ch ON _ 2018-12-18.csv':
╒════╤════════════════╤═══════════════════════╤════════════════╤════════════════════╤════════════════╤════════════════════╕
│    │   Czas [ms].27 │   Moment obrotowy[Nm] │   Czas [ms].28 │   Moment Tryb3[Nm] │   Czas [ms].29 │   Moment Tryb4[Nm] │
╞════╪════════════════╪═══════════════════════╪════════════════╪════════════════════╪════════════════╪════════════════════╡
│  0 │             10 │                   0.4 │         467537 │              113.2 │         466759 │                129 │
├────┼────────────────┼───────────────────────┼────────────────┼────────────────────┼────────────────┼────────────────────┤
│  1 │             30 │                   0.4 │         467539 │              113.2 │         466788 │                129 │
├────┼────────────────┼───────────────────────┼────────────────┼────────────────────┼────────────────┼────────────────────┤
│  2 │             50 │                   0.4 │         467789 │              113.2 │         467038 │                129 │
╘════╧════════════════╧═══════════════════════╧════════════════╧════════════════════╧════════════════╧════════════════════╛
2024-12-03 17:44:57,891 - INFO - Data from file 'Zew ch ON _ 2018-12-18.csv':
╒════╤════════════════╤═══════════════════╤════════════════╤═══════════════════════════╤════════════════╤═══════════════════════════╕
│    │   Czas [ms].30 │   Obroty[obr/min] │   Czas [ms].31 │   Poz. paliwa zb. 1/3[mm] │   Czas [ms].32 │   Poz. paliwa zb. 2/3[mm] │
╞════╪════════════════╪═══════════════════╪════════════════╪═══════════════════════════╪════════════════╪═══════════════════════════╡
│  0 │             10 │                 0 │            191 │                       207 │            190 │                        75 │
├────┼────────────────┼───────────────────┼────────────────┼───────────────────────────┼────────────────┼───────────────────────────┤
│  1 │             30 │                 0 │            391 │                       207 │            392 │                        75 │
├────┼────────────────┼───────────────────┼────────────────┼───────────────────────────┼────────────────┼───────────────────────────┤
│  2 │             50 │                 0 │            592 │                       207 │            592 │                        75 │
╘════╧════════════════╧═══════════════════╧════════════════╧═══════════════════════════╧════════════════╧═══════════════════════════╛
2024-12-03 17:44:57,907 - INFO - Data from file 'Zew ch ON _ 2018-12-18.csv':
╒════╤════════════════╤═══════════════════════════╤════════════════╤════════════════════════════╤════════════════╤═════════════════════════╕
│    │   Czas [ms].33 │   Poz. paliwa zb. 3/3[mm] │   Czas [ms].34 │   Przekaź. pompy paliwa[-] │   Czas [ms].35 │   Przekaźnik zapłonu[-] │
╞════╪════════════════╪═══════════════════════════╪════════════════╪════════════════════════════╪════════════════╪═════════════════════════╡
│  0 │            190 │                       111 │            540 │                          0 │            143 │                       1 │
├────┼────────────────┼───────────────────────────┼────────────────┼────────────────────────────┼────────────────┼─────────────────────────┤
│  1 │            392 │                       111 │           1541 │                          0 │            543 │                       1 │
├────┼────────────────┼───────────────────────────┼────────────────┼────────────────────────────┼────────────────┼─────────────────────────┤
│  2 │            590 │                       111 │           2543 │                          0 │           1345 │                       1 │
╘════╧════════════════╧═══════════════════════════╧════════════════╧════════════════════════════╧════════════════╧═════════════════════════╛
2024-12-03 17:44:57,915 - INFO - Data from file 'Zew ch ON _ 2018-12-18.csv':
╒════╤════════════════╤═══════════════════╤════════════════╤═════════════════════════╤════════════════╤═════════════════════════╕
│    │   Czas [ms].36 │   Przepustnica[%] │   Czas [ms].37 │   Przepustnica Tryb0[%] │   Czas [ms].38 │   Przepustnica Tryb1[%] │
╞════╪════════════════╪═══════════════════╪════════════════╪═════════════════════════╪════════════════╪═════════════════════════╡
│  0 │             20 │                 0 │            120 │                       0 │           9455 │                       0 │
├────┼────────────────┼───────────────────┼────────────────┼─────────────────────────┼────────────────┼─────────────────────────┤
│  1 │            270 │                 0 │            370 │                       0 │           9634 │                       0 │
├────┼────────────────┼───────────────────┼────────────────┼─────────────────────────┼────────────────┼─────────────────────────┤
│  2 │            521 │                 0 │            621 │                       0 │           9884 │                       0 │
╘════╧════════════════╧═══════════════════╧════════════════╧═════════════════════════╧════════════════╧═════════════════════════╛
2024-12-03 17:44:57,951 - INFO - Data from file 'Zew ch ON _ 2018-12-18.csv':
╒════╤════════════════╤═════════════════╤════════════════╤════════════════╤════════════════╤═════════════════╕
│    │   Czas [ms].39 │   Przyklad[bar] │   Czas [ms].40 │   PWM Tryb0[%] │   Czas [ms].41 │   Rozrusznik[-] │
╞════╪════════════════╪═════════════════╪════════════════╪════════════════╪════════════════╪═════════════════╡
│  0 │            193 │               0 │            120 │              0 │            143 │               1 │
├────┼────────────────┼─────────────────┼────────────────┼────────────────┼────────────────┼─────────────────┤
│  1 │            393 │               0 │            370 │              0 │            543 │               1 │
├────┼────────────────┼─────────────────┼────────────────┼────────────────┼────────────────┼─────────────────┤
│  2 │            593 │               0 │            621 │              0 │            951 │               1 │
╘════╧════════════════╧═════════════════╧════════════════╧════════════════╧════════════════╧═════════════════╛
2024-12-03 17:44:57,956 - INFO - Data from file 'Zew ch ON _ 2018-12-18.csv':
╒════╤════════════════╤══════════════════════╤════════════════╤══════════════════════╤════════════════╤══════════════════════╕
│    │   Czas [ms].42 │   RPM Tryb1[obr/min] │   Czas [ms].43 │   RPM Tryb3[obr/min] │   Czas [ms].44 │   RPM Tryb4[obr/min] │
╞════╪════════════════╪══════════════════════╪════════════════╪══════════════════════╪════════════════╪══════════════════════╡
│  0 │           9455 │                  800 │         467537 │                 2243 │         466759 │                 2203 │
├────┼────────────────┼──────────────────────┼────────────────┼──────────────────────┼────────────────┼──────────────────────┤
│  1 │           9634 │                  800 │         467539 │                 2243 │         466788 │                 2203 │
├────┼────────────────┼──────────────────────┼────────────────┼──────────────────────┼────────────────┼──────────────────────┤
│  2 │           9884 │                  800 │         467789 │                 2243 │         467038 │                 2203 │
╘════╧════════════════╧══════════════════════╧════════════════╧══════════════════════╧════════════════╧══════════════════════╛
2024-12-03 17:44:57,983 - INFO - Data from file 'Zew ch ON _ 2018-12-18.csv':
╒════╤════════════════╤══════════════╤════════════════╤═══════════════════════════╤════════════════╤══════════════════════════════╕
│    │   Czas [ms].45 │   Starter[-] │   Czas [ms].46 │   Stycz. chłodni went.[-] │   Czas [ms].47 │   Temp. oleju przed wym.[°C] │
╞════╪════════════════╪══════════════╪════════════════╪═══════════════════════════╪════════════════╪══════════════════════════════╡
│  0 │            953 │            1 │            540 │                         0 │             39 │                           22 │
├────┼────────────────┼──────────────┼────────────────┼───────────────────────────┼────────────────┼──────────────────────────────┤
│  1 │           1353 │            0 │            871 │                         0 │            240 │                           22 │
├────┼────────────────┼──────────────┼────────────────┼───────────────────────────┼────────────────┼──────────────────────────────┤
│  2 │           2355 │            0 │           1541 │                         0 │            440 │                           22 │
╘════╧════════════════╧══════════════╧════════════════╧═══════════════════════════╧════════════════╧══════════════════════════════╛
2024-12-03 17:44:57,988 - INFO - Data from file 'Zew ch ON _ 2018-12-18.csv':
╒════╤════════════════╤═══════════════════════════╤════════════════╤═══════════════════════════╤════════════════╤═══════════════════════╕
│    │   Czas [ms].48 │   Temp. oleju w misce[°C] │   Czas [ms].49 │   Temp. oleju za wym.[°C] │   Czas [ms].50 │   Temp. otoczenia[°C] │
╞════╪════════════════╪═══════════════════════════╪════════════════╪═══════════════════════════╪════════════════╪═══════════════════════╡
│  0 │             93 │                        69 │             40 │                      21.9 │             43 │                  18.9 │
├────┼────────────────┼───────────────────────────┼────────────────┼───────────────────────────┼────────────────┼───────────────────────┤
│  1 │            294 │                        69 │            240 │                      22   │            244 │                  18.9 │
├────┼────────────────┼───────────────────────────┼────────────────┼───────────────────────────┼────────────────┼───────────────────────┤
│  2 │            494 │                        69 │            440 │                      21.9 │            444 │                  18.9 │
╘════╧════════════════╧═══════════════════════════╧════════════════╧═══════════════════════════╧════════════════╧═══════════════════════╛
2024-12-03 17:44:58,000 - INFO - Data from file 'Zew ch ON _ 2018-12-18.csv':
╒════╤════════════════╤══════════════════════════════════╤════════════════╤══════════════════════════════════╤════════════════╤══════════════════════════════╕
│    │   Czas [ms].51 │   Temp. pal. na wejściu sil.[°C] │   Czas [ms].52 │   Temp. pal. na wyjściu sil.[°C] │   Czas [ms].53 │   Temp. paliwa w zb. 1/3[°C] │
╞════╪════════════════╪══════════════════════════════════╪════════════════╪══════════════════════════════════╪════════════════╪══════════════════════════════╡
│  0 │             43 │                             25.8 │             43 │                               36 │            119 │                         16.6 │
├────┼────────────────┼──────────────────────────────────┼────────────────┼──────────────────────────────────┼────────────────┼──────────────────────────────┤
│  1 │            243 │                             25.8 │            244 │                               36 │            319 │                         16.6 │
├────┼────────────────┼──────────────────────────────────┼────────────────┼──────────────────────────────────┼────────────────┼──────────────────────────────┤
│  2 │            444 │                             25.8 │            444 │                               36 │            520 │                         16.6 │
╘════╧════════════════╧══════════════════════════════════╧════════════════╧══════════════════════════════════╧════════════════╧══════════════════════════════╛
2024-12-03 17:44:58,006 - INFO - Data from file 'Zew ch ON _ 2018-12-18.csv':
╒════╤════════════════╤══════════════════════════════╤════════════════╤══════════════════════════════╤════════════════╤═══════════════════════════════════╕
│    │   Czas [ms].54 │   Temp. paliwa w zb. 2/3[°C] │   Czas [ms].55 │   Temp. paliwa w zb. 3/3[°C] │   Czas [ms].56 │   Temp. powietrza przed turb.[°C] │
╞════╪════════════════╪══════════════════════════════╪════════════════╪══════════════════════════════╪════════════════╪═══════════════════════════════════╡
│  0 │            119 │                         16.5 │            119 │                           16 │             40 │                              41.6 │
├────┼────────────────┼──────────────────────────────┼────────────────┼──────────────────────────────┼────────────────┼───────────────────────────────────┤
│  1 │            319 │                         16.5 │            320 │                           16 │            240 │                              41.6 │
├────┼────────────────┼──────────────────────────────┼────────────────┼──────────────────────────────┼────────────────┼───────────────────────────────────┤
│  2 │            520 │                         16.5 │            520 │                           16 │            441 │                              41.6 │
╘════╧════════════════╧══════════════════════════════╧════════════════╧══════════════════════════════╧════════════════╧═══════════════════════════════════╛
2024-12-03 17:44:58,020 - INFO - Data from file 'Zew ch ON _ 2018-12-18.csv':
╒════╤════════════════╤════════════════════════════════╤════════════════╤════════════════════════╤════════════════╤════════════════════════╕
│    │   Czas [ms].57 │   Temp. powietrza za turb.[°C] │   Czas [ms].58 │   Temp. spalin 1/6[°C] │   Czas [ms].59 │   Temp. spalin 2/6[°C] │
╞════╪════════════════╪════════════════════════════════╪════════════════╪════════════════════════╪════════════════╪════════════════════════╡
│  0 │             93 │                             47 │             89 │                     78 │             89 │                     81 │
├────┼────────────────┼────────────────────────────────┼────────────────┼────────────────────────┼────────────────┼────────────────────────┤
│  1 │            293 │                             47 │            289 │                     78 │            290 │                     80 │
├────┼────────────────┼────────────────────────────────┼────────────────┼────────────────────────┼────────────────┼────────────────────────┤
│  2 │            494 │                             47 │            490 │                     78 │            490 │                     80 │
╘════╧════════════════╧════════════════════════════════╧════════════════╧════════════════════════╧════════════════╧════════════════════════╛
2024-12-03 17:44:58,028 - INFO - Data from file 'Zew ch ON _ 2018-12-18.csv':
╒════╤════════════════╤════════════════════════╤════════════════╤════════════════════════╤════════════════╤═══════════════════════════════════╕
│    │   Czas [ms].60 │   Temp. spalin 3/6[°C] │   Czas [ms].61 │   Temp. spalin 4/6[°C] │   Czas [ms].62 │   Temp. spalin za turbiną 1/2[°C] │
╞════╪════════════════╪════════════════════════╪════════════════╪════════════════════════╪════════════════╪═══════════════════════════════════╡
│  0 │             90 │                     72 │             90 │                     63 │             93 │                                64 │
├────┼────────────────┼────────────────────────┼────────────────┼────────────────────────┼────────────────┼───────────────────────────────────┤
│  1 │            290 │                     72 │            290 │                     63 │            293 │                                64 │
├────┼────────────────┼────────────────────────┼────────────────┼────────────────────────┼────────────────┼───────────────────────────────────┤
│  2 │            490 │                     72 │            491 │                     63 │            493 │                                64 │
╘════╧════════════════╧════════════════════════╧════════════════╧════════════════════════╧════════════════╧═══════════════════════════════════╛
2024-12-03 17:44:58,033 - INFO - Data from file 'Zew ch ON _ 2018-12-18.csv':
╒════╤════════════════╤═══════════════════════════════════╤════════════════╤═══════════════════════════╤════════════════╤══════════════════════════╕
│    │   Czas [ms].63 │   Temp. spalin za turbiną 2/2[°C] │   Czas [ms].64 │   Temp.pal.na wyjściu[°C] │   Czas [ms].65 │   Temp.paliwa żądana[°C] │
╞════╪════════════════╪═══════════════════════════════════╪════════════════╪═══════════════════════════╪════════════════╪══════════════════════════╡
│  0 │             93 │                                62 │             70 │                      16.1 │             20 │                     20.6 │
├────┼────────────────┼───────────────────────────────────┼────────────────┼───────────────────────────┼────────────────┼──────────────────────────┤
│  1 │            293 │                                62 │            270 │                      16.1 │            219 │                     20.6 │
├────┼────────────────┼───────────────────────────────────┼────────────────┼───────────────────────────┼────────────────┼──────────────────────────┤
│  2 │            494 │                                62 │            470 │                      16.1 │            419 │                     20.6 │
╘════╧════════════════╧═══════════════════════════════════╧════════════════╧═══════════════════════════╧════════════════╧══════════════════════════╛
2024-12-03 17:44:58,038 - INFO - Data from file 'Zew ch ON _ 2018-12-18.csv':
╒════╤════════════════╤══════════════════════════╤════════════════╤═══════════════════════════════╤════════════════╤═════════════╕
│    │   Czas [ms].66 │   Wilgotność względna[%] │   Czas [ms].67 │   Wyłącznik bezpieczeństwa[-] │   Czas [ms].68 │   Zapłon[-] │
╞════╪════════════════╪══════════════════════════╪════════════════╪═══════════════════════════════╪════════════════╪═════════════╡
│  0 │             43 │                       30 │            953 │                             0 │            953 │           1 │
├────┼────────────────┼──────────────────────────┼────────────────┼───────────────────────────────┼────────────────┼─────────────┤
│  1 │            243 │                       30 │           1353 │                             0 │           1353 │           1 │
├────┼────────────────┼──────────────────────────┼────────────────┼───────────────────────────────┼────────────────┼─────────────┤
│  2 │            443 │                       30 │           2355 │                             0 │           2355 │           1 │
╘════╧════════════════╧══════════════════════════╧════════════════╧═══════════════════════════════╧════════════════╧═════════════╛
2024-12-03 17:44:58,044 - INFO - Data from file 'Zew ch ON _ 2018-12-18.csv':
╒════╤════════════════╤══════════════════════════╤════════════════╤══════════════════════════╤════════════════╤══════════════════════════╕
│    │   Czas [ms].69 │   Zaw. zb. paliwa 1/3[-] │   Czas [ms].70 │   Zaw. zb. paliwa 2/3[-] │   Czas [ms].71 │   Zaw. zb. paliwa 3/3[-] │
╞════╪════════════════╪══════════════════════════╪════════════════╪══════════════════════════╪════════════════╪══════════════════════════╡
│  0 │            143 │                        0 │            143 │                        0 │            143 │                        0 │
├────┼────────────────┼──────────────────────────┼────────────────┼──────────────────────────┼────────────────┼──────────────────────────┤
│  1 │            543 │                        0 │            543 │                        0 │            543 │                        0 │
├────┼────────────────┼──────────────────────────┼────────────────┼──────────────────────────┼────────────────┼──────────────────────────┤
│  2 │           1345 │                        0 │           1345 │                        0 │           1345 │                        0 │
╘════╧════════════════╧══════════════════════════╧════════════════╧══════════════════════════╧════════════════╧══════════════════════════╛
2024-12-03 17:44:58,048 - INFO - Data from file 'Zew ch ON _ 2018-12-18.csv':
╒════╤════════════════╤═════════════════════════════╤════════════════╤═══════════════════════════════╤════════════════╤═══════════════════════════════╕
│    │   Czas [ms].72 │   Zawór reg. chł. cieczy[-] │   Czas [ms].73 │   Zużycie paliwa bieżące[g/s] │   Czas [ms].74 │   Zużycie paliwa średnie[g/s] │
╞════╪════════════════╪═════════════════════════════╪════════════════╪═══════════════════════════════╪════════════════╪═══════════════════════════════╡
│  0 │            540 │                           0 │             20 │                             0 │             20 │                        0.0182 │
├────┼────────────────┼─────────────────────────────┼────────────────┼───────────────────────────────┼────────────────┼───────────────────────────────┤
│  1 │            871 │                           0 │            220 │                             0 │            219 │                        0.0191 │
├────┼────────────────┼─────────────────────────────┼────────────────┼───────────────────────────────┼────────────────┼───────────────────────────────┤
│  2 │           1541 │                           0 │            420 │                             0 │            420 │                        0.0192 │
╘════╧════════════════╧═════════════════════════════╧════════════════╧═══════════════════════════════╧════════════════╧═══════════════════════════════╛
2024-12-03 17:44:58,053 - INFO - Data Frame Shape: (31577, 150)
2024-12-03 17:44:58,053 - INFO - Loading eco file: Zew ch ON _ 2018-12-18_eco.csv
2024-12-03 17:44:58,054 - INFO - Loading data from file: c:\Users\vtaustyka\PycharmProjects\DT-Engine\data\raw\Zew ch ON _ 2018-12-18_eco.csv
2024-12-03 17:44:58,057 - INFO - Data loaded successfully from file: c:\Users\vtaustyka\PycharmProjects\DT-Engine\data\raw\Zew ch ON _ 2018-12-18_eco.csv
2024-12-03 17:44:58,058 - INFO - Data Frame Columns: ['OBR', 'Mo', 'CO', 'HC', 'LAMBDA', 'CO2', 'O2', 'NO', 'PM']
2024-12-03 17:44:58,059 - INFO - Data from file 'Zew ch ON _ 2018-12-18_eco.csv':
╒════╤═══════╤══════╤══════╤══════╤══════════╤═══════╕
│    │   OBR │   Mo │   CO │   HC │   LAMBDA │   CO2 │
╞════╪═══════╪══════╪══════╪══════╪══════════╪═══════╡
│  0 │  2400 │  293 │ 0.03 │   12 │    1.938 │   7.7 │
├────┼───────┼──────┼──────┼──────┼──────────┼───────┤
│  1 │  2200 │  325 │ 0.03 │   13 │    1.779 │   8.4 │
├────┼───────┼──────┼──────┼──────┼──────────┼───────┤
│  2 │  2000 │  339 │ 0.04 │   11 │    1.654 │   9.1 │
╘════╧═══════╧══════╧══════╧══════╧══════════╧═══════╛
2024-12-03 17:44:58,063 - INFO - Data from file 'Zew ch ON _ 2018-12-18_eco.csv':
╒════╤═══════╤══════╤══════╕
│    │    O2 │   NO │   PM │
╞════╪═══════╪══════╪══════╡
│  0 │ 10.34 │  191 │ 8.81 │
├────┼───────┼──────┼──────┤
│  1 │  9.4  │  215 │ 7.25 │
├────┼───────┼──────┼──────┤
│  2 │  8.59 │  250 │ 7.1  │
╘════╧═══════╧══════╧══════╛
2024-12-03 17:44:58,073 - INFO - Data Frame Shape: (10, 9)
2024-12-03 17:44:58,073 - INFO - Data files loaded successfully.
2024-12-03 17:44:58,798 - INFO - Step 2: Raw data loaded successfully.
2024-12-03 17:44:58,799 - INFO - Continue data pipeline. Step 3: Validating data...
2024-12-03 17:44:58,805 - INFO - DataValidator initialized.
2024-12-03 17:44:58,806 - INFO - Starting column validation for multiple DataFrames...
2024-12-03 17:44:58,813 - INFO - DataFrame 0: All required columns are present.
2024-12-03 17:44:58,813 - INFO - DataFrame 0: All optional columns are present.
2024-12-03 17:44:58,813 - INFO - DataFrame 1: All required columns are present.
2024-12-03 17:44:58,814 - INFO - DataFrame 1: All optional columns are present.
2024-12-03 17:44:58,814 - INFO - Starting schema validation for multiple DataFrames...
2024-12-03 17:44:58,815 - INFO - DataFrame 0 - Schema validation passed.
2024-12-03 17:44:58,816 - INFO - DataFrame 1 - Schema validation passed.
2024-12-03 17:44:58,816 - INFO - Checking for duplicate columns in multiple DataFrames...
2024-12-03 17:44:58,816 - INFO - DataFrame 0: No duplicate columns found.
2024-12-03 17:44:58,816 - INFO - DataFrame 1: No duplicate columns found.
2024-12-03 17:44:58,817 - INFO - Validation reports summarizing the results for each DataFrame
2024-12-03 17:44:58,817 - INFO - =================
Validation Report for DataFrame 0 (0 - main Data Frame; 1 - eco Data Frame):
DataFrame Shape: (31577, 150) (Rows, Columns) <--- !!!!!!!!!
All Required Columns: Present
All Optional Columns: Present
2024-12-03 17:44:58,818 - INFO - =================
Validation Report for DataFrame 1 (0 - main Data Frame; 1 - eco Data Frame):
DataFrame Shape: (10, 9) (Rows, Columns) <--- !!!!!!!!!
All Required Columns: Present
All Optional Columns: Present
2024-12-03 17:44:58,818 - INFO - Step 3: Data validated successfully.
2024-12-03 17:44:59,975 - INFO - Process stopped at step 3.
