2024-11-25 17:57:00,310 - INFO - Starting data pipeline...
2024-11-25 17:57:00,316 - INFO - Step 1: Building files_with_raw_data_links.json...
2024-11-25 17:57:00,317 - INFO - Step 1: files_with_raw_data_links.json built successfully.
2024-11-25 17:57:03,721 - INFO - Step 1: files_with_raw_data_links.json built successfully.
2024-11-25 17:57:03,721 - INFO - Continue data pipeline. Step 2: Loading raw data...
2024-11-25 17:57:03,725 - INFO - DataLoader initialized with raw data path: c:\Users\vtaustyka\PycharmProjects\DT-Engine\data\raw
2024-11-25 17:57:03,726 - INFO - Loading main file: 1600Nn obc ON _ 2018-12-06_ORIGEN.csv
2024-11-25 17:57:03,727 - INFO - Loading data from file: c:\Users\vtaustyka\PycharmProjects\DT-Engine\data\raw\1600Nn obc ON _ 2018-12-06_ORIGEN.csv
2024-11-25 17:57:04,024 - INFO - Data loaded successfully from file: c:\Users\vtaustyka\PycharmProjects\DT-Engine\data\raw\1600Nn obc ON _ 2018-12-06_ORIGEN.csv
2024-11-25 17:57:04,134 - INFO - Data Frame Shape: (38535, 146)
2024-11-25 17:57:04,135 - INFO - Data files loaded successfully.
2024-11-25 17:57:05,536 - INFO - Step 2: Raw data loaded successfully.
2024-11-25 17:57:05,536 - INFO - Continue data pipeline. Step 3: Validating data...
2024-11-25 17:57:05,540 - INFO - DataValidator initialized.
2024-11-25 17:57:05,541 - INFO - Starting column validation for multiple DataFrames...
2024-11-25 17:57:05,541 - INFO - DataFrame 0: All required columns are present.
2024-11-25 17:57:05,542 - INFO - DataFrame 0: All optional columns are present.
2024-11-25 17:57:05,542 - INFO - Starting schema validation for multiple DataFrames...
2024-11-25 17:57:05,543 - INFO - DataFrame 0 - Schema validation passed.
2024-11-25 17:57:05,543 - INFO - Checking for duplicate columns in multiple DataFrames...
2024-11-25 17:57:05,544 - INFO - DataFrame 0: No duplicate columns found.
2024-11-25 17:57:05,544 - INFO - Validation reports summarizing the results for each DataFrame
2024-11-25 17:57:05,544 - INFO - =================
Validation Report for DataFrame 0 (0 - main Data Frame; 1 - eco Data Frame):
DataFrame Shape: (38535, 146) (Rows, Columns) <--- !!!!!!!!!
All Required Columns: Present
All Optional Columns: Present
2024-11-25 17:57:05,545 - INFO - Step 3: Data validated successfully.
2024-11-25 17:57:06,161 - INFO - Step 3: Data validated successfully.
2024-11-25 17:57:06,161 - INFO - Starting metadata extraction for multiple DataFrames...
2024-11-25 17:57:06,161 - INFO - Processing DataFrame 1/1 with shape (38535, 146)...
2024-11-25 17:57:06,329 - INFO - Metadata extraction completed for all DataFrames.
2024-11-25 17:57:06,920 - INFO - Step 4: Metadata extracted successfully.
2024-11-25 17:57:06,921 - INFO - Continue data pipeline. Step 5: Cleaning and preprocessing data...
2024-11-25 17:57:06,937 - INFO - DataCleaner initialized with required columns.
2024-11-25 17:57:06,937 - INFO - Starting data cleaning process.
2024-11-25 17:57:06,943 - INFO - Filtered DataFrame to include 34 columns.
2024-11-25 17:57:06,943 - INFO - Data cleaning process completed.
2024-11-25 17:57:06,944 - INFO - Filtered DataFrame shape: (38535, 34)
2024-11-25 17:57:06,966 - INFO - Step 5: Data cleaned and preprocessed successfully.
2024-11-25 17:57:07,520 - INFO - Step 5: Data cleaned and preprocessed successfully.
2024-11-25 17:57:07,521 - INFO - Step 6: Continue data pipeline. Saving cleaned data...
2024-11-25 17:57:07,590 - INFO - Cleaned data saved to c:\Users\vtaustyka\PycharmProjects\DT-Engine\data\processed\cleaned_data.parquet
2024-11-25 17:57:07,590 - INFO - Step 6: Save cleaned data completed successfully.
2024-11-25 17:57:08,160 - INFO - Step 6: Cleaned data saved successfully.
2024-11-25 17:57:08,160 - INFO - Continue data pipeline. Step 7 - NOT IMPLEMENTED: Filtering data...
2024-11-25 17:57:08,769 - INFO - Step 7: Data filtering step not implemented.
2024-11-25 17:57:08,769 - INFO - Data pipeline completed successfully.
