2024-12-02 15:13:15,459 - INFO - Starting data pipeline...
2024-12-02 15:13:15,460 - INFO - Step 1: Building files_with_raw_data_links.json...
2024-12-02 15:13:15,461 - INFO - Step 1: files_with_raw_data_links.json built successfully.
2024-12-02 15:13:17,441 - INFO - Step 1: files_with_raw_data_links.json built successfully.
2024-12-02 15:13:17,441 - INFO - Continue data pipeline. Step 2: Loading raw data...
2024-12-02 15:13:17,442 - INFO - DataLoader initialized with raw data path: /home/viktar-taustyka/GitHubRepos/DT-Engine/data/raw
2024-12-02 15:13:17,443 - INFO - Loading main file: 1600Nn obc ON _ 2018-12-06_ORIGEN.csv
2024-12-02 15:13:17,443 - INFO - Loading data from file: /home/viktar-taustyka/GitHubRepos/DT-Engine/data/raw/1600Nn obc ON _ 2018-12-06_ORIGEN.csv
2024-12-02 15:13:17,749 - INFO - Data loaded successfully from file: /home/viktar-taustyka/GitHubRepos/DT-Engine/data/raw/1600Nn obc ON _ 2018-12-06_ORIGEN.csv
2024-12-02 15:13:17,749 - INFO - Data Frame Columns: ['Czas [ms]', 'Ciś. pow. przed turb.[Pa]', 'Czas [ms].1', 'Ciś. pow. za turb.[Pa]', 'Czas [ms].2', 'Ciśnienie atmosferyczne[hPa]', 'Czas [ms].3', 'Ciśnienie oleju[bar]', 'Czas [ms].4', 'Ciśnienie spalin[Pa]', 'Czas [ms].5', 'Dopeł. zb. 1/3[-]', 'Czas [ms].6', 'Dopeł. zb. 2/3[-]', 'Czas [ms].7', 'Dopeł. zb. 3/3[-]', 'Czas [ms].8', 'Dopełnianie[-]', 'Czas [ms].9', 'Duży obieg[-]', 'Czas [ms].10', 'ECT - wejście do sil.[°C]', 'Czas [ms].11', 'ECT - wyjście z sil.[°C]', 'Czas [ms].12', 'Główny obieg - przepływ[m³/h]', 'Czas [ms].13', 'Główny obieg - temp.[°C]', 'Czas [ms].14', 'GPReg_Setpoint0[°C]', 'Czas [ms].15', 'GPReg_Setpoint1[°C]', 'Czas [ms].16', 'GPReg_Setpoint2[°C]', 'Czas [ms].17', 'Hamulec, lewa komora, temp.[°C]', 'Czas [ms].18', 'Hamulec, prawa komora, temp.[°C]', 'Czas [ms].19', 'Hamulec, przepływ wody[m³/h]', 'Czas [ms].20', 'Ilość paliwa w zbiorniku[g]', 'Czas [ms].21', 'Kond. - przepływ wody[l/min]', 'Czas [ms].22', 'Kontrolka zb. 1/3 [-]', 'Czas [ms].23', 'Kontrolka zb. 2/3 [-]', 'Czas [ms].24', 'Kontrolka zb. 3/3 [-]', 'Czas [ms].25', 'MAF[kg/h]', 'Czas [ms].26', 'Moc[kW]', 'Czas [ms].27', 'Moment obrotowy[Nm]', 'Czas [ms].28', 'Moment Tryb3[Nm]', 'Czas [ms].29', 'Obroty[obr/min]', 'Czas [ms].30', 'Poz. paliwa zb. 1/3[mm]', 'Czas [ms].31', 'Poz. paliwa zb. 2/3[mm]', 'Czas [ms].32', 'Poz. paliwa zb. 3/3[mm]', 'Czas [ms].33', 'Przekaź. pompy paliwa[-]', 'Czas [ms].34', 'Przekaźnik zapłonu[-]', 'Czas [ms].35', 'Przepustnica[%]', 'Czas [ms].36', 'Przepustnica Tryb0[%]', 'Czas [ms].37', 'Przepustnica Tryb1[%]', 'Czas [ms].38', 'Przyklad[bar]', 'Czas [ms].39', 'PWM Tryb0[%]', 'Czas [ms].40', 'Rozrusznik[-]', 'Czas [ms].41', 'RPM Tryb1[obr/min]', 'Czas [ms].42', 'RPM Tryb3[obr/min]', 'Czas [ms].43', 'Starter[-]', 'Czas [ms].44', 'Stycz. chłodni went.[-]', 'Czas [ms].45', 'Temp. oleju przed wym.[°C]', 'Czas [ms].46', 'Temp. oleju w misce[°C]', 'Czas [ms].47', 'Temp. oleju za wym.[°C]', 'Czas [ms].48', 'Temp. otoczenia[°C]', 'Czas [ms].49', 'Temp. pal. na wejściu sil.[°C]', 'Czas [ms].50', 'Temp. pal. na wyjściu sil.[°C]', 'Czas [ms].51', 'Temp. paliwa w zb. 1/3[°C]', 'Czas [ms].52', 'Temp. paliwa w zb. 2/3[°C]', 'Czas [ms].53', 'Temp. paliwa w zb. 3/3[°C]', 'Czas [ms].54', 'Temp. powietrza przed turb.[°C]', 'Czas [ms].55', 'Temp. powietrza za turb.[°C]', 'Czas [ms].56', 'Temp. spalin 1/6[°C]', 'Czas [ms].57', 'Temp. spalin 2/6[°C]', 'Czas [ms].58', 'Temp. spalin 3/6[°C]', 'Czas [ms].59', 'Temp. spalin 4/6[°C]', 'Czas [ms].60', 'Temp. spalin za turbiną 1/2[°C]', 'Czas [ms].61', 'Temp. spalin za turbiną 2/2[°C]', 'Czas [ms].62', 'Temp.pal.na wyjściu[°C]', 'Czas [ms].63', 'Temp.paliwa żądana[°C]', 'Czas [ms].64', 'Wilgotność względna[%]', 'Czas [ms].65', 'Wyłącznik bezpieczeństwa[-]', 'Czas [ms].66', 'Zapłon[-]', 'Czas [ms].67', 'Zaw. zb. paliwa 1/3[-]', 'Czas [ms].68', 'Zaw. zb. paliwa 2/3[-]', 'Czas [ms].69', 'Zaw. zb. paliwa 3/3[-]', 'Czas [ms].70', 'Zawór reg. chł. cieczy[-]', 'Czas [ms].71', 'Zużycie paliwa bieżące[g/s]', 'Czas [ms].72', 'Zużycie paliwa średnie[g/s]']
2024-12-02 15:13:17,752 - INFO - Data from file '1600Nn obc ON _ 2018-12-06_ORIGEN.csv':
╒════╤═════════════╤═════════════════════════════╤═══════════════╤══════════════════════════╤═══════════════╤════════════════════════════════╕
│    │   Czas [ms] │   Ciś. pow. przed turb.[Pa] │   Czas [ms].1 │   Ciś. pow. za turb.[Pa] │   Czas [ms].2 │   Ciśnienie atmosferyczne[hPa] │
╞════╪═════════════╪═════════════════════════════╪═══════════════╪══════════════════════════╪═══════════════╪════════════════════════════════╡
│  0 │         101 │                        -102 │           100 │                     -114 │            59 │                           1003 │
├────┼─────────────┼─────────────────────────────┼───────────────┼──────────────────────────┼───────────────┼────────────────────────────────┤
│  1 │         301 │                         -93 │           301 │                     -105 │           259 │                           1003 │
├────┼─────────────┼─────────────────────────────┼───────────────┼──────────────────────────┼───────────────┼────────────────────────────────┤
│  2 │         502 │                         -93 │           502 │                      -68 │           459 │                           1003 │
╘════╧═════════════╧═════════════════════════════╧═══════════════╧══════════════════════════╧═══════════════╧════════════════════════════════╛
2024-12-02 15:13:17,753 - INFO - Data from file '1600Nn obc ON _ 2018-12-06_ORIGEN.csv':
╒════╤═══════════════╤════════════════════════╤═══════════════╤════════════════════════╤═══════════════╤═════════════════════╕
│    │   Czas [ms].3 │   Ciśnienie oleju[bar] │   Czas [ms].4 │   Ciśnienie spalin[Pa] │   Czas [ms].5 │   Dopeł. zb. 1/3[-] │
╞════╪═══════════════╪════════════════════════╪═══════════════╪════════════════════════╪═══════════════╪═════════════════════╡
│  0 │           100 │                  0.005 │           102 │                     65 │           159 │                   0 │
├────┼───────────────┼────────────────────────┼───────────────┼────────────────────────┼───────────────┼─────────────────────┤
│  1 │           300 │                  0.005 │           302 │                     84 │          1160 │                   0 │
├────┼───────────────┼────────────────────────┼───────────────┼────────────────────────┼───────────────┼─────────────────────┤
│  2 │           502 │                  0.005 │           504 │                    103 │          2162 │                   0 │
╘════╧═══════════════╧════════════════════════╧═══════════════╧════════════════════════╧═══════════════╧═════════════════════╛
2024-12-02 15:13:17,754 - INFO - Data from file '1600Nn obc ON _ 2018-12-06_ORIGEN.csv':
╒════╤═══════════════╤═════════════════════╤═══════════════╤═════════════════════╤═══════════════╤══════════════════╕
│    │   Czas [ms].6 │   Dopeł. zb. 2/3[-] │   Czas [ms].7 │   Dopeł. zb. 3/3[-] │   Czas [ms].8 │   Dopełnianie[-] │
╞════╪═══════════════╪═════════════════════╪═══════════════╪═════════════════════╪═══════════════╪══════════════════╡
│  0 │           159 │                   0 │           159 │                   0 │           236 │                0 │
├────┼───────────────┼─────────────────────┼───────────────┼─────────────────────┼───────────────┼──────────────────┤
│  1 │          1161 │                   0 │          1161 │                   0 │          1238 │                0 │
├────┼───────────────┼─────────────────────┼───────────────┼─────────────────────┼───────────────┼──────────────────┤
│  2 │          2162 │                   0 │          2162 │                   0 │          2239 │                0 │
╘════╧═══════════════╧═════════════════════╧═══════════════╧═════════════════════╧═══════════════╧══════════════════╛
2024-12-02 15:13:17,756 - INFO - Data from file '1600Nn obc ON _ 2018-12-06_ORIGEN.csv':
╒════╤═══════════════╤═════════════════╤════════════════╤═════════════════════════════╤════════════════╤════════════════════════════╕
│    │   Czas [ms].9 │   Duży obieg[-] │   Czas [ms].10 │   ECT - wejście do sil.[°C] │   Czas [ms].11 │   ECT - wyjście z sil.[°C] │
╞════╪═══════════════╪═════════════════╪════════════════╪═════════════════════════════╪════════════════╪════════════════════════════╡
│  0 │           250 │               0 │            150 │                        32.1 │            150 │                       45.4 │
├────┼───────────────┼─────────────────┼────────────────┼─────────────────────────────┼────────────────┼────────────────────────────┤
│  1 │           461 │               0 │            351 │                        32.1 │            350 │                       45.4 │
├────┼───────────────┼─────────────────┼────────────────┼─────────────────────────────┼────────────────┼────────────────────────────┤
│  2 │          1252 │               0 │            551 │                        32.1 │            551 │                       45.4 │
╘════╧═══════════════╧═════════════════╧════════════════╧═════════════════════════════╧════════════════╧════════════════════════════╛
2024-12-02 15:13:17,758 - INFO - Data from file '1600Nn obc ON _ 2018-12-06_ORIGEN.csv':
╒════╤════════════════╤═════════════════════════════════╤════════════════╤════════════════════════════╤════════════════╤═══════════════════════╕
│    │   Czas [ms].12 │   Główny obieg - przepływ[m³/h] │   Czas [ms].13 │   Główny obieg - temp.[°C] │   Czas [ms].14 │   GPReg_Setpoint0[°C] │
╞════╪════════════════╪═════════════════════════════════╪════════════════╪════════════════════════════╪════════════════╪═══════════════════════╡
│  0 │            159 │                          137.2  │             59 │                       17.4 │             61 │                    60 │
├────┼────────────────┼─────────────────────────────────┼────────────────┼────────────────────────────┼────────────────┼───────────────────────┤
│  1 │            359 │                          137.96 │            260 │                       17.4 │            361 │                    60 │
├────┼────────────────┼─────────────────────────────────┼────────────────┼────────────────────────────┼────────────────┼───────────────────────┤
│  2 │            559 │                          139.39 │            461 │                       17.4 │            662 │                    60 │
╘════╧════════════════╧═════════════════════════════════╧════════════════╧════════════════════════════╧════════════════╧═══════════════════════╛
2024-12-02 15:13:17,759 - INFO - Data from file '1600Nn obc ON _ 2018-12-06_ORIGEN.csv':
╒════╤════════════════╤═══════════════════════╤════════════════╤═══════════════════════╤════════════════╤═══════════════════════════════════╕
│    │   Czas [ms].15 │   GPReg_Setpoint1[°C] │   Czas [ms].16 │   GPReg_Setpoint2[°C] │   Czas [ms].17 │   Hamulec, lewa komora, temp.[°C] │
╞════╪════════════════╪═══════════════════════╪════════════════╪═══════════════════════╪════════════════╪═══════════════════════════════════╡
│  0 │             61 │                    26 │             61 │                    30 │            134 │                                15 │
├────┼────────────────┼───────────────────────┼────────────────┼───────────────────────┼────────────────┼───────────────────────────────────┤
│  1 │            361 │                    26 │            361 │                    30 │            334 │                                15 │
├────┼────────────────┼───────────────────────┼────────────────┼───────────────────────┼────────────────┼───────────────────────────────────┤
│  2 │            662 │                    26 │            662 │                    30 │            535 │                                15 │
╘════╧════════════════╧═══════════════════════╧════════════════╧═══════════════════════╧════════════════╧═══════════════════════════════════╛
2024-12-02 15:13:17,761 - INFO - Data from file '1600Nn obc ON _ 2018-12-06_ORIGEN.csv':
╒════╤════════════════╤════════════════════════════════════╤════════════════╤════════════════════════════════╤════════════════╤═══════════════════════════════╕
│    │   Czas [ms].18 │   Hamulec, prawa komora, temp.[°C] │   Czas [ms].19 │   Hamulec, przepływ wody[m³/h] │   Czas [ms].20 │   Ilość paliwa w zbiorniku[g] │
╞════╪════════════════╪════════════════════════════════════╪════════════════╪════════════════════════════════╪════════════════╪═══════════════════════════════╡
│  0 │            134 │                                 15 │             84 │                           11.8 │            221 │                       496.04  │
├────┼────────────────┼────────────────────────────────────┼────────────────┼────────────────────────────────┼────────────────┼───────────────────────────────┤
│  1 │            335 │                                 15 │            284 │                           11.8 │            471 │                       495.991 │
├────┼────────────────┼────────────────────────────────────┼────────────────┼────────────────────────────────┼────────────────┼───────────────────────────────┤
│  2 │            535 │                                 15 │            485 │                           11.8 │            722 │                       496.018 │
╘════╧════════════════╧════════════════════════════════════╧════════════════╧════════════════════════════════╧════════════════╧═══════════════════════════════╛
2024-12-02 15:13:17,762 - INFO - Data from file '1600Nn obc ON _ 2018-12-06_ORIGEN.csv':
╒════╤════════════════╤════════════════════════════════╤════════════════╤═════════════════════════╤════════════════╤═════════════════════════╕
│    │   Czas [ms].21 │   Kond. - przepływ wody[l/min] │   Czas [ms].22 │   Kontrolka zb. 1/3 [-] │   Czas [ms].23 │   Kontrolka zb. 2/3 [-] │
╞════╪════════════════╪════════════════════════════════╪════════════════╪═════════════════════════╪════════════════╪═════════════════════════╡
│  0 │            185 │                           7.86 │            159 │                       0 │            159 │                       0 │
├────┼────────────────┼────────────────────────────────┼────────────────┼─────────────────────────┼────────────────┼─────────────────────────┤
│  1 │            385 │                           8.12 │           1160 │                       0 │           1160 │                       0 │
├────┼────────────────┼────────────────────────────────┼────────────────┼─────────────────────────┼────────────────┼─────────────────────────┤
│  2 │            586 │                           8.13 │           1761 │                       0 │           1761 │                       0 │
╘════╧════════════════╧════════════════════════════════╧════════════════╧═════════════════════════╧════════════════╧═════════════════════════╛
2024-12-02 15:13:17,764 - INFO - Data from file '1600Nn obc ON _ 2018-12-06_ORIGEN.csv':
╒════╤════════════════╤═════════════════════════╤════════════════╤═════════════╤════════════════╤═══════════╕
│    │   Czas [ms].24 │   Kontrolka zb. 3/3 [-] │   Czas [ms].25 │   MAF[kg/h] │   Czas [ms].26 │   Moc[kW] │
╞════╪════════════════╪═════════════════════════╪════════════════╪═════════════╪════════════════╪═══════════╡
│  0 │            159 │                       0 │            101 │         0   │             61 │         0 │
├────┼────────────────┼─────────────────────────┼────────────────┼─────────────┼────────────────┼───────────┤
│  1 │           1160 │                       0 │            301 │         0   │            261 │         0 │
├────┼────────────────┼─────────────────────────┼────────────────┼─────────────┼────────────────┼───────────┤
│  2 │           1761 │                       0 │            503 │         1.3 │            462 │         0 │
╘════╧════════════════╧═════════════════════════╧════════════════╧═════════════╧════════════════╧═══════════╛
2024-12-02 15:13:17,765 - INFO - Data from file '1600Nn obc ON _ 2018-12-06_ORIGEN.csv':
╒════╤════════════════╤═══════════════════════╤════════════════╤════════════════════╤════════════════╤═══════════════════╕
│    │   Czas [ms].27 │   Moment obrotowy[Nm] │   Czas [ms].28 │   Moment Tryb3[Nm] │   Czas [ms].29 │   Obroty[obr/min] │
╞════╪════════════════╪═══════════════════════╪════════════════╪════════════════════╪════════════════╪═══════════════════╡
│  0 │              0 │                   0.1 │         106708 │                1.5 │              0 │                 0 │
├────┼────────────────┼───────────────────────┼────────────────┼────────────────────┼────────────────┼───────────────────┤
│  1 │             20 │                   0.1 │         106864 │                1.5 │             20 │                 0 │
├────┼────────────────┼───────────────────────┼────────────────┼────────────────────┼────────────────┼───────────────────┤
│  2 │             40 │                   0.1 │         107114 │                1.5 │             40 │                 0 │
╘════╧════════════════╧═══════════════════════╧════════════════╧════════════════════╧════════════════╧═══════════════════╛
2024-12-02 15:13:17,767 - INFO - Data from file '1600Nn obc ON _ 2018-12-06_ORIGEN.csv':
╒════╤════════════════╤═══════════════════════════╤════════════════╤═══════════════════════════╤════════════════╤═══════════════════════════╕
│    │   Czas [ms].30 │   Poz. paliwa zb. 1/3[mm] │   Czas [ms].31 │   Poz. paliwa zb. 2/3[mm] │   Czas [ms].32 │   Poz. paliwa zb. 3/3[mm] │
╞════╪════════════════╪═══════════════════════════╪════════════════╪═══════════════════════════╪════════════════╪═══════════════════════════╡
│  0 │            101 │                       261 │            101 │                         0 │            102 │                       121 │
├────┼────────────────┼───────────────────────────┼────────────────┼───────────────────────────┼────────────────┼───────────────────────────┤
│  1 │            301 │                       261 │            302 │                         0 │            302 │                       121 │
├────┼────────────────┼───────────────────────────┼────────────────┼───────────────────────────┼────────────────┼───────────────────────────┤
│  2 │            503 │                       261 │            503 │                         0 │            503 │                       121 │
╘════╧════════════════╧═══════════════════════════╧════════════════╧═══════════════════════════╧════════════════╧═══════════════════════════╛
2024-12-02 15:13:17,769 - INFO - Data from file '1600Nn obc ON _ 2018-12-06_ORIGEN.csv':
╒════╤════════════════╤════════════════════════════╤════════════════╤═════════════════════════╤════════════════╤═══════════════════╕
│    │   Czas [ms].33 │   Przekaź. pompy paliwa[-] │   Czas [ms].34 │   Przekaźnik zapłonu[-] │   Czas [ms].35 │   Przepustnica[%] │
╞════╪════════════════╪════════════════════════════╪════════════════╪═════════════════════════╪════════════════╪═══════════════════╡
│  0 │            250 │                          0 │            159 │                       1 │              0 │                 0 │
├────┼────────────────┼────────────────────────────┼────────────────┼─────────────────────────┼────────────────┼───────────────────┤
│  1 │           1252 │                          0 │           1160 │                       1 │            250 │                 0 │
├────┼────────────────┼────────────────────────────┼────────────────┼─────────────────────────┼────────────────┼───────────────────┤
│  2 │           2254 │                          0 │           1761 │                       1 │            500 │                 0 │
╘════╧════════════════╧════════════════════════════╧════════════════╧═════════════════════════╧════════════════╧═══════════════════╛
2024-12-02 15:13:17,771 - INFO - Data from file '1600Nn obc ON _ 2018-12-06_ORIGEN.csv':
╒════╤════════════════╤═════════════════════════╤════════════════╤═════════════════════════╤════════════════╤═════════════════╕
│    │   Czas [ms].36 │   Przepustnica Tryb0[%] │   Czas [ms].37 │   Przepustnica Tryb1[%] │   Czas [ms].38 │   Przyklad[bar] │
╞════╪════════════════╪═════════════════════════╪════════════════╪═════════════════════════╪════════════════╪═════════════════╡
│  0 │            211 │                       0 │         578585 │                    51.9 │              9 │               0 │
├────┼────────────────┼─────────────────────────┼────────────────┼─────────────────────────┼────────────────┼─────────────────┤
│  1 │            461 │                       0 │         578789 │                    51.9 │            209 │               0 │
├────┼────────────────┼─────────────────────────┼────────────────┼─────────────────────────┼────────────────┼─────────────────┤
│  2 │            712 │                       0 │         579039 │                    51.9 │            409 │               0 │
╘════╧════════════════╧═════════════════════════╧════════════════╧═════════════════════════╧════════════════╧═════════════════╛
2024-12-02 15:13:17,773 - INFO - Data from file '1600Nn obc ON _ 2018-12-06_ORIGEN.csv':
╒════╤════════════════╤════════════════╤════════════════╤═════════════════╤════════════════╤══════════════════════╕
│    │   Czas [ms].39 │   PWM Tryb0[%] │   Czas [ms].40 │   Rozrusznik[-] │   Czas [ms].41 │   RPM Tryb1[obr/min] │
╞════╪════════════════╪════════════════╪════════════════╪═════════════════╪════════════════╪══════════════════════╡
│  0 │            211 │              0 │            159 │               1 │         578585 │                 1604 │
├────┼────────────────┼────────────────┼────────────────┼─────────────────┼────────────────┼──────────────────────┤
│  1 │            461 │              0 │            978 │               1 │         578789 │                 1604 │
├────┼────────────────┼────────────────┼────────────────┼─────────────────┼────────────────┼──────────────────────┤
│  2 │            712 │              0 │           1160 │               1 │         579039 │                 1604 │
╘════╧════════════════╧════════════════╧════════════════╧═════════════════╧════════════════╧══════════════════════╛
2024-12-02 15:13:17,775 - INFO - Data from file '1600Nn obc ON _ 2018-12-06_ORIGEN.csv':
╒════╤════════════════╤══════════════════════╤════════════════╤══════════════╤════════════════╤═══════════════════════════╕
│    │   Czas [ms].42 │   RPM Tryb3[obr/min] │   Czas [ms].43 │   Starter[-] │   Czas [ms].44 │   Stycz. chłodni went.[-] │
╞════╪════════════════╪══════════════════════╪════════════════╪══════════════╪════════════════╪═══════════════════════════╡
│  0 │         106708 │                  800 │            979 │            1 │            250 │                         0 │
├────┼────────────────┼──────────────────────┼────────────────┼──────────────┼────────────────┼───────────────────────────┤
│  1 │         106864 │                  800 │           1779 │            0 │            461 │                         0 │
├────┼────────────────┼──────────────────────┼────────────────┼──────────────┼────────────────┼───────────────────────────┤
│  2 │         107114 │                  800 │           2781 │            0 │           1252 │                         0 │
╘════╧════════════════╧══════════════════════╧════════════════╧══════════════╧════════════════╧═══════════════════════════╛
2024-12-02 15:13:17,776 - INFO - Data from file '1600Nn obc ON _ 2018-12-06_ORIGEN.csv':
╒════╤════════════════╤══════════════════════════════╤════════════════╤═══════════════════════════╤════════════════╤═══════════════════════════╕
│    │   Czas [ms].45 │   Temp. oleju przed wym.[°C] │   Czas [ms].46 │   Temp. oleju w misce[°C] │   Czas [ms].47 │   Temp. oleju za wym.[°C] │
╞════╪════════════════╪══════════════════════════════╪════════════════╪═══════════════════════════╪════════════════╪═══════════════════════════╡
│  0 │            151 │                         20.3 │            109 │                        46 │            151 │                      20.1 │
├────┼────────────────┼──────────────────────────────┼────────────────┼───────────────────────────┼────────────────┼───────────────────────────┤
│  1 │            351 │                         20.2 │            310 │                        46 │            351 │                      20   │
├────┼────────────────┼──────────────────────────────┼────────────────┼───────────────────────────┼────────────────┼───────────────────────────┤
│  2 │            551 │                         20.2 │            510 │                        46 │            552 │                      20   │
╘════╧════════════════╧══════════════════════════════╧════════════════╧═══════════════════════════╧════════════════╧═══════════════════════════╛
2024-12-02 15:13:17,779 - INFO - Data from file '1600Nn obc ON _ 2018-12-06_ORIGEN.csv':
╒════╤════════════════╤═══════════════════════╤════════════════╤══════════════════════════════════╤════════════════╤══════════════════════════════════╕
│    │   Czas [ms].48 │   Temp. otoczenia[°C] │   Czas [ms].49 │   Temp. pal. na wejściu sil.[°C] │   Czas [ms].50 │   Temp. pal. na wyjściu sil.[°C] │
╞════╪════════════════╪═══════════════════════╪════════════════╪══════════════════════════════════╪════════════════╪══════════════════════════════════╡
│  0 │             60 │                  15.9 │             59 │                             20.3 │             59 │                             27.3 │
├────┼────────────────┼───────────────────────┼────────────────┼──────────────────────────────────┼────────────────┼──────────────────────────────────┤
│  1 │            259 │                  15.9 │            260 │                             20.3 │            260 │                             27.3 │
├────┼────────────────┼───────────────────────┼────────────────┼──────────────────────────────────┼────────────────┼──────────────────────────────────┤
│  2 │            460 │                  15.9 │            460 │                             20.3 │            460 │                             27.3 │
╘════╧════════════════╧═══════════════════════╧════════════════╧══════════════════════════════════╧════════════════╧══════════════════════════════════╛
2024-12-02 15:13:17,782 - INFO - Data from file '1600Nn obc ON _ 2018-12-06_ORIGEN.csv':
╒════╤════════════════╤══════════════════════════════╤════════════════╤══════════════════════════════╤════════════════╤══════════════════════════════╕
│    │   Czas [ms].51 │   Temp. paliwa w zb. 1/3[°C] │   Czas [ms].52 │   Temp. paliwa w zb. 2/3[°C] │   Czas [ms].53 │   Temp. paliwa w zb. 3/3[°C] │
╞════╪════════════════╪══════════════════════════════╪════════════════╪══════════════════════════════╪════════════════╪══════════════════════════════╡
│  0 │            135 │                         17.2 │            135 │                           17 │            135 │                         16.1 │
├────┼────────────────┼──────────────────────────────┼────────────────┼──────────────────────────────┼────────────────┼──────────────────────────────┤
│  1 │            335 │                         17.2 │            335 │                           17 │            335 │                         16.1 │
├────┼────────────────┼──────────────────────────────┼────────────────┼──────────────────────────────┼────────────────┼──────────────────────────────┤
│  2 │            536 │                         17.2 │            536 │                           17 │            536 │                         16.1 │
╘════╧════════════════╧══════════════════════════════╧════════════════╧══════════════════════════════╧════════════════╧══════════════════════════════╛
2024-12-02 15:13:17,784 - INFO - Data from file '1600Nn obc ON _ 2018-12-06_ORIGEN.csv':
╒════╤════════════════╤═══════════════════════════════════╤════════════════╤════════════════════════════════╤════════════════╤════════════════════════╕
│    │   Czas [ms].54 │   Temp. powietrza przed turb.[°C] │   Czas [ms].55 │   Temp. powietrza za turb.[°C] │   Czas [ms].56 │   Temp. spalin 1/6[°C] │
╞════╪════════════════╪═══════════════════════════════════╪════════════════╪════════════════════════════════╪════════════════╪════════════════════════╡
│  0 │            151 │                                22 │            109 │                             29 │              0 │                     66 │
├────┼────────────────┼───────────────────────────────────┼────────────────┼────────────────────────────────┼────────────────┼────────────────────────┤
│  1 │            351 │                                22 │            309 │                             28 │            200 │                     65 │
├────┼────────────────┼───────────────────────────────────┼────────────────┼────────────────────────────────┼────────────────┼────────────────────────┤
│  2 │            551 │                                22 │            510 │                             28 │            401 │                     66 │
╘════╧════════════════╧═══════════════════════════════════╧════════════════╧════════════════════════════════╧════════════════╧════════════════════════╛
2024-12-02 15:13:17,786 - INFO - Data from file '1600Nn obc ON _ 2018-12-06_ORIGEN.csv':
╒════╤════════════════╤════════════════════════╤════════════════╤════════════════════════╤════════════════╤════════════════════════╕
│    │   Czas [ms].57 │   Temp. spalin 2/6[°C] │   Czas [ms].58 │   Temp. spalin 3/6[°C] │   Czas [ms].59 │   Temp. spalin 4/6[°C] │
╞════╪════════════════╪════════════════════════╪════════════════╪════════════════════════╪════════════════╪════════════════════════╡
│  0 │              0 │                     63 │              0 │                     59 │              1 │                     60 │
├────┼────────────────┼────────────────────────┼────────────────┼────────────────────────┼────────────────┼────────────────────────┤
│  1 │            200 │                     62 │            201 │                     59 │            201 │                     60 │
├────┼────────────────┼────────────────────────┼────────────────┼────────────────────────┼────────────────┼────────────────────────┤
│  2 │            401 │                     63 │            401 │                     61 │            401 │                     60 │
╘════╧════════════════╧════════════════════════╧════════════════╧════════════════════════╧════════════════╧════════════════════════╛
2024-12-02 15:13:17,788 - INFO - Data from file '1600Nn obc ON _ 2018-12-06_ORIGEN.csv':
╒════╤════════════════╤═══════════════════════════════════╤════════════════╤═══════════════════════════════════╤════════════════╤═══════════════════════════╕
│    │   Czas [ms].60 │   Temp. spalin za turbiną 1/2[°C] │   Czas [ms].61 │   Temp. spalin za turbiną 2/2[°C] │   Czas [ms].62 │   Temp.pal.na wyjściu[°C] │
╞════╪════════════════╪═══════════════════════════════════╪════════════════╪═══════════════════════════════════╪════════════════╪═══════════════════════════╡
│  0 │            109 │                                50 │            109 │                                44 │             85 │                      13.9 │
├────┼────────────────┼───────────────────────────────────┼────────────────┼───────────────────────────────────┼────────────────┼───────────────────────────┤
│  1 │            309 │                                51 │            309 │                                44 │            285 │                      13.9 │
├────┼────────────────┼───────────────────────────────────┼────────────────┼───────────────────────────────────┼────────────────┼───────────────────────────┤
│  2 │            509 │                                50 │            510 │                                44 │            485 │                      13.9 │
╘════╧════════════════╧═══════════════════════════════════╧════════════════╧═══════════════════════════════════╧════════════════╧═══════════════════════════╛
2024-12-02 15:13:17,790 - INFO - Data from file '1600Nn obc ON _ 2018-12-06_ORIGEN.csv':
╒════╤════════════════╤══════════════════════════╤════════════════╤══════════════════════════╤════════════════╤═══════════════════════════════╕
│    │   Czas [ms].63 │   Temp.paliwa żądana[°C] │   Czas [ms].64 │   Wilgotność względna[%] │   Czas [ms].65 │   Wyłącznik bezpieczeństwa[-] │
╞════╪════════════════╪══════════════════════════╪════════════════╪══════════════════════════╪════════════════╪═══════════════════════════════╡
│  0 │             35 │                     20.6 │             59 │                       40 │            979 │                             0 │
├────┼────────────────┼──────────────────────────┼────────────────┼──────────────────────────┼────────────────┼───────────────────────────────┤
│  1 │            235 │                     20.6 │            259 │                       40 │           1779 │                             0 │
├────┼────────────────┼──────────────────────────┼────────────────┼──────────────────────────┼────────────────┼───────────────────────────────┤
│  2 │            435 │                     20.6 │            459 │                       40 │           2781 │                             0 │
╘════╧════════════════╧══════════════════════════╧════════════════╧══════════════════════════╧════════════════╧═══════════════════════════════╛
2024-12-02 15:13:17,792 - INFO - Data from file '1600Nn obc ON _ 2018-12-06_ORIGEN.csv':
╒════╤════════════════╤═════════════╤════════════════╤══════════════════════════╤════════════════╤══════════════════════════╕
│    │   Czas [ms].66 │   Zapłon[-] │   Czas [ms].67 │   Zaw. zb. paliwa 1/3[-] │   Czas [ms].68 │   Zaw. zb. paliwa 2/3[-] │
╞════╪════════════════╪═════════════╪════════════════╪══════════════════════════╪════════════════╪══════════════════════════╡
│  0 │            979 │           1 │            159 │                        0 │            159 │                        0 │
├────┼────────────────┼─────────────┼────────────────┼──────────────────────────┼────────────────┼──────────────────────────┤
│  1 │           1779 │           1 │           1160 │                        0 │           1160 │                        0 │
├────┼────────────────┼─────────────┼────────────────┼──────────────────────────┼────────────────┼──────────────────────────┤
│  2 │           2781 │           1 │           1761 │                        0 │           1761 │                        0 │
╘════╧════════════════╧═════════════╧════════════════╧══════════════════════════╧════════════════╧══════════════════════════╛
2024-12-02 15:13:17,794 - INFO - Data from file '1600Nn obc ON _ 2018-12-06_ORIGEN.csv':
╒════╤════════════════╤══════════════════════════╤════════════════╤═════════════════════════════╤════════════════╤═══════════════════════════════╕
│    │   Czas [ms].69 │   Zaw. zb. paliwa 3/3[-] │   Czas [ms].70 │   Zawór reg. chł. cieczy[-] │   Czas [ms].71 │   Zużycie paliwa bieżące[g/s] │
╞════╪════════════════╪══════════════════════════╪════════════════╪═════════════════════════════╪════════════════╪═══════════════════════════════╡
│  0 │            159 │                        0 │            250 │                           0 │             34 │                          0.01 │
├────┼────────────────┼──────────────────────────┼────────────────┼─────────────────────────────┼────────────────┼───────────────────────────────┤
│  1 │           1160 │                        0 │            461 │                           0 │            235 │                          0.01 │
├────┼────────────────┼──────────────────────────┼────────────────┼─────────────────────────────┼────────────────┼───────────────────────────────┤
│  2 │           1761 │                        0 │           1252 │                           0 │            436 │                          0.01 │
╘════╧════════════════╧══════════════════════════╧════════════════╧═════════════════════════════╧════════════════╧═══════════════════════════════╛
2024-12-02 15:13:17,795 - INFO - Data from file '1600Nn obc ON _ 2018-12-06_ORIGEN.csv':
╒════╤════════════════╤═══════════════════════════════╕
│    │   Czas [ms].72 │   Zużycie paliwa średnie[g/s] │
╞════╪════════════════╪═══════════════════════════════╡
│  0 │             35 │                             0 │
├────┼────────────────┼───────────────────────────────┤
│  1 │            235 │                             0 │
├────┼────────────────┼───────────────────────────────┤
│  2 │            436 │                             0 │
╘════╧════════════════╧═══════════════════════════════╛
2024-12-02 15:13:17,796 - INFO - Data Frame Shape: (38535, 146)
2024-12-02 15:13:17,796 - INFO - Data files loaded successfully.
2024-12-02 15:13:18,251 - INFO - Step 2: Raw data loaded successfully.
2024-12-02 15:13:18,251 - INFO - Continue data pipeline. Step 3: Validating data...
2024-12-02 15:13:18,253 - INFO - DataValidator initialized.
2024-12-02 15:13:18,253 - INFO - Starting column validation for multiple DataFrames...
2024-12-02 15:13:18,253 - INFO - DataFrame 0: All required columns are present.
2024-12-02 15:13:18,253 - INFO - DataFrame 0: All optional columns are present.
2024-12-02 15:13:18,253 - INFO - Starting schema validation for multiple DataFrames...
2024-12-02 15:13:18,254 - INFO - DataFrame 0 - Schema validation passed.
2024-12-02 15:13:18,254 - INFO - Checking for duplicate columns in multiple DataFrames...
2024-12-02 15:13:18,254 - INFO - DataFrame 0: No duplicate columns found.
2024-12-02 15:13:18,255 - INFO - Validation reports summarizing the results for each DataFrame
2024-12-02 15:13:18,255 - INFO - =================
Validation Report for DataFrame 0 (0 - main Data Frame; 1 - eco Data Frame):
DataFrame Shape: (38535, 146) (Rows, Columns) <--- !!!!!!!!!
All Required Columns: Present
All Optional Columns: Present
2024-12-02 15:13:18,255 - INFO - Step 3: Data validated successfully.
2024-12-02 15:13:18,719 - INFO - Step 3: Data validated successfully.
2024-12-02 15:13:18,719 - INFO - Starting metadata extraction for multiple DataFrames...
2024-12-02 15:13:18,719 - INFO - Processing DataFrame 1/1 with shape (38535, 146)...
2024-12-02 15:13:18,816 - INFO - Metadata for DataFrame 0, names_of_files_under_procession:['1600Nn obc ON _ 2018-12-06_ORIGEN.csv', '', 'ON'], None:
+-----+----------------------------------+----------------+------------------+--------------+-----------------+-------------+
|     | Column                           |   Total Values |   Non-Null Count |   Null Count |   Unique Values | Data Type   |
+=====+==================================+================+==================+==============+=================+=============+
|   0 | Czas [ms]                        |           3853 |             3853 |        34682 |            3853 | float64     |
+-----+----------------------------------+----------------+------------------+--------------+-----------------+-------------+
|   1 | Ciś. pow. przed turb.[Pa]        |           3853 |             3853 |        34682 |              27 | float64     |
+-----+----------------------------------+----------------+------------------+--------------+-----------------+-------------+
|   2 | Czas [ms].1                      |           3853 |             3853 |        34682 |            3853 | float64     |
+-----+----------------------------------+----------------+------------------+--------------+-----------------+-------------+
|   3 | Ciś. pow. za turb.[Pa]           |           3853 |             3853 |        34682 |            1372 | float64     |
+-----+----------------------------------+----------------+------------------+--------------+-----------------+-------------+
|   4 | Czas [ms].2                      |           3853 |             3853 |        34682 |            3853 | float64     |
+-----+----------------------------------+----------------+------------------+--------------+-----------------+-------------+
|   5 | Ciśnienie atmosferyczne[hPa]     |           3853 |             3853 |        34682 |               1 | float64     |
+-----+----------------------------------+----------------+------------------+--------------+-----------------+-------------+
|   6 | Czas [ms].3                      |           3853 |             3853 |        34682 |            3853 | float64     |
+-----+----------------------------------+----------------+------------------+--------------+-----------------+-------------+
|   7 | Ciśnienie oleju[bar]             |           3853 |             3853 |        34682 |            1142 | float64     |
+-----+----------------------------------+----------------+------------------+--------------+-----------------+-------------+
|   8 | Czas [ms].4                      |           3853 |             3853 |        34682 |            3853 | float64     |
+-----+----------------------------------+----------------+------------------+--------------+-----------------+-------------+
|   9 | Ciśnienie spalin[Pa]             |           3853 |             3853 |        34682 |             112 | float64     |
+-----+----------------------------------+----------------+------------------+--------------+-----------------+-------------+
|  10 | Czas [ms].5                      |            771 |              771 |        37764 |             771 | float64     |
+-----+----------------------------------+----------------+------------------+--------------+-----------------+-------------+
|  11 | Dopeł. zb. 1/3[-]                |            771 |              771 |        37764 |               1 | float64     |
+-----+----------------------------------+----------------+------------------+--------------+-----------------+-------------+
|  12 | Czas [ms].6                      |            771 |              771 |        37764 |             771 | float64     |
+-----+----------------------------------+----------------+------------------+--------------+-----------------+-------------+
|  13 | Dopeł. zb. 2/3[-]                |            771 |              771 |        37764 |               1 | float64     |
+-----+----------------------------------+----------------+------------------+--------------+-----------------+-------------+
|  14 | Czas [ms].7                      |            771 |              771 |        37764 |             771 | float64     |
+-----+----------------------------------+----------------+------------------+--------------+-----------------+-------------+
|  15 | Dopeł. zb. 3/3[-]                |            771 |              771 |        37764 |               1 | float64     |
+-----+----------------------------------+----------------+------------------+--------------+-----------------+-------------+
|  16 | Czas [ms].8                      |            779 |              779 |        37756 |             779 | float64     |
+-----+----------------------------------+----------------+------------------+--------------+-----------------+-------------+
|  17 | Dopełnianie[-]                   |            779 |              779 |        37756 |               2 | float64     |
+-----+----------------------------------+----------------+------------------+--------------+-----------------+-------------+
|  18 | Czas [ms].9                      |           1543 |             1543 |        36992 |            1543 | float64     |
+-----+----------------------------------+----------------+------------------+--------------+-----------------+-------------+
|  19 | Duży obieg[-]                    |           1543 |             1543 |        36992 |               1 | float64     |
+-----+----------------------------------+----------------+------------------+--------------+-----------------+-------------+
|  20 | Czas [ms].10                     |           3853 |             3853 |        34682 |            3853 | float64     |
+-----+----------------------------------+----------------+------------------+--------------+-----------------+-------------+
|  21 | ECT - wejście do sil.[°C]        |           3853 |             3853 |        34682 |             387 | float64     |
+-----+----------------------------------+----------------+------------------+--------------+-----------------+-------------+
|  22 | Czas [ms].11                     |           3853 |             3853 |        34682 |            3853 | float64     |
+-----+----------------------------------+----------------+------------------+--------------+-----------------+-------------+
|  23 | ECT - wyjście z sil.[°C]         |           3853 |             3853 |        34682 |             302 | float64     |
+-----+----------------------------------+----------------+------------------+--------------+-----------------+-------------+
|  24 | Czas [ms].12                     |           3853 |             3853 |        34682 |            3853 | float64     |
+-----+----------------------------------+----------------+------------------+--------------+-----------------+-------------+
|  25 | Główny obieg - przepływ[m³/h]    |           3853 |             3853 |        34682 |            2176 | float64     |
+-----+----------------------------------+----------------+------------------+--------------+-----------------+-------------+
|  26 | Czas [ms].13                     |           3853 |             3853 |        34682 |            3853 | float64     |
+-----+----------------------------------+----------------+------------------+--------------+-----------------+-------------+
|  27 | Główny obieg - temp.[°C]         |           3853 |             3853 |        34682 |              19 | float64     |
+-----+----------------------------------+----------------+------------------+--------------+-----------------+-------------+
|  28 | Czas [ms].14                     |           2569 |             2569 |        35966 |            2569 | float64     |
+-----+----------------------------------+----------------+------------------+--------------+-----------------+-------------+
|  29 | GPReg_Setpoint0[°C]              |           2569 |             2569 |        35966 |               1 | float64     |
+-----+----------------------------------+----------------+------------------+--------------+-----------------+-------------+
|  30 | Czas [ms].15                     |           2569 |             2569 |        35966 |            2569 | float64     |
+-----+----------------------------------+----------------+------------------+--------------+-----------------+-------------+
|  31 | GPReg_Setpoint1[°C]              |           2569 |             2569 |        35966 |               1 | float64     |
+-----+----------------------------------+----------------+------------------+--------------+-----------------+-------------+
|  32 | Czas [ms].16                     |           2569 |             2569 |        35966 |            2569 | float64     |
+-----+----------------------------------+----------------+------------------+--------------+-----------------+-------------+
|  33 | GPReg_Setpoint2[°C]              |           2569 |             2569 |        35966 |               1 | float64     |
+-----+----------------------------------+----------------+------------------+--------------+-----------------+-------------+
|  34 | Czas [ms].17                     |           3853 |             3853 |        34682 |            3853 | float64     |
+-----+----------------------------------+----------------+------------------+--------------+-----------------+-------------+
|  35 | Hamulec, lewa komora, temp.[°C]  |           3853 |             3853 |        34682 |              18 | float64     |
+-----+----------------------------------+----------------+------------------+--------------+-----------------+-------------+
|  36 | Czas [ms].18                     |           3853 |             3853 |        34682 |            3853 | float64     |
+-----+----------------------------------+----------------+------------------+--------------+-----------------+-------------+
|  37 | Hamulec, prawa komora, temp.[°C] |           3853 |             3853 |        34682 |              21 | float64     |
+-----+----------------------------------+----------------+------------------+--------------+-----------------+-------------+
|  38 | Czas [ms].19                     |           3853 |             3853 |        34682 |            3853 | float64     |
+-----+----------------------------------+----------------+------------------+--------------+-----------------+-------------+
|  39 | Hamulec, przepływ wody[m³/h]     |           3853 |             3853 |        34682 |               4 | float64     |
+-----+----------------------------------+----------------+------------------+--------------+-----------------+-------------+
|  40 | Czas [ms].20                     |           3082 |             3082 |        35453 |            3082 | float64     |
+-----+----------------------------------+----------------+------------------+--------------+-----------------+-------------+
|  41 | Ilość paliwa w zbiorniku[g]      |           3082 |             3082 |        35453 |            3061 | float64     |
+-----+----------------------------------+----------------+------------------+--------------+-----------------+-------------+
|  42 | Czas [ms].21                     |           3852 |             3852 |        34683 |            3852 | float64     |
+-----+----------------------------------+----------------+------------------+--------------+-----------------+-------------+
|  43 | Kond. - przepływ wody[l/min]     |           3852 |             3852 |        34683 |             114 | float64     |
+-----+----------------------------------+----------------+------------------+--------------+-----------------+-------------+
|  44 | Czas [ms].22                     |            773 |              773 |        37762 |             773 | float64     |
+-----+----------------------------------+----------------+------------------+--------------+-----------------+-------------+
|  45 | Kontrolka zb. 1/3 [-]            |            773 |              773 |        37762 |               1 | float64     |
+-----+----------------------------------+----------------+------------------+--------------+-----------------+-------------+
|  46 | Czas [ms].23                     |            773 |              773 |        37762 |             773 | float64     |
+-----+----------------------------------+----------------+------------------+--------------+-----------------+-------------+
|  47 | Kontrolka zb. 2/3 [-]            |            773 |              773 |        37762 |               1 | float64     |
+-----+----------------------------------+----------------+------------------+--------------+-----------------+-------------+
|  48 | Czas [ms].24                     |            773 |              773 |        37762 |             773 | float64     |
+-----+----------------------------------+----------------+------------------+--------------+-----------------+-------------+
|  49 | Kontrolka zb. 3/3 [-]            |            773 |              773 |        37762 |               1 | float64     |
+-----+----------------------------------+----------------+------------------+--------------+-----------------+-------------+
|  50 | Czas [ms].25                     |           3853 |             3853 |        34682 |            3853 | float64     |
+-----+----------------------------------+----------------+------------------+--------------+-----------------+-------------+
|  51 | MAF[kg/h]                        |           3853 |             3853 |        34682 |             711 | float64     |
+-----+----------------------------------+----------------+------------------+--------------+-----------------+-------------+
|  52 | Czas [ms].26                     |           3853 |             3853 |        34682 |            3853 | float64     |
+-----+----------------------------------+----------------+------------------+--------------+-----------------+-------------+
|  53 | Moc[kW]                          |           3853 |             3853 |        34682 |             213 | float64     |
+-----+----------------------------------+----------------+------------------+--------------+-----------------+-------------+
|  54 | Czas [ms].27                     |          38535 |            38535 |            0 |           38533 | int64       |
+-----+----------------------------------+----------------+------------------+--------------+-----------------+-------------+
|  55 | Moment obrotowy[Nm]              |          38535 |            38535 |            0 |            1643 | float64     |
+-----+----------------------------------+----------------+------------------+--------------+-----------------+-------------+
|  56 | Czas [ms].28                     |           2227 |             2227 |        36308 |            2227 | float64     |
+-----+----------------------------------+----------------+------------------+--------------+-----------------+-------------+
|  57 | Moment Tryb3[Nm]                 |           2227 |             2227 |        36308 |              25 | float64     |
+-----+----------------------------------+----------------+------------------+--------------+-----------------+-------------+
|  58 | Czas [ms].29                     |          38535 |            38535 |            0 |           38533 | int64       |
+-----+----------------------------------+----------------+------------------+--------------+-----------------+-------------+
|  59 | Obroty[obr/min]                  |          38535 |            38535 |            0 |             703 | int64       |
+-----+----------------------------------+----------------+------------------+--------------+-----------------+-------------+
|  60 | Czas [ms].30                     |           3853 |             3853 |        34682 |            3853 | float64     |
+-----+----------------------------------+----------------+------------------+--------------+-----------------+-------------+
|  61 | Poz. paliwa zb. 1/3[mm]          |           3853 |             3853 |        34682 |              20 | float64     |
+-----+----------------------------------+----------------+------------------+--------------+-----------------+-------------+
|  62 | Czas [ms].31                     |           3853 |             3853 |        34682 |            3853 | float64     |
+-----+----------------------------------+----------------+------------------+--------------+-----------------+-------------+
|  63 | Poz. paliwa zb. 2/3[mm]          |           3853 |             3853 |        34682 |               2 | float64     |
+-----+----------------------------------+----------------+------------------+--------------+-----------------+-------------+
|  64 | Czas [ms].32                     |           3853 |             3853 |        34682 |            3853 | float64     |
+-----+----------------------------------+----------------+------------------+--------------+-----------------+-------------+
|  65 | Poz. paliwa zb. 3/3[mm]          |           3853 |             3853 |        34682 |               1 | float64     |
+-----+----------------------------------+----------------+------------------+--------------+-----------------+-------------+
|  66 | Czas [ms].33                     |            772 |              772 |        37763 |             772 | float64     |
+-----+----------------------------------+----------------+------------------+--------------+-----------------+-------------+
|  67 | Przekaź. pompy paliwa[-]         |            772 |              772 |        37763 |               1 | float64     |
+-----+----------------------------------+----------------+------------------+--------------+-----------------+-------------+
|  68 | Czas [ms].34                     |            774 |              774 |        37761 |             774 | float64     |
+-----+----------------------------------+----------------+------------------+--------------+-----------------+-------------+
|  69 | Przekaźnik zapłonu[-]            |            774 |              774 |        37761 |               2 | float64     |
+-----+----------------------------------+----------------+------------------+--------------+-----------------+-------------+
|  70 | Czas [ms].35                     |           3083 |             3083 |        35452 |            3083 | float64     |
+-----+----------------------------------+----------------+------------------+--------------+-----------------+-------------+
|  71 | Przepustnica[%]                  |           3083 |             3083 |        35452 |             148 | float64     |
+-----+----------------------------------+----------------+------------------+--------------+-----------------+-------------+
|  72 | Czas [ms].36                     |            694 |              694 |        37841 |             694 | float64     |
+-----+----------------------------------+----------------+------------------+--------------+-----------------+-------------+
|  73 | Przepustnica Tryb0[%]            |            694 |              694 |        37841 |               3 | float64     |
+-----+----------------------------------+----------------+------------------+--------------+-----------------+-------------+
|  74 | Czas [ms].37                     |            200 |              200 |        38335 |             200 | float64     |
+-----+----------------------------------+----------------+------------------+--------------+-----------------+-------------+
|  75 | Przepustnica Tryb1[%]            |            200 |              200 |        38335 |               6 | float64     |
+-----+----------------------------------+----------------+------------------+--------------+-----------------+-------------+
|  76 | Czas [ms].38                     |           3853 |             3853 |        34682 |            3853 | float64     |
+-----+----------------------------------+----------------+------------------+--------------+-----------------+-------------+
|  77 | Przyklad[bar]                    |           3853 |             3853 |        34682 |               1 | float64     |
+-----+----------------------------------+----------------+------------------+--------------+-----------------+-------------+
|  78 | Czas [ms].39                     |            694 |              694 |        37841 |             694 | float64     |
+-----+----------------------------------+----------------+------------------+--------------+-----------------+-------------+
|  79 | PWM Tryb0[%]                     |            694 |              694 |        37841 |               3 | float64     |
+-----+----------------------------------+----------------+------------------+--------------+-----------------+-------------+
|  80 | Czas [ms].40                     |            775 |              775 |        37760 |             775 | float64     |
+-----+----------------------------------+----------------+------------------+--------------+-----------------+-------------+
|  81 | Rozrusznik[-]                    |            775 |              775 |        37760 |               2 | float64     |
+-----+----------------------------------+----------------+------------------+--------------+-----------------+-------------+
|  82 | Czas [ms].41                     |            200 |              200 |        38335 |             200 | float64     |
+-----+----------------------------------+----------------+------------------+--------------+-----------------+-------------+
|  83 | RPM Tryb1[obr/min]               |            200 |              200 |        38335 |               2 | float64     |
+-----+----------------------------------+----------------+------------------+--------------+-----------------+-------------+
|  84 | Czas [ms].42                     |           2227 |             2227 |        36308 |            2227 | float64     |
+-----+----------------------------------+----------------+------------------+--------------+-----------------+-------------+
|  85 | RPM Tryb3[obr/min]               |           2227 |             2227 |        36308 |               5 | float64     |
+-----+----------------------------------+----------------+------------------+--------------+-----------------+-------------+
|  86 | Czas [ms].43                     |            770 |              770 |        37765 |             770 | float64     |
+-----+----------------------------------+----------------+------------------+--------------+-----------------+-------------+
|  87 | Starter[-]                       |            770 |              770 |        37765 |               2 | float64     |
+-----+----------------------------------+----------------+------------------+--------------+-----------------+-------------+
|  88 | Czas [ms].44                     |           1543 |             1543 |        36992 |            1543 | float64     |
+-----+----------------------------------+----------------+------------------+--------------+-----------------+-------------+
|  89 | Stycz. chłodni went.[-]          |           1543 |             1543 |        36992 |               1 | float64     |
+-----+----------------------------------+----------------+------------------+--------------+-----------------+-------------+
|  90 | Czas [ms].45                     |           3853 |             3853 |        34682 |            3853 | float64     |
+-----+----------------------------------+----------------+------------------+--------------+-----------------+-------------+
|  91 | Temp. oleju przed wym.[°C]       |           3853 |             3853 |        34682 |              19 | float64     |
+-----+----------------------------------+----------------+------------------+--------------+-----------------+-------------+
|  92 | Czas [ms].46                     |           3853 |             3853 |        34682 |            3853 | float64     |
+-----+----------------------------------+----------------+------------------+--------------+-----------------+-------------+
|  93 | Temp. oleju w misce[°C]          |           3853 |             3853 |        34682 |              43 | float64     |
+-----+----------------------------------+----------------+------------------+--------------+-----------------+-------------+
|  94 | Czas [ms].47                     |           3853 |             3853 |        34682 |            3853 | float64     |
+-----+----------------------------------+----------------+------------------+--------------+-----------------+-------------+
|  95 | Temp. oleju za wym.[°C]          |           3853 |             3853 |        34682 |              12 | float64     |
+-----+----------------------------------+----------------+------------------+--------------+-----------------+-------------+
|  96 | Czas [ms].48                     |           3853 |             3853 |        34682 |            3853 | float64     |
+-----+----------------------------------+----------------+------------------+--------------+-----------------+-------------+
|  97 | Temp. otoczenia[°C]              |           3853 |             3853 |        34682 |              13 | float64     |
+-----+----------------------------------+----------------+------------------+--------------+-----------------+-------------+
|  98 | Czas [ms].49                     |           3853 |             3853 |        34682 |            3853 | float64     |
+-----+----------------------------------+----------------+------------------+--------------+-----------------+-------------+
|  99 | Temp. pal. na wejściu sil.[°C]   |           3853 |             3853 |        34682 |              35 | float64     |
+-----+----------------------------------+----------------+------------------+--------------+-----------------+-------------+
| 100 | Czas [ms].50                     |           3853 |             3853 |        34682 |            3853 | float64     |
+-----+----------------------------------+----------------+------------------+--------------+-----------------+-------------+
| 101 | Temp. pal. na wyjściu sil.[°C]   |           3853 |             3853 |        34682 |             199 | float64     |
+-----+----------------------------------+----------------+------------------+--------------+-----------------+-------------+
| 102 | Czas [ms].51                     |           3853 |             3853 |        34682 |            3853 | float64     |
+-----+----------------------------------+----------------+------------------+--------------+-----------------+-------------+
| 103 | Temp. paliwa w zb. 1/3[°C]       |           3853 |             3853 |        34682 |               6 | float64     |
+-----+----------------------------------+----------------+------------------+--------------+-----------------+-------------+
| 104 | Czas [ms].52                     |           3853 |             3853 |        34682 |            3853 | float64     |
+-----+----------------------------------+----------------+------------------+--------------+-----------------+-------------+
| 105 | Temp. paliwa w zb. 2/3[°C]       |           3853 |             3853 |        34682 |               7 | float64     |
+-----+----------------------------------+----------------+------------------+--------------+-----------------+-------------+
| 106 | Czas [ms].53                     |           3853 |             3853 |        34682 |            3853 | float64     |
+-----+----------------------------------+----------------+------------------+--------------+-----------------+-------------+
| 107 | Temp. paliwa w zb. 3/3[°C]       |           3853 |             3853 |        34682 |               7 | float64     |
+-----+----------------------------------+----------------+------------------+--------------+-----------------+-------------+
| 108 | Czas [ms].54                     |           3853 |             3853 |        34682 |            3853 | float64     |
+-----+----------------------------------+----------------+------------------+--------------+-----------------+-------------+
| 109 | Temp. powietrza przed turb.[°C]  |           3853 |             3853 |        34682 |              53 | float64     |
+-----+----------------------------------+----------------+------------------+--------------+-----------------+-------------+
| 110 | Czas [ms].55                     |           3853 |             3853 |        34682 |            3853 | float64     |
+-----+----------------------------------+----------------+------------------+--------------+-----------------+-------------+
| 111 | Temp. powietrza za turb.[°C]     |           3853 |             3853 |        34682 |              49 | float64     |
+-----+----------------------------------+----------------+------------------+--------------+-----------------+-------------+
| 112 | Czas [ms].56                     |           3853 |             3853 |        34682 |            3853 | float64     |
+-----+----------------------------------+----------------+------------------+--------------+-----------------+-------------+
| 113 | Temp. spalin 1/6[°C]             |           3853 |             3853 |        34682 |             444 | float64     |
+-----+----------------------------------+----------------+------------------+--------------+-----------------+-------------+
| 114 | Czas [ms].57                     |           3853 |             3853 |        34682 |            3853 | float64     |
+-----+----------------------------------+----------------+------------------+--------------+-----------------+-------------+
| 115 | Temp. spalin 2/6[°C]             |           3853 |             3853 |        34682 |             484 | float64     |
+-----+----------------------------------+----------------+------------------+--------------+-----------------+-------------+
| 116 | Czas [ms].58                     |           3853 |             3853 |        34682 |            3853 | float64     |
+-----+----------------------------------+----------------+------------------+--------------+-----------------+-------------+
| 117 | Temp. spalin 3/6[°C]             |           3853 |             3853 |        34682 |             465 | float64     |
+-----+----------------------------------+----------------+------------------+--------------+-----------------+-------------+
| 118 | Czas [ms].59                     |           3853 |             3853 |        34682 |            3853 | float64     |
+-----+----------------------------------+----------------+------------------+--------------+-----------------+-------------+
| 119 | Temp. spalin 4/6[°C]             |           3853 |             3853 |        34682 |             473 | float64     |
+-----+----------------------------------+----------------+------------------+--------------+-----------------+-------------+
| 120 | Czas [ms].60                     |           3853 |             3853 |        34682 |            3853 | float64     |
+-----+----------------------------------+----------------+------------------+--------------+-----------------+-------------+
| 121 | Temp. spalin za turbiną 1/2[°C]  |           3853 |             3853 |        34682 |             480 | float64     |
+-----+----------------------------------+----------------+------------------+--------------+-----------------+-------------+
| 122 | Czas [ms].61                     |           3853 |             3853 |        34682 |            3853 | float64     |
+-----+----------------------------------+----------------+------------------+--------------+-----------------+-------------+
| 123 | Temp. spalin za turbiną 2/2[°C]  |           3853 |             3853 |        34682 |             457 | float64     |
+-----+----------------------------------+----------------+------------------+--------------+-----------------+-------------+
| 124 | Czas [ms].62                     |           3853 |             3853 |        34682 |            3853 | float64     |
+-----+----------------------------------+----------------+------------------+--------------+-----------------+-------------+
| 125 | Temp.pal.na wyjściu[°C]          |           3853 |             3853 |        34682 |              15 | float64     |
+-----+----------------------------------+----------------+------------------+--------------+-----------------+-------------+
| 126 | Czas [ms].63                     |           3853 |             3853 |        34682 |            3853 | float64     |
+-----+----------------------------------+----------------+------------------+--------------+-----------------+-------------+
| 127 | Temp.paliwa żądana[°C]           |           3853 |             3853 |        34682 |               1 | float64     |
+-----+----------------------------------+----------------+------------------+--------------+-----------------+-------------+
| 128 | Czas [ms].64                     |           3853 |             3853 |        34682 |            3853 | float64     |
+-----+----------------------------------+----------------+------------------+--------------+-----------------+-------------+
| 129 | Wilgotność względna[%]           |           3853 |             3853 |        34682 |               6 | float64     |
+-----+----------------------------------+----------------+------------------+--------------+-----------------+-------------+
| 130 | Czas [ms].65                     |            770 |              770 |        37765 |             770 | float64     |
+-----+----------------------------------+----------------+------------------+--------------+-----------------+-------------+
| 131 | Wyłącznik bezpieczeństwa[-]      |            770 |              770 |        37765 |               1 | float64     |
+-----+----------------------------------+----------------+------------------+--------------+-----------------+-------------+
| 132 | Czas [ms].66                     |            770 |              770 |        37765 |             770 | float64     |
+-----+----------------------------------+----------------+------------------+--------------+-----------------+-------------+
| 133 | Zapłon[-]                        |            770 |              770 |        37765 |               1 | float64     |
+-----+----------------------------------+----------------+------------------+--------------+-----------------+-------------+
| 134 | Czas [ms].67                     |            773 |              773 |        37762 |             773 | float64     |
+-----+----------------------------------+----------------+------------------+--------------+-----------------+-------------+
| 135 | Zaw. zb. paliwa 1/3[-]           |            773 |              773 |        37762 |               1 | float64     |
+-----+----------------------------------+----------------+------------------+--------------+-----------------+-------------+
| 136 | Czas [ms].68                     |            773 |              773 |        37762 |             773 | float64     |
+-----+----------------------------------+----------------+------------------+--------------+-----------------+-------------+
| 137 | Zaw. zb. paliwa 2/3[-]           |            773 |              773 |        37762 |               1 | float64     |
+-----+----------------------------------+----------------+------------------+--------------+-----------------+-------------+
| 138 | Czas [ms].69                     |            773 |              773 |        37762 |             773 | float64     |
+-----+----------------------------------+----------------+------------------+--------------+-----------------+-------------+
| 139 | Zaw. zb. paliwa 3/3[-]           |            773 |              773 |        37762 |               1 | float64     |
+-----+----------------------------------+----------------+------------------+--------------+-----------------+-------------+
| 140 | Czas [ms].70                     |           1543 |             1543 |        36992 |            1543 | float64     |
+-----+----------------------------------+----------------+------------------+--------------+-----------------+-------------+
| 141 | Zawór reg. chł. cieczy[-]        |           1543 |             1543 |        36992 |               2 | float64     |
+-----+----------------------------------+----------------+------------------+--------------+-----------------+-------------+
| 142 | Czas [ms].71                     |           3853 |             3853 |        34682 |            3853 | float64     |
+-----+----------------------------------+----------------+------------------+--------------+-----------------+-------------+
| 143 | Zużycie paliwa bieżące[g/s]      |           3853 |             3853 |        34682 |             266 | float64     |
+-----+----------------------------------+----------------+------------------+--------------+-----------------+-------------+
| 144 | Czas [ms].72                     |           3853 |             3853 |        34682 |            3853 | float64     |
+-----+----------------------------------+----------------+------------------+--------------+-----------------+-------------+
| 145 | Zużycie paliwa średnie[g/s]      |           3853 |             3853 |        34682 |            2509 | float64     |
+-----+----------------------------------+----------------+------------------+--------------+-----------------+-------------+
2024-12-02 15:13:18,817 - INFO - Metadata extraction completed for all DataFrames.
2024-12-02 15:13:19,209 - INFO - Step 4: Metadata extracted successfully.
2024-12-02 15:13:19,209 - INFO - Continue data pipeline. Step 5: Filtering and preprocessing data...
2024-12-02 15:13:19,211 - INFO - !!!!!!!!Column pairs: [['Czas [ms].1', 'Ciś. pow. za turb.[Pa]'], ['Czas [ms].2', 'Ciśnienie atmosferyczne[hPa]'], ['Czas [ms].11', 'ECT - wyjście z sil.[°C]'], ['Czas [ms].25', 'MAF[kg/h]'], ['Czas [ms].26', 'Moc[kW]'], ['Czas [ms].27', 'Moment obrotowy[Nm]'], ['Czas [ms].29', 'Obroty[obr/min]'], ['Czas [ms].46', 'Temp. oleju w misce[°C]'], ['Czas [ms].48', 'Temp. otoczenia[°C]'], ['Czas [ms].50', 'Temp. pal. na wyjściu sil.[°C]'], ['Czas [ms].55', 'Temp. powietrza za turb.[°C]'], ['Czas [ms].56', 'Temp. spalin 1/6[°C]'], ['Czas [ms].57', 'Temp. spalin 2/6[°C]'], ['Czas [ms].58', 'Temp. spalin 3/6[°C]'], ['Czas [ms].59', 'Temp. spalin 4/6[°C]'], ['Czas [ms].64', 'Wilgotność względna[%]'], ['Czas [ms].72', 'Zużycie paliwa średnie[g/s]']]
2024-12-02 15:13:19,213 - INFO - Filtered DataFrame to include 34 columns.
2024-12-02 15:13:19,288 - INFO - Time columns synchronized successfully.
2024-12-02 15:13:19,289 - INFO - Filtered DataFrame shape. after synchronize_time(): (3853, 18)
2024-12-02 15:13:19,289 - INFO - DataCleaner initialized.
2024-12-02 15:13:19,290 - INFO - Starting data cleaning process.
2024-12-02 15:13:19,300 - INFO - Data cleaning process completed.
2024-12-02 15:13:19,300 - INFO - Starting identify_stable_rotation with threshold=20 and window='8000ms'
2024-12-02 15:13:19,300 - INFO - DataFrame copied for processing.
2024-12-02 15:13:19,301 - INFO - 'Time' column is already in datetime format.
2024-12-02 15:13:19,301 - INFO - 'Time' column set as index.
2024-12-02 15:13:19,301 - INFO - Computing rolling max and min of 'Obroty[obr/min]'.
2024-12-02 15:13:19,303 - INFO - Identified 3348 points where rotation difference ≤ threshold.
2024-12-02 15:13:19,305 - INFO - Labeled stable regions into 23 groups.
2024-12-02 15:13:19,308 - INFO - Group 1: Found 3 stable time points.
2024-12-02 15:13:19,309 - INFO - Group 3: Found 502 stable time points.
2024-12-02 15:13:19,309 - INFO - Group 5: Found 667 stable time points.
2024-12-02 15:13:19,309 - INFO - Group 7: Found 197 stable time points.
2024-12-02 15:13:19,309 - INFO - Group 9: Found 166 stable time points.
2024-12-02 15:13:19,310 - INFO - Group 11: Found 149 stable time points.
2024-12-02 15:13:19,310 - INFO - Group 13: Found 504 stable time points.
2024-12-02 15:13:19,310 - INFO - Group 15: Found 205 stable time points.
2024-12-02 15:13:19,310 - INFO - Group 17: Found 16 stable time points.
2024-12-02 15:13:19,310 - INFO - Group 19: Found 366 stable time points.
2024-12-02 15:13:19,310 - INFO - Group 21: Found 302 stable time points.
2024-12-02 15:13:19,311 - INFO - Group 23: Found 271 stable time points.
2024-12-02 15:13:19,312 - INFO - Dropped temporary 'Stable' and 'Group' columns.
2024-12-02 15:13:19,312 - INFO - Identified 12 stable rotation levels.
2024-12-02 15:13:19,314 - INFO - Group 0: Mean rotation = 1.7 RPM.
2024-12-02 15:13:19,316 - INFO - Group 1: Mean rotation = 800.5 RPM.
2024-12-02 15:13:19,317 - INFO - Group 2: Mean rotation = 1600.3 RPM.
2024-12-02 15:13:19,318 - INFO - Group 3: Mean rotation = 1600.5 RPM.
2024-12-02 15:13:19,319 - INFO - Group 4: Mean rotation = 1600.5 RPM.
2024-12-02 15:13:19,320 - INFO - Group 5: Mean rotation = 1600.4 RPM.
2024-12-02 15:13:19,322 - INFO - Group 6: Mean rotation = 1600.2 RPM.
2024-12-02 15:13:19,323 - INFO - Group 7: Mean rotation = 1598.5 RPM.
2024-12-02 15:13:19,324 - INFO - Group 8: Mean rotation = 1601.3 RPM.
2024-12-02 15:13:19,326 - INFO - Group 9: Mean rotation = 1602.5 RPM.
2024-12-02 15:13:19,327 - INFO - Group 10: Mean rotation = 1600.0 RPM.
2024-12-02 15:13:19,328 - INFO - Group 11: Mean rotation = 800.5 RPM.
2024-12-02 15:13:19,329 - INFO - Stable rotation levels extracted. Average values: [1.7, 800.5, 1600.3, 1600.5, 1600.5, 1600.4, 1600.2, 1598.5, 1601.3, 1602.5, 1600.0, 800.5]
2024-12-02 15:13:19,330 - INFO - !!!---> Starting identify_stable_torque_nm with threshold=1.6 and window='8000ms'
2024-12-02 15:13:19,331 - INFO - DataFrame copied for processing.
2024-12-02 15:13:19,331 - INFO - 'Time' column is already in datetime format.
2024-12-02 15:13:19,332 - INFO - 'Time' column set as index.
2024-12-02 15:13:19,332 - INFO - Computing rolling max and min of 'Moment obrotowy[Nm]'.
2024-12-02 15:13:19,334 - INFO - Rolling object parameters:
2024-12-02 15:13:19,334 - INFO -  - window: 8000ms
2024-12-02 15:13:19,334 - INFO -  - min_periods: 1
2024-12-02 15:13:19,334 - INFO -  - center: False
2024-12-02 15:13:19,334 - INFO -  - win_type: None
2024-12-02 15:13:19,334 - INFO -  - axis: 0
2024-12-02 15:13:19,334 - INFO -  - method: single
2024-12-02 15:13:19,334 - INFO -  - closed: None
2024-12-02 15:13:19,334 - INFO - Identified 3031 points where torque difference ≤ threshold.
2024-12-02 15:13:19,336 - INFO - Labeled stable regions into 29 groups.
2024-12-02 15:13:19,338 - INFO - Group 1: Found 11 stable time points.
2024-12-02 15:13:19,339 - INFO - Group 3: Found 961 stable time points.
2024-12-02 15:13:19,339 - INFO - Group 5: Found 198 stable time points.
2024-12-02 15:13:19,339 - INFO - Group 7: Found 181 stable time points.
2024-12-02 15:13:19,339 - INFO - Group 9: Found 158 stable time points.
2024-12-02 15:13:19,340 - INFO - Group 11: Found 136 stable time points.
2024-12-02 15:13:19,340 - INFO - Group 13: Found 46 stable time points.
2024-12-02 15:13:19,340 - INFO - Group 15: Found 35 stable time points.
2024-12-02 15:13:19,340 - INFO - Group 17: Found 113 stable time points.
2024-12-02 15:13:19,340 - INFO - Group 19: Found 120 stable time points.
2024-12-02 15:13:19,340 - INFO - Group 21: Found 102 stable time points.
2024-12-02 15:13:19,341 - INFO - Group 23: Found 46 stable time points.
2024-12-02 15:13:19,341 - INFO - Group 25: Found 143 stable time points.
2024-12-02 15:13:19,341 - INFO - Group 27: Found 197 stable time points.
2024-12-02 15:13:19,341 - INFO - Group 29: Found 584 stable time points.
2024-12-02 15:13:19,342 - INFO - Dropped temporary 'Stable' and 'Group' columns.
2024-12-02 15:13:19,342 - INFO - Identified 15 stable torque levels.
2024-12-02 15:13:19,345 - INFO - Group 0: Mean torque = 0.9 Nm.
2024-12-02 15:13:19,347 - INFO - Group 1: Mean torque = 1.5 Nm.
2024-12-02 15:13:19,348 - INFO - Group 2: Mean torque = 50.0 Nm.
2024-12-02 15:13:19,349 - INFO - Group 3: Mean torque = 100.0 Nm.
2024-12-02 15:13:19,351 - INFO - Group 4: Mean torque = 150.0 Nm.
2024-12-02 15:13:19,352 - INFO - Group 5: Mean torque = 200.0 Nm.
2024-12-02 15:13:19,354 - INFO - Group 6: Mean torque = 249.8 Nm.
2024-12-02 15:13:19,355 - INFO - Group 7: Mean torque = 249.9 Nm.
2024-12-02 15:13:19,357 - INFO - Group 8: Mean torque = 274.9 Nm.
2024-12-02 15:13:19,359 - INFO - Group 9: Mean torque = 299.9 Nm.
2024-12-02 15:13:19,360 - INFO - Group 10: Mean torque = 324.9 Nm.
2024-12-02 15:13:19,362 - INFO - Group 11: Mean torque = 335.9 Nm.
2024-12-02 15:13:19,364 - INFO - Group 12: Mean torque = 335.0 Nm.
2024-12-02 15:13:19,365 - INFO - Group 13: Mean torque = 337.1 Nm.
2024-12-02 15:13:19,366 - INFO - Group 14: Mean torque = 1.6 Nm.
2024-12-02 15:13:19,367 - INFO - Stable torque levels extracted. Average values: [0.9, 1.5, 50.0, 100.0, 150.0, 200.0, 249.8, 249.9, 274.9, 299.9, 324.9, 335.9, 335.0, 337.1, 1.6]
2024-12-02 15:13:19,369 - INFO - Starting identify_stable_fuel_consumption with threshold=0.1 and window='8000ms'
2024-12-02 15:13:19,369 - INFO - DataFrame copied for processing.
2024-12-02 15:13:19,370 - INFO - 'Time' column is already in datetime format.
2024-12-02 15:13:19,370 - INFO - 'Time' column set as index.
2024-12-02 15:13:19,371 - INFO - Computing rolling max and min of 'Zużycie paliwa średnie[g/s]'.
2024-12-02 15:13:19,372 - INFO - Rolling object parameters:
2024-12-02 15:13:19,373 - INFO -  - window: 8000ms
2024-12-02 15:13:19,373 - INFO -  - min_periods: 1
2024-12-02 15:13:19,373 - INFO -  - center: False
2024-12-02 15:13:19,373 - INFO -  - axis: 0
2024-12-02 15:13:19,373 - INFO -  - method: single
2024-12-02 15:13:19,373 - INFO -  - closed: None
2024-12-02 15:13:19,373 - INFO - Identified 2810 points where fuel consumption difference ≤ threshold.
2024-12-02 15:13:19,376 - INFO - Labeled stable regions into 33 groups.
2024-12-02 15:13:19,378 - INFO - Group 1: Found 24 stable time points.
2024-12-02 15:13:19,379 - INFO - Group 3: Found 423 stable time points.
2024-12-02 15:13:19,379 - INFO - Group 5: Found 396 stable time points.
2024-12-02 15:13:19,379 - INFO - Group 7: Found 200 stable time points.
2024-12-02 15:13:19,379 - INFO - Group 9: Found 153 stable time points.
2024-12-02 15:13:19,379 - INFO - Group 11: Found 151 stable time points.
2024-12-02 15:13:19,380 - INFO - Group 13: Found 15 stable time points.
2024-12-02 15:13:19,380 - INFO - Group 15: Found 69 stable time points.
2024-12-02 15:13:19,381 - INFO - Group 17: Found 114 stable time points.
2024-12-02 15:13:19,381 - INFO - Group 19: Found 181 stable time points.
2024-12-02 15:13:19,381 - INFO - Group 21: Found 6 stable time points.
2024-12-02 15:13:19,381 - INFO - Group 23: Found 39 stable time points.
2024-12-02 15:13:19,381 - INFO - Group 25: Found 91 stable time points.
2024-12-02 15:13:19,381 - INFO - Group 27: Found 467 stable time points.
2024-12-02 15:13:19,382 - INFO - Group 29: Found 91 stable time points.
2024-12-02 15:13:19,382 - INFO - Group 31: Found 137 stable time points.
2024-12-02 15:13:19,382 - INFO - Group 33: Found 253 stable time points.
2024-12-02 15:13:19,383 - INFO - Dropped temporary 'Stable' and 'Group' columns.
2024-12-02 15:13:19,383 - INFO - Identified 17 stable fuel consumption levels.
2024-12-02 15:13:19,384 - INFO - Group 0: Mean fuel consumption = 0.03 g/s.
2024-12-02 15:13:19,386 - INFO - Group 1: Mean fuel consumption = 0.27 g/s.
2024-12-02 15:13:19,387 - INFO - Group 2: Mean fuel consumption = 0.58 g/s.
2024-12-02 15:13:19,389 - INFO - Group 3: Mean fuel consumption = 0.97 g/s.
2024-12-02 15:13:19,391 - INFO - Group 4: Mean fuel consumption = 1.43 g/s.
2024-12-02 15:13:19,392 - INFO - Group 5: Mean fuel consumption = 2.08 g/s.
2024-12-02 15:13:19,394 - INFO - Group 6: Mean fuel consumption = 2.66 g/s.
2024-12-02 15:13:19,396 - INFO - Group 7: Mean fuel consumption = 2.7 g/s.
2024-12-02 15:13:19,397 - INFO - Group 8: Mean fuel consumption = 3.2 g/s.
2024-12-02 15:13:19,398 - INFO - Group 9: Mean fuel consumption = 3.39 g/s.
2024-12-02 15:13:19,400 - INFO - Group 10: Mean fuel consumption = 3.5 g/s.
2024-12-02 15:13:19,402 - INFO - Group 11: Mean fuel consumption = 3.58 g/s.
2024-12-02 15:13:19,403 - INFO - Group 12: Mean fuel consumption = 3.75 g/s.
2024-12-02 15:13:19,404 - INFO - Group 13: Mean fuel consumption = 3.85 g/s.
2024-12-02 15:13:19,405 - INFO - Group 14: Mean fuel consumption = 1.79 g/s.
2024-12-02 15:13:19,407 - INFO - Group 15: Mean fuel consumption = 0.4 g/s.
2024-12-02 15:13:19,408 - INFO - Group 16: Mean fuel consumption = 0.16 g/s.
2024-12-02 15:13:19,409 - INFO - Stable fuel consumption levels extracted. Average values: [0.03, 0.27, 0.58, 0.97, 1.43, 2.08, 2.66, 2.7, 3.2, 3.39, 3.5, 3.58, 3.75, 3.85, 1.79, 0.4, 0.16]
2024-12-02 15:13:19,411 - INFO - Starting filter_high_temperature_oil.
2024-12-02 15:13:19,413 - INFO - Removed 543 rows where oil temperature was less than 50°C.
2024-12-02 15:13:19,436 - INFO - Extracted 1865 rows of intersected stable data.
2024-12-02 15:13:19,437 - INFO - DataFrame cleaned successfully using DataCleaner.
2024-12-02 15:13:19,438 - INFO - Starting metadata extraction for multiple DataFrames...
2024-12-02 15:13:19,438 - INFO - Processing DataFrame 1/1 with shape (1865, 18)...
2024-12-02 15:13:19,447 - INFO - Metadata for DataFrame 0, names_of_files_under_procession:['1600Nn obc ON _ 2018-12-06_ORIGEN.csv', '', 'ON'], DataFrame after filtering and cleaning::
+----+--------------------------------+----------------+------------------+--------------+-----------------+----------------+
|    | Column                         |   Total Values |   Non-Null Count |   Null Count |   Unique Values | Data Type      |
+====+================================+================+==================+==============+=================+================+
|  0 | Time                           |           1865 |             1865 |            0 |            1865 | datetime64[ns] |
+----+--------------------------------+----------------+------------------+--------------+-----------------+----------------+
|  1 | Ciś. pow. za turb.[Pa]         |           1865 |             1865 |            0 |             649 | float64        |
+----+--------------------------------+----------------+------------------+--------------+-----------------+----------------+
|  2 | Ciśnienie atmosferyczne[hPa]   |           1865 |             1865 |            0 |               1 | float64        |
+----+--------------------------------+----------------+------------------+--------------+-----------------+----------------+
|  3 | ECT - wyjście z sil.[°C]       |           1865 |             1865 |            0 |             163 | float64        |
+----+--------------------------------+----------------+------------------+--------------+-----------------+----------------+
|  4 | MAF[kg/h]                      |           1865 |             1865 |            0 |             450 | float64        |
+----+--------------------------------+----------------+------------------+--------------+-----------------+----------------+
|  5 | Moc[kW]                        |           1865 |             1865 |            0 |              47 | float64        |
+----+--------------------------------+----------------+------------------+--------------+-----------------+----------------+
|  6 | Moment obrotowy[Nm]            |           1865 |             1865 |            0 |             123 | float64        |
+----+--------------------------------+----------------+------------------+--------------+-----------------+----------------+
|  7 | Obroty[obr/min]                |           1865 |             1865 |            0 |              22 | int64          |
+----+--------------------------------+----------------+------------------+--------------+-----------------+----------------+
|  8 | Temp. oleju w misce[°C]        |           1865 |             1865 |            0 |              38 | float64        |
+----+--------------------------------+----------------+------------------+--------------+-----------------+----------------+
|  9 | Temp. otoczenia[°C]            |           1865 |             1865 |            0 |              13 | float64        |
+----+--------------------------------+----------------+------------------+--------------+-----------------+----------------+
| 10 | Temp. pal. na wyjściu sil.[°C] |           1865 |             1865 |            0 |             128 | float64        |
+----+--------------------------------+----------------+------------------+--------------+-----------------+----------------+
| 11 | Temp. powietrza za turb.[°C]   |           1865 |             1865 |            0 |              43 | float64        |
+----+--------------------------------+----------------+------------------+--------------+-----------------+----------------+
| 12 | Temp. spalin 1/6[°C]           |           1865 |             1865 |            0 |             249 | float64        |
+----+--------------------------------+----------------+------------------+--------------+-----------------+----------------+
| 13 | Temp. spalin 2/6[°C]           |           1865 |             1865 |            0 |             266 | float64        |
+----+--------------------------------+----------------+------------------+--------------+-----------------+----------------+
| 14 | Temp. spalin 3/6[°C]           |           1865 |             1865 |            0 |             247 | float64        |
+----+--------------------------------+----------------+------------------+--------------+-----------------+----------------+
| 15 | Temp. spalin 4/6[°C]           |           1865 |             1865 |            0 |             248 | float64        |
+----+--------------------------------+----------------+------------------+--------------+-----------------+----------------+
| 16 | Wilgotność względna[%]         |           1865 |             1865 |            0 |               6 | float64        |
+----+--------------------------------+----------------+------------------+--------------+-----------------+----------------+
| 17 | Zużycie paliwa średnie[g/s]    |           1865 |             1865 |            0 |            1221 | float64        |
+----+--------------------------------+----------------+------------------+--------------+-----------------+----------------+
2024-12-02 15:13:19,448 - INFO - Metadata extraction completed for all DataFrames.
2024-12-02 15:13:19,975 - INFO - Step 5: Data filtered and preprocessed successfully.
2024-12-02 15:13:19,975 - INFO - Step 6: Continue data pipeline. Saving cleaned data...
2024-12-02 15:13:20,021 - INFO - Filtered and Cleaned data saved to /home/viktar-taustyka/GitHubRepos/DT-Engine/data/processed/cleaned_data_1600Nn obc ON _ 2018-12-06_ORIGEN.csv
2024-12-02 15:13:20,042 - INFO - Filtered and Cleaned data saved to /home/viktar-taustyka/GitHubRepos/DT-Engine/data/processed/filtered_data.parquet
2024-12-02 15:13:20,043 - INFO - Step 6: Save cleaned data completed successfully.
2024-12-02 15:13:20,588 - INFO - Step 6: Filtered and Cleaned data saved successfully.
2024-12-02 15:13:20,588 - INFO - Starting atmospheric power correction.
2024-12-02 15:13:20,595 - INFO - Average power correction: -2.77%
2024-12-02 15:13:20,595 - INFO - Maximum power correction: -0.85%
2024-12-02 15:13:20,595 - INFO - Average torque correction: -2.77%
2024-12-02 15:13:20,595 - INFO - Maximum torque correction: -0.85%
2024-12-02 15:13:20,596 - INFO - Atmospheric power correction applied successfully.
2024-12-02 15:13:20,597 - ERROR - An error occurred during atmospheric power correction: Object of type Index is not JSON serializable
2024-12-02 15:13:20,597 - INFO - Continue data pipeline. Step 7: Visualizing data...
2024-12-02 15:13:20,598 - ERROR - An error occurred: Expecting value: line 126 column 17 (char 3847)
