2024-12-05 14:41:17,777 - INFO - Starting data pipeline...
2024-12-05 14:41:17,777 - INFO - Continue data pipeline. Step 2: Loading raw data...
2024-12-05 14:41:17,779 - INFO - DataLoader initialized with raw data path: /home/viktar-taustyka/GitHubRepos/DT-Engine/data/raw/parquet_files
2024-12-05 14:41:17,779 - INFO - Loading main file: TiL II st Zew B20 IRiL - 2019-11.parquet
2024-12-05 14:41:17,779 - INFO - Loading data from file: /home/viktar-taustyka/GitHubRepos/DT-Engine/data/raw/parquet_files/TiL II st Zew B20 IRiL - 2019-11.parquet
2024-12-05 14:41:17,844 - INFO - Data loaded successfully from file: /home/viktar-taustyka/GitHubRepos/DT-Engine/data/raw/parquet_files/TiL II st Zew B20 IRiL - 2019-11.parquet
2024-12-05 14:41:17,844 - INFO - Data Frame Columns: ['Czas [ms]', 'CiĹ›. pow. przed turb.[Pa]', 'Czas [ms].1', 'CiĹ›. pow. za turb.[Pa]', 'Czas [ms].2', 'Ciśnienie atmosferyczne[hPa]', 'Czas [ms].3', 'Ciśnienie oleju[bar]', 'Czas [ms].4', 'Ciśnienie spalin[Pa]', 'Czas [ms].5', 'Dopeł. zb. 1/3[-]', 'Czas [ms].6', 'Dopeł. zb. 2/3[-]', 'Czas [ms].7', 'Dopeł. zb. 3/3[-]', 'Czas [ms].8', 'Dopełnianie[-]', 'Czas [ms].9', 'DuĹĽy obieg[-]', 'Czas [ms].10', 'ECT - wejście do sil.[°C]', 'Czas [ms].11', 'ECT - wyjście z sil.[°C]', 'Czas [ms].12', 'Główny obieg - przepływ[m³/h]', 'Czas [ms].13', 'Główny obieg - temp.[°C]', 'Czas [ms].14', 'GPReg_Setpoint0[°C]', 'Czas [ms].15', 'GPReg_Setpoint1[°C]', 'Czas [ms].16', 'GPReg_Setpoint2[°C]', 'Czas [ms].17', 'Hamulec, lewa komora, temp.[°C]', 'Czas [ms].18', 'Hamulec, prawa komora, temp.[°C]', 'Czas [ms].19', 'Hamulec, przepływ wody[m³/h]', 'Czas [ms].20', 'Ilość paliwa w zbiorniku[g]', 'Czas [ms].21', 'Kond. - przepływ wody[l/min]', 'Czas [ms].22', 'Kontrolka zb. 1/3 [-]', 'Czas [ms].23', 'Kontrolka zb. 2/3 [-]', 'Czas [ms].24', 'Kontrolka zb. 3/3 [-]', 'Czas [ms].25', 'MAF[kg/h]', 'Czas [ms].26', 'Moc[kW]', 'Czas [ms].27', 'Moment obrotowy[Nm]', 'Czas [ms].28', 'Moment Tryb2[Nm]', 'Czas [ms].29', 'Moment Tryb3[Nm]', 'Czas [ms].30', 'Obroty[obr/min]', 'Czas [ms].31', 'Poz. paliwa zb. 1/3[mm]', 'Czas [ms].32', 'Poz. paliwa zb. 2/3[mm]', 'Czas [ms].33', 'Poz. paliwa zb. 3/3[mm]', 'Czas [ms].34', 'PrzekaĹş. pompy paliwa[-]', 'Czas [ms].35', 'Przekaźnik zapłonu[-]', 'Czas [ms].36', 'Przepustnica[%]', 'Czas [ms].37', 'Przepustnica Tryb0[%]', 'Czas [ms].38', 'Przepustnica Tryb1[%]', 'Czas [ms].39', 'Przepustnica Tryb2[%]', 'Czas [ms].40', 'Przyklad[bar]', 'Czas [ms].41', 'PWM Tryb0[%]', 'Czas [ms].42', 'Rozrusznik[-]', 'Czas [ms].43', 'RPM Tryb1[obr/min]', 'Czas [ms].44', 'RPM Tryb3[obr/min]', 'Czas [ms].45', 'Starter[-]', 'Czas [ms].46', 'Stycz. chłodni went.[-]', 'Czas [ms].47', 'Temp. oleju przed wym.[°C]', 'Czas [ms].48', 'Temp. oleju w misce[°C]', 'Czas [ms].49', 'Temp. oleju za wym.[°C]', 'Czas [ms].50', 'Temp. otoczenia[°C]', 'Czas [ms].51', 'Temp. pal. na wejściu sil.[°C]', 'Czas [ms].52', 'Temp. pal. na wyjściu sil.[°C]', 'Czas [ms].53', 'Temp. paliwa w zb. 1/3[°C]', 'Czas [ms].54', 'Temp. paliwa w zb. 2/3[°C]', 'Czas [ms].55', 'Temp. paliwa w zb. 3/3[°C]', 'Czas [ms].56', 'Temp. powietrza przed turb.[°C]', 'Czas [ms].57', 'Temp. powietrza za turb.[°C]', 'Czas [ms].58', 'Temp. spalin 1/6[°C]', 'Czas [ms].59', 'Temp. spalin 2/6[°C]', 'Czas [ms].60', 'Temp. spalin 3/6[°C]', 'Czas [ms].61', 'Temp. spalin 4/6[°C]', 'Czas [ms].62', 'Temp. spalin za turbiną 1/2[°C]', 'Czas [ms].63', 'Temp. spalin za turbiną 2/2[°C]', 'Czas [ms].64', 'Temp.pal.na wyjściu[°C]', 'Czas [ms].65', 'Temp.paliwa żądana[°C]', 'Czas [ms].66', 'Wilgotność względna[%]', 'Czas [ms].67', 'Wyłącznik bezpieczeństwa[-]', 'Czas [ms].68', 'Zapłon[-]', 'Czas [ms].69', 'Zaw. zb. paliwa 1/3[-]', 'Czas [ms].70', 'Zaw. zb. paliwa 2/3[-]', 'Czas [ms].71', 'Zaw. zb. paliwa 3/3[-]', 'Czas [ms].72', 'Zawór reg. chł. cieczy[-]', 'Czas [ms].73', 'ZuĹĽycie paliwa bieĹĽÄ…ce[g/s]', 'Czas [ms].74', 'Zużycie paliwa średnie[g/s]', 'Unnamed: 150']
2024-12-05 14:41:17,846 - INFO - Data from file 'TiL II st Zew B20 IRiL - 2019-11.parquet':
╒════╤═════════════╤══════════════════════════════╤═══════════════╤═══════════════════════════╤═══════════════╤════════════════════════════════╕
│    │   Czas [ms] │   CiĹ›. pow. przed turb.[Pa] │   Czas [ms].1 │   CiĹ›. pow. za turb.[Pa] │   Czas [ms].2 │   Ciśnienie atmosferyczne[hPa] │
╞════╪═════════════╪══════════════════════════════╪═══════════════╪═══════════════════════════╪═══════════════╪════════════════════════════════╡
│  0 │         139 │                          -66 │           139 │                       -68 │            92 │                            979 │
├────┼─────────────┼──────────────────────────────┼───────────────┼───────────────────────────┼───────────────┼────────────────────────────────┤
│  1 │         340 │                          -66 │           339 │                       -68 │           294 │                            979 │
├────┼─────────────┼──────────────────────────────┼───────────────┼───────────────────────────┼───────────────┼────────────────────────────────┤
│  2 │         540 │                          -20 │           540 │                      -105 │           493 │                            979 │
╘════╧═════════════╧══════════════════════════════╧═══════════════╧═══════════════════════════╧═══════════════╧════════════════════════════════╛
2024-12-05 14:41:17,849 - INFO - Data from file 'TiL II st Zew B20 IRiL - 2019-11.parquet':
╒════╤═══════════════╤════════════════════════╤═══════════════╤════════════════════════╤═══════════════╤═════════════════════╕
│    │   Czas [ms].3 │   Ciśnienie oleju[bar] │   Czas [ms].4 │   Ciśnienie spalin[Pa] │   Czas [ms].5 │   Dopeł. zb. 1/3[-] │
╞════╪═══════════════╪════════════════════════╪═══════════════╪════════════════════════╪═══════════════╪═════════════════════╡
│  0 │           139 │                  0.006 │           141 │                     37 │           393 │                   0 │
├────┼───────────────┼────────────────────────┼───────────────┼────────────────────────┼───────────────┼─────────────────────┤
│  1 │           339 │                  0.006 │           341 │                     37 │          1395 │                   0 │
├────┼───────────────┼────────────────────────┼───────────────┼────────────────────────┼───────────────┼─────────────────────┤
│  2 │           540 │                  0.006 │           541 │                     10 │          2396 │                   0 │
╘════╧═══════════════╧════════════════════════╧═══════════════╧════════════════════════╧═══════════════╧═════════════════════╛
2024-12-05 14:41:17,850 - INFO - Data from file 'TiL II st Zew B20 IRiL - 2019-11.parquet':
╒════╤═══════════════╤═════════════════════╤═══════════════╤═════════════════════╤═══════════════╤══════════════════╕
│    │   Czas [ms].6 │   Dopeł. zb. 2/3[-] │   Czas [ms].7 │   Dopeł. zb. 3/3[-] │   Czas [ms].8 │   Dopełnianie[-] │
╞════╪═══════════════╪═════════════════════╪═══════════════╪═════════════════════╪═══════════════╪══════════════════╡
│  0 │           393 │                   0 │           393 │                   0 │           526 │                0 │
├────┼───────────────┼─────────────────────┼───────────────┼─────────────────────┼───────────────┼──────────────────┤
│  1 │          1395 │                   0 │          1395 │                   0 │          1527 │                0 │
├────┼───────────────┼─────────────────────┼───────────────┼─────────────────────┼───────────────┼──────────────────┤
│  2 │          2396 │                   0 │          2396 │                   0 │          2529 │                0 │
╘════╧═══════════════╧═════════════════════╧═══════════════╧═════════════════════╧═══════════════╧══════════════════╛
2024-12-05 14:41:17,851 - INFO - Data from file 'TiL II st Zew B20 IRiL - 2019-11.parquet':
╒════╤═══════════════╤══════════════════╤════════════════╤═════════════════════════════╤════════════════╤════════════════════════════╕
│    │   Czas [ms].9 │   DuĹĽy obieg[-] │   Czas [ms].10 │   ECT - wejście do sil.[°C] │   Czas [ms].11 │   ECT - wyjście z sil.[°C] │
╞════╪═══════════════╪══════════════════╪════════════════╪═════════════════════════════╪════════════════╪════════════════════════════╡
│  0 │           235 │                0 │            189 │                        24.9 │            189 │                         67 │
├────┼───────────────┼──────────────────┼────────────────┼─────────────────────────────┼────────────────┼────────────────────────────┤
│  1 │           489 │                0 │            389 │                        24.9 │            389 │                         67 │
├────┼───────────────┼──────────────────┼────────────────┼─────────────────────────────┼────────────────┼────────────────────────────┤
│  2 │          1236 │                0 │            590 │                        24.9 │            590 │                         67 │
╘════╧═══════════════╧══════════════════╧════════════════╧═════════════════════════════╧════════════════╧════════════════════════════╛
2024-12-05 14:41:17,853 - INFO - Data from file 'TiL II st Zew B20 IRiL - 2019-11.parquet':
╒════╤════════════════╤═════════════════════════════════╤════════════════╤════════════════════════════╤════════════════╤═══════════════════════╕
│    │   Czas [ms].12 │   Główny obieg - przepływ[m³/h] │   Czas [ms].13 │   Główny obieg - temp.[°C] │   Czas [ms].14 │   GPReg_Setpoint0[°C] │
╞════╪════════════════╪═════════════════════════════════╪════════════════╪════════════════════════════╪════════════════╪═══════════════════════╡
│  0 │            193 │                          164.09 │             94 │                       24.3 │             34 │                    60 │
├────┼────────────────┼─────────────────────────────────┼────────────────┼────────────────────────────┼────────────────┼───────────────────────┤
│  1 │            394 │                          149.74 │            295 │                       24.4 │            335 │                    60 │
├────┼────────────────┼─────────────────────────────────┼────────────────┼────────────────────────────┼────────────────┼───────────────────────┤
│  2 │            593 │                          158.43 │            494 │                       24.4 │            635 │                    60 │
╘════╧════════════════╧═════════════════════════════════╧════════════════╧════════════════════════════╧════════════════╧═══════════════════════╛
2024-12-05 14:41:17,854 - INFO - Data from file 'TiL II st Zew B20 IRiL - 2019-11.parquet':
╒════╤════════════════╤═══════════════════════╤════════════════╤═══════════════════════╤════════════════╤═══════════════════════════════════╕
│    │   Czas [ms].15 │   GPReg_Setpoint1[°C] │   Czas [ms].16 │   GPReg_Setpoint2[°C] │   Czas [ms].17 │   Hamulec, lewa komora, temp.[°C] │
╞════╪════════════════╪═══════════════════════╪════════════════╪═══════════════════════╪════════════════╪═══════════════════════════════════╡
│  0 │             34 │                    30 │             34 │                    34 │            125 │                                22 │
├────┼────────────────┼───────────────────────┼────────────────┼───────────────────────┼────────────────┼───────────────────────────────────┤
│  1 │            335 │                    30 │            335 │                    34 │            325 │                                22 │
├────┼────────────────┼───────────────────────┼────────────────┼───────────────────────┼────────────────┼───────────────────────────────────┤
│  2 │            635 │                    30 │            635 │                    34 │            525 │                                22 │
╘════╧════════════════╧═══════════════════════╧════════════════╧═══════════════════════╧════════════════╧═══════════════════════════════════╛
2024-12-05 14:41:17,855 - INFO - Data from file 'TiL II st Zew B20 IRiL - 2019-11.parquet':
╒════╤════════════════╤════════════════════════════════════╤════════════════╤════════════════════════════════╤════════════════╤═══════════════════════════════╕
│    │   Czas [ms].18 │   Hamulec, prawa komora, temp.[°C] │   Czas [ms].19 │   Hamulec, przepływ wody[m³/h] │   Czas [ms].20 │   Ilość paliwa w zbiorniku[g] │
╞════╪════════════════╪════════════════════════════════════╪════════════════╪════════════════════════════════╪════════════════╪═══════════════════════════════╡
│  0 │            124 │                                 22 │             74 │                           11.8 │             65 │                       589.209 │
├────┼────────────────┼────────────────────────────────────┼────────────────┼────────────────────────────────┼────────────────┼───────────────────────────────┤
│  1 │            325 │                                 22 │            274 │                           11.8 │            315 │                       589.091 │
├────┼────────────────┼────────────────────────────────────┼────────────────┼────────────────────────────────┼────────────────┼───────────────────────────────┤
│  2 │            525 │                                 22 │            475 │                           11.8 │            566 │                       589.06  │
╘════╧════════════════╧════════════════════════════════════╧════════════════╧════════════════════════════════╧════════════════╧═══════════════════════════════╛
2024-12-05 14:41:17,857 - INFO - Data from file 'TiL II st Zew B20 IRiL - 2019-11.parquet':
╒════╤════════════════╤════════════════════════════════╤════════════════╤═════════════════════════╤════════════════╤═════════════════════════╕
│    │   Czas [ms].21 │   Kond. - przepływ wody[l/min] │   Czas [ms].22 │   Kontrolka zb. 1/3 [-] │   Czas [ms].23 │   Kontrolka zb. 2/3 [-] │
╞════╪════════════════╪════════════════════════════════╪════════════════╪═════════════════════════╪════════════════╪═════════════════════════╡
│  0 │             73 │                           8.1  │            393 │                       0 │            393 │                       0 │
├────┼────────────────┼────────────────────────────────┼────────────────┼─────────────────────────┼────────────────┼─────────────────────────┤
│  1 │            275 │                           7.85 │           1394 │                       0 │           1394 │                       0 │
├────┼────────────────┼────────────────────────────────┼────────────────┼─────────────────────────┼────────────────┼─────────────────────────┤
│  2 │            474 │                           7.81 │           1796 │                       0 │           1796 │                       0 │
╘════╧════════════════╧════════════════════════════════╧════════════════╧═════════════════════════╧════════════════╧═════════════════════════╛
2024-12-05 14:41:17,858 - INFO - Data from file 'TiL II st Zew B20 IRiL - 2019-11.parquet':
╒════╤════════════════╤═════════════════════════╤════════════════╤═════════════╤════════════════╤═══════════╕
│    │   Czas [ms].24 │   Kontrolka zb. 3/3 [-] │   Czas [ms].25 │   MAF[kg/h] │   Czas [ms].26 │   Moc[kW] │
╞════╪════════════════╪═════════════════════════╪════════════════╪═════════════╪════════════════╪═══════════╡
│  0 │            393 │                       0 │            140 │         0   │             34 │         0 │
├────┼────────────────┼─────────────────────────┼────────────────┼─────────────┼────────────────┼───────────┤
│  1 │           1394 │                       0 │            340 │         0   │            235 │         0 │
├────┼────────────────┼─────────────────────────┼────────────────┼─────────────┼────────────────┼───────────┤
│  2 │           1796 │                       0 │            540 │         1.8 │            435 │         0 │
╘════╧════════════════╧═════════════════════════╧════════════════╧═════════════╧════════════════╧═══════════╛
2024-12-05 14:41:17,859 - INFO - Data from file 'TiL II st Zew B20 IRiL - 2019-11.parquet':
╒════╤════════════════╤═══════════════════════╤════════════════╤════════════════════╤════════════════╤════════════════════╕
│    │   Czas [ms].27 │   Moment obrotowy[Nm] │   Czas [ms].28 │   Moment Tryb2[Nm] │   Czas [ms].29 │   Moment Tryb3[Nm] │
╞════╪════════════════╪═══════════════════════╪════════════════╪════════════════════╪════════════════╪════════════════════╡
│  0 │              0 │                  -0.3 │         485528 │              295.2 │         486097 │              298.4 │
├────┼────────────────┼───────────────────────┼────────────────┼────────────────────┼────────────────┼────────────────────┤
│  1 │             20 │                  -0.3 │         485679 │              295.2 │         486180 │              298.4 │
├────┼────────────────┼───────────────────────┼────────────────┼────────────────────┼────────────────┼────────────────────┤
│  2 │             40 │                  -0.3 │         485930 │              295.2 │         486430 │              298.4 │
╘════╧════════════════╧═══════════════════════╧════════════════╧════════════════════╧════════════════╧════════════════════╛
2024-12-05 14:41:17,862 - INFO - Data from file 'TiL II st Zew B20 IRiL - 2019-11.parquet':
╒════╤════════════════╤═══════════════════╤════════════════╤═══════════════════════════╤════════════════╤═══════════════════════════╕
│    │   Czas [ms].30 │   Obroty[obr/min] │   Czas [ms].31 │   Poz. paliwa zb. 1/3[mm] │   Czas [ms].32 │   Poz. paliwa zb. 2/3[mm] │
╞════╪════════════════╪═══════════════════╪════════════════╪═══════════════════════════╪════════════════╪═══════════════════════════╡
│  0 │              0 │                 0 │            140 │                       120 │            140 │                        32 │
├────┼────────────────┼───────────────────┼────────────────┼───────────────────────────┼────────────────┼───────────────────────────┤
│  1 │             20 │                 0 │            341 │                       120 │            341 │                        32 │
├────┼────────────────┼───────────────────┼────────────────┼───────────────────────────┼────────────────┼───────────────────────────┤
│  2 │             40 │                 0 │            541 │                       120 │            541 │                        32 │
╘════╧════════════════╧═══════════════════╧════════════════╧═══════════════════════════╧════════════════╧═══════════════════════════╛
2024-12-05 14:41:17,863 - INFO - Data from file 'TiL II st Zew B20 IRiL - 2019-11.parquet':
╒════╤════════════════╤═══════════════════════════╤════════════════╤═════════════════════════════╤════════════════╤═════════════════════════╕
│    │   Czas [ms].33 │   Poz. paliwa zb. 3/3[mm] │   Czas [ms].34 │   PrzekaĹş. pompy paliwa[-] │   Czas [ms].35 │   Przekaźnik zapłonu[-] │
╞════╪════════════════╪═══════════════════════════╪════════════════╪═════════════════════════════╪════════════════╪═════════════════════════╡
│  0 │            141 │                       110 │            489 │                           0 │            393 │                       1 │
├────┼────────────────┼───────────────────────────┼────────────────┼─────────────────────────────┼────────────────┼─────────────────────────┤
│  1 │            341 │                       110 │           1491 │                           0 │           1394 │                       1 │
├────┼────────────────┼───────────────────────────┼────────────────┼─────────────────────────────┼────────────────┼─────────────────────────┤
│  2 │            541 │                       110 │           2492 │                           0 │           1796 │                       1 │
╘════╧════════════════╧═══════════════════════════╧════════════════╧═════════════════════════════╧════════════════╧═════════════════════════╛
2024-12-05 14:41:17,864 - INFO - Data from file 'TiL II st Zew B20 IRiL - 2019-11.parquet':
╒════╤════════════════╤═══════════════════╤════════════════╤═════════════════════════╤════════════════╤═════════════════════════╕
│    │   Czas [ms].36 │   Przepustnica[%] │   Czas [ms].37 │   Przepustnica Tryb0[%] │   Czas [ms].38 │   Przepustnica Tryb1[%] │
╞════╪════════════════╪═══════════════════╪════════════════╪═════════════════════════╪════════════════╪═════════════════════════╡
│  0 │             90 │                 0 │            235 │                       0 │          40266 │                       0 │
├────┼────────────────┼───────────────────┼────────────────┼─────────────────────────┼────────────────┼─────────────────────────┤
│  1 │            340 │                 0 │            485 │                       0 │          40292 │                       0 │
├────┼────────────────┼───────────────────┼────────────────┼─────────────────────────┼────────────────┼─────────────────────────┤
│  2 │            590 │                 0 │            735 │                       0 │          40542 │                       0 │
╘════╧════════════════╧═══════════════════╧════════════════╧═════════════════════════╧════════════════╧═════════════════════════╛
2024-12-05 14:41:17,866 - INFO - Data from file 'TiL II st Zew B20 IRiL - 2019-11.parquet':
╒════╤════════════════╤═════════════════════════╤════════════════╤═════════════════╤════════════════╤════════════════╕
│    │   Czas [ms].39 │   Przepustnica Tryb2[%] │   Czas [ms].40 │   Przyklad[bar] │   Czas [ms].41 │   PWM Tryb0[%] │
╞════╪════════════════╪═════════════════════════╪════════════════╪═════════════════╪════════════════╪════════════════╡
│  0 │         485528 │                     100 │             42 │               0 │            235 │              0 │
├────┼────────────────┼─────────────────────────┼────────────────┼─────────────────┼────────────────┼────────────────┤
│  1 │         485679 │                     100 │            243 │               0 │            485 │              0 │
├────┼────────────────┼─────────────────────────┼────────────────┼─────────────────┼────────────────┼────────────────┤
│  2 │         485930 │                     100 │            443 │               0 │            735 │              0 │
╘════╧════════════════╧═════════════════════════╧════════════════╧═════════════════╧════════════════╧════════════════╛
2024-12-05 14:41:17,868 - INFO - Data from file 'TiL II st Zew B20 IRiL - 2019-11.parquet':
╒════╤════════════════╤═════════════════╤════════════════╤══════════════════════╤════════════════╤══════════════════════╕
│    │   Czas [ms].42 │   Rozrusznik[-] │   Czas [ms].43 │   RPM Tryb1[obr/min] │   Czas [ms].44 │   RPM Tryb3[obr/min] │
╞════╪════════════════╪═════════════════╪════════════════╪══════════════════════╪════════════════╪══════════════════════╡
│  0 │            393 │               1 │          40266 │                  800 │         486097 │                 2416 │
├────┼────────────────┼─────────────────┼────────────────┼──────────────────────┼────────────────┼──────────────────────┤
│  1 │            901 │               1 │          40292 │                  800 │         486180 │                 2416 │
├────┼────────────────┼─────────────────┼────────────────┼──────────────────────┼────────────────┼──────────────────────┤
│  2 │           1394 │               1 │          40542 │                  800 │         486430 │                 2416 │
╘════╧════════════════╧═════════════════╧════════════════╧══════════════════════╧════════════════╧══════════════════════╛
2024-12-05 14:41:17,869 - INFO - Data from file 'TiL II st Zew B20 IRiL - 2019-11.parquet':
╒════╤════════════════╤══════════════╤════════════════╤═══════════════════════════╤════════════════╤══════════════════════════════╕
│    │   Czas [ms].45 │   Starter[-] │   Czas [ms].46 │   Stycz. chłodni went.[-] │   Czas [ms].47 │   Temp. oleju przed wym.[°C] │
╞════╪════════════════╪══════════════╪════════════════╪═══════════════════════════╪════════════════╪══════════════════════════════╡
│  0 │            902 │            1 │            235 │                         0 │            189 │                         22.1 │
├────┼────────────────┼──────────────┼────────────────┼───────────────────────────┼────────────────┼──────────────────────────────┤
│  1 │           1803 │            0 │            489 │                         0 │            390 │                         22.1 │
├────┼────────────────┼──────────────┼────────────────┼───────────────────────────┼────────────────┼──────────────────────────────┤
│  2 │           2805 │            0 │           1236 │                         0 │            590 │                         22.1 │
╘════╧════════════════╧══════════════╧════════════════╧═══════════════════════════╧════════════════╧══════════════════════════════╛
2024-12-05 14:41:17,871 - INFO - Data from file 'TiL II st Zew B20 IRiL - 2019-11.parquet':
╒════╤════════════════╤═══════════════════════════╤════════════════╤═══════════════════════════╤════════════════╤═══════════════════════╕
│    │   Czas [ms].48 │   Temp. oleju w misce[°C] │   Czas [ms].49 │   Temp. oleju za wym.[°C] │   Czas [ms].50 │   Temp. otoczenia[°C] │
╞════╪════════════════╪═══════════════════════════╪════════════════╪═══════════════════════════╪════════════════╪═══════════════════════╡
│  0 │            143 │                        77 │            190 │                      22.2 │             93 │                    20 │
├────┼────────────────┼───────────────────────────┼────────────────┼───────────────────────────┼────────────────┼───────────────────────┤
│  1 │            344 │                        77 │            390 │                      22.2 │            294 │                    20 │
├────┼────────────────┼───────────────────────────┼────────────────┼───────────────────────────┼────────────────┼───────────────────────┤
│  2 │            544 │                        77 │            590 │                      22.2 │            493 │                    20 │
╘════╧════════════════╧═══════════════════════════╧════════════════╧═══════════════════════════╧════════════════╧═══════════════════════╛
2024-12-05 14:41:17,873 - INFO - Data from file 'TiL II st Zew B20 IRiL - 2019-11.parquet':
╒════╤════════════════╤══════════════════════════════════╤════════════════╤══════════════════════════════════╤════════════════╤══════════════════════════════╕
│    │   Czas [ms].51 │   Temp. pal. na wejściu sil.[°C] │   Czas [ms].52 │   Temp. pal. na wyjściu sil.[°C] │   Czas [ms].53 │   Temp. paliwa w zb. 1/3[°C] │
╞════╪════════════════╪══════════════════════════════════╪════════════════╪══════════════════════════════════╪════════════════╪══════════════════════════════╡
│  0 │             93 │                             28.4 │             93 │                             39.5 │             23 │                         22.5 │
├────┼────────────────┼──────────────────────────────────┼────────────────┼──────────────────────────────────┼────────────────┼──────────────────────────────┤
│  1 │            294 │                             28.4 │            294 │                             39.5 │            224 │                         22.5 │
├────┼────────────────┼──────────────────────────────────┼────────────────┼──────────────────────────────────┼────────────────┼──────────────────────────────┤
│  2 │            494 │                             28.3 │            494 │                             39.5 │            424 │                         22.5 │
╘════╧════════════════╧══════════════════════════════════╧════════════════╧══════════════════════════════════╧════════════════╧══════════════════════════════╛
2024-12-05 14:41:17,874 - INFO - Data from file 'TiL II st Zew B20 IRiL - 2019-11.parquet':
╒════╤════════════════╤══════════════════════════════╤════════════════╤══════════════════════════════╤════════════════╤═══════════════════════════════════╕
│    │   Czas [ms].54 │   Temp. paliwa w zb. 2/3[°C] │   Czas [ms].55 │   Temp. paliwa w zb. 3/3[°C] │   Czas [ms].56 │   Temp. powietrza przed turb.[°C] │
╞════╪════════════════╪══════════════════════════════╪════════════════╪══════════════════════════════╪════════════════╪═══════════════════════════════════╡
│  0 │             23 │                         22.4 │             24 │                         21.5 │            190 │                              40.2 │
├────┼────────────────┼──────────────────────────────┼────────────────┼──────────────────────────────┼────────────────┼───────────────────────────────────┤
│  1 │            224 │                         22.4 │            224 │                         21.5 │            390 │                              40.2 │
├────┼────────────────┼──────────────────────────────┼────────────────┼──────────────────────────────┼────────────────┼───────────────────────────────────┤
│  2 │            424 │                         22.4 │            424 │                         21.5 │            591 │                              40.2 │
╘════╧════════════════╧══════════════════════════════╧════════════════╧══════════════════════════════╧════════════════╧═══════════════════════════════════╛
2024-12-05 14:41:17,876 - INFO - Data from file 'TiL II st Zew B20 IRiL - 2019-11.parquet':
╒════╤════════════════╤════════════════════════════════╤════════════════╤════════════════════════╤════════════════╤════════════════════════╕
│    │   Czas [ms].57 │   Temp. powietrza za turb.[°C] │   Czas [ms].58 │   Temp. spalin 1/6[°C] │   Czas [ms].59 │   Temp. spalin 2/6[°C] │
╞════╪════════════════╪════════════════════════════════╪════════════════╪════════════════════════╪════════════════╪════════════════════════╡
│  0 │            143 │                             54 │             39 │                    121 │             39 │                    130 │
├────┼────────────────┼────────────────────────────────┼────────────────┼────────────────────────┼────────────────┼────────────────────────┤
│  1 │            343 │                             54 │            239 │                    121 │            239 │                    130 │
├────┼────────────────┼────────────────────────────────┼────────────────┼────────────────────────┼────────────────┼────────────────────────┤
│  2 │            544 │                             51 │            440 │                    122 │            441 │                    131 │
╘════╧════════════════╧════════════════════════════════╧════════════════╧════════════════════════╧════════════════╧════════════════════════╛
2024-12-05 14:41:17,878 - INFO - Data from file 'TiL II st Zew B20 IRiL - 2019-11.parquet':
╒════╤════════════════╤════════════════════════╤════════════════╤════════════════════════╤════════════════╤═══════════════════════════════════╕
│    │   Czas [ms].60 │   Temp. spalin 3/6[°C] │   Czas [ms].61 │   Temp. spalin 4/6[°C] │   Czas [ms].62 │   Temp. spalin za turbiną 1/2[°C] │
╞════╪════════════════╪════════════════════════╪════════════════╪════════════════════════╪════════════════╪═══════════════════════════════════╡
│  0 │             39 │                    124 │             39 │                    114 │            143 │                               128 │
├────┼────────────────┼────────────────────────┼────────────────┼────────────────────────┼────────────────┼───────────────────────────────────┤
│  1 │            240 │                    124 │            240 │                    114 │            343 │                               128 │
├────┼────────────────┼────────────────────────┼────────────────┼────────────────────────┼────────────────┼───────────────────────────────────┤
│  2 │            441 │                    124 │            441 │                    114 │            543 │                               128 │
╘════╧════════════════╧════════════════════════╧════════════════╧════════════════════════╧════════════════╧═══════════════════════════════════╛
2024-12-05 14:41:17,880 - INFO - Data from file 'TiL II st Zew B20 IRiL - 2019-11.parquet':
╒════╤════════════════╤═══════════════════════════════════╤════════════════╤═══════════════════════════╤════════════════╤══════════════════════════╕
│    │   Czas [ms].63 │   Temp. spalin za turbiną 2/2[°C] │   Czas [ms].64 │   Temp.pal.na wyjściu[°C] │   Czas [ms].65 │   Temp.paliwa żądana[°C] │
╞════╪════════════════╪═══════════════════════════════════╪════════════════╪═══════════════════════════╪════════════════╪══════════════════════════╡
│  0 │            143 │                               120 │            176 │                      20.2 │            123 │                       22 │
├────┼────────────────┼───────────────────────────────────┼────────────────┼───────────────────────────┼────────────────┼──────────────────────────┤
│  1 │            343 │                               120 │            374 │                      20.2 │            324 │                       22 │
├────┼────────────────┼───────────────────────────────────┼────────────────┼───────────────────────────┼────────────────┼──────────────────────────┤
│  2 │            543 │                               120 │            574 │                      20.2 │            524 │                       22 │
╘════╧════════════════╧═══════════════════════════════════╧════════════════╧═══════════════════════════╧════════════════╧══════════════════════════╛
2024-12-05 14:41:17,882 - INFO - Data from file 'TiL II st Zew B20 IRiL - 2019-11.parquet':
╒════╤════════════════╤══════════════════════════╤════════════════╤═══════════════════════════════╤════════════════╤═════════════╕
│    │   Czas [ms].66 │   Wilgotność względna[%] │   Czas [ms].67 │   Wyłącznik bezpieczeństwa[-] │   Czas [ms].68 │   Zapłon[-] │
╞════╪════════════════╪══════════════════════════╪════════════════╪═══════════════════════════════╪════════════════╪═════════════╡
│  0 │             93 │                       52 │            902 │                             0 │            902 │           1 │
├────┼────────────────┼──────────────────────────┼────────────────┼───────────────────────────────┼────────────────┼─────────────┤
│  1 │            295 │                       52 │           1803 │                             0 │           1803 │           1 │
├────┼────────────────┼──────────────────────────┼────────────────┼───────────────────────────────┼────────────────┼─────────────┤
│  2 │            493 │                       52 │           2805 │                             0 │           2805 │           1 │
╘════╧════════════════╧══════════════════════════╧════════════════╧═══════════════════════════════╧════════════════╧═════════════╛
2024-12-05 14:41:17,884 - INFO - Data from file 'TiL II st Zew B20 IRiL - 2019-11.parquet':
╒════╤════════════════╤══════════════════════════╤════════════════╤══════════════════════════╤════════════════╤══════════════════════════╕
│    │   Czas [ms].69 │   Zaw. zb. paliwa 1/3[-] │   Czas [ms].70 │   Zaw. zb. paliwa 2/3[-] │   Czas [ms].71 │   Zaw. zb. paliwa 3/3[-] │
╞════╪════════════════╪══════════════════════════╪════════════════╪══════════════════════════╪════════════════╪══════════════════════════╡
│  0 │            393 │                        0 │            393 │                        0 │            393 │                        0 │
├────┼────────────────┼──────────────────────────┼────────────────┼──────────────────────────┼────────────────┼──────────────────────────┤
│  1 │           1394 │                        0 │           1394 │                        0 │           1394 │                        0 │
├────┼────────────────┼──────────────────────────┼────────────────┼──────────────────────────┼────────────────┼──────────────────────────┤
│  2 │           1796 │                        0 │           1796 │                        0 │           1796 │                        0 │
╘════╧════════════════╧══════════════════════════╧════════════════╧══════════════════════════╧════════════════╧══════════════════════════╛
2024-12-05 14:41:17,887 - INFO - Data from file 'TiL II st Zew B20 IRiL - 2019-11.parquet':
╒════╤════════════════╤═════════════════════════════╤════════════════╤══════════════════════════════════╤════════════════╤═══════════════════════════════╕
│    │   Czas [ms].72 │   Zawór reg. chł. cieczy[-] │   Czas [ms].73 │   ZuĹĽycie paliwa bieĹĽÄ…ce[g/s] │   Czas [ms].74 │   Zużycie paliwa średnie[g/s] │
╞════╪════════════════╪═════════════════════════════╪════════════════╪══════════════════════════════════╪════════════════╪═══════════════════════════════╡
│  0 │            235 │                           1 │            124 │                                0 │            124 │                             0 │
├────┼────────────────┼─────────────────────────────┼────────────────┼──────────────────────────────────┼────────────────┼───────────────────────────────┤
│  1 │            489 │                           1 │            324 │                                0 │            324 │                             0 │
├────┼────────────────┼─────────────────────────────┼────────────────┼──────────────────────────────────┼────────────────┼───────────────────────────────┤
│  2 │           1236 │                           1 │            524 │                                0 │            526 │                             0 │
╘════╧════════════════╧═════════════════════════════╧════════════════╧══════════════════════════════════╧════════════════╧═══════════════════════════════╛
2024-12-05 14:41:17,888 - INFO - Data from file 'TiL II st Zew B20 IRiL - 2019-11.parquet':
╒════╤════════════════╕
│    │   Unnamed: 150 │
╞════╪════════════════╡
│  0 │            nan │
├────┼────────────────┤
│  1 │            nan │
├────┼────────────────┤
│  2 │            nan │
╘════╧════════════════╛
2024-12-05 14:41:17,889 - INFO - Data Frame Shape: (30120, 151)
2024-12-05 14:41:17,889 - INFO - Data files loaded successfully.
2024-12-05 14:41:17,890 - INFO - Step 2: Raw data loaded successfully.
2024-12-05 14:42:10,109 - INFO - Continue data pipeline. Step 3: Validating data...
2024-12-05 14:42:10,111 - INFO - DataValidator initialized.
2024-12-05 14:42:10,111 - INFO - Starting column validation for multiple DataFrames...
2024-12-05 14:42:10,111 - ERROR - DataFrame 0: Missing required columns: ['Ciś. pow. za turb.[Pa]']
2024-12-05 14:42:10,111 - INFO - DataFrame 0: All optional columns are present.
2024-12-05 14:42:10,112 - INFO - DataFrame 0: Filled missing required column 'Ciś. pow. za turb.[Pa]' with 0
2024-12-05 14:42:10,112 - INFO - DataFrame 0: Missing required columns filled with default values.
2024-12-05 14:42:10,112 - INFO - Starting schema validation for multiple DataFrames...
2024-12-05 14:42:10,113 - INFO - DataFrame 0 - Schema validation passed.
2024-12-05 14:42:10,113 - INFO - Checking for duplicate columns in multiple DataFrames...
2024-12-05 14:42:10,114 - INFO - DataFrame 0: No duplicate columns found.
2024-12-05 14:42:10,114 - INFO - Validation reports summarizing the results for each DataFrame
2024-12-05 14:42:10,114 - INFO - =================
Validation Report for DataFrame 0 (0 - main Data Frame; 1 - eco Data Frame):
DataFrame Shape: (30120, 152) (Rows, Columns) <--- !!!!!!!!!
Missing Required Columns: Ciś. pow. za turb.[Pa]
All Optional Columns: Present
2024-12-05 14:42:10,114 - INFO - Step 3: Data validated successfully.
2024-12-05 14:42:11,698 - INFO - Step 3: Data validated successfully.
2024-12-05 14:42:11,698 - INFO - Starting metadata extraction for multiple DataFrames...
2024-12-05 14:42:11,699 - INFO - Processing DataFrame 1/1 with shape (30120, 152)...
2024-12-05 14:42:11,777 - INFO - Metadata for DataFrame 0, names_of_files_under_procession:['TiL II st Zew B20 IRiL - 2019-11.parquet', '', 'B20'], None:
+-----+----------------------------------+----------------+------------------+--------------+-----------------+-------------+
|     | Column                           |   Total Values |   Non-Null Count |   Null Count |   Unique Values | Data Type   |
+=====+==================================+================+==================+==============+=================+=============+
|   0 | Czas [ms]                        |           3011 |             3011 |        27109 |            3011 | float64     |
+-----+----------------------------------+----------------+------------------+--------------+-----------------+-------------+
|   1 | CiĹ›. pow. przed turb.[Pa]       |           3011 |             3011 |        27109 |              31 | float64     |
+-----+----------------------------------+----------------+------------------+--------------+-----------------+-------------+
|   2 | Czas [ms].1                      |           3011 |             3011 |        27109 |            3011 | float64     |
+-----+----------------------------------+----------------+------------------+--------------+-----------------+-------------+
|   3 | CiĹ›. pow. za turb.[Pa]          |           3011 |             3011 |        27109 |              25 | float64     |
+-----+----------------------------------+----------------+------------------+--------------+-----------------+-------------+
|   4 | Czas [ms].2                      |           3012 |             3012 |        27108 |            3012 | float64     |
+-----+----------------------------------+----------------+------------------+--------------+-----------------+-------------+
|   5 | Ciśnienie atmosferyczne[hPa]     |           3012 |             3012 |        27108 |               1 | float64     |
+-----+----------------------------------+----------------+------------------+--------------+-----------------+-------------+
|   6 | Czas [ms].3                      |           3011 |             3011 |        27109 |            3011 | float64     |
+-----+----------------------------------+----------------+------------------+--------------+-----------------+-------------+
|   7 | Ciśnienie oleju[bar]             |           3011 |             3011 |        27109 |               3 | float64     |
+-----+----------------------------------+----------------+------------------+--------------+-----------------+-------------+
|   8 | Czas [ms].4                      |           3011 |             3011 |        27109 |            3011 | float64     |
+-----+----------------------------------+----------------+------------------+--------------+-----------------+-------------+
|   9 | Ciśnienie spalin[Pa]             |           3011 |             3011 |        27109 |             131 | float64     |
+-----+----------------------------------+----------------+------------------+--------------+-----------------+-------------+
|  10 | Czas [ms].5                      |            602 |              602 |        29518 |             602 | float64     |
+-----+----------------------------------+----------------+------------------+--------------+-----------------+-------------+
|  11 | Dopeł. zb. 1/3[-]                |            602 |              602 |        29518 |               1 | float64     |
+-----+----------------------------------+----------------+------------------+--------------+-----------------+-------------+
|  12 | Czas [ms].6                      |            602 |              602 |        29518 |             602 | float64     |
+-----+----------------------------------+----------------+------------------+--------------+-----------------+-------------+
|  13 | Dopeł. zb. 2/3[-]                |            602 |              602 |        29518 |               1 | float64     |
+-----+----------------------------------+----------------+------------------+--------------+-----------------+-------------+
|  14 | Czas [ms].7                      |            602 |              602 |        29518 |             602 | float64     |
+-----+----------------------------------+----------------+------------------+--------------+-----------------+-------------+
|  15 | Dopeł. zb. 3/3[-]                |            602 |              602 |        29518 |               1 | float64     |
+-----+----------------------------------+----------------+------------------+--------------+-----------------+-------------+
|  16 | Czas [ms].8                      |            614 |              614 |        29506 |             614 | float64     |
+-----+----------------------------------+----------------+------------------+--------------+-----------------+-------------+
|  17 | Dopełnianie[-]                   |            614 |              614 |        29506 |               2 | float64     |
+-----+----------------------------------+----------------+------------------+--------------+-----------------+-------------+
|  18 | Czas [ms].9                      |           1205 |             1205 |        28915 |            1205 | float64     |
+-----+----------------------------------+----------------+------------------+--------------+-----------------+-------------+
|  19 | DuĹĽy obieg[-]                   |           1205 |             1205 |        28915 |               1 | float64     |
+-----+----------------------------------+----------------+------------------+--------------+-----------------+-------------+
|  20 | Czas [ms].10                     |           3011 |             3011 |        27109 |            3011 | float64     |
+-----+----------------------------------+----------------+------------------+--------------+-----------------+-------------+
|  21 | ECT - wejście do sil.[°C]        |           3011 |             3011 |        27109 |             188 | float64     |
+-----+----------------------------------+----------------+------------------+--------------+-----------------+-------------+
|  22 | Czas [ms].11                     |           3011 |             3011 |        27109 |            3011 | float64     |
+-----+----------------------------------+----------------+------------------+--------------+-----------------+-------------+
|  23 | ECT - wyjście z sil.[°C]         |           3011 |             3011 |        27109 |             105 | float64     |
+-----+----------------------------------+----------------+------------------+--------------+-----------------+-------------+
|  24 | Czas [ms].12                     |           3011 |             3011 |        27109 |            3011 | float64     |
+-----+----------------------------------+----------------+------------------+--------------+-----------------+-------------+
|  25 | Główny obieg - przepływ[m³/h]    |           3011 |             3011 |        27109 |            1161 | float64     |
+-----+----------------------------------+----------------+------------------+--------------+-----------------+-------------+
|  26 | Czas [ms].13                     |           3012 |             3012 |        27108 |            3012 | float64     |
+-----+----------------------------------+----------------+------------------+--------------+-----------------+-------------+
|  27 | Główny obieg - temp.[°C]         |           3012 |             3012 |        27108 |              14 | float64     |
+-----+----------------------------------+----------------+------------------+--------------+-----------------+-------------+
|  28 | Czas [ms].14                     |           2008 |             2008 |        28112 |            2008 | float64     |
+-----+----------------------------------+----------------+------------------+--------------+-----------------+-------------+
|  29 | GPReg_Setpoint0[°C]              |           2008 |             2008 |        28112 |               1 | float64     |
+-----+----------------------------------+----------------+------------------+--------------+-----------------+-------------+
|  30 | Czas [ms].15                     |           2008 |             2008 |        28112 |            2008 | float64     |
+-----+----------------------------------+----------------+------------------+--------------+-----------------+-------------+
|  31 | GPReg_Setpoint1[°C]              |           2008 |             2008 |        28112 |               1 | float64     |
+-----+----------------------------------+----------------+------------------+--------------+-----------------+-------------+
|  32 | Czas [ms].16                     |           2008 |             2008 |        28112 |            2008 | float64     |
+-----+----------------------------------+----------------+------------------+--------------+-----------------+-------------+
|  33 | GPReg_Setpoint2[°C]              |           2008 |             2008 |        28112 |               1 | float64     |
+-----+----------------------------------+----------------+------------------+--------------+-----------------+-------------+
|  34 | Czas [ms].17                     |           3012 |             3012 |        27108 |            3012 | float64     |
+-----+----------------------------------+----------------+------------------+--------------+-----------------+-------------+
|  35 | Hamulec, lewa komora, temp.[°C]  |           3012 |             3012 |        27108 |              20 | float64     |
+-----+----------------------------------+----------------+------------------+--------------+-----------------+-------------+
|  36 | Czas [ms].18                     |           3012 |             3012 |        27108 |            3012 | float64     |
+-----+----------------------------------+----------------+------------------+--------------+-----------------+-------------+
|  37 | Hamulec, prawa komora, temp.[°C] |           3012 |             3012 |        27108 |              23 | float64     |
+-----+----------------------------------+----------------+------------------+--------------+-----------------+-------------+
|  38 | Czas [ms].19                     |           3012 |             3012 |        27108 |            3012 | float64     |
+-----+----------------------------------+----------------+------------------+--------------+-----------------+-------------+
|  39 | Hamulec, przepływ wody[m³/h]     |           3012 |             3012 |        27108 |               5 | float64     |
+-----+----------------------------------+----------------+------------------+--------------+-----------------+-------------+
|  40 | Czas [ms].20                     |           2410 |             2410 |        27710 |            2410 | float64     |
+-----+----------------------------------+----------------+------------------+--------------+-----------------+-------------+
|  41 | Ilość paliwa w zbiorniku[g]      |           2410 |             2410 |        27710 |            2399 | float64     |
+-----+----------------------------------+----------------+------------------+--------------+-----------------+-------------+
|  42 | Czas [ms].21                     |           3012 |             3012 |        27108 |            3012 | float64     |
+-----+----------------------------------+----------------+------------------+--------------+-----------------+-------------+
|  43 | Kond. - przepływ wody[l/min]     |           3012 |             3012 |        27108 |              59 | float64     |
+-----+----------------------------------+----------------+------------------+--------------+-----------------+-------------+
|  44 | Czas [ms].22                     |            603 |              603 |        29517 |             603 | float64     |
+-----+----------------------------------+----------------+------------------+--------------+-----------------+-------------+
|  45 | Kontrolka zb. 1/3 [-]            |            603 |              603 |        29517 |               1 | float64     |
+-----+----------------------------------+----------------+------------------+--------------+-----------------+-------------+
|  46 | Czas [ms].23                     |            603 |              603 |        29517 |             603 | float64     |
+-----+----------------------------------+----------------+------------------+--------------+-----------------+-------------+
|  47 | Kontrolka zb. 2/3 [-]            |            603 |              603 |        29517 |               1 | float64     |
+-----+----------------------------------+----------------+------------------+--------------+-----------------+-------------+
|  48 | Czas [ms].24                     |            603 |              603 |        29517 |             603 | float64     |
+-----+----------------------------------+----------------+------------------+--------------+-----------------+-------------+
|  49 | Kontrolka zb. 3/3 [-]            |            603 |              603 |        29517 |               1 | float64     |
+-----+----------------------------------+----------------+------------------+--------------+-----------------+-------------+
|  50 | Czas [ms].25                     |           3011 |             3011 |        27109 |            3011 | float64     |
+-----+----------------------------------+----------------+------------------+--------------+-----------------+-------------+
|  51 | MAF[kg/h]                        |           3011 |             3011 |        27109 |            1342 | float64     |
+-----+----------------------------------+----------------+------------------+--------------+-----------------+-------------+
|  52 | Czas [ms].26                     |           3012 |             3012 |        27108 |            3012 | float64     |
+-----+----------------------------------+----------------+------------------+--------------+-----------------+-------------+
|  53 | Moc[kW]                          |           3012 |             3012 |        27108 |             341 | float64     |
+-----+----------------------------------+----------------+------------------+--------------+-----------------+-------------+
|  54 | Czas [ms].27                     |          30120 |            30120 |            0 |           30120 | int64       |
+-----+----------------------------------+----------------+------------------+--------------+-----------------+-------------+
|  55 | Moment obrotowy[Nm]              |          30120 |            30120 |            0 |            2363 | float64     |
+-----+----------------------------------+----------------+------------------+--------------+-----------------+-------------+
|  56 | Czas [ms].28                     |              3 |                3 |        30117 |               3 | float64     |
+-----+----------------------------------+----------------+------------------+--------------+-----------------+-------------+
|  57 | Moment Tryb2[Nm]                 |              3 |                3 |        30117 |               1 | float64     |
+-----+----------------------------------+----------------+------------------+--------------+-----------------+-------------+
|  58 | Czas [ms].29                     |            359 |              359 |        29761 |             359 | float64     |
+-----+----------------------------------+----------------+------------------+--------------+-----------------+-------------+
|  59 | Moment Tryb3[Nm]                 |            359 |              359 |        29761 |               8 | float64     |
+-----+----------------------------------+----------------+------------------+--------------+-----------------+-------------+
|  60 | Czas [ms].30                     |          30120 |            30120 |            0 |           30120 | int64       |
+-----+----------------------------------+----------------+------------------+--------------+-----------------+-------------+
|  61 | Obroty[obr/min]                  |          30120 |            30120 |            0 |            1570 | int64       |
+-----+----------------------------------+----------------+------------------+--------------+-----------------+-------------+
|  62 | Czas [ms].31                     |           3011 |             3011 |        27109 |            3011 | float64     |
+-----+----------------------------------+----------------+------------------+--------------+-----------------+-------------+
|  63 | Poz. paliwa zb. 1/3[mm]          |           3011 |             3011 |        27109 |               1 | float64     |
+-----+----------------------------------+----------------+------------------+--------------+-----------------+-------------+
|  64 | Czas [ms].32                     |           3011 |             3011 |        27109 |            3011 | float64     |
+-----+----------------------------------+----------------+------------------+--------------+-----------------+-------------+
|  65 | Poz. paliwa zb. 2/3[mm]          |           3011 |             3011 |        27109 |              20 | float64     |
+-----+----------------------------------+----------------+------------------+--------------+-----------------+-------------+
|  66 | Czas [ms].33                     |           3011 |             3011 |        27109 |            3011 | float64     |
+-----+----------------------------------+----------------+------------------+--------------+-----------------+-------------+
|  67 | Poz. paliwa zb. 3/3[mm]          |           3011 |             3011 |        27109 |               2 | float64     |
+-----+----------------------------------+----------------+------------------+--------------+-----------------+-------------+
|  68 | Czas [ms].34                     |            602 |              602 |        29518 |             602 | float64     |
+-----+----------------------------------+----------------+------------------+--------------+-----------------+-------------+
|  69 | PrzekaĹş. pompy paliwa[-]        |            602 |              602 |        29518 |               1 | float64     |
+-----+----------------------------------+----------------+------------------+--------------+-----------------+-------------+
|  70 | Czas [ms].35                     |            604 |              604 |        29516 |             604 | float64     |
+-----+----------------------------------+----------------+------------------+--------------+-----------------+-------------+
|  71 | Przekaźnik zapłonu[-]            |            604 |              604 |        29516 |               2 | float64     |
+-----+----------------------------------+----------------+------------------+--------------+-----------------+-------------+
|  72 | Czas [ms].36                     |           2410 |             2410 |        27710 |            2410 | float64     |
+-----+----------------------------------+----------------+------------------+--------------+-----------------+-------------+
|  73 | Przepustnica[%]                  |           2410 |             2410 |        27710 |             101 | float64     |
+-----+----------------------------------+----------------+------------------+--------------+-----------------+-------------+
|  74 | Czas [ms].37                     |            283 |              283 |        29837 |             283 | float64     |
+-----+----------------------------------+----------------+------------------+--------------+-----------------+-------------+
|  75 | Przepustnica Tryb0[%]            |            283 |              283 |        29837 |               3 | float64     |
+-----+----------------------------------+----------------+------------------+--------------+-----------------+-------------+
|  76 | Czas [ms].38                     |           1806 |             1806 |        28314 |            1806 | float64     |
+-----+----------------------------------+----------------+------------------+--------------+-----------------+-------------+
|  77 | Przepustnica Tryb1[%]            |           1806 |             1806 |        28314 |              14 | float64     |
+-----+----------------------------------+----------------+------------------+--------------+-----------------+-------------+
|  78 | Czas [ms].39                     |              3 |                3 |        30117 |               3 | float64     |
+-----+----------------------------------+----------------+------------------+--------------+-----------------+-------------+
|  79 | Przepustnica Tryb2[%]            |              3 |                3 |        30117 |               1 | float64     |
+-----+----------------------------------+----------------+------------------+--------------+-----------------+-------------+
|  80 | Czas [ms].40                     |           3012 |             3012 |        27108 |            3012 | float64     |
+-----+----------------------------------+----------------+------------------+--------------+-----------------+-------------+
|  81 | Przyklad[bar]                    |           3012 |             3012 |        27108 |               1 | float64     |
+-----+----------------------------------+----------------+------------------+--------------+-----------------+-------------+
|  82 | Czas [ms].41                     |            283 |              283 |        29837 |             283 | float64     |
+-----+----------------------------------+----------------+------------------+--------------+-----------------+-------------+
|  83 | PWM Tryb0[%]                     |            283 |              283 |        29837 |               3 | float64     |
+-----+----------------------------------+----------------+------------------+--------------+-----------------+-------------+
|  84 | Czas [ms].42                     |            605 |              605 |        29515 |             605 | float64     |
+-----+----------------------------------+----------------+------------------+--------------+-----------------+-------------+
|  85 | Rozrusznik[-]                    |            605 |              605 |        29515 |               2 | float64     |
+-----+----------------------------------+----------------+------------------+--------------+-----------------+-------------+
|  86 | Czas [ms].43                     |           1806 |             1806 |        28314 |            1806 | float64     |
+-----+----------------------------------+----------------+------------------+--------------+-----------------+-------------+
|  87 | RPM Tryb1[obr/min]               |           1806 |             1806 |        28314 |              14 | float64     |
+-----+----------------------------------+----------------+------------------+--------------+-----------------+-------------+
|  88 | Czas [ms].44                     |            359 |              359 |        29761 |             359 | float64     |
+-----+----------------------------------+----------------+------------------+--------------+-----------------+-------------+
|  89 | RPM Tryb3[obr/min]               |            359 |              359 |        29761 |               4 | float64     |
+-----+----------------------------------+----------------+------------------+--------------+-----------------+-------------+
|  90 | Czas [ms].45                     |            602 |              602 |        29518 |             602 | float64     |
+-----+----------------------------------+----------------+------------------+--------------+-----------------+-------------+
|  91 | Starter[-]                       |            602 |              602 |        29518 |               2 | float64     |
+-----+----------------------------------+----------------+------------------+--------------+-----------------+-------------+
|  92 | Czas [ms].46                     |           1205 |             1205 |        28915 |            1205 | float64     |
+-----+----------------------------------+----------------+------------------+--------------+-----------------+-------------+
|  93 | Stycz. chłodni went.[-]          |           1205 |             1205 |        28915 |               1 | float64     |
+-----+----------------------------------+----------------+------------------+--------------+-----------------+-------------+
|  94 | Czas [ms].47                     |           3011 |             3011 |        27109 |            3011 | float64     |
+-----+----------------------------------+----------------+------------------+--------------+-----------------+-------------+
|  95 | Temp. oleju przed wym.[°C]       |           3011 |             3011 |        27109 |              13 | float64     |
+-----+----------------------------------+----------------+------------------+--------------+-----------------+-------------+
|  96 | Czas [ms].48                     |           3011 |             3011 |        27109 |            3011 | float64     |
+-----+----------------------------------+----------------+------------------+--------------+-----------------+-------------+
|  97 | Temp. oleju w misce[°C]          |           3011 |             3011 |        27109 |              27 | float64     |
+-----+----------------------------------+----------------+------------------+--------------+-----------------+-------------+
|  98 | Czas [ms].49                     |           3011 |             3011 |        27109 |            3011 | float64     |
+-----+----------------------------------+----------------+------------------+--------------+-----------------+-------------+
|  99 | Temp. oleju za wym.[°C]          |           3011 |             3011 |        27109 |              10 | float64     |
+-----+----------------------------------+----------------+------------------+--------------+-----------------+-------------+
| 100 | Czas [ms].50                     |           3012 |             3012 |        27108 |            3012 | float64     |
+-----+----------------------------------+----------------+------------------+--------------+-----------------+-------------+
| 101 | Temp. otoczenia[°C]              |           3012 |             3012 |        27108 |              13 | float64     |
+-----+----------------------------------+----------------+------------------+--------------+-----------------+-------------+
| 102 | Czas [ms].51                     |           3012 |             3012 |        27108 |            3012 | float64     |
+-----+----------------------------------+----------------+------------------+--------------+-----------------+-------------+
| 103 | Temp. pal. na wejściu sil.[°C]   |           3012 |             3012 |        27108 |              34 | float64     |
+-----+----------------------------------+----------------+------------------+--------------+-----------------+-------------+
| 104 | Czas [ms].52                     |           3012 |             3012 |        27108 |            3012 | float64     |
+-----+----------------------------------+----------------+------------------+--------------+-----------------+-------------+
| 105 | Temp. pal. na wyjściu sil.[°C]   |           3012 |             3012 |        27108 |             216 | float64     |
+-----+----------------------------------+----------------+------------------+--------------+-----------------+-------------+
| 106 | Czas [ms].53                     |           3012 |             3012 |        27108 |            3012 | float64     |
+-----+----------------------------------+----------------+------------------+--------------+-----------------+-------------+
| 107 | Temp. paliwa w zb. 1/3[°C]       |           3012 |             3012 |        27108 |               9 | float64     |
+-----+----------------------------------+----------------+------------------+--------------+-----------------+-------------+
| 108 | Czas [ms].54                     |           3012 |             3012 |        27108 |            3012 | float64     |
+-----+----------------------------------+----------------+------------------+--------------+-----------------+-------------+
| 109 | Temp. paliwa w zb. 2/3[°C]       |           3012 |             3012 |        27108 |               5 | float64     |
+-----+----------------------------------+----------------+------------------+--------------+-----------------+-------------+
| 110 | Czas [ms].55                     |           3012 |             3012 |        27108 |            3012 | float64     |
+-----+----------------------------------+----------------+------------------+--------------+-----------------+-------------+
| 111 | Temp. paliwa w zb. 3/3[°C]       |           3012 |             3012 |        27108 |               7 | float64     |
+-----+----------------------------------+----------------+------------------+--------------+-----------------+-------------+
| 112 | Czas [ms].56                     |           3011 |             3011 |        27109 |            3011 | float64     |
+-----+----------------------------------+----------------+------------------+--------------+-----------------+-------------+
| 113 | Temp. powietrza przed turb.[°C]  |           3011 |             3011 |        27109 |             155 | float64     |
+-----+----------------------------------+----------------+------------------+--------------+-----------------+-------------+
| 114 | Czas [ms].57                     |           3011 |             3011 |        27109 |            3011 | float64     |
+-----+----------------------------------+----------------+------------------+--------------+-----------------+-------------+
| 115 | Temp. powietrza za turb.[°C]     |           3011 |             3011 |        27109 |              56 | float64     |
+-----+----------------------------------+----------------+------------------+--------------+-----------------+-------------+
| 116 | Czas [ms].58                     |           3012 |             3012 |        27108 |            3012 | float64     |
+-----+----------------------------------+----------------+------------------+--------------+-----------------+-------------+
| 117 | Temp. spalin 1/6[°C]             |           3012 |             3012 |        27108 |             377 | float64     |
+-----+----------------------------------+----------------+------------------+--------------+-----------------+-------------+
| 118 | Czas [ms].59                     |           3012 |             3012 |        27108 |            3012 | float64     |
+-----+----------------------------------+----------------+------------------+--------------+-----------------+-------------+
| 119 | Temp. spalin 2/6[°C]             |           3012 |             3012 |        27108 |             394 | float64     |
+-----+----------------------------------+----------------+------------------+--------------+-----------------+-------------+
| 120 | Czas [ms].60                     |           3012 |             3012 |        27108 |            3012 | float64     |
+-----+----------------------------------+----------------+------------------+--------------+-----------------+-------------+
| 121 | Temp. spalin 3/6[°C]             |           3012 |             3012 |        27108 |             397 | float64     |
+-----+----------------------------------+----------------+------------------+--------------+-----------------+-------------+
| 122 | Czas [ms].61                     |           3012 |             3012 |        27108 |            3012 | float64     |
+-----+----------------------------------+----------------+------------------+--------------+-----------------+-------------+
| 123 | Temp. spalin 4/6[°C]             |           3012 |             3012 |        27108 |             394 | float64     |
+-----+----------------------------------+----------------+------------------+--------------+-----------------+-------------+
| 124 | Czas [ms].62                     |           3011 |             3011 |        27109 |            3011 | float64     |
+-----+----------------------------------+----------------+------------------+--------------+-----------------+-------------+
| 125 | Temp. spalin za turbiną 1/2[°C]  |           3011 |             3011 |        27109 |             388 | float64     |
+-----+----------------------------------+----------------+------------------+--------------+-----------------+-------------+
| 126 | Czas [ms].63                     |           3011 |             3011 |        27109 |            3011 | float64     |
+-----+----------------------------------+----------------+------------------+--------------+-----------------+-------------+
| 127 | Temp. spalin za turbiną 2/2[°C]  |           3011 |             3011 |        27109 |             377 | float64     |
+-----+----------------------------------+----------------+------------------+--------------+-----------------+-------------+
| 128 | Czas [ms].64                     |           3011 |             3011 |        27109 |            3011 | float64     |
+-----+----------------------------------+----------------+------------------+--------------+-----------------+-------------+
| 129 | Temp.pal.na wyjściu[°C]          |           3011 |             3011 |        27109 |              17 | float64     |
+-----+----------------------------------+----------------+------------------+--------------+-----------------+-------------+
| 130 | Czas [ms].65                     |           3012 |             3012 |        27108 |            3012 | float64     |
+-----+----------------------------------+----------------+------------------+--------------+-----------------+-------------+
| 131 | Temp.paliwa żądana[°C]           |           3012 |             3012 |        27108 |               1 | float64     |
+-----+----------------------------------+----------------+------------------+--------------+-----------------+-------------+
| 132 | Czas [ms].66                     |           3012 |             3012 |        27108 |            3012 | float64     |
+-----+----------------------------------+----------------+------------------+--------------+-----------------+-------------+
| 133 | Wilgotność względna[%]           |           3012 |             3012 |        27108 |               3 | float64     |
+-----+----------------------------------+----------------+------------------+--------------+-----------------+-------------+
| 134 | Czas [ms].67                     |            602 |              602 |        29518 |             602 | float64     |
+-----+----------------------------------+----------------+------------------+--------------+-----------------+-------------+
| 135 | Wyłącznik bezpieczeństwa[-]      |            602 |              602 |        29518 |               1 | float64     |
+-----+----------------------------------+----------------+------------------+--------------+-----------------+-------------+
| 136 | Czas [ms].68                     |            602 |              602 |        29518 |             602 | float64     |
+-----+----------------------------------+----------------+------------------+--------------+-----------------+-------------+
| 137 | Zapłon[-]                        |            602 |              602 |        29518 |               1 | float64     |
+-----+----------------------------------+----------------+------------------+--------------+-----------------+-------------+
| 138 | Czas [ms].69                     |            603 |              603 |        29517 |             603 | float64     |
+-----+----------------------------------+----------------+------------------+--------------+-----------------+-------------+
| 139 | Zaw. zb. paliwa 1/3[-]           |            603 |              603 |        29517 |               1 | float64     |
+-----+----------------------------------+----------------+------------------+--------------+-----------------+-------------+
| 140 | Czas [ms].70                     |            603 |              603 |        29517 |             603 | float64     |
+-----+----------------------------------+----------------+------------------+--------------+-----------------+-------------+
| 141 | Zaw. zb. paliwa 2/3[-]           |            603 |              603 |        29517 |               1 | float64     |
+-----+----------------------------------+----------------+------------------+--------------+-----------------+-------------+
| 142 | Czas [ms].71                     |            603 |              603 |        29517 |             603 | float64     |
+-----+----------------------------------+----------------+------------------+--------------+-----------------+-------------+
| 143 | Zaw. zb. paliwa 3/3[-]           |            603 |              603 |        29517 |               1 | float64     |
+-----+----------------------------------+----------------+------------------+--------------+-----------------+-------------+
| 144 | Czas [ms].72                     |           1205 |             1205 |        28915 |            1205 | float64     |
+-----+----------------------------------+----------------+------------------+--------------+-----------------+-------------+
| 145 | Zawór reg. chł. cieczy[-]        |           1205 |             1205 |        28915 |               1 | float64     |
+-----+----------------------------------+----------------+------------------+--------------+-----------------+-------------+
| 146 | Czas [ms].73                     |           3012 |             3012 |        27108 |            3012 | float64     |
+-----+----------------------------------+----------------+------------------+--------------+-----------------+-------------+
| 147 | ZuĹĽycie paliwa bieĹĽÄ…ce[g/s]   |           3012 |             3012 |        27108 |             251 | float64     |
+-----+----------------------------------+----------------+------------------+--------------+-----------------+-------------+
| 148 | Czas [ms].74                     |           3012 |             3012 |        27108 |            3012 | float64     |
+-----+----------------------------------+----------------+------------------+--------------+-----------------+-------------+
| 149 | Zużycie paliwa średnie[g/s]      |           3012 |             3012 |        27108 |            2012 | float64     |
+-----+----------------------------------+----------------+------------------+--------------+-----------------+-------------+
| 150 | Unnamed: 150                     |              0 |                0 |        30120 |               0 | float64     |
+-----+----------------------------------+----------------+------------------+--------------+-----------------+-------------+
| 151 | Ciś. pow. za turb.[Pa]           |          30120 |            30120 |            0 |               1 | int64       |
+-----+----------------------------------+----------------+------------------+--------------+-----------------+-------------+
2024-12-05 14:42:11,778 - INFO - Metadata extraction completed for all DataFrames.
2024-12-05 14:42:16,502 - INFO - Step 4: Metadata extracted successfully.
2024-12-05 14:42:16,502 - INFO - Continue data pipeline. Step 5: Filtering and preprocessing data...
2024-12-05 14:42:16,503 - INFO - !!!!!!!!Column pairs: [['Unnamed: 150', 'Ciś. pow. za turb.[Pa]'], ['Czas [ms].2', 'Ciśnienie atmosferyczne[hPa]'], ['Czas [ms].11', 'ECT - wyjście z sil.[°C]'], ['Czas [ms].25', 'MAF[kg/h]'], ['Czas [ms].26', 'Moc[kW]'], ['Czas [ms].27', 'Moment obrotowy[Nm]'], ['Czas [ms].30', 'Obroty[obr/min]'], ['Czas [ms].48', 'Temp. oleju w misce[°C]'], ['Czas [ms].50', 'Temp. otoczenia[°C]'], ['Czas [ms].52', 'Temp. pal. na wyjściu sil.[°C]'], ['Czas [ms].57', 'Temp. powietrza za turb.[°C]'], ['Czas [ms].58', 'Temp. spalin 1/6[°C]'], ['Czas [ms].59', 'Temp. spalin 2/6[°C]'], ['Czas [ms].60', 'Temp. spalin 3/6[°C]'], ['Czas [ms].61', 'Temp. spalin 4/6[°C]'], ['Czas [ms].66', 'Wilgotność względna[%]'], ['Czas [ms].74', 'Zużycie paliwa średnie[g/s]']]
2024-12-05 14:42:16,507 - INFO - Filtered DataFrame to include 34 columns.
2024-12-05 14:42:16,561 - INFO - Time columns synchronized successfully.
2024-12-05 14:42:16,562 - INFO - Filtered DataFrame shape. after synchronize_time(): (0, 18)
2024-12-05 14:42:16,563 - INFO - DataCleaner initialized.
2024-12-05 14:42:16,563 - INFO - Starting data cleaning process.
2024-12-05 14:42:16,568 - INFO - Data cleaning process completed.
2024-12-05 14:42:16,568 - INFO - Starting identify_stable_rotation with threshold=20 and window='8000ms'
2024-12-05 14:42:16,569 - INFO - DataFrame copied for processing.
2024-12-05 14:42:16,569 - INFO - 'Time' column is already in datetime format.
2024-12-05 14:42:16,569 - INFO - 'Time' column set as index.
2024-12-05 14:42:16,569 - INFO - Computing rolling max and min of 'Obroty[obr/min]'.
2024-12-05 14:42:16,570 - INFO - Identified 0 points where rotation difference ≤ threshold.
2024-12-05 14:42:16,571 - INFO - Labeled stable regions into 0 groups.
2024-12-05 14:42:16,573 - INFO - Dropped temporary 'Stable' and 'Group' columns.
2024-12-05 14:42:16,573 - INFO - Identified 0 stable rotation levels.
2024-12-05 14:42:16,573 - INFO - Stable rotation levels extracted. Average values: []
2024-12-05 14:42:16,574 - WARNING - No stable periods identified by _identify_stable_rotation.
2024-12-05 14:42:16,575 - INFO - Starting metadata extraction for multiple DataFrames...
2024-12-05 14:42:16,575 - INFO - Processing DataFrame 1/1 with shape (0, 0)...
2024-12-05 14:42:16,576 - INFO - Metadata for DataFrame 0, names_of_files_under_procession:['TiL II st Zew B20 IRiL - 2019-11.parquet', '', 'B20'], DataFrame after filtering and cleaning::
+----------+----------------+------------------+--------------+-----------------+-------------+
| Column   | Total Values   | Non-Null Count   | Null Count   | Unique Values   | Data Type   |
+==========+================+==================+==============+=================+=============+
+----------+----------------+------------------+--------------+-----------------+-------------+
2024-12-05 14:42:16,576 - INFO - Metadata extraction completed for all DataFrames.
2024-12-05 14:42:17,448 - INFO - Step 5: Data filtered and preprocessed successfully.
2024-12-05 14:42:17,448 - INFO - Step 6: Continue data pipeline. Saving cleaned data...
2024-12-05 14:42:17,451 - INFO - Filtered and Cleaned data saved to /home/viktar-taustyka/GitHubRepos/DT-Engine/data/processed/cleaned_data_TiL II st Zew B20 IRiL - 2019-11.parquet
2024-12-05 14:42:17,452 - INFO - Filtered and Cleaned data saved to /home/viktar-taustyka/GitHubRepos/DT-Engine/data/processed/filtered_data.parquet
2024-12-05 14:42:17,452 - INFO - Step 6: Save cleaned data completed successfully.
2024-12-05 14:42:18,386 - INFO - Step 6: Filtered and Cleaned data saved successfully.
2024-12-05 14:42:18,386 - ERROR - Missing columns for atmospheric power correction: ['Zużycie paliwa średnie[g/s]', 'Obroty[obr/min]', 'Ciś. pow. za turb.[Pa]', 'Ciśnienie atmosferyczne[hPa]', 'Temp. otoczenia[°C]', 'Moc[kW]', 'Moment obrotowy[Nm]']
2024-12-05 14:42:18,386 - ERROR - Missing temperature columns for mean calculation: ['Temp. spalin 1/6[°C]', 'Temp. spalin 2/6[°C]', 'Temp. spalin 3/6[°C]', 'Temp. spalin 4/6[°C]']
2024-12-05 14:42:18,386 - INFO - Continue data pipeline. Step 8: Visualizing data...
2024-12-05 14:42:18,489 - ERROR - An error occurred: Could not interpret value `Obroty[obr/min]` for `y`. An entry with this name does not appear in `data`.
