2024-12-05 15:31:08,871 - INFO - Starting data pipeline...
2024-12-05 15:31:08,871 - INFO - Continue data pipeline. Step 2: Loading raw data...
2024-12-05 15:31:08,872 - INFO - DataLoader initialized with raw data path: /home/viktar-taustyka/GitHubRepos/DT-Engine/data/raw/parquet_files
2024-12-05 15:31:08,873 - INFO - Loading main file: TiL II st Zew B20 IRiL - 2019-11.parquet
2024-12-05 15:31:08,873 - INFO - Loading data from file: /home/viktar-taustyka/GitHubRepos/DT-Engine/data/raw/parquet_files/TiL II st Zew B20 IRiL - 2019-11.parquet
2024-12-05 15:31:08,956 - INFO - Data loaded successfully from file: /home/viktar-taustyka/GitHubRepos/DT-Engine/data/raw/parquet_files/TiL II st Zew B20 IRiL - 2019-11.parquet
2024-12-05 15:31:08,956 - INFO - Data Frame Columns: ['Czas [ms]', 'Ciś. pow. przed turb.[Pa]', 'Czas [ms].1', 'Ciś. pow. za turb.[Pa]', 'Czas [ms].2', 'Ciśnienie atmosferyczne[hPa]', 'Czas [ms].3', 'Ciśnienie oleju[bar]', 'Czas [ms].4', 'Ciśnienie spalin[Pa]', 'Czas [ms].5', 'Dopeł. zb. 1/3[-]', 'Czas [ms].6', 'Dopeł. zb. 2/3[-]', 'Czas [ms].7', 'Dopeł. zb. 3/3[-]', 'Czas [ms].8', 'Dopełnianie[-]', 'Czas [ms].9', 'Duży obieg[-]', 'Czas [ms].10', 'ECT - wejście do sil.[°C]', 'Czas [ms].11', 'ECT - wyjście z sil.[°C]', 'Czas [ms].12', 'Główny obieg - przepływ[m³/h]', 'Czas [ms].13', 'Główny obieg - temp.[°C]', 'Czas [ms].14', 'GPReg_Setpoint0[°C]', 'Czas [ms].15', 'GPReg_Setpoint1[°C]', 'Czas [ms].16', 'GPReg_Setpoint2[°C]', 'Czas [ms].17', 'Hamulec, lewa komora, temp.[°C]', 'Czas [ms].18', 'Hamulec, prawa komora, temp.[°C]', 'Czas [ms].19', 'Hamulec, przepływ wody[m³/h]', 'Czas [ms].20', 'Ilość paliwa w zbiorniku[g]', 'Czas [ms].21', 'Kond. - przepływ wody[l/min]', 'Czas [ms].22', 'Kontrolka zb. 1/3 [-]', 'Czas [ms].23', 'Kontrolka zb. 2/3 [-]', 'Czas [ms].24', 'Kontrolka zb. 3/3 [-]', 'Czas [ms].25', 'MAF[kg/h]', 'Czas [ms].26', 'Moc[kW]', 'Czas [ms].27', 'Moment obrotowy[Nm]', 'Czas [ms].28', 'Moment Tryb2[Nm]', 'Czas [ms].29', 'Moment Tryb3[Nm]', 'Czas [ms].30', 'Obroty[obr/min]', 'Czas [ms].31', 'Poz. paliwa zb. 1/3[mm]', 'Czas [ms].32', 'Poz. paliwa zb. 2/3[mm]', 'Czas [ms].33', 'Poz. paliwa zb. 3/3[mm]', 'Czas [ms].34', 'Przekaź. pompy paliwa[-]', 'Czas [ms].35', 'Przekaźnik zapłonu[-]', 'Czas [ms].36', 'Przepustnica[%]', 'Czas [ms].37', 'Przepustnica Tryb0[%]', 'Czas [ms].38', 'Przepustnica Tryb1[%]', 'Czas [ms].39', 'Przepustnica Tryb2[%]', 'Czas [ms].40', 'Przyklad[bar]', 'Czas [ms].41', 'PWM Tryb0[%]', 'Czas [ms].42', 'Rozrusznik[-]', 'Czas [ms].43', 'RPM Tryb1[obr/min]', 'Czas [ms].44', 'RPM Tryb3[obr/min]', 'Czas [ms].45', 'Starter[-]', 'Czas [ms].46', 'Stycz. chłodni went.[-]', 'Czas [ms].47', 'Temp. oleju przed wym.[°C]', 'Czas [ms].48', 'Temp. oleju w misce[°C]', 'Czas [ms].49', 'Temp. oleju za wym.[°C]', 'Czas [ms].50', 'Temp. otoczenia[°C]', 'Czas [ms].51', 'Temp. pal. na wejściu sil.[°C]', 'Czas [ms].52', 'Temp. pal. na wyjściu sil.[°C]', 'Czas [ms].53', 'Temp. paliwa w zb. 1/3[°C]', 'Czas [ms].54', 'Temp. paliwa w zb. 2/3[°C]', 'Czas [ms].55', 'Temp. paliwa w zb. 3/3[°C]', 'Czas [ms].56', 'Temp. powietrza przed turb.[°C]', 'Czas [ms].57', 'Temp. powietrza za turb.[°C]', 'Czas [ms].58', 'Temp. spalin 1/6[°C]', 'Czas [ms].59', 'Temp. spalin 2/6[°C]', 'Czas [ms].60', 'Temp. spalin 3/6[°C]', 'Czas [ms].61', 'Temp. spalin 4/6[°C]', 'Czas [ms].62', 'Temp. spalin za turbiną 1/2[°C]', 'Czas [ms].63', 'Temp. spalin za turbiną 2/2[°C]', 'Czas [ms].64', 'Temp.pal.na wyjściu[°C]', 'Czas [ms].65', 'Temp.paliwa żądana[°C]', 'Czas [ms].66', 'Wilgotność względna[%]', 'Czas [ms].67', 'Wyłącznik bezpieczeństwa[-]', 'Czas [ms].68', 'Zapłon[-]', 'Czas [ms].69', 'Zaw. zb. paliwa 1/3[-]', 'Czas [ms].70', 'Zaw. zb. paliwa 2/3[-]', 'Czas [ms].71', 'Zaw. zb. paliwa 3/3[-]', 'Czas [ms].72', 'Zawór reg. chł. cieczy[-]', 'Czas [ms].73', 'Zużycie paliwa bieżące[g/s]', 'Czas [ms].74', 'Zużycie paliwa średnie[g/s]', 'Unnamed: 150']
2024-12-05 15:31:08,959 - INFO - Data from file 'TiL II st Zew B20 IRiL - 2019-11.parquet':
╒════╤═════════════╤═════════════════════════════╤═══════════════╤══════════════════════════╤═══════════════╤════════════════════════════════╕
│    │   Czas [ms] │   Ciś. pow. przed turb.[Pa] │   Czas [ms].1 │   Ciś. pow. za turb.[Pa] │   Czas [ms].2 │   Ciśnienie atmosferyczne[hPa] │
╞════╪═════════════╪═════════════════════════════╪═══════════════╪══════════════════════════╪═══════════════╪════════════════════════════════╡
│  0 │         139 │                         -66 │           139 │                      -68 │            92 │                            979 │
├────┼─────────────┼─────────────────────────────┼───────────────┼──────────────────────────┼───────────────┼────────────────────────────────┤
│  1 │         340 │                         -66 │           339 │                      -68 │           294 │                            979 │
├────┼─────────────┼─────────────────────────────┼───────────────┼──────────────────────────┼───────────────┼────────────────────────────────┤
│  2 │         540 │                         -20 │           540 │                     -105 │           493 │                            979 │
╘════╧═════════════╧═════════════════════════════╧═══════════════╧══════════════════════════╧═══════════════╧════════════════════════════════╛
2024-12-05 15:31:08,961 - INFO - Data from file 'TiL II st Zew B20 IRiL - 2019-11.parquet':
╒════╤═══════════════╤════════════════════════╤═══════════════╤════════════════════════╤═══════════════╤═════════════════════╕
│    │   Czas [ms].3 │   Ciśnienie oleju[bar] │   Czas [ms].4 │   Ciśnienie spalin[Pa] │   Czas [ms].5 │   Dopeł. zb. 1/3[-] │
╞════╪═══════════════╪════════════════════════╪═══════════════╪════════════════════════╪═══════════════╪═════════════════════╡
│  0 │           139 │                  0.006 │           141 │                     37 │           393 │                   0 │
├────┼───────────────┼────────────────────────┼───────────────┼────────────────────────┼───────────────┼─────────────────────┤
│  1 │           339 │                  0.006 │           341 │                     37 │          1395 │                   0 │
├────┼───────────────┼────────────────────────┼───────────────┼────────────────────────┼───────────────┼─────────────────────┤
│  2 │           540 │                  0.006 │           541 │                     10 │          2396 │                   0 │
╘════╧═══════════════╧════════════════════════╧═══════════════╧════════════════════════╧═══════════════╧═════════════════════╛
2024-12-05 15:31:08,963 - INFO - Data from file 'TiL II st Zew B20 IRiL - 2019-11.parquet':
╒════╤═══════════════╤═════════════════════╤═══════════════╤═════════════════════╤═══════════════╤══════════════════╕
│    │   Czas [ms].6 │   Dopeł. zb. 2/3[-] │   Czas [ms].7 │   Dopeł. zb. 3/3[-] │   Czas [ms].8 │   Dopełnianie[-] │
╞════╪═══════════════╪═════════════════════╪═══════════════╪═════════════════════╪═══════════════╪══════════════════╡
│  0 │           393 │                   0 │           393 │                   0 │           526 │                0 │
├────┼───────────────┼─────────────────────┼───────────────┼─────────────────────┼───────────────┼──────────────────┤
│  1 │          1395 │                   0 │          1395 │                   0 │          1527 │                0 │
├────┼───────────────┼─────────────────────┼───────────────┼─────────────────────┼───────────────┼──────────────────┤
│  2 │          2396 │                   0 │          2396 │                   0 │          2529 │                0 │
╘════╧═══════════════╧═════════════════════╧═══════════════╧═════════════════════╧═══════════════╧══════════════════╛
2024-12-05 15:31:08,964 - INFO - Data from file 'TiL II st Zew B20 IRiL - 2019-11.parquet':
╒════╤═══════════════╤═════════════════╤════════════════╤═════════════════════════════╤════════════════╤════════════════════════════╕
│    │   Czas [ms].9 │   Duży obieg[-] │   Czas [ms].10 │   ECT - wejście do sil.[°C] │   Czas [ms].11 │   ECT - wyjście z sil.[°C] │
╞════╪═══════════════╪═════════════════╪════════════════╪═════════════════════════════╪════════════════╪════════════════════════════╡
│  0 │           235 │               0 │            189 │                        24.9 │            189 │                         67 │
├────┼───────────────┼─────────────────┼────────────────┼─────────────────────────────┼────────────────┼────────────────────────────┤
│  1 │           489 │               0 │            389 │                        24.9 │            389 │                         67 │
├────┼───────────────┼─────────────────┼────────────────┼─────────────────────────────┼────────────────┼────────────────────────────┤
│  2 │          1236 │               0 │            590 │                        24.9 │            590 │                         67 │
╘════╧═══════════════╧═════════════════╧════════════════╧═════════════════════════════╧════════════════╧════════════════════════════╛
2024-12-05 15:31:08,966 - INFO - Data from file 'TiL II st Zew B20 IRiL - 2019-11.parquet':
╒════╤════════════════╤═════════════════════════════════╤════════════════╤════════════════════════════╤════════════════╤═══════════════════════╕
│    │   Czas [ms].12 │   Główny obieg - przepływ[m³/h] │   Czas [ms].13 │   Główny obieg - temp.[°C] │   Czas [ms].14 │   GPReg_Setpoint0[°C] │
╞════╪════════════════╪═════════════════════════════════╪════════════════╪════════════════════════════╪════════════════╪═══════════════════════╡
│  0 │            193 │                          164.09 │             94 │                       24.3 │             34 │                    60 │
├────┼────────────────┼─────────────────────────────────┼────────────────┼────────────────────────────┼────────────────┼───────────────────────┤
│  1 │            394 │                          149.74 │            295 │                       24.4 │            335 │                    60 │
├────┼────────────────┼─────────────────────────────────┼────────────────┼────────────────────────────┼────────────────┼───────────────────────┤
│  2 │            593 │                          158.43 │            494 │                       24.4 │            635 │                    60 │
╘════╧════════════════╧═════════════════════════════════╧════════════════╧════════════════════════════╧════════════════╧═══════════════════════╛
2024-12-05 15:31:08,967 - INFO - Data from file 'TiL II st Zew B20 IRiL - 2019-11.parquet':
╒════╤════════════════╤═══════════════════════╤════════════════╤═══════════════════════╤════════════════╤═══════════════════════════════════╕
│    │   Czas [ms].15 │   GPReg_Setpoint1[°C] │   Czas [ms].16 │   GPReg_Setpoint2[°C] │   Czas [ms].17 │   Hamulec, lewa komora, temp.[°C] │
╞════╪════════════════╪═══════════════════════╪════════════════╪═══════════════════════╪════════════════╪═══════════════════════════════════╡
│  0 │             34 │                    30 │             34 │                    34 │            125 │                                22 │
├────┼────────────────┼───────────────────────┼────────────────┼───────────────────────┼────────────────┼───────────────────────────────────┤
│  1 │            335 │                    30 │            335 │                    34 │            325 │                                22 │
├────┼────────────────┼───────────────────────┼────────────────┼───────────────────────┼────────────────┼───────────────────────────────────┤
│  2 │            635 │                    30 │            635 │                    34 │            525 │                                22 │
╘════╧════════════════╧═══════════════════════╧════════════════╧═══════════════════════╧════════════════╧═══════════════════════════════════╛
2024-12-05 15:31:08,969 - INFO - Data from file 'TiL II st Zew B20 IRiL - 2019-11.parquet':
╒════╤════════════════╤════════════════════════════════════╤════════════════╤════════════════════════════════╤════════════════╤═══════════════════════════════╕
│    │   Czas [ms].18 │   Hamulec, prawa komora, temp.[°C] │   Czas [ms].19 │   Hamulec, przepływ wody[m³/h] │   Czas [ms].20 │   Ilość paliwa w zbiorniku[g] │
╞════╪════════════════╪════════════════════════════════════╪════════════════╪════════════════════════════════╪════════════════╪═══════════════════════════════╡
│  0 │            124 │                                 22 │             74 │                           11.8 │             65 │                       589.209 │
├────┼────────────────┼────────────────────────────────────┼────────────────┼────────────────────────────────┼────────────────┼───────────────────────────────┤
│  1 │            325 │                                 22 │            274 │                           11.8 │            315 │                       589.091 │
├────┼────────────────┼────────────────────────────────────┼────────────────┼────────────────────────────────┼────────────────┼───────────────────────────────┤
│  2 │            525 │                                 22 │            475 │                           11.8 │            566 │                       589.06  │
╘════╧════════════════╧════════════════════════════════════╧════════════════╧════════════════════════════════╧════════════════╧═══════════════════════════════╛
2024-12-05 15:31:08,970 - INFO - Data from file 'TiL II st Zew B20 IRiL - 2019-11.parquet':
╒════╤════════════════╤════════════════════════════════╤════════════════╤═════════════════════════╤════════════════╤═════════════════════════╕
│    │   Czas [ms].21 │   Kond. - przepływ wody[l/min] │   Czas [ms].22 │   Kontrolka zb. 1/3 [-] │   Czas [ms].23 │   Kontrolka zb. 2/3 [-] │
╞════╪════════════════╪════════════════════════════════╪════════════════╪═════════════════════════╪════════════════╪═════════════════════════╡
│  0 │             73 │                           8.1  │            393 │                       0 │            393 │                       0 │
├────┼────────────────┼────────────────────────────────┼────────────────┼─────────────────────────┼────────────────┼─────────────────────────┤
│  1 │            275 │                           7.85 │           1394 │                       0 │           1394 │                       0 │
├────┼────────────────┼────────────────────────────────┼────────────────┼─────────────────────────┼────────────────┼─────────────────────────┤
│  2 │            474 │                           7.81 │           1796 │                       0 │           1796 │                       0 │
╘════╧════════════════╧════════════════════════════════╧════════════════╧═════════════════════════╧════════════════╧═════════════════════════╛
2024-12-05 15:31:08,972 - INFO - Data from file 'TiL II st Zew B20 IRiL - 2019-11.parquet':
╒════╤════════════════╤═════════════════════════╤════════════════╤═════════════╤════════════════╤═══════════╕
│    │   Czas [ms].24 │   Kontrolka zb. 3/3 [-] │   Czas [ms].25 │   MAF[kg/h] │   Czas [ms].26 │   Moc[kW] │
╞════╪════════════════╪═════════════════════════╪════════════════╪═════════════╪════════════════╪═══════════╡
│  0 │            393 │                       0 │            140 │         0   │             34 │         0 │
├────┼────────────────┼─────────────────────────┼────────────────┼─────────────┼────────────────┼───────────┤
│  1 │           1394 │                       0 │            340 │         0   │            235 │         0 │
├────┼────────────────┼─────────────────────────┼────────────────┼─────────────┼────────────────┼───────────┤
│  2 │           1796 │                       0 │            540 │         1.8 │            435 │         0 │
╘════╧════════════════╧═════════════════════════╧════════════════╧═════════════╧════════════════╧═══════════╛
2024-12-05 15:31:08,974 - INFO - Data from file 'TiL II st Zew B20 IRiL - 2019-11.parquet':
╒════╤════════════════╤═══════════════════════╤════════════════╤════════════════════╤════════════════╤════════════════════╕
│    │   Czas [ms].27 │   Moment obrotowy[Nm] │   Czas [ms].28 │   Moment Tryb2[Nm] │   Czas [ms].29 │   Moment Tryb3[Nm] │
╞════╪════════════════╪═══════════════════════╪════════════════╪════════════════════╪════════════════╪════════════════════╡
│  0 │              0 │                  -0.3 │         485528 │              295.2 │         486097 │              298.4 │
├────┼────────────────┼───────────────────────┼────────────────┼────────────────────┼────────────────┼────────────────────┤
│  1 │             20 │                  -0.3 │         485679 │              295.2 │         486180 │              298.4 │
├────┼────────────────┼───────────────────────┼────────────────┼────────────────────┼────────────────┼────────────────────┤
│  2 │             40 │                  -0.3 │         485930 │              295.2 │         486430 │              298.4 │
╘════╧════════════════╧═══════════════════════╧════════════════╧════════════════════╧════════════════╧════════════════════╛
2024-12-05 15:31:08,976 - INFO - Data from file 'TiL II st Zew B20 IRiL - 2019-11.parquet':
╒════╤════════════════╤═══════════════════╤════════════════╤═══════════════════════════╤════════════════╤═══════════════════════════╕
│    │   Czas [ms].30 │   Obroty[obr/min] │   Czas [ms].31 │   Poz. paliwa zb. 1/3[mm] │   Czas [ms].32 │   Poz. paliwa zb. 2/3[mm] │
╞════╪════════════════╪═══════════════════╪════════════════╪═══════════════════════════╪════════════════╪═══════════════════════════╡
│  0 │              0 │                 0 │            140 │                       120 │            140 │                        32 │
├────┼────────────────┼───────────────────┼────────────────┼───────────────────────────┼────────────────┼───────────────────────────┤
│  1 │             20 │                 0 │            341 │                       120 │            341 │                        32 │
├────┼────────────────┼───────────────────┼────────────────┼───────────────────────────┼────────────────┼───────────────────────────┤
│  2 │             40 │                 0 │            541 │                       120 │            541 │                        32 │
╘════╧════════════════╧═══════════════════╧════════════════╧═══════════════════════════╧════════════════╧═══════════════════════════╛
2024-12-05 15:31:08,978 - INFO - Data from file 'TiL II st Zew B20 IRiL - 2019-11.parquet':
╒════╤════════════════╤═══════════════════════════╤════════════════╤════════════════════════════╤════════════════╤═════════════════════════╕
│    │   Czas [ms].33 │   Poz. paliwa zb. 3/3[mm] │   Czas [ms].34 │   Przekaź. pompy paliwa[-] │   Czas [ms].35 │   Przekaźnik zapłonu[-] │
╞════╪════════════════╪═══════════════════════════╪════════════════╪════════════════════════════╪════════════════╪═════════════════════════╡
│  0 │            141 │                       110 │            489 │                          0 │            393 │                       1 │
├────┼────────────────┼───────────────────────────┼────────────────┼────────────────────────────┼────────────────┼─────────────────────────┤
│  1 │            341 │                       110 │           1491 │                          0 │           1394 │                       1 │
├────┼────────────────┼───────────────────────────┼────────────────┼────────────────────────────┼────────────────┼─────────────────────────┤
│  2 │            541 │                       110 │           2492 │                          0 │           1796 │                       1 │
╘════╧════════════════╧═══════════════════════════╧════════════════╧════════════════════════════╧════════════════╧═════════════════════════╛
2024-12-05 15:31:08,979 - INFO - Data from file 'TiL II st Zew B20 IRiL - 2019-11.parquet':
╒════╤════════════════╤═══════════════════╤════════════════╤═════════════════════════╤════════════════╤═════════════════════════╕
│    │   Czas [ms].36 │   Przepustnica[%] │   Czas [ms].37 │   Przepustnica Tryb0[%] │   Czas [ms].38 │   Przepustnica Tryb1[%] │
╞════╪════════════════╪═══════════════════╪════════════════╪═════════════════════════╪════════════════╪═════════════════════════╡
│  0 │             90 │                 0 │            235 │                       0 │          40266 │                       0 │
├────┼────────────────┼───────────────────┼────────────────┼─────────────────────────┼────────────────┼─────────────────────────┤
│  1 │            340 │                 0 │            485 │                       0 │          40292 │                       0 │
├────┼────────────────┼───────────────────┼────────────────┼─────────────────────────┼────────────────┼─────────────────────────┤
│  2 │            590 │                 0 │            735 │                       0 │          40542 │                       0 │
╘════╧════════════════╧═══════════════════╧════════════════╧═════════════════════════╧════════════════╧═════════════════════════╛
2024-12-05 15:31:08,981 - INFO - Data from file 'TiL II st Zew B20 IRiL - 2019-11.parquet':
╒════╤════════════════╤═════════════════════════╤════════════════╤═════════════════╤════════════════╤════════════════╕
│    │   Czas [ms].39 │   Przepustnica Tryb2[%] │   Czas [ms].40 │   Przyklad[bar] │   Czas [ms].41 │   PWM Tryb0[%] │
╞════╪════════════════╪═════════════════════════╪════════════════╪═════════════════╪════════════════╪════════════════╡
│  0 │         485528 │                     100 │             42 │               0 │            235 │              0 │
├────┼────────────────┼─────────────────────────┼────────────────┼─────────────────┼────────────────┼────────────────┤
│  1 │         485679 │                     100 │            243 │               0 │            485 │              0 │
├────┼────────────────┼─────────────────────────┼────────────────┼─────────────────┼────────────────┼────────────────┤
│  2 │         485930 │                     100 │            443 │               0 │            735 │              0 │
╘════╧════════════════╧═════════════════════════╧════════════════╧═════════════════╧════════════════╧════════════════╛
2024-12-05 15:31:08,982 - INFO - Data from file 'TiL II st Zew B20 IRiL - 2019-11.parquet':
╒════╤════════════════╤═════════════════╤════════════════╤══════════════════════╤════════════════╤══════════════════════╕
│    │   Czas [ms].42 │   Rozrusznik[-] │   Czas [ms].43 │   RPM Tryb1[obr/min] │   Czas [ms].44 │   RPM Tryb3[obr/min] │
╞════╪════════════════╪═════════════════╪════════════════╪══════════════════════╪════════════════╪══════════════════════╡
│  0 │            393 │               1 │          40266 │                  800 │         486097 │                 2416 │
├────┼────────────────┼─────────────────┼────────────────┼──────────────────────┼────────────────┼──────────────────────┤
│  1 │            901 │               1 │          40292 │                  800 │         486180 │                 2416 │
├────┼────────────────┼─────────────────┼────────────────┼──────────────────────┼────────────────┼──────────────────────┤
│  2 │           1394 │               1 │          40542 │                  800 │         486430 │                 2416 │
╘════╧════════════════╧═════════════════╧════════════════╧══════════════════════╧════════════════╧══════════════════════╛
2024-12-05 15:31:08,983 - INFO - Data from file 'TiL II st Zew B20 IRiL - 2019-11.parquet':
╒════╤════════════════╤══════════════╤════════════════╤═══════════════════════════╤════════════════╤══════════════════════════════╕
│    │   Czas [ms].45 │   Starter[-] │   Czas [ms].46 │   Stycz. chłodni went.[-] │   Czas [ms].47 │   Temp. oleju przed wym.[°C] │
╞════╪════════════════╪══════════════╪════════════════╪═══════════════════════════╪════════════════╪══════════════════════════════╡
│  0 │            902 │            1 │            235 │                         0 │            189 │                         22.1 │
├────┼────────────────┼──────────────┼────────────────┼───────────────────────────┼────────────────┼──────────────────────────────┤
│  1 │           1803 │            0 │            489 │                         0 │            390 │                         22.1 │
├────┼────────────────┼──────────────┼────────────────┼───────────────────────────┼────────────────┼──────────────────────────────┤
│  2 │           2805 │            0 │           1236 │                         0 │            590 │                         22.1 │
╘════╧════════════════╧══════════════╧════════════════╧═══════════════════════════╧════════════════╧══════════════════════════════╛
2024-12-05 15:31:08,985 - INFO - Data from file 'TiL II st Zew B20 IRiL - 2019-11.parquet':
╒════╤════════════════╤═══════════════════════════╤════════════════╤═══════════════════════════╤════════════════╤═══════════════════════╕
│    │   Czas [ms].48 │   Temp. oleju w misce[°C] │   Czas [ms].49 │   Temp. oleju za wym.[°C] │   Czas [ms].50 │   Temp. otoczenia[°C] │
╞════╪════════════════╪═══════════════════════════╪════════════════╪═══════════════════════════╪════════════════╪═══════════════════════╡
│  0 │            143 │                        77 │            190 │                      22.2 │             93 │                    20 │
├────┼────────────────┼───────────────────────────┼────────────────┼───────────────────────────┼────────────────┼───────────────────────┤
│  1 │            344 │                        77 │            390 │                      22.2 │            294 │                    20 │
├────┼────────────────┼───────────────────────────┼────────────────┼───────────────────────────┼────────────────┼───────────────────────┤
│  2 │            544 │                        77 │            590 │                      22.2 │            493 │                    20 │
╘════╧════════════════╧═══════════════════════════╧════════════════╧═══════════════════════════╧════════════════╧═══════════════════════╛
2024-12-05 15:31:08,987 - INFO - Data from file 'TiL II st Zew B20 IRiL - 2019-11.parquet':
╒════╤════════════════╤══════════════════════════════════╤════════════════╤══════════════════════════════════╤════════════════╤══════════════════════════════╕
│    │   Czas [ms].51 │   Temp. pal. na wejściu sil.[°C] │   Czas [ms].52 │   Temp. pal. na wyjściu sil.[°C] │   Czas [ms].53 │   Temp. paliwa w zb. 1/3[°C] │
╞════╪════════════════╪══════════════════════════════════╪════════════════╪══════════════════════════════════╪════════════════╪══════════════════════════════╡
│  0 │             93 │                             28.4 │             93 │                             39.5 │             23 │                         22.5 │
├────┼────────────────┼──────────────────────────────────┼────────────────┼──────────────────────────────────┼────────────────┼──────────────────────────────┤
│  1 │            294 │                             28.4 │            294 │                             39.5 │            224 │                         22.5 │
├────┼────────────────┼──────────────────────────────────┼────────────────┼──────────────────────────────────┼────────────────┼──────────────────────────────┤
│  2 │            494 │                             28.3 │            494 │                             39.5 │            424 │                         22.5 │
╘════╧════════════════╧══════════════════════════════════╧════════════════╧══════════════════════════════════╧════════════════╧══════════════════════════════╛
2024-12-05 15:31:08,989 - INFO - Data from file 'TiL II st Zew B20 IRiL - 2019-11.parquet':
╒════╤════════════════╤══════════════════════════════╤════════════════╤══════════════════════════════╤════════════════╤═══════════════════════════════════╕
│    │   Czas [ms].54 │   Temp. paliwa w zb. 2/3[°C] │   Czas [ms].55 │   Temp. paliwa w zb. 3/3[°C] │   Czas [ms].56 │   Temp. powietrza przed turb.[°C] │
╞════╪════════════════╪══════════════════════════════╪════════════════╪══════════════════════════════╪════════════════╪═══════════════════════════════════╡
│  0 │             23 │                         22.4 │             24 │                         21.5 │            190 │                              40.2 │
├────┼────────────────┼──────────────────────────────┼────────────────┼──────────────────────────────┼────────────────┼───────────────────────────────────┤
│  1 │            224 │                         22.4 │            224 │                         21.5 │            390 │                              40.2 │
├────┼────────────────┼──────────────────────────────┼────────────────┼──────────────────────────────┼────────────────┼───────────────────────────────────┤
│  2 │            424 │                         22.4 │            424 │                         21.5 │            591 │                              40.2 │
╘════╧════════════════╧══════════════════════════════╧════════════════╧══════════════════════════════╧════════════════╧═══════════════════════════════════╛
2024-12-05 15:31:08,991 - INFO - Data from file 'TiL II st Zew B20 IRiL - 2019-11.parquet':
╒════╤════════════════╤════════════════════════════════╤════════════════╤════════════════════════╤════════════════╤════════════════════════╕
│    │   Czas [ms].57 │   Temp. powietrza za turb.[°C] │   Czas [ms].58 │   Temp. spalin 1/6[°C] │   Czas [ms].59 │   Temp. spalin 2/6[°C] │
╞════╪════════════════╪════════════════════════════════╪════════════════╪════════════════════════╪════════════════╪════════════════════════╡
│  0 │            143 │                             54 │             39 │                    121 │             39 │                    130 │
├────┼────────────────┼────────────────────────────────┼────────────────┼────────────────────────┼────────────────┼────────────────────────┤
│  1 │            343 │                             54 │            239 │                    121 │            239 │                    130 │
├────┼────────────────┼────────────────────────────────┼────────────────┼────────────────────────┼────────────────┼────────────────────────┤
│  2 │            544 │                             51 │            440 │                    122 │            441 │                    131 │
╘════╧════════════════╧════════════════════════════════╧════════════════╧════════════════════════╧════════════════╧════════════════════════╛
2024-12-05 15:31:08,992 - INFO - Data from file 'TiL II st Zew B20 IRiL - 2019-11.parquet':
╒════╤════════════════╤════════════════════════╤════════════════╤════════════════════════╤════════════════╤═══════════════════════════════════╕
│    │   Czas [ms].60 │   Temp. spalin 3/6[°C] │   Czas [ms].61 │   Temp. spalin 4/6[°C] │   Czas [ms].62 │   Temp. spalin za turbiną 1/2[°C] │
╞════╪════════════════╪════════════════════════╪════════════════╪════════════════════════╪════════════════╪═══════════════════════════════════╡
│  0 │             39 │                    124 │             39 │                    114 │            143 │                               128 │
├────┼────────────────┼────────────────────────┼────────────────┼────────────────────────┼────────────────┼───────────────────────────────────┤
│  1 │            240 │                    124 │            240 │                    114 │            343 │                               128 │
├────┼────────────────┼────────────────────────┼────────────────┼────────────────────────┼────────────────┼───────────────────────────────────┤
│  2 │            441 │                    124 │            441 │                    114 │            543 │                               128 │
╘════╧════════════════╧════════════════════════╧════════════════╧════════════════════════╧════════════════╧═══════════════════════════════════╛
2024-12-05 15:31:08,994 - INFO - Data from file 'TiL II st Zew B20 IRiL - 2019-11.parquet':
╒════╤════════════════╤═══════════════════════════════════╤════════════════╤═══════════════════════════╤════════════════╤══════════════════════════╕
│    │   Czas [ms].63 │   Temp. spalin za turbiną 2/2[°C] │   Czas [ms].64 │   Temp.pal.na wyjściu[°C] │   Czas [ms].65 │   Temp.paliwa żądana[°C] │
╞════╪════════════════╪═══════════════════════════════════╪════════════════╪═══════════════════════════╪════════════════╪══════════════════════════╡
│  0 │            143 │                               120 │            176 │                      20.2 │            123 │                       22 │
├────┼────────────────┼───────────────────────────────────┼────────────────┼───────────────────────────┼────────────────┼──────────────────────────┤
│  1 │            343 │                               120 │            374 │                      20.2 │            324 │                       22 │
├────┼────────────────┼───────────────────────────────────┼────────────────┼───────────────────────────┼────────────────┼──────────────────────────┤
│  2 │            543 │                               120 │            574 │                      20.2 │            524 │                       22 │
╘════╧════════════════╧═══════════════════════════════════╧════════════════╧═══════════════════════════╧════════════════╧══════════════════════════╛
2024-12-05 15:31:08,996 - INFO - Data from file 'TiL II st Zew B20 IRiL - 2019-11.parquet':
╒════╤════════════════╤══════════════════════════╤════════════════╤═══════════════════════════════╤════════════════╤═════════════╕
│    │   Czas [ms].66 │   Wilgotność względna[%] │   Czas [ms].67 │   Wyłącznik bezpieczeństwa[-] │   Czas [ms].68 │   Zapłon[-] │
╞════╪════════════════╪══════════════════════════╪════════════════╪═══════════════════════════════╪════════════════╪═════════════╡
│  0 │             93 │                       52 │            902 │                             0 │            902 │           1 │
├────┼────────────────┼──────────────────────────┼────────────────┼───────────────────────────────┼────────────────┼─────────────┤
│  1 │            295 │                       52 │           1803 │                             0 │           1803 │           1 │
├────┼────────────────┼──────────────────────────┼────────────────┼───────────────────────────────┼────────────────┼─────────────┤
│  2 │            493 │                       52 │           2805 │                             0 │           2805 │           1 │
╘════╧════════════════╧══════════════════════════╧════════════════╧═══════════════════════════════╧════════════════╧═════════════╛
2024-12-05 15:31:08,998 - INFO - Data from file 'TiL II st Zew B20 IRiL - 2019-11.parquet':
╒════╤════════════════╤══════════════════════════╤════════════════╤══════════════════════════╤════════════════╤══════════════════════════╕
│    │   Czas [ms].69 │   Zaw. zb. paliwa 1/3[-] │   Czas [ms].70 │   Zaw. zb. paliwa 2/3[-] │   Czas [ms].71 │   Zaw. zb. paliwa 3/3[-] │
╞════╪════════════════╪══════════════════════════╪════════════════╪══════════════════════════╪════════════════╪══════════════════════════╡
│  0 │            393 │                        0 │            393 │                        0 │            393 │                        0 │
├────┼────────────────┼──────────────────────────┼────────────────┼──────────────────────────┼────────────────┼──────────────────────────┤
│  1 │           1394 │                        0 │           1394 │                        0 │           1394 │                        0 │
├────┼────────────────┼──────────────────────────┼────────────────┼──────────────────────────┼────────────────┼──────────────────────────┤
│  2 │           1796 │                        0 │           1796 │                        0 │           1796 │                        0 │
╘════╧════════════════╧══════════════════════════╧════════════════╧══════════════════════════╧════════════════╧══════════════════════════╛
2024-12-05 15:31:08,999 - INFO - Data from file 'TiL II st Zew B20 IRiL - 2019-11.parquet':
╒════╤════════════════╤═════════════════════════════╤════════════════╤═══════════════════════════════╤════════════════╤═══════════════════════════════╕
│    │   Czas [ms].72 │   Zawór reg. chł. cieczy[-] │   Czas [ms].73 │   Zużycie paliwa bieżące[g/s] │   Czas [ms].74 │   Zużycie paliwa średnie[g/s] │
╞════╪════════════════╪═════════════════════════════╪════════════════╪═══════════════════════════════╪════════════════╪═══════════════════════════════╡
│  0 │            235 │                           1 │            124 │                             0 │            124 │                             0 │
├────┼────────────────┼─────────────────────────────┼────────────────┼───────────────────────────────┼────────────────┼───────────────────────────────┤
│  1 │            489 │                           1 │            324 │                             0 │            324 │                             0 │
├────┼────────────────┼─────────────────────────────┼────────────────┼───────────────────────────────┼────────────────┼───────────────────────────────┤
│  2 │           1236 │                           1 │            524 │                             0 │            526 │                             0 │
╘════╧════════════════╧═════════════════════════════╧════════════════╧═══════════════════════════════╧════════════════╧═══════════════════════════════╛
2024-12-05 15:31:09,001 - INFO - Data from file 'TiL II st Zew B20 IRiL - 2019-11.parquet':
╒════╤════════════════╕
│    │   Unnamed: 150 │
╞════╪════════════════╡
│  0 │            nan │
├────┼────────────────┤
│  1 │            nan │
├────┼────────────────┤
│  2 │            nan │
╘════╧════════════════╛
2024-12-05 15:31:09,002 - INFO - Data Frame Shape: (30120, 151)
2024-12-05 15:31:09,002 - INFO - Data files loaded successfully.
2024-12-05 15:31:09,004 - INFO - Step 2: Raw data loaded successfully.
2024-12-05 15:31:25,303 - INFO - Continue data pipeline. Step 3: Validating data...
2024-12-05 15:31:25,304 - INFO - DataValidator initialized.
2024-12-05 15:31:25,304 - INFO - Starting column validation for multiple DataFrames...
2024-12-05 15:31:25,304 - INFO - DataFrame 0: All required columns are present.
2024-12-05 15:31:25,305 - INFO - DataFrame 0: All optional columns are present.
2024-12-05 15:31:25,305 - INFO - Starting schema validation for multiple DataFrames...
2024-12-05 15:31:25,306 - INFO - DataFrame 0 - Schema validation passed.
2024-12-05 15:31:25,306 - INFO - Checking for duplicate columns in multiple DataFrames...
2024-12-05 15:31:25,306 - INFO - DataFrame 0: No duplicate columns found.
2024-12-05 15:31:25,306 - INFO - Validation reports summarizing the results for each DataFrame
2024-12-05 15:31:25,306 - INFO - =================
Validation Report for DataFrame 0 (0 - main Data Frame; 1 - eco Data Frame):
DataFrame Shape: (30120, 151) (Rows, Columns) <--- !!!!!!!!!
All Required Columns: Present
All Optional Columns: Present
2024-12-05 15:31:25,306 - INFO - Step 3: Data validated successfully.
2024-12-05 15:31:29,377 - INFO - Step 3: Data validated successfully.
2024-12-05 15:31:29,377 - INFO - Starting metadata extraction for multiple DataFrames...
2024-12-05 15:31:29,377 - INFO - Processing DataFrame 1/1 with shape (30120, 151)...
2024-12-05 15:31:29,458 - INFO - Metadata for DataFrame 0, names_of_files_under_procession:['TiL II st Zew B20 IRiL - 2019-11.parquet', '', 'B20'], None:
+-----+----------------------------------+----------------+------------------+--------------+-----------------+-------------+
|     | Column                           |   Total Values |   Non-Null Count |   Null Count |   Unique Values | Data Type   |
+=====+==================================+================+==================+==============+=================+=============+
|   0 | Czas [ms]                        |           3011 |             3011 |        27109 |            3011 | float64     |
+-----+----------------------------------+----------------+------------------+--------------+-----------------+-------------+
|   1 | Ciś. pow. przed turb.[Pa]        |           3011 |             3011 |        27109 |              31 | float64     |
+-----+----------------------------------+----------------+------------------+--------------+-----------------+-------------+
|   2 | Czas [ms].1                      |           3011 |             3011 |        27109 |            3011 | float64     |
+-----+----------------------------------+----------------+------------------+--------------+-----------------+-------------+
|   3 | Ciś. pow. za turb.[Pa]           |           3011 |             3011 |        27109 |              25 | float64     |
+-----+----------------------------------+----------------+------------------+--------------+-----------------+-------------+
|   4 | Czas [ms].2                      |           3012 |             3012 |        27108 |            3012 | float64     |
+-----+----------------------------------+----------------+------------------+--------------+-----------------+-------------+
|   5 | Ciśnienie atmosferyczne[hPa]     |           3012 |             3012 |        27108 |               1 | float64     |
+-----+----------------------------------+----------------+------------------+--------------+-----------------+-------------+
|   6 | Czas [ms].3                      |           3011 |             3011 |        27109 |            3011 | float64     |
+-----+----------------------------------+----------------+------------------+--------------+-----------------+-------------+
|   7 | Ciśnienie oleju[bar]             |           3011 |             3011 |        27109 |               3 | float64     |
+-----+----------------------------------+----------------+------------------+--------------+-----------------+-------------+
|   8 | Czas [ms].4                      |           3011 |             3011 |        27109 |            3011 | float64     |
+-----+----------------------------------+----------------+------------------+--------------+-----------------+-------------+
|   9 | Ciśnienie spalin[Pa]             |           3011 |             3011 |        27109 |             131 | float64     |
+-----+----------------------------------+----------------+------------------+--------------+-----------------+-------------+
|  10 | Czas [ms].5                      |            602 |              602 |        29518 |             602 | float64     |
+-----+----------------------------------+----------------+------------------+--------------+-----------------+-------------+
|  11 | Dopeł. zb. 1/3[-]                |            602 |              602 |        29518 |               1 | float64     |
+-----+----------------------------------+----------------+------------------+--------------+-----------------+-------------+
|  12 | Czas [ms].6                      |            602 |              602 |        29518 |             602 | float64     |
+-----+----------------------------------+----------------+------------------+--------------+-----------------+-------------+
|  13 | Dopeł. zb. 2/3[-]                |            602 |              602 |        29518 |               1 | float64     |
+-----+----------------------------------+----------------+------------------+--------------+-----------------+-------------+
|  14 | Czas [ms].7                      |            602 |              602 |        29518 |             602 | float64     |
+-----+----------------------------------+----------------+------------------+--------------+-----------------+-------------+
|  15 | Dopeł. zb. 3/3[-]                |            602 |              602 |        29518 |               1 | float64     |
+-----+----------------------------------+----------------+------------------+--------------+-----------------+-------------+
|  16 | Czas [ms].8                      |            614 |              614 |        29506 |             614 | float64     |
+-----+----------------------------------+----------------+------------------+--------------+-----------------+-------------+
|  17 | Dopełnianie[-]                   |            614 |              614 |        29506 |               2 | float64     |
+-----+----------------------------------+----------------+------------------+--------------+-----------------+-------------+
|  18 | Czas [ms].9                      |           1205 |             1205 |        28915 |            1205 | float64     |
+-----+----------------------------------+----------------+------------------+--------------+-----------------+-------------+
|  19 | Duży obieg[-]                    |           1205 |             1205 |        28915 |               1 | float64     |
+-----+----------------------------------+----------------+------------------+--------------+-----------------+-------------+
|  20 | Czas [ms].10                     |           3011 |             3011 |        27109 |            3011 | float64     |
+-----+----------------------------------+----------------+------------------+--------------+-----------------+-------------+
|  21 | ECT - wejście do sil.[°C]        |           3011 |             3011 |        27109 |             188 | float64     |
+-----+----------------------------------+----------------+------------------+--------------+-----------------+-------------+
|  22 | Czas [ms].11                     |           3011 |             3011 |        27109 |            3011 | float64     |
+-----+----------------------------------+----------------+------------------+--------------+-----------------+-------------+
|  23 | ECT - wyjście z sil.[°C]         |           3011 |             3011 |        27109 |             105 | float64     |
+-----+----------------------------------+----------------+------------------+--------------+-----------------+-------------+
|  24 | Czas [ms].12                     |           3011 |             3011 |        27109 |            3011 | float64     |
+-----+----------------------------------+----------------+------------------+--------------+-----------------+-------------+
|  25 | Główny obieg - przepływ[m³/h]    |           3011 |             3011 |        27109 |            1161 | float64     |
+-----+----------------------------------+----------------+------------------+--------------+-----------------+-------------+
|  26 | Czas [ms].13                     |           3012 |             3012 |        27108 |            3012 | float64     |
+-----+----------------------------------+----------------+------------------+--------------+-----------------+-------------+
|  27 | Główny obieg - temp.[°C]         |           3012 |             3012 |        27108 |              14 | float64     |
+-----+----------------------------------+----------------+------------------+--------------+-----------------+-------------+
|  28 | Czas [ms].14                     |           2008 |             2008 |        28112 |            2008 | float64     |
+-----+----------------------------------+----------------+------------------+--------------+-----------------+-------------+
|  29 | GPReg_Setpoint0[°C]              |           2008 |             2008 |        28112 |               1 | float64     |
+-----+----------------------------------+----------------+------------------+--------------+-----------------+-------------+
|  30 | Czas [ms].15                     |           2008 |             2008 |        28112 |            2008 | float64     |
+-----+----------------------------------+----------------+------------------+--------------+-----------------+-------------+
|  31 | GPReg_Setpoint1[°C]              |           2008 |             2008 |        28112 |               1 | float64     |
+-----+----------------------------------+----------------+------------------+--------------+-----------------+-------------+
|  32 | Czas [ms].16                     |           2008 |             2008 |        28112 |            2008 | float64     |
+-----+----------------------------------+----------------+------------------+--------------+-----------------+-------------+
|  33 | GPReg_Setpoint2[°C]              |           2008 |             2008 |        28112 |               1 | float64     |
+-----+----------------------------------+----------------+------------------+--------------+-----------------+-------------+
|  34 | Czas [ms].17                     |           3012 |             3012 |        27108 |            3012 | float64     |
+-----+----------------------------------+----------------+------------------+--------------+-----------------+-------------+
|  35 | Hamulec, lewa komora, temp.[°C]  |           3012 |             3012 |        27108 |              20 | float64     |
+-----+----------------------------------+----------------+------------------+--------------+-----------------+-------------+
|  36 | Czas [ms].18                     |           3012 |             3012 |        27108 |            3012 | float64     |
+-----+----------------------------------+----------------+------------------+--------------+-----------------+-------------+
|  37 | Hamulec, prawa komora, temp.[°C] |           3012 |             3012 |        27108 |              23 | float64     |
+-----+----------------------------------+----------------+------------------+--------------+-----------------+-------------+
|  38 | Czas [ms].19                     |           3012 |             3012 |        27108 |            3012 | float64     |
+-----+----------------------------------+----------------+------------------+--------------+-----------------+-------------+
|  39 | Hamulec, przepływ wody[m³/h]     |           3012 |             3012 |        27108 |               5 | float64     |
+-----+----------------------------------+----------------+------------------+--------------+-----------------+-------------+
|  40 | Czas [ms].20                     |           2410 |             2410 |        27710 |            2410 | float64     |
+-----+----------------------------------+----------------+------------------+--------------+-----------------+-------------+
|  41 | Ilość paliwa w zbiorniku[g]      |           2410 |             2410 |        27710 |            2399 | float64     |
+-----+----------------------------------+----------------+------------------+--------------+-----------------+-------------+
|  42 | Czas [ms].21                     |           3012 |             3012 |        27108 |            3012 | float64     |
+-----+----------------------------------+----------------+------------------+--------------+-----------------+-------------+
|  43 | Kond. - przepływ wody[l/min]     |           3012 |             3012 |        27108 |              59 | float64     |
+-----+----------------------------------+----------------+------------------+--------------+-----------------+-------------+
|  44 | Czas [ms].22                     |            603 |              603 |        29517 |             603 | float64     |
+-----+----------------------------------+----------------+------------------+--------------+-----------------+-------------+
|  45 | Kontrolka zb. 1/3 [-]            |            603 |              603 |        29517 |               1 | float64     |
+-----+----------------------------------+----------------+------------------+--------------+-----------------+-------------+
|  46 | Czas [ms].23                     |            603 |              603 |        29517 |             603 | float64     |
+-----+----------------------------------+----------------+------------------+--------------+-----------------+-------------+
|  47 | Kontrolka zb. 2/3 [-]            |            603 |              603 |        29517 |               1 | float64     |
+-----+----------------------------------+----------------+------------------+--------------+-----------------+-------------+
|  48 | Czas [ms].24                     |            603 |              603 |        29517 |             603 | float64     |
+-----+----------------------------------+----------------+------------------+--------------+-----------------+-------------+
|  49 | Kontrolka zb. 3/3 [-]            |            603 |              603 |        29517 |               1 | float64     |
+-----+----------------------------------+----------------+------------------+--------------+-----------------+-------------+
|  50 | Czas [ms].25                     |           3011 |             3011 |        27109 |            3011 | float64     |
+-----+----------------------------------+----------------+------------------+--------------+-----------------+-------------+
|  51 | MAF[kg/h]                        |           3011 |             3011 |        27109 |            1342 | float64     |
+-----+----------------------------------+----------------+------------------+--------------+-----------------+-------------+
|  52 | Czas [ms].26                     |           3012 |             3012 |        27108 |            3012 | float64     |
+-----+----------------------------------+----------------+------------------+--------------+-----------------+-------------+
|  53 | Moc[kW]                          |           3012 |             3012 |        27108 |             341 | float64     |
+-----+----------------------------------+----------------+------------------+--------------+-----------------+-------------+
|  54 | Czas [ms].27                     |          30120 |            30120 |            0 |           30120 | int64       |
+-----+----------------------------------+----------------+------------------+--------------+-----------------+-------------+
|  55 | Moment obrotowy[Nm]              |          30120 |            30120 |            0 |            2363 | float64     |
+-----+----------------------------------+----------------+------------------+--------------+-----------------+-------------+
|  56 | Czas [ms].28                     |              3 |                3 |        30117 |               3 | float64     |
+-----+----------------------------------+----------------+------------------+--------------+-----------------+-------------+
|  57 | Moment Tryb2[Nm]                 |              3 |                3 |        30117 |               1 | float64     |
+-----+----------------------------------+----------------+------------------+--------------+-----------------+-------------+
|  58 | Czas [ms].29                     |            359 |              359 |        29761 |             359 | float64     |
+-----+----------------------------------+----------------+------------------+--------------+-----------------+-------------+
|  59 | Moment Tryb3[Nm]                 |            359 |              359 |        29761 |               8 | float64     |
+-----+----------------------------------+----------------+------------------+--------------+-----------------+-------------+
|  60 | Czas [ms].30                     |          30120 |            30120 |            0 |           30120 | int64       |
+-----+----------------------------------+----------------+------------------+--------------+-----------------+-------------+
|  61 | Obroty[obr/min]                  |          30120 |            30120 |            0 |            1570 | int64       |
+-----+----------------------------------+----------------+------------------+--------------+-----------------+-------------+
|  62 | Czas [ms].31                     |           3011 |             3011 |        27109 |            3011 | float64     |
+-----+----------------------------------+----------------+------------------+--------------+-----------------+-------------+
|  63 | Poz. paliwa zb. 1/3[mm]          |           3011 |             3011 |        27109 |               1 | float64     |
+-----+----------------------------------+----------------+------------------+--------------+-----------------+-------------+
|  64 | Czas [ms].32                     |           3011 |             3011 |        27109 |            3011 | float64     |
+-----+----------------------------------+----------------+------------------+--------------+-----------------+-------------+
|  65 | Poz. paliwa zb. 2/3[mm]          |           3011 |             3011 |        27109 |              20 | float64     |
+-----+----------------------------------+----------------+------------------+--------------+-----------------+-------------+
|  66 | Czas [ms].33                     |           3011 |             3011 |        27109 |            3011 | float64     |
+-----+----------------------------------+----------------+------------------+--------------+-----------------+-------------+
|  67 | Poz. paliwa zb. 3/3[mm]          |           3011 |             3011 |        27109 |               2 | float64     |
+-----+----------------------------------+----------------+------------------+--------------+-----------------+-------------+
|  68 | Czas [ms].34                     |            602 |              602 |        29518 |             602 | float64     |
+-----+----------------------------------+----------------+------------------+--------------+-----------------+-------------+
|  69 | Przekaź. pompy paliwa[-]         |            602 |              602 |        29518 |               1 | float64     |
+-----+----------------------------------+----------------+------------------+--------------+-----------------+-------------+
|  70 | Czas [ms].35                     |            604 |              604 |        29516 |             604 | float64     |
+-----+----------------------------------+----------------+------------------+--------------+-----------------+-------------+
|  71 | Przekaźnik zapłonu[-]            |            604 |              604 |        29516 |               2 | float64     |
+-----+----------------------------------+----------------+------------------+--------------+-----------------+-------------+
|  72 | Czas [ms].36                     |           2410 |             2410 |        27710 |            2410 | float64     |
+-----+----------------------------------+----------------+------------------+--------------+-----------------+-------------+
|  73 | Przepustnica[%]                  |           2410 |             2410 |        27710 |             101 | float64     |
+-----+----------------------------------+----------------+------------------+--------------+-----------------+-------------+
|  74 | Czas [ms].37                     |            283 |              283 |        29837 |             283 | float64     |
+-----+----------------------------------+----------------+------------------+--------------+-----------------+-------------+
|  75 | Przepustnica Tryb0[%]            |            283 |              283 |        29837 |               3 | float64     |
+-----+----------------------------------+----------------+------------------+--------------+-----------------+-------------+
|  76 | Czas [ms].38                     |           1806 |             1806 |        28314 |            1806 | float64     |
+-----+----------------------------------+----------------+------------------+--------------+-----------------+-------------+
|  77 | Przepustnica Tryb1[%]            |           1806 |             1806 |        28314 |              14 | float64     |
+-----+----------------------------------+----------------+------------------+--------------+-----------------+-------------+
|  78 | Czas [ms].39                     |              3 |                3 |        30117 |               3 | float64     |
+-----+----------------------------------+----------------+------------------+--------------+-----------------+-------------+
|  79 | Przepustnica Tryb2[%]            |              3 |                3 |        30117 |               1 | float64     |
+-----+----------------------------------+----------------+------------------+--------------+-----------------+-------------+
|  80 | Czas [ms].40                     |           3012 |             3012 |        27108 |            3012 | float64     |
+-----+----------------------------------+----------------+------------------+--------------+-----------------+-------------+
|  81 | Przyklad[bar]                    |           3012 |             3012 |        27108 |               1 | float64     |
+-----+----------------------------------+----------------+------------------+--------------+-----------------+-------------+
|  82 | Czas [ms].41                     |            283 |              283 |        29837 |             283 | float64     |
+-----+----------------------------------+----------------+------------------+--------------+-----------------+-------------+
|  83 | PWM Tryb0[%]                     |            283 |              283 |        29837 |               3 | float64     |
+-----+----------------------------------+----------------+------------------+--------------+-----------------+-------------+
|  84 | Czas [ms].42                     |            605 |              605 |        29515 |             605 | float64     |
+-----+----------------------------------+----------------+------------------+--------------+-----------------+-------------+
|  85 | Rozrusznik[-]                    |            605 |              605 |        29515 |               2 | float64     |
+-----+----------------------------------+----------------+------------------+--------------+-----------------+-------------+
|  86 | Czas [ms].43                     |           1806 |             1806 |        28314 |            1806 | float64     |
+-----+----------------------------------+----------------+------------------+--------------+-----------------+-------------+
|  87 | RPM Tryb1[obr/min]               |           1806 |             1806 |        28314 |              14 | float64     |
+-----+----------------------------------+----------------+------------------+--------------+-----------------+-------------+
|  88 | Czas [ms].44                     |            359 |              359 |        29761 |             359 | float64     |
+-----+----------------------------------+----------------+------------------+--------------+-----------------+-------------+
|  89 | RPM Tryb3[obr/min]               |            359 |              359 |        29761 |               4 | float64     |
+-----+----------------------------------+----------------+------------------+--------------+-----------------+-------------+
|  90 | Czas [ms].45                     |            602 |              602 |        29518 |             602 | float64     |
+-----+----------------------------------+----------------+------------------+--------------+-----------------+-------------+
|  91 | Starter[-]                       |            602 |              602 |        29518 |               2 | float64     |
+-----+----------------------------------+----------------+------------------+--------------+-----------------+-------------+
|  92 | Czas [ms].46                     |           1205 |             1205 |        28915 |            1205 | float64     |
+-----+----------------------------------+----------------+------------------+--------------+-----------------+-------------+
|  93 | Stycz. chłodni went.[-]          |           1205 |             1205 |        28915 |               1 | float64     |
+-----+----------------------------------+----------------+------------------+--------------+-----------------+-------------+
|  94 | Czas [ms].47                     |           3011 |             3011 |        27109 |            3011 | float64     |
+-----+----------------------------------+----------------+------------------+--------------+-----------------+-------------+
|  95 | Temp. oleju przed wym.[°C]       |           3011 |             3011 |        27109 |              13 | float64     |
+-----+----------------------------------+----------------+------------------+--------------+-----------------+-------------+
|  96 | Czas [ms].48                     |           3011 |             3011 |        27109 |            3011 | float64     |
+-----+----------------------------------+----------------+------------------+--------------+-----------------+-------------+
|  97 | Temp. oleju w misce[°C]          |           3011 |             3011 |        27109 |              27 | float64     |
+-----+----------------------------------+----------------+------------------+--------------+-----------------+-------------+
|  98 | Czas [ms].49                     |           3011 |             3011 |        27109 |            3011 | float64     |
+-----+----------------------------------+----------------+------------------+--------------+-----------------+-------------+
|  99 | Temp. oleju za wym.[°C]          |           3011 |             3011 |        27109 |              10 | float64     |
+-----+----------------------------------+----------------+------------------+--------------+-----------------+-------------+
| 100 | Czas [ms].50                     |           3012 |             3012 |        27108 |            3012 | float64     |
+-----+----------------------------------+----------------+------------------+--------------+-----------------+-------------+
| 101 | Temp. otoczenia[°C]              |           3012 |             3012 |        27108 |              13 | float64     |
+-----+----------------------------------+----------------+------------------+--------------+-----------------+-------------+
| 102 | Czas [ms].51                     |           3012 |             3012 |        27108 |            3012 | float64     |
+-----+----------------------------------+----------------+------------------+--------------+-----------------+-------------+
| 103 | Temp. pal. na wejściu sil.[°C]   |           3012 |             3012 |        27108 |              34 | float64     |
+-----+----------------------------------+----------------+------------------+--------------+-----------------+-------------+
| 104 | Czas [ms].52                     |           3012 |             3012 |        27108 |            3012 | float64     |
+-----+----------------------------------+----------------+------------------+--------------+-----------------+-------------+
| 105 | Temp. pal. na wyjściu sil.[°C]   |           3012 |             3012 |        27108 |             216 | float64     |
+-----+----------------------------------+----------------+------------------+--------------+-----------------+-------------+
| 106 | Czas [ms].53                     |           3012 |             3012 |        27108 |            3012 | float64     |
+-----+----------------------------------+----------------+------------------+--------------+-----------------+-------------+
| 107 | Temp. paliwa w zb. 1/3[°C]       |           3012 |             3012 |        27108 |               9 | float64     |
+-----+----------------------------------+----------------+------------------+--------------+-----------------+-------------+
| 108 | Czas [ms].54                     |           3012 |             3012 |        27108 |            3012 | float64     |
+-----+----------------------------------+----------------+------------------+--------------+-----------------+-------------+
| 109 | Temp. paliwa w zb. 2/3[°C]       |           3012 |             3012 |        27108 |               5 | float64     |
+-----+----------------------------------+----------------+------------------+--------------+-----------------+-------------+
| 110 | Czas [ms].55                     |           3012 |             3012 |        27108 |            3012 | float64     |
+-----+----------------------------------+----------------+------------------+--------------+-----------------+-------------+
| 111 | Temp. paliwa w zb. 3/3[°C]       |           3012 |             3012 |        27108 |               7 | float64     |
+-----+----------------------------------+----------------+------------------+--------------+-----------------+-------------+
| 112 | Czas [ms].56                     |           3011 |             3011 |        27109 |            3011 | float64     |
+-----+----------------------------------+----------------+------------------+--------------+-----------------+-------------+
| 113 | Temp. powietrza przed turb.[°C]  |           3011 |             3011 |        27109 |             155 | float64     |
+-----+----------------------------------+----------------+------------------+--------------+-----------------+-------------+
| 114 | Czas [ms].57                     |           3011 |             3011 |        27109 |            3011 | float64     |
+-----+----------------------------------+----------------+------------------+--------------+-----------------+-------------+
| 115 | Temp. powietrza za turb.[°C]     |           3011 |             3011 |        27109 |              56 | float64     |
+-----+----------------------------------+----------------+------------------+--------------+-----------------+-------------+
| 116 | Czas [ms].58                     |           3012 |             3012 |        27108 |            3012 | float64     |
+-----+----------------------------------+----------------+------------------+--------------+-----------------+-------------+
| 117 | Temp. spalin 1/6[°C]             |           3012 |             3012 |        27108 |             377 | float64     |
+-----+----------------------------------+----------------+------------------+--------------+-----------------+-------------+
| 118 | Czas [ms].59                     |           3012 |             3012 |        27108 |            3012 | float64     |
+-----+----------------------------------+----------------+------------------+--------------+-----------------+-------------+
| 119 | Temp. spalin 2/6[°C]             |           3012 |             3012 |        27108 |             394 | float64     |
+-----+----------------------------------+----------------+------------------+--------------+-----------------+-------------+
| 120 | Czas [ms].60                     |           3012 |             3012 |        27108 |            3012 | float64     |
+-----+----------------------------------+----------------+------------------+--------------+-----------------+-------------+
| 121 | Temp. spalin 3/6[°C]             |           3012 |             3012 |        27108 |             397 | float64     |
+-----+----------------------------------+----------------+------------------+--------------+-----------------+-------------+
| 122 | Czas [ms].61                     |           3012 |             3012 |        27108 |            3012 | float64     |
+-----+----------------------------------+----------------+------------------+--------------+-----------------+-------------+
| 123 | Temp. spalin 4/6[°C]             |           3012 |             3012 |        27108 |             394 | float64     |
+-----+----------------------------------+----------------+------------------+--------------+-----------------+-------------+
| 124 | Czas [ms].62                     |           3011 |             3011 |        27109 |            3011 | float64     |
+-----+----------------------------------+----------------+------------------+--------------+-----------------+-------------+
| 125 | Temp. spalin za turbiną 1/2[°C]  |           3011 |             3011 |        27109 |             388 | float64     |
+-----+----------------------------------+----------------+------------------+--------------+-----------------+-------------+
| 126 | Czas [ms].63                     |           3011 |             3011 |        27109 |            3011 | float64     |
+-----+----------------------------------+----------------+------------------+--------------+-----------------+-------------+
| 127 | Temp. spalin za turbiną 2/2[°C]  |           3011 |             3011 |        27109 |             377 | float64     |
+-----+----------------------------------+----------------+------------------+--------------+-----------------+-------------+
| 128 | Czas [ms].64                     |           3011 |             3011 |        27109 |            3011 | float64     |
+-----+----------------------------------+----------------+------------------+--------------+-----------------+-------------+
| 129 | Temp.pal.na wyjściu[°C]          |           3011 |             3011 |        27109 |              17 | float64     |
+-----+----------------------------------+----------------+------------------+--------------+-----------------+-------------+
| 130 | Czas [ms].65                     |           3012 |             3012 |        27108 |            3012 | float64     |
+-----+----------------------------------+----------------+------------------+--------------+-----------------+-------------+
| 131 | Temp.paliwa żądana[°C]           |           3012 |             3012 |        27108 |               1 | float64     |
+-----+----------------------------------+----------------+------------------+--------------+-----------------+-------------+
| 132 | Czas [ms].66                     |           3012 |             3012 |        27108 |            3012 | float64     |
+-----+----------------------------------+----------------+------------------+--------------+-----------------+-------------+
| 133 | Wilgotność względna[%]           |           3012 |             3012 |        27108 |               3 | float64     |
+-----+----------------------------------+----------------+------------------+--------------+-----------------+-------------+
| 134 | Czas [ms].67                     |            602 |              602 |        29518 |             602 | float64     |
+-----+----------------------------------+----------------+------------------+--------------+-----------------+-------------+
| 135 | Wyłącznik bezpieczeństwa[-]      |            602 |              602 |        29518 |               1 | float64     |
+-----+----------------------------------+----------------+------------------+--------------+-----------------+-------------+
| 136 | Czas [ms].68                     |            602 |              602 |        29518 |             602 | float64     |
+-----+----------------------------------+----------------+------------------+--------------+-----------------+-------------+
| 137 | Zapłon[-]                        |            602 |              602 |        29518 |               1 | float64     |
+-----+----------------------------------+----------------+------------------+--------------+-----------------+-------------+
| 138 | Czas [ms].69                     |            603 |              603 |        29517 |             603 | float64     |
+-----+----------------------------------+----------------+------------------+--------------+-----------------+-------------+
| 139 | Zaw. zb. paliwa 1/3[-]           |            603 |              603 |        29517 |               1 | float64     |
+-----+----------------------------------+----------------+------------------+--------------+-----------------+-------------+
| 140 | Czas [ms].70                     |            603 |              603 |        29517 |             603 | float64     |
+-----+----------------------------------+----------------+------------------+--------------+-----------------+-------------+
| 141 | Zaw. zb. paliwa 2/3[-]           |            603 |              603 |        29517 |               1 | float64     |
+-----+----------------------------------+----------------+------------------+--------------+-----------------+-------------+
| 142 | Czas [ms].71                     |            603 |              603 |        29517 |             603 | float64     |
+-----+----------------------------------+----------------+------------------+--------------+-----------------+-------------+
| 143 | Zaw. zb. paliwa 3/3[-]           |            603 |              603 |        29517 |               1 | float64     |
+-----+----------------------------------+----------------+------------------+--------------+-----------------+-------------+
| 144 | Czas [ms].72                     |           1205 |             1205 |        28915 |            1205 | float64     |
+-----+----------------------------------+----------------+------------------+--------------+-----------------+-------------+
| 145 | Zawór reg. chł. cieczy[-]        |           1205 |             1205 |        28915 |               1 | float64     |
+-----+----------------------------------+----------------+------------------+--------------+-----------------+-------------+
| 146 | Czas [ms].73                     |           3012 |             3012 |        27108 |            3012 | float64     |
+-----+----------------------------------+----------------+------------------+--------------+-----------------+-------------+
| 147 | Zużycie paliwa bieżące[g/s]      |           3012 |             3012 |        27108 |             251 | float64     |
+-----+----------------------------------+----------------+------------------+--------------+-----------------+-------------+
| 148 | Czas [ms].74                     |           3012 |             3012 |        27108 |            3012 | float64     |
+-----+----------------------------------+----------------+------------------+--------------+-----------------+-------------+
| 149 | Zużycie paliwa średnie[g/s]      |           3012 |             3012 |        27108 |            2012 | float64     |
+-----+----------------------------------+----------------+------------------+--------------+-----------------+-------------+
| 150 | Unnamed: 150                     |              0 |                0 |        30120 |               0 | float64     |
+-----+----------------------------------+----------------+------------------+--------------+-----------------+-------------+
2024-12-05 15:31:29,459 - INFO - Metadata extraction completed for all DataFrames.
2024-12-05 15:31:36,952 - INFO - Step 4: Metadata extracted successfully.
2024-12-05 15:31:36,952 - INFO - Continue data pipeline. Step 5: Filtering and preprocessing data...
2024-12-05 15:31:36,954 - INFO - !!!!!!!!Column pairs: [['Czas [ms].1', 'Ciś. pow. za turb.[Pa]'], ['Czas [ms].2', 'Ciśnienie atmosferyczne[hPa]'], ['Czas [ms].11', 'ECT - wyjście z sil.[°C]'], ['Czas [ms].25', 'MAF[kg/h]'], ['Czas [ms].26', 'Moc[kW]'], ['Czas [ms].27', 'Moment obrotowy[Nm]'], ['Czas [ms].30', 'Obroty[obr/min]'], ['Czas [ms].48', 'Temp. oleju w misce[°C]'], ['Czas [ms].50', 'Temp. otoczenia[°C]'], ['Czas [ms].52', 'Temp. pal. na wyjściu sil.[°C]'], ['Czas [ms].57', 'Temp. powietrza za turb.[°C]'], ['Czas [ms].58', 'Temp. spalin 1/6[°C]'], ['Czas [ms].59', 'Temp. spalin 2/6[°C]'], ['Czas [ms].60', 'Temp. spalin 3/6[°C]'], ['Czas [ms].61', 'Temp. spalin 4/6[°C]'], ['Czas [ms].66', 'Wilgotność względna[%]'], ['Czas [ms].74', 'Zużycie paliwa średnie[g/s]']]
2024-12-05 15:31:36,958 - INFO - Filtered DataFrame to include 34 columns.
2024-12-05 15:31:37,021 - INFO - Time columns synchronized successfully.
2024-12-05 15:31:37,022 - INFO - Filtered DataFrame shape. after synchronize_time(): (3011, 18)
2024-12-05 15:31:37,023 - INFO - DataCleaner initialized.
2024-12-05 15:31:37,023 - INFO - Starting data cleaning process.
2024-12-05 15:31:37,033 - INFO - Data cleaning process completed.
2024-12-05 15:31:37,033 - INFO - Starting identify_stable_rotation with threshold=20 and window='8000ms'
2024-12-05 15:31:37,034 - INFO - DataFrame copied for processing.
2024-12-05 15:31:37,034 - INFO - 'Time' column is already in datetime format.
2024-12-05 15:31:37,034 - INFO - 'Time' column set as index.
2024-12-05 15:31:37,034 - INFO - Computing rolling max and min of 'Obroty[obr/min]'.
2024-12-05 15:31:37,036 - INFO - Identified 1827 points where rotation difference ≤ threshold.
2024-12-05 15:31:37,037 - INFO - Labeled stable regions into 39 groups.
2024-12-05 15:31:37,039 - INFO - Group 1: Found 2 stable time points.
2024-12-05 15:31:37,039 - INFO - Group 3: Found 209 stable time points.
2024-12-05 15:31:37,039 - INFO - Group 5: Found 39 stable time points.
2024-12-05 15:31:37,040 - INFO - Group 7: Found 9 stable time points.
2024-12-05 15:31:37,040 - INFO - Group 9: Found 179 stable time points.
2024-12-05 15:31:37,040 - INFO - Group 11: Found 103 stable time points.
2024-12-05 15:31:37,040 - INFO - Group 13: Found 98 stable time points.
2024-12-05 15:31:37,040 - INFO - Group 15: Found 5 stable time points.
2024-12-05 15:31:37,040 - INFO - Group 17: Found 101 stable time points.
2024-12-05 15:31:37,040 - INFO - Group 19: Found 92 stable time points.
2024-12-05 15:31:37,041 - INFO - Group 21: Found 87 stable time points.
2024-12-05 15:31:37,041 - INFO - Group 23: Found 103 stable time points.
2024-12-05 15:31:37,041 - INFO - Group 25: Found 69 stable time points.
2024-12-05 15:31:37,041 - INFO - Group 27: Found 86 stable time points.
2024-12-05 15:31:37,041 - INFO - Group 29: Found 110 stable time points.
2024-12-05 15:31:37,041 - INFO - Group 31: Found 69 stable time points.
2024-12-05 15:31:37,041 - INFO - Group 33: Found 82 stable time points.
2024-12-05 15:31:37,042 - INFO - Group 35: Found 25 stable time points.
2024-12-05 15:31:37,042 - INFO - Group 37: Found 271 stable time points.
2024-12-05 15:31:37,042 - INFO - Group 39: Found 88 stable time points.
2024-12-05 15:31:37,043 - INFO - Dropped temporary 'Stable' and 'Group' columns.
2024-12-05 15:31:37,043 - INFO - Identified 20 stable rotation levels.
2024-12-05 15:31:37,044 - INFO - Group 0: Mean rotation = 2.5 RPM.
2024-12-05 15:31:37,045 - INFO - Group 1: Mean rotation = 800.6 RPM.
2024-12-05 15:31:37,046 - INFO - Group 2: Mean rotation = 1815.4 RPM.
2024-12-05 15:31:37,047 - INFO - Group 3: Mean rotation = 2543.8 RPM.
2024-12-05 15:31:37,048 - INFO - Group 4: Mean rotation = 2403.9 RPM.
2024-12-05 15:31:37,049 - INFO - Group 5: Mean rotation = 2300.8 RPM.
2024-12-05 15:31:37,050 - INFO - Group 6: Mean rotation = 2200.5 RPM.
2024-12-05 15:31:37,052 - INFO - Group 7: Mean rotation = 2095.2 RPM.
2024-12-05 15:31:37,053 - INFO - Group 8: Mean rotation = 2101.3 RPM.
2024-12-05 15:31:37,054 - INFO - Group 9: Mean rotation = 2000.2 RPM.
2024-12-05 15:31:37,056 - INFO - Group 10: Mean rotation = 1899.8 RPM.
2024-12-05 15:31:37,057 - INFO - Group 11: Mean rotation = 1799.6 RPM.
2024-12-05 15:31:37,059 - INFO - Group 12: Mean rotation = 1699.9 RPM.
2024-12-05 15:31:37,060 - INFO - Group 13: Mean rotation = 1599.0 RPM.
2024-12-05 15:31:37,062 - INFO - Group 14: Mean rotation = 1496.6 RPM.
2024-12-05 15:31:37,063 - INFO - Group 15: Mean rotation = 1400.9 RPM.
2024-12-05 15:31:37,064 - INFO - Group 16: Mean rotation = 1298.7 RPM.
2024-12-05 15:31:37,066 - INFO - Group 17: Mean rotation = 2423.6 RPM.
2024-12-05 15:31:37,067 - INFO - Group 18: Mean rotation = 1799.8 RPM.
2024-12-05 15:31:37,068 - INFO - Group 19: Mean rotation = 800.5 RPM.
2024-12-05 15:31:37,069 - INFO - Stable rotation levels extracted. Average values: [2.5, 800.6, 1815.4, 2543.8, 2403.9, 2300.8, 2200.5, 2095.2, 2101.3, 2000.2, 1899.8, 1799.6, 1699.9, 1599.0, 1496.6, 1400.9, 1298.7, 2423.6, 1799.8, 800.5]
2024-12-05 15:31:37,070 - INFO - !!!---> Starting identify_stable_torque_nm with threshold=1.6 and window='8000ms'
2024-12-05 15:31:37,070 - INFO - DataFrame copied for processing.
2024-12-05 15:31:37,071 - INFO - 'Time' column is already in datetime format.
2024-12-05 15:31:37,071 - INFO - 'Time' column set as index.
2024-12-05 15:31:37,071 - INFO - Computing rolling max and min of 'Moment obrotowy[Nm]'.
2024-12-05 15:31:37,073 - INFO - Rolling object parameters:
2024-12-05 15:31:37,073 - INFO -  - window: 8000ms
2024-12-05 15:31:37,073 - INFO -  - min_periods: 1
2024-12-05 15:31:37,073 - INFO -  - center: False
2024-12-05 15:31:37,073 - INFO -  - win_type: None
2024-12-05 15:31:37,074 - INFO -  - axis: 0
2024-12-05 15:31:37,074 - INFO -  - method: single
2024-12-05 15:31:37,074 - INFO -  - closed: None
2024-12-05 15:31:37,074 - INFO - Identified 1860 points where torque difference ≤ threshold.
2024-12-05 15:31:37,076 - INFO - Labeled stable regions into 33 groups.
2024-12-05 15:31:37,078 - INFO - Group 1: Found 474 stable time points.
2024-12-05 15:31:37,079 - INFO - Group 3: Found 40 stable time points.
2024-12-05 15:31:37,079 - INFO - Group 5: Found 2 stable time points.
2024-12-05 15:31:37,079 - INFO - Group 7: Found 106 stable time points.
2024-12-05 15:31:37,080 - INFO - Group 9: Found 89 stable time points.
2024-12-05 15:31:37,080 - INFO - Group 11: Found 36 stable time points.
2024-12-05 15:31:37,080 - INFO - Group 13: Found 28 stable time points.
2024-12-05 15:31:37,080 - INFO - Group 15: Found 86 stable time points.
2024-12-05 15:31:37,080 - INFO - Group 17: Found 63 stable time points.
2024-12-05 15:31:37,080 - INFO - Group 19: Found 92 stable time points.
2024-12-05 15:31:37,081 - INFO - Group 21: Found 67 stable time points.
2024-12-05 15:31:37,081 - INFO - Group 23: Found 94 stable time points.
2024-12-05 15:31:37,081 - INFO - Group 25: Found 96 stable time points.
2024-12-05 15:31:37,081 - INFO - Group 27: Found 69 stable time points.
2024-12-05 15:31:37,082 - INFO - Group 29: Found 70 stable time points.
2024-12-05 15:31:37,083 - INFO - Group 31: Found 22 stable time points.
2024-12-05 15:31:37,083 - INFO - Group 33: Found 426 stable time points.
2024-12-05 15:31:37,084 - INFO - Dropped temporary 'Stable' and 'Group' columns.
2024-12-05 15:31:37,084 - INFO - Identified 17 stable torque levels.
2024-12-05 15:31:37,085 - INFO - Group 0: Mean torque = 0.8 Nm.
2024-12-05 15:31:37,086 - INFO - Group 1: Mean torque = 296.7 Nm.
2024-12-05 15:31:37,087 - INFO - Group 2: Mean torque = 299.0 Nm.
2024-12-05 15:31:37,089 - INFO - Group 3: Mean torque = 311.4 Nm.
2024-12-05 15:31:37,090 - INFO - Group 4: Mean torque = 328.3 Nm.
2024-12-05 15:31:37,092 - INFO - Group 5: Mean torque = 330.5 Nm.
2024-12-05 15:31:37,093 - INFO - Group 6: Mean torque = 331.3 Nm.
2024-12-05 15:31:37,094 - INFO - Group 7: Mean torque = 338.5 Nm.
2024-12-05 15:31:37,096 - INFO - Group 8: Mean torque = 347.2 Nm.
2024-12-05 15:31:37,098 - INFO - Group 9: Mean torque = 350.5 Nm.
2024-12-05 15:31:37,099 - INFO - Group 10: Mean torque = 358.0 Nm.
2024-12-05 15:31:37,100 - INFO - Group 11: Mean torque = 367.2 Nm.
2024-12-05 15:31:37,101 - INFO - Group 12: Mean torque = 361.0 Nm.
2024-12-05 15:31:37,103 - INFO - Group 13: Mean torque = 364.6 Nm.
2024-12-05 15:31:37,104 - INFO - Group 14: Mean torque = 366.1 Nm.
2024-12-05 15:31:37,105 - INFO - Group 15: Mean torque = 297.3 Nm.
2024-12-05 15:31:37,107 - INFO - Group 16: Mean torque = 1.7 Nm.
2024-12-05 15:31:37,107 - INFO - Stable torque levels extracted. Average values: [0.8, 296.7, 299.0, 311.4, 328.3, 330.5, 331.3, 338.5, 347.2, 350.5, 358.0, 367.2, 361.0, 364.6, 366.1, 297.3, 1.7]
2024-12-05 15:31:37,109 - INFO - Starting identify_stable_fuel_consumption with threshold=0.1 and window='8000ms'
2024-12-05 15:31:37,110 - INFO - DataFrame copied for processing.
2024-12-05 15:31:37,110 - INFO - 'Time' column is already in datetime format.
2024-12-05 15:31:37,111 - INFO - 'Time' column set as index.
2024-12-05 15:31:37,111 - INFO - Computing rolling max and min of 'Zużycie paliwa średnie[g/s]'.
2024-12-05 15:31:37,112 - INFO - Rolling object parameters:
2024-12-05 15:31:37,112 - INFO -  - window: 8000ms
2024-12-05 15:31:37,113 - INFO -  - min_periods: 1
2024-12-05 15:31:37,113 - INFO -  - center: False
2024-12-05 15:31:37,113 - INFO -  - axis: 0
2024-12-05 15:31:37,113 - INFO -  - method: single
2024-12-05 15:31:37,113 - INFO -  - closed: None
2024-12-05 15:31:37,113 - INFO - Identified 1525 points where fuel consumption difference ≤ threshold.
2024-12-05 15:31:37,114 - INFO - Labeled stable regions into 47 groups.
2024-12-05 15:31:37,116 - INFO - Group 1: Found 33 stable time points.
2024-12-05 15:31:37,116 - INFO - Group 3: Found 208 stable time points.
2024-12-05 15:31:37,117 - INFO - Group 5: Found 37 stable time points.
2024-12-05 15:31:37,117 - INFO - Group 7: Found 10 stable time points.
2024-12-05 15:31:37,117 - INFO - Group 9: Found 34 stable time points.
2024-12-05 15:31:37,117 - INFO - Group 11: Found 26 stable time points.
2024-12-05 15:31:37,117 - INFO - Group 13: Found 73 stable time points.
2024-12-05 15:31:37,118 - INFO - Group 15: Found 62 stable time points.
2024-12-05 15:31:37,118 - INFO - Group 17: Found 27 stable time points.
2024-12-05 15:31:37,118 - INFO - Group 19: Found 2 stable time points.
2024-12-05 15:31:37,118 - INFO - Group 21: Found 156 stable time points.
2024-12-05 15:31:37,118 - INFO - Group 23: Found 1 stable time points.
2024-12-05 15:31:37,118 - INFO - Group 25: Found 31 stable time points.
2024-12-05 15:31:37,118 - INFO - Group 27: Found 113 stable time points.
2024-12-05 15:31:37,119 - INFO - Group 29: Found 88 stable time points.
2024-12-05 15:31:37,119 - INFO - Group 31: Found 69 stable time points.
2024-12-05 15:31:37,119 - INFO - Group 33: Found 71 stable time points.
2024-12-05 15:31:37,119 - INFO - Group 35: Found 97 stable time points.
2024-12-05 15:31:37,119 - INFO - Group 37: Found 83 stable time points.
2024-12-05 15:31:37,119 - INFO - Group 39: Found 9 stable time points.
2024-12-05 15:31:37,119 - INFO - Group 41: Found 36 stable time points.
2024-12-05 15:31:37,120 - INFO - Group 43: Found 21 stable time points.
2024-12-05 15:31:37,120 - INFO - Group 45: Found 154 stable time points.
2024-12-05 15:31:37,120 - INFO - Group 47: Found 84 stable time points.
2024-12-05 15:31:37,121 - INFO - Dropped temporary 'Stable' and 'Group' columns.
2024-12-05 15:31:37,121 - INFO - Identified 24 stable fuel consumption levels.
2024-12-05 15:31:37,122 - INFO - Group 0: Mean fuel consumption = 0.04 g/s.
2024-12-05 15:31:37,123 - INFO - Group 1: Mean fuel consumption = 0.23 g/s.
2024-12-05 15:31:37,125 - INFO - Group 2: Mean fuel consumption = 0.64 g/s.
2024-12-05 15:31:37,127 - INFO - Group 3: Mean fuel consumption = 1.53 g/s.
2024-12-05 15:31:37,128 - INFO - Group 4: Mean fuel consumption = 4.84 g/s.
2024-12-05 15:31:37,130 - INFO - Group 5: Mean fuel consumption = 5.0 g/s.
2024-12-05 15:31:37,131 - INFO - Group 6: Mean fuel consumption = 4.99 g/s.
2024-12-05 15:31:37,132 - INFO - Group 7: Mean fuel consumption = 4.94 g/s.
2024-12-05 15:31:37,133 - INFO - Group 8: Mean fuel consumption = 4.95 g/s.
2024-12-05 15:31:37,134 - INFO - Group 9: Mean fuel consumption = 4.85 g/s.
2024-12-05 15:31:37,136 - INFO - Group 10: Mean fuel consumption = 4.75 g/s.
2024-12-05 15:31:37,137 - INFO - Group 11: Mean fuel consumption = 4.61 g/s.
2024-12-05 15:31:37,138 - INFO - Group 12: Mean fuel consumption = 4.61 g/s.
2024-12-05 15:31:37,139 - INFO - Group 13: Mean fuel consumption = 4.5 g/s.
2024-12-05 15:31:37,140 - INFO - Group 14: Mean fuel consumption = 4.28 g/s.
2024-12-05 15:31:37,141 - INFO - Group 15: Mean fuel consumption = 4.09 g/s.
2024-12-05 15:31:37,142 - INFO - Group 16: Mean fuel consumption = 3.86 g/s.
2024-12-05 15:31:37,144 - INFO - Group 17: Mean fuel consumption = 3.49 g/s.
2024-12-05 15:31:37,146 - INFO - Group 18: Mean fuel consumption = 3.23 g/s.
2024-12-05 15:31:37,147 - INFO - Group 19: Mean fuel consumption = 3.12 g/s.
2024-12-05 15:31:37,148 - INFO - Group 20: Mean fuel consumption = 3.06 g/s.
2024-12-05 15:31:37,149 - INFO - Group 21: Mean fuel consumption = 0.42 g/s.
2024-12-05 15:31:37,150 - INFO - Group 22: Mean fuel consumption = 0.52 g/s.
2024-12-05 15:31:37,152 - INFO - Group 23: Mean fuel consumption = 0.2 g/s.
2024-12-05 15:31:37,152 - INFO - Stable fuel consumption levels extracted. Average values: [0.04, 0.23, 0.64, 1.53, 4.84, 5.0, 4.99, 4.94, 4.95, 4.85, 4.75, 4.61, 4.61, 4.5, 4.28, 4.09, 3.86, 3.49, 3.23, 3.12, 3.06, 0.42, 0.52, 0.2]
2024-12-05 15:31:37,154 - INFO - Starting filter_high_temperature_oil.
2024-12-05 15:31:37,154 - INFO - Removed 0 rows where oil temperature was less than 50°C.
2024-12-05 15:31:37,166 - INFO - Extracted 911 rows of intersected stable data.
2024-12-05 15:31:37,167 - INFO - DataFrame cleaned successfully using DataCleaner.
2024-12-05 15:31:37,168 - INFO - Starting metadata extraction for multiple DataFrames...
2024-12-05 15:31:37,168 - INFO - Processing DataFrame 1/1 with shape (911, 18)...
2024-12-05 15:31:37,173 - INFO - Metadata for DataFrame 0, names_of_files_under_procession:['TiL II st Zew B20 IRiL - 2019-11.parquet', '', 'B20'], DataFrame after filtering and cleaning::
+----+--------------------------------+----------------+------------------+--------------+-----------------+----------------+
|    | Column                         |   Total Values |   Non-Null Count |   Null Count |   Unique Values | Data Type      |
+====+================================+================+==================+==============+=================+================+
|  0 | Time                           |            911 |              911 |            0 |             911 | datetime64[ns] |
+----+--------------------------------+----------------+------------------+--------------+-----------------+----------------+
|  1 | Ciś. pow. za turb.[Pa]         |            911 |              911 |            0 |              22 | float64        |
+----+--------------------------------+----------------+------------------+--------------+-----------------+----------------+
|  2 | Ciśnienie atmosferyczne[hPa]   |            911 |              911 |            0 |               1 | float64        |
+----+--------------------------------+----------------+------------------+--------------+-----------------+----------------+
|  3 | ECT - wyjście z sil.[°C]       |            911 |              911 |            0 |              46 | float64        |
+----+--------------------------------+----------------+------------------+--------------+-----------------+----------------+
|  4 | MAF[kg/h]                      |            911 |              911 |            0 |             409 | float64        |
+----+--------------------------------+----------------+------------------+--------------+-----------------+----------------+
|  5 | Moc[kW]                        |            911 |              911 |            0 |              47 | float64        |
+----+--------------------------------+----------------+------------------+--------------+-----------------+----------------+
|  6 | Moment obrotowy[Nm]            |            911 |              911 |            0 |             130 | float64        |
+----+--------------------------------+----------------+------------------+--------------+-----------------+----------------+
|  7 | Obroty[obr/min]                |            911 |              911 |            0 |              94 | int64          |
+----+--------------------------------+----------------+------------------+--------------+-----------------+----------------+
|  8 | Temp. oleju w misce[°C]        |            911 |              911 |            0 |              25 | float64        |
+----+--------------------------------+----------------+------------------+--------------+-----------------+----------------+
|  9 | Temp. otoczenia[°C]            |            911 |              911 |            0 |              12 | float64        |
+----+--------------------------------+----------------+------------------+--------------+-----------------+----------------+
| 10 | Temp. pal. na wyjściu sil.[°C] |            911 |              911 |            0 |              77 | float64        |
+----+--------------------------------+----------------+------------------+--------------+-----------------+----------------+
| 11 | Temp. powietrza za turb.[°C]   |            911 |              911 |            0 |              35 | float64        |
+----+--------------------------------+----------------+------------------+--------------+-----------------+----------------+
| 12 | Temp. spalin 1/6[°C]           |            911 |              911 |            0 |             115 | float64        |
+----+--------------------------------+----------------+------------------+--------------+-----------------+----------------+
| 13 | Temp. spalin 2/6[°C]           |            911 |              911 |            0 |             120 | float64        |
+----+--------------------------------+----------------+------------------+--------------+-----------------+----------------+
| 14 | Temp. spalin 3/6[°C]           |            911 |              911 |            0 |             118 | float64        |
+----+--------------------------------+----------------+------------------+--------------+-----------------+----------------+
| 15 | Temp. spalin 4/6[°C]           |            911 |              911 |            0 |             123 | float64        |
+----+--------------------------------+----------------+------------------+--------------+-----------------+----------------+
| 16 | Wilgotność względna[%]         |            911 |              911 |            0 |               3 | float64        |
+----+--------------------------------+----------------+------------------+--------------+-----------------+----------------+
| 17 | Zużycie paliwa średnie[g/s]    |            911 |              911 |            0 |             545 | float64        |
+----+--------------------------------+----------------+------------------+--------------+-----------------+----------------+
2024-12-05 15:31:37,174 - INFO - Metadata extraction completed for all DataFrames.
2024-12-05 15:31:45,704 - INFO - Step 5: Data filtered and preprocessed successfully.
2024-12-05 15:31:45,704 - INFO - Step 6: Continue data pipeline. Saving cleaned data...
2024-12-05 15:31:45,729 - INFO - Filtered and Cleaned data saved to /home/viktar-taustyka/GitHubRepos/DT-Engine/data/processed/cleaned_data_TiL II st Zew B20 IRiL - 2019-11.parquet
2024-12-05 15:31:45,737 - INFO - Filtered and Cleaned data saved to /home/viktar-taustyka/GitHubRepos/DT-Engine/data/processed/filtered_data.parquet
2024-12-05 15:31:45,737 - INFO - Step 6: Save cleaned data completed successfully.
2024-12-05 15:31:46,692 - INFO - Step 6: Filtered and Cleaned data saved successfully.
2024-12-05 15:31:46,692 - INFO - Starting atmospheric power correction.
2024-12-05 15:31:46,698 - INFO - Average power correction: -0.27%
2024-12-05 15:31:46,698 - INFO - Maximum power correction: -0.18%
2024-12-05 15:31:46,698 - INFO - Average torque correction: -0.27%
2024-12-05 15:31:46,698 - INFO - Maximum torque correction: -0.18%
2024-12-05 15:31:46,699 - INFO - Atmospheric power correction applied successfully.
2024-12-05 15:31:46,703 - INFO - Mean exhaust gas temperature calculated successfully.
2024-12-05 15:31:46,704 - INFO - Continue data pipeline. Step 8: Visualizing data...
2024-12-05 15:31:55,385 - INFO - Step 8: Data visualization completed successfully.
2024-12-05 15:31:55,386 - INFO - Data pipeline completed successfully.
