2024-11-28 11:46:04,886 - INFO - Starting data pipeline...
2024-11-28 11:46:04,888 - INFO - Step 1: Building files_with_raw_data_links.json...
2024-11-28 11:46:04,889 - INFO - Step 1: files_with_raw_data_links.json built successfully.
2024-11-28 11:46:09,288 - INFO - Step 1: files_with_raw_data_links.json built successfully.
2024-11-28 11:46:09,288 - INFO - Continue data pipeline. Step 2: Loading raw data...
2024-11-28 11:46:09,290 - INFO - DataLoader initialized with raw data path: /home/viktar-taustyka/GitHubRepos/DT-Engine/data/raw
2024-11-28 11:46:09,290 - INFO - Loading main file: TiL II st Zew B20 IRiL _ 2019-11-06.xlsx
2024-11-28 11:46:09,290 - INFO - Loading data from file: /home/viktar-taustyka/GitHubRepos/DT-Engine/data/raw/TiL II st Zew B20 IRiL _ 2019-11-06.xlsx
2024-11-28 11:46:36,096 - INFO - Data loaded successfully from file: /home/viktar-taustyka/GitHubRepos/DT-Engine/data/raw/TiL II st Zew B20 IRiL _ 2019-11-06.xlsx
2024-11-28 11:46:36,096 - INFO - Data Frame Columns: ['Czas [ms]', 'Ciś. pow. przed turb.[Pa]', 'Czas [ms].1', 'Ciś. pow. za turb.[Pa]', 'Czas [ms].2', 'Ciśnienie atmosferyczne[hPa]', 'Czas [ms].3', 'Ciśnienie oleju[bar]', 'Czas [ms].4', 'Ciśnienie spalin[Pa]', 'Czas [ms].5', 'Dopeł. zb. 1/3[-]', 'Czas [ms].6', 'Dopeł. zb. 2/3[-]', 'Czas [ms].7', 'Dopeł. zb. 3/3[-]', 'Czas [ms].8', 'Dopełnianie[-]', 'Czas [ms].9', 'Duży obieg[-]', 'Czas [ms].10', 'ECT - wejście do sil.[°C]', 'Czas [ms].11', 'ECT - wyjście z sil.[°C]', 'Czas [ms].12', 'Główny obieg - przepływ[m³/h]', 'Czas [ms].13', 'Główny obieg - temp.[°C]', 'Czas [ms].14', 'GPReg_Setpoint0[°C]', 'Czas [ms].15', 'GPReg_Setpoint1[°C]', 'Czas [ms].16', 'GPReg_Setpoint2[°C]', 'Czas [ms].17', 'Hamulec, lewa komora, temp.[°C]', 'Czas [ms].18', 'Hamulec, prawa komora, temp.[°C]', 'Czas [ms].19', 'Hamulec, przepływ wody[m³/h]', 'Czas [ms].20', 'Ilość paliwa w zbiorniku[g]', 'Czas [ms].21', 'Kond. - przepływ wody[l/min]', 'Czas [ms].22', 'Kontrolka zb. 1/3 [-]', 'Czas [ms].23', 'Kontrolka zb. 2/3 [-]', 'Czas [ms].24', 'Kontrolka zb. 3/3 [-]', 'Czas [ms].25', 'MAF[kg/h]', 'Czas [ms].26', 'Moc[kW]', 'Czas [ms].27', 'Moment obrotowy[Nm]', 'Czas [ms].28', 'Moment Tryb2[Nm]', 'Czas [ms].29', 'Moment Tryb3[Nm]', 'Czas [ms].30', 'Obroty[obr/min]', 'Czas [ms].31', 'Poz. paliwa zb. 1/3[mm]', 'Czas [ms].32', 'Poz. paliwa zb. 2/3[mm]', 'Czas [ms].33', 'Poz. paliwa zb. 3/3[mm]', 'Czas [ms].34', 'Przekaź. pompy paliwa[-]', 'Czas [ms].35', 'Przekaźnik zapłonu[-]', 'Czas [ms].36', 'Przepustnica[%]', 'Czas [ms].37', 'Przepustnica Tryb0[%]', 'Czas [ms].38', 'Przepustnica Tryb1[%]', 'Czas [ms].39', 'Przepustnica Tryb2[%]', 'Czas [ms].40', 'Przyklad[bar]', 'Czas [ms].41', 'PWM Tryb0[%]', 'Czas [ms].42', 'Rozrusznik[-]', 'Czas [ms].43', 'RPM Tryb1[obr/min]', 'Czas [ms].44', 'RPM Tryb3[obr/min]', 'Czas [ms].45', 'Starter[-]', 'Czas [ms].46', 'Stycz. chłodni went.[-]', 'Czas [ms].47', 'Temp. oleju przed wym.[°C]', 'Czas [ms].48', 'Temp. oleju w misce[°C]', 'Czas [ms].49', 'Temp. oleju za wym.[°C]', 'Czas [ms].50', 'Temp. otoczenia[°C]', 'Czas [ms].51', 'Temp. pal. na wejściu sil.[°C]', 'Czas [ms].52', 'Temp. pal. na wyjściu sil.[°C]', 'Czas [ms].53', 'Temp. paliwa w zb. 1/3[°C]', 'Czas [ms].54', 'Temp. paliwa w zb. 2/3[°C]', 'Czas [ms].55', 'Temp. paliwa w zb. 3/3[°C]', 'Czas [ms].56', 'Temp. powietrza przed turb.[°C]', 'Czas [ms].57', 'Temp. powietrza za turb.[°C]', 'Czas [ms].58', 'Temp. spalin 1/6[°C]', 'Czas [ms].59', 'Temp. spalin 2/6[°C]', 'Czas [ms].60', 'Temp. spalin 3/6[°C]', 'Czas [ms].61', 'Temp. spalin 4/6[°C]', 'Czas [ms].62', 'Temp. spalin za turbiną 1/2[°C]', 'Czas [ms].63', 'Temp. spalin za turbiną 2/2[°C]', 'Czas [ms].64', 'Temp.pal.na wyjściu[°C]', 'Czas [ms].65', 'Temp.paliwa żądana[°C]', 'Czas [ms].66', 'Wilgotność względna[%]', 'Czas [ms].67', 'Wyłącznik bezpieczeństwa[-]', 'Czas [ms].68', 'Zapłon[-]', 'Czas [ms].69', 'Zaw. zb. paliwa 1/3[-]', 'Czas [ms].70', 'Zaw. zb. paliwa 2/3[-]', 'Czas [ms].71', 'Zaw. zb. paliwa 3/3[-]', 'Czas [ms].72', 'Zawór reg. chł. cieczy[-]', 'Czas [ms].73', 'Zużycie paliwa bieżące[g/s]', 'Czas [ms].74', 'Zużycie paliwa średnie[g/s]']
2024-11-28 11:46:36,098 - INFO - Data from file 'TiL II st Zew B20 IRiL _ 2019-11-06.xlsx':
╒════╤═════════════╤═════════════════════════════╤═══════════════╤══════════════════════════╤═══════════════╤════════════════════════════════╕
│    │   Czas [ms] │   Ciś. pow. przed turb.[Pa] │   Czas [ms].1 │   Ciś. pow. za turb.[Pa] │   Czas [ms].2 │   Ciśnienie atmosferyczne[hPa] │
╞════╪═════════════╪═════════════════════════════╪═══════════════╪══════════════════════════╪═══════════════╪════════════════════════════════╡
│  0 │         139 │                         -66 │           139 │                      -68 │            92 │                            979 │
├────┼─────────────┼─────────────────────────────┼───────────────┼──────────────────────────┼───────────────┼────────────────────────────────┤
│  1 │         340 │                         -66 │           339 │                      -68 │           294 │                            979 │
├────┼─────────────┼─────────────────────────────┼───────────────┼──────────────────────────┼───────────────┼────────────────────────────────┤
│  2 │         540 │                         -20 │           540 │                     -105 │           493 │                            979 │
╘════╧═════════════╧═════════════════════════════╧═══════════════╧══════════════════════════╧═══════════════╧════════════════════════════════╛
2024-11-28 11:46:36,099 - INFO - Data from file 'TiL II st Zew B20 IRiL _ 2019-11-06.xlsx':
╒════╤═══════════════╤════════════════════════╤═══════════════╤════════════════════════╤═══════════════╤═════════════════════╕
│    │   Czas [ms].3 │   Ciśnienie oleju[bar] │   Czas [ms].4 │   Ciśnienie spalin[Pa] │   Czas [ms].5 │   Dopeł. zb. 1/3[-] │
╞════╪═══════════════╪════════════════════════╪═══════════════╪════════════════════════╪═══════════════╪═════════════════════╡
│  0 │           139 │                  0.006 │           141 │                     37 │           393 │                   0 │
├────┼───────────────┼────────────────────────┼───────────────┼────────────────────────┼───────────────┼─────────────────────┤
│  1 │           339 │                  0.006 │           341 │                     37 │          1395 │                   0 │
├────┼───────────────┼────────────────────────┼───────────────┼────────────────────────┼───────────────┼─────────────────────┤
│  2 │           540 │                  0.006 │           541 │                     10 │          2396 │                   0 │
╘════╧═══════════════╧════════════════════════╧═══════════════╧════════════════════════╧═══════════════╧═════════════════════╛
2024-11-28 11:46:36,101 - INFO - Data from file 'TiL II st Zew B20 IRiL _ 2019-11-06.xlsx':
╒════╤═══════════════╤═════════════════════╤═══════════════╤═════════════════════╤═══════════════╤══════════════════╕
│    │   Czas [ms].6 │   Dopeł. zb. 2/3[-] │   Czas [ms].7 │   Dopeł. zb. 3/3[-] │   Czas [ms].8 │   Dopełnianie[-] │
╞════╪═══════════════╪═════════════════════╪═══════════════╪═════════════════════╪═══════════════╪══════════════════╡
│  0 │           393 │                   0 │           393 │                   0 │           526 │                0 │
├────┼───────────────┼─────────────────────┼───────────────┼─────────────────────┼───────────────┼──────────────────┤
│  1 │          1395 │                   0 │          1395 │                   0 │          1527 │                0 │
├────┼───────────────┼─────────────────────┼───────────────┼─────────────────────┼───────────────┼──────────────────┤
│  2 │          2396 │                   0 │          2396 │                   0 │          2529 │                0 │
╘════╧═══════════════╧═════════════════════╧═══════════════╧═════════════════════╧═══════════════╧══════════════════╛
2024-11-28 11:46:36,102 - INFO - Data from file 'TiL II st Zew B20 IRiL _ 2019-11-06.xlsx':
╒════╤═══════════════╤═════════════════╤════════════════╤═════════════════════════════╤════════════════╤════════════════════════════╕
│    │   Czas [ms].9 │   Duży obieg[-] │   Czas [ms].10 │   ECT - wejście do sil.[°C] │   Czas [ms].11 │   ECT - wyjście z sil.[°C] │
╞════╪═══════════════╪═════════════════╪════════════════╪═════════════════════════════╪════════════════╪════════════════════════════╡
│  0 │           235 │               0 │            189 │                        24.9 │            189 │                         67 │
├────┼───────────────┼─────────────────┼────────────────┼─────────────────────────────┼────────────────┼────────────────────────────┤
│  1 │           489 │               0 │            389 │                        24.9 │            389 │                         67 │
├────┼───────────────┼─────────────────┼────────────────┼─────────────────────────────┼────────────────┼────────────────────────────┤
│  2 │          1236 │               0 │            590 │                        24.9 │            590 │                         67 │
╘════╧═══════════════╧═════════════════╧════════════════╧═════════════════════════════╧════════════════╧════════════════════════════╛
2024-11-28 11:46:36,103 - INFO - Data from file 'TiL II st Zew B20 IRiL _ 2019-11-06.xlsx':
╒════╤════════════════╤═════════════════════════════════╤════════════════╤════════════════════════════╤════════════════╤═══════════════════════╕
│    │   Czas [ms].12 │   Główny obieg - przepływ[m³/h] │   Czas [ms].13 │   Główny obieg - temp.[°C] │   Czas [ms].14 │   GPReg_Setpoint0[°C] │
╞════╪════════════════╪═════════════════════════════════╪════════════════╪════════════════════════════╪════════════════╪═══════════════════════╡
│  0 │            193 │                          164.09 │             94 │                       24.3 │             34 │                    60 │
├────┼────────────────┼─────────────────────────────────┼────────────────┼────────────────────────────┼────────────────┼───────────────────────┤
│  1 │            394 │                          149.74 │            295 │                       24.4 │            335 │                    60 │
├────┼────────────────┼─────────────────────────────────┼────────────────┼────────────────────────────┼────────────────┼───────────────────────┤
│  2 │            593 │                          158.43 │            494 │                       24.4 │            635 │                    60 │
╘════╧════════════════╧═════════════════════════════════╧════════════════╧════════════════════════════╧════════════════╧═══════════════════════╛
2024-11-28 11:46:36,105 - INFO - Data from file 'TiL II st Zew B20 IRiL _ 2019-11-06.xlsx':
╒════╤════════════════╤═══════════════════════╤════════════════╤═══════════════════════╤════════════════╤═══════════════════════════════════╕
│    │   Czas [ms].15 │   GPReg_Setpoint1[°C] │   Czas [ms].16 │   GPReg_Setpoint2[°C] │   Czas [ms].17 │   Hamulec, lewa komora, temp.[°C] │
╞════╪════════════════╪═══════════════════════╪════════════════╪═══════════════════════╪════════════════╪═══════════════════════════════════╡
│  0 │             34 │                    30 │             34 │                    34 │            125 │                                22 │
├────┼────────────────┼───────────────────────┼────────────────┼───────────────────────┼────────────────┼───────────────────────────────────┤
│  1 │            335 │                    30 │            335 │                    34 │            325 │                                22 │
├────┼────────────────┼───────────────────────┼────────────────┼───────────────────────┼────────────────┼───────────────────────────────────┤
│  2 │            635 │                    30 │            635 │                    34 │            525 │                                22 │
╘════╧════════════════╧═══════════════════════╧════════════════╧═══════════════════════╧════════════════╧═══════════════════════════════════╛
2024-11-28 11:46:36,106 - INFO - Data from file 'TiL II st Zew B20 IRiL _ 2019-11-06.xlsx':
╒════╤════════════════╤════════════════════════════════════╤════════════════╤════════════════════════════════╤════════════════╤═══════════════════════════════╕
│    │   Czas [ms].18 │   Hamulec, prawa komora, temp.[°C] │   Czas [ms].19 │   Hamulec, przepływ wody[m³/h] │   Czas [ms].20 │   Ilość paliwa w zbiorniku[g] │
╞════╪════════════════╪════════════════════════════════════╪════════════════╪════════════════════════════════╪════════════════╪═══════════════════════════════╡
│  0 │            124 │                                 22 │             74 │                           11.8 │             65 │                       589.209 │
├────┼────────────────┼────────────────────────────────────┼────────────────┼────────────────────────────────┼────────────────┼───────────────────────────────┤
│  1 │            325 │                                 22 │            274 │                           11.8 │            315 │                       589.091 │
├────┼────────────────┼────────────────────────────────────┼────────────────┼────────────────────────────────┼────────────────┼───────────────────────────────┤
│  2 │            525 │                                 22 │            475 │                           11.8 │            566 │                       589.06  │
╘════╧════════════════╧════════════════════════════════════╧════════════════╧════════════════════════════════╧════════════════╧═══════════════════════════════╛
2024-11-28 11:46:36,107 - INFO - Data from file 'TiL II st Zew B20 IRiL _ 2019-11-06.xlsx':
╒════╤════════════════╤════════════════════════════════╤════════════════╤═════════════════════════╤════════════════╤═════════════════════════╕
│    │   Czas [ms].21 │   Kond. - przepływ wody[l/min] │   Czas [ms].22 │   Kontrolka zb. 1/3 [-] │   Czas [ms].23 │   Kontrolka zb. 2/3 [-] │
╞════╪════════════════╪════════════════════════════════╪════════════════╪═════════════════════════╪════════════════╪═════════════════════════╡
│  0 │             73 │                           8.1  │            393 │                       0 │            393 │                       0 │
├────┼────────────────┼────────────────────────────────┼────────────────┼─────────────────────────┼────────────────┼─────────────────────────┤
│  1 │            275 │                           7.85 │           1394 │                       0 │           1394 │                       0 │
├────┼────────────────┼────────────────────────────────┼────────────────┼─────────────────────────┼────────────────┼─────────────────────────┤
│  2 │            474 │                           7.81 │           1796 │                       0 │           1796 │                       0 │
╘════╧════════════════╧════════════════════════════════╧════════════════╧═════════════════════════╧════════════════╧═════════════════════════╛
2024-11-28 11:46:36,109 - INFO - Data from file 'TiL II st Zew B20 IRiL _ 2019-11-06.xlsx':
╒════╤════════════════╤═════════════════════════╤════════════════╤═════════════╤════════════════╤═══════════╕
│    │   Czas [ms].24 │   Kontrolka zb. 3/3 [-] │   Czas [ms].25 │   MAF[kg/h] │   Czas [ms].26 │   Moc[kW] │
╞════╪════════════════╪═════════════════════════╪════════════════╪═════════════╪════════════════╪═══════════╡
│  0 │            393 │                       0 │            140 │         0   │             34 │         0 │
├────┼────────────────┼─────────────────────────┼────────────────┼─────────────┼────────────────┼───────────┤
│  1 │           1394 │                       0 │            340 │         0   │            235 │         0 │
├────┼────────────────┼─────────────────────────┼────────────────┼─────────────┼────────────────┼───────────┤
│  2 │           1796 │                       0 │            540 │         1.8 │            435 │         0 │
╘════╧════════════════╧═════════════════════════╧════════════════╧═════════════╧════════════════╧═══════════╛
2024-11-28 11:46:36,111 - INFO - Data from file 'TiL II st Zew B20 IRiL _ 2019-11-06.xlsx':
╒════╤════════════════╤═══════════════════════╤════════════════╤════════════════════╤════════════════╤════════════════════╕
│    │   Czas [ms].27 │   Moment obrotowy[Nm] │   Czas [ms].28 │   Moment Tryb2[Nm] │   Czas [ms].29 │   Moment Tryb3[Nm] │
╞════╪════════════════╪═══════════════════════╪════════════════╪════════════════════╪════════════════╪════════════════════╡
│  0 │              0 │                  -0.3 │         485528 │              295.2 │         486097 │              298.4 │
├────┼────────────────┼───────────────────────┼────────────────┼────────────────────┼────────────────┼────────────────────┤
│  1 │             20 │                  -0.3 │         485679 │              295.2 │         486180 │              298.4 │
├────┼────────────────┼───────────────────────┼────────────────┼────────────────────┼────────────────┼────────────────────┤
│  2 │             40 │                  -0.3 │         485930 │              295.2 │         486430 │              298.4 │
╘════╧════════════════╧═══════════════════════╧════════════════╧════════════════════╧════════════════╧════════════════════╛
2024-11-28 11:46:36,112 - INFO - Data from file 'TiL II st Zew B20 IRiL _ 2019-11-06.xlsx':
╒════╤════════════════╤═══════════════════╤════════════════╤═══════════════════════════╤════════════════╤═══════════════════════════╕
│    │   Czas [ms].30 │   Obroty[obr/min] │   Czas [ms].31 │   Poz. paliwa zb. 1/3[mm] │   Czas [ms].32 │   Poz. paliwa zb. 2/3[mm] │
╞════╪════════════════╪═══════════════════╪════════════════╪═══════════════════════════╪════════════════╪═══════════════════════════╡
│  0 │              0 │                 0 │            140 │                       120 │            140 │                        32 │
├────┼────────────────┼───────────────────┼────────────────┼───────────────────────────┼────────────────┼───────────────────────────┤
│  1 │             20 │                 0 │            341 │                       120 │            341 │                        32 │
├────┼────────────────┼───────────────────┼────────────────┼───────────────────────────┼────────────────┼───────────────────────────┤
│  2 │             40 │                 0 │            541 │                       120 │            541 │                        32 │
╘════╧════════════════╧═══════════════════╧════════════════╧═══════════════════════════╧════════════════╧═══════════════════════════╛
2024-11-28 11:46:36,114 - INFO - Data from file 'TiL II st Zew B20 IRiL _ 2019-11-06.xlsx':
╒════╤════════════════╤═══════════════════════════╤════════════════╤════════════════════════════╤════════════════╤═════════════════════════╕
│    │   Czas [ms].33 │   Poz. paliwa zb. 3/3[mm] │   Czas [ms].34 │   Przekaź. pompy paliwa[-] │   Czas [ms].35 │   Przekaźnik zapłonu[-] │
╞════╪════════════════╪═══════════════════════════╪════════════════╪════════════════════════════╪════════════════╪═════════════════════════╡
│  0 │            141 │                       110 │            489 │                          0 │            393 │                       1 │
├────┼────────────────┼───────────────────────────┼────────────────┼────────────────────────────┼────────────────┼─────────────────────────┤
│  1 │            341 │                       110 │           1491 │                          0 │           1394 │                       1 │
├────┼────────────────┼───────────────────────────┼────────────────┼────────────────────────────┼────────────────┼─────────────────────────┤
│  2 │            541 │                       110 │           2492 │                          0 │           1796 │                       1 │
╘════╧════════════════╧═══════════════════════════╧════════════════╧════════════════════════════╧════════════════╧═════════════════════════╛
2024-11-28 11:46:36,115 - INFO - Data from file 'TiL II st Zew B20 IRiL _ 2019-11-06.xlsx':
╒════╤════════════════╤═══════════════════╤════════════════╤═════════════════════════╤════════════════╤═════════════════════════╕
│    │   Czas [ms].36 │   Przepustnica[%] │   Czas [ms].37 │   Przepustnica Tryb0[%] │   Czas [ms].38 │   Przepustnica Tryb1[%] │
╞════╪════════════════╪═══════════════════╪════════════════╪═════════════════════════╪════════════════╪═════════════════════════╡
│  0 │             90 │                 0 │            235 │                       0 │          40266 │                       0 │
├────┼────────────────┼───────────────────┼────────────────┼─────────────────────────┼────────────────┼─────────────────────────┤
│  1 │            340 │                 0 │            485 │                       0 │          40292 │                       0 │
├────┼────────────────┼───────────────────┼────────────────┼─────────────────────────┼────────────────┼─────────────────────────┤
│  2 │            590 │                 0 │            735 │                       0 │          40542 │                       0 │
╘════╧════════════════╧═══════════════════╧════════════════╧═════════════════════════╧════════════════╧═════════════════════════╛
2024-11-28 11:46:36,117 - INFO - Data from file 'TiL II st Zew B20 IRiL _ 2019-11-06.xlsx':
╒════╤════════════════╤═════════════════════════╤════════════════╤═════════════════╤════════════════╤════════════════╕
│    │   Czas [ms].39 │   Przepustnica Tryb2[%] │   Czas [ms].40 │   Przyklad[bar] │   Czas [ms].41 │   PWM Tryb0[%] │
╞════╪════════════════╪═════════════════════════╪════════════════╪═════════════════╪════════════════╪════════════════╡
│  0 │         485528 │                     100 │             42 │               0 │            235 │              0 │
├────┼────────────────┼─────────────────────────┼────────────────┼─────────────────┼────────────────┼────────────────┤
│  1 │         485679 │                     100 │            243 │               0 │            485 │              0 │
├────┼────────────────┼─────────────────────────┼────────────────┼─────────────────┼────────────────┼────────────────┤
│  2 │         485930 │                     100 │            443 │               0 │            735 │              0 │
╘════╧════════════════╧═════════════════════════╧════════════════╧═════════════════╧════════════════╧════════════════╛
2024-11-28 11:46:36,118 - INFO - Data from file 'TiL II st Zew B20 IRiL _ 2019-11-06.xlsx':
╒════╤════════════════╤═════════════════╤════════════════╤══════════════════════╤════════════════╤══════════════════════╕
│    │   Czas [ms].42 │   Rozrusznik[-] │   Czas [ms].43 │   RPM Tryb1[obr/min] │   Czas [ms].44 │   RPM Tryb3[obr/min] │
╞════╪════════════════╪═════════════════╪════════════════╪══════════════════════╪════════════════╪══════════════════════╡
│  0 │            393 │               1 │          40266 │                  800 │         486097 │                 2416 │
├────┼────────────────┼─────────────────┼────────────────┼──────────────────────┼────────────────┼──────────────────────┤
│  1 │            901 │               1 │          40292 │                  800 │         486180 │                 2416 │
├────┼────────────────┼─────────────────┼────────────────┼──────────────────────┼────────────────┼──────────────────────┤
│  2 │           1394 │               1 │          40542 │                  800 │         486430 │                 2416 │
╘════╧════════════════╧═════════════════╧════════════════╧══════════════════════╧════════════════╧══════════════════════╛
2024-11-28 11:46:36,120 - INFO - Data from file 'TiL II st Zew B20 IRiL _ 2019-11-06.xlsx':
╒════╤════════════════╤══════════════╤════════════════╤═══════════════════════════╤════════════════╤══════════════════════════════╕
│    │   Czas [ms].45 │   Starter[-] │   Czas [ms].46 │   Stycz. chłodni went.[-] │   Czas [ms].47 │   Temp. oleju przed wym.[°C] │
╞════╪════════════════╪══════════════╪════════════════╪═══════════════════════════╪════════════════╪══════════════════════════════╡
│  0 │            902 │            1 │            235 │                         0 │            189 │                         22.1 │
├────┼────────────────┼──────────────┼────────────────┼───────────────────────────┼────────────────┼──────────────────────────────┤
│  1 │           1803 │            0 │            489 │                         0 │            390 │                         22.1 │
├────┼────────────────┼──────────────┼────────────────┼───────────────────────────┼────────────────┼──────────────────────────────┤
│  2 │           2805 │            0 │           1236 │                         0 │            590 │                         22.1 │
╘════╧════════════════╧══════════════╧════════════════╧═══════════════════════════╧════════════════╧══════════════════════════════╛
2024-11-28 11:46:36,121 - INFO - Data from file 'TiL II st Zew B20 IRiL _ 2019-11-06.xlsx':
╒════╤════════════════╤═══════════════════════════╤════════════════╤═══════════════════════════╤════════════════╤═══════════════════════╕
│    │   Czas [ms].48 │   Temp. oleju w misce[°C] │   Czas [ms].49 │   Temp. oleju za wym.[°C] │   Czas [ms].50 │   Temp. otoczenia[°C] │
╞════╪════════════════╪═══════════════════════════╪════════════════╪═══════════════════════════╪════════════════╪═══════════════════════╡
│  0 │            143 │                        77 │            190 │                      22.2 │             93 │                    20 │
├────┼────────────────┼───────────────────────────┼────────────────┼───────────────────────────┼────────────────┼───────────────────────┤
│  1 │            344 │                        77 │            390 │                      22.2 │            294 │                    20 │
├────┼────────────────┼───────────────────────────┼────────────────┼───────────────────────────┼────────────────┼───────────────────────┤
│  2 │            544 │                        77 │            590 │                      22.2 │            493 │                    20 │
╘════╧════════════════╧═══════════════════════════╧════════════════╧═══════════════════════════╧════════════════╧═══════════════════════╛
2024-11-28 11:46:36,122 - INFO - Data from file 'TiL II st Zew B20 IRiL _ 2019-11-06.xlsx':
╒════╤════════════════╤══════════════════════════════════╤════════════════╤══════════════════════════════════╤════════════════╤══════════════════════════════╕
│    │   Czas [ms].51 │   Temp. pal. na wejściu sil.[°C] │   Czas [ms].52 │   Temp. pal. na wyjściu sil.[°C] │   Czas [ms].53 │   Temp. paliwa w zb. 1/3[°C] │
╞════╪════════════════╪══════════════════════════════════╪════════════════╪══════════════════════════════════╪════════════════╪══════════════════════════════╡
│  0 │             93 │                             28.4 │             93 │                             39.5 │             23 │                         22.5 │
├────┼────────────────┼──────────────────────────────────┼────────────────┼──────────────────────────────────┼────────────────┼──────────────────────────────┤
│  1 │            294 │                             28.4 │            294 │                             39.5 │            224 │                         22.5 │
├────┼────────────────┼──────────────────────────────────┼────────────────┼──────────────────────────────────┼────────────────┼──────────────────────────────┤
│  2 │            494 │                             28.3 │            494 │                             39.5 │            424 │                         22.5 │
╘════╧════════════════╧══════════════════════════════════╧════════════════╧══════════════════════════════════╧════════════════╧══════════════════════════════╛
2024-11-28 11:46:36,123 - INFO - Data from file 'TiL II st Zew B20 IRiL _ 2019-11-06.xlsx':
╒════╤════════════════╤══════════════════════════════╤════════════════╤══════════════════════════════╤════════════════╤═══════════════════════════════════╕
│    │   Czas [ms].54 │   Temp. paliwa w zb. 2/3[°C] │   Czas [ms].55 │   Temp. paliwa w zb. 3/3[°C] │   Czas [ms].56 │   Temp. powietrza przed turb.[°C] │
╞════╪════════════════╪══════════════════════════════╪════════════════╪══════════════════════════════╪════════════════╪═══════════════════════════════════╡
│  0 │             23 │                         22.4 │             24 │                         21.5 │            190 │                              40.2 │
├────┼────────────────┼──────────────────────────────┼────────────────┼──────────────────────────────┼────────────────┼───────────────────────────────────┤
│  1 │            224 │                         22.4 │            224 │                         21.5 │            390 │                              40.2 │
├────┼────────────────┼──────────────────────────────┼────────────────┼──────────────────────────────┼────────────────┼───────────────────────────────────┤
│  2 │            424 │                         22.4 │            424 │                         21.5 │            591 │                              40.2 │
╘════╧════════════════╧══════════════════════════════╧════════════════╧══════════════════════════════╧════════════════╧═══════════════════════════════════╛
2024-11-28 11:46:36,125 - INFO - Data from file 'TiL II st Zew B20 IRiL _ 2019-11-06.xlsx':
╒════╤════════════════╤════════════════════════════════╤════════════════╤════════════════════════╤════════════════╤════════════════════════╕
│    │   Czas [ms].57 │   Temp. powietrza za turb.[°C] │   Czas [ms].58 │   Temp. spalin 1/6[°C] │   Czas [ms].59 │   Temp. spalin 2/6[°C] │
╞════╪════════════════╪════════════════════════════════╪════════════════╪════════════════════════╪════════════════╪════════════════════════╡
│  0 │            143 │                             54 │             39 │                    121 │             39 │                    130 │
├────┼────────────────┼────────────────────────────────┼────────────────┼────────────────────────┼────────────────┼────────────────────────┤
│  1 │            343 │                             54 │            239 │                    121 │            239 │                    130 │
├────┼────────────────┼────────────────────────────────┼────────────────┼────────────────────────┼────────────────┼────────────────────────┤
│  2 │            544 │                             51 │            440 │                    122 │            441 │                    131 │
╘════╧════════════════╧════════════════════════════════╧════════════════╧════════════════════════╧════════════════╧════════════════════════╛
2024-11-28 11:46:36,126 - INFO - Data from file 'TiL II st Zew B20 IRiL _ 2019-11-06.xlsx':
╒════╤════════════════╤════════════════════════╤════════════════╤════════════════════════╤════════════════╤═══════════════════════════════════╕
│    │   Czas [ms].60 │   Temp. spalin 3/6[°C] │   Czas [ms].61 │   Temp. spalin 4/6[°C] │   Czas [ms].62 │   Temp. spalin za turbiną 1/2[°C] │
╞════╪════════════════╪════════════════════════╪════════════════╪════════════════════════╪════════════════╪═══════════════════════════════════╡
│  0 │             39 │                    124 │             39 │                    114 │            143 │                               128 │
├────┼────────────────┼────────────────────────┼────────────────┼────────────────────────┼────────────────┼───────────────────────────────────┤
│  1 │            240 │                    124 │            240 │                    114 │            343 │                               128 │
├────┼────────────────┼────────────────────────┼────────────────┼────────────────────────┼────────────────┼───────────────────────────────────┤
│  2 │            441 │                    124 │            441 │                    114 │            543 │                               128 │
╘════╧════════════════╧════════════════════════╧════════════════╧════════════════════════╧════════════════╧═══════════════════════════════════╛
2024-11-28 11:46:36,127 - INFO - Data from file 'TiL II st Zew B20 IRiL _ 2019-11-06.xlsx':
╒════╤════════════════╤═══════════════════════════════════╤════════════════╤═══════════════════════════╤════════════════╤══════════════════════════╕
│    │   Czas [ms].63 │   Temp. spalin za turbiną 2/2[°C] │   Czas [ms].64 │   Temp.pal.na wyjściu[°C] │   Czas [ms].65 │   Temp.paliwa żądana[°C] │
╞════╪════════════════╪═══════════════════════════════════╪════════════════╪═══════════════════════════╪════════════════╪══════════════════════════╡
│  0 │            143 │                               120 │            176 │                      20.2 │            123 │                       22 │
├────┼────────────────┼───────────────────────────────────┼────────────────┼───────────────────────────┼────────────────┼──────────────────────────┤
│  1 │            343 │                               120 │            374 │                      20.2 │            324 │                       22 │
├────┼────────────────┼───────────────────────────────────┼────────────────┼───────────────────────────┼────────────────┼──────────────────────────┤
│  2 │            543 │                               120 │            574 │                      20.2 │            524 │                       22 │
╘════╧════════════════╧═══════════════════════════════════╧════════════════╧═══════════════════════════╧════════════════╧══════════════════════════╛
2024-11-28 11:46:36,129 - INFO - Data from file 'TiL II st Zew B20 IRiL _ 2019-11-06.xlsx':
╒════╤════════════════╤══════════════════════════╤════════════════╤═══════════════════════════════╤════════════════╤═════════════╕
│    │   Czas [ms].66 │   Wilgotność względna[%] │   Czas [ms].67 │   Wyłącznik bezpieczeństwa[-] │   Czas [ms].68 │   Zapłon[-] │
╞════╪════════════════╪══════════════════════════╪════════════════╪═══════════════════════════════╪════════════════╪═════════════╡
│  0 │             93 │                       52 │            902 │                             0 │            902 │           1 │
├────┼────────────────┼──────────────────────────┼────────────────┼───────────────────────────────┼────────────────┼─────────────┤
│  1 │            295 │                       52 │           1803 │                             0 │           1803 │           1 │
├────┼────────────────┼──────────────────────────┼────────────────┼───────────────────────────────┼────────────────┼─────────────┤
│  2 │            493 │                       52 │           2805 │                             0 │           2805 │           1 │
╘════╧════════════════╧══════════════════════════╧════════════════╧═══════════════════════════════╧════════════════╧═════════════╛
2024-11-28 11:46:36,130 - INFO - Data from file 'TiL II st Zew B20 IRiL _ 2019-11-06.xlsx':
╒════╤════════════════╤══════════════════════════╤════════════════╤══════════════════════════╤════════════════╤══════════════════════════╕
│    │   Czas [ms].69 │   Zaw. zb. paliwa 1/3[-] │   Czas [ms].70 │   Zaw. zb. paliwa 2/3[-] │   Czas [ms].71 │   Zaw. zb. paliwa 3/3[-] │
╞════╪════════════════╪══════════════════════════╪════════════════╪══════════════════════════╪════════════════╪══════════════════════════╡
│  0 │            393 │                        0 │            393 │                        0 │            393 │                        0 │
├────┼────────────────┼──────────────────────────┼────────────────┼──────────────────────────┼────────────────┼──────────────────────────┤
│  1 │           1394 │                        0 │           1394 │                        0 │           1394 │                        0 │
├────┼────────────────┼──────────────────────────┼────────────────┼──────────────────────────┼────────────────┼──────────────────────────┤
│  2 │           1796 │                        0 │           1796 │                        0 │           1796 │                        0 │
╘════╧════════════════╧══════════════════════════╧════════════════╧══════════════════════════╧════════════════╧══════════════════════════╛
2024-11-28 11:46:36,131 - INFO - Data from file 'TiL II st Zew B20 IRiL _ 2019-11-06.xlsx':
╒════╤════════════════╤═════════════════════════════╤════════════════╤═══════════════════════════════╤════════════════╤═══════════════════════════════╕
│    │   Czas [ms].72 │   Zawór reg. chł. cieczy[-] │   Czas [ms].73 │   Zużycie paliwa bieżące[g/s] │   Czas [ms].74 │   Zużycie paliwa średnie[g/s] │
╞════╪════════════════╪═════════════════════════════╪════════════════╪═══════════════════════════════╪════════════════╪═══════════════════════════════╡
│  0 │            235 │                           1 │            124 │                             0 │            124 │                             0 │
├────┼────────────────┼─────────────────────────────┼────────────────┼───────────────────────────────┼────────────────┼───────────────────────────────┤
│  1 │            489 │                           1 │            324 │                             0 │            324 │                             0 │
├────┼────────────────┼─────────────────────────────┼────────────────┼───────────────────────────────┼────────────────┼───────────────────────────────┤
│  2 │           1236 │                           1 │            524 │                             0 │            526 │                             0 │
╘════╧════════════════╧═════════════════════════════╧════════════════╧═══════════════════════════════╧════════════════╧═══════════════════════════════╛
2024-11-28 11:46:36,132 - INFO - Data Frame Shape: (30120, 150)
2024-11-28 11:46:36,132 - INFO - Loading eco file: TiL II st Zew B20 IRiL _ 2019-11-06_eco.xlsx
2024-11-28 11:46:36,132 - INFO - Loading data from file: /home/viktar-taustyka/GitHubRepos/DT-Engine/data/raw/TiL II st Zew B20 IRiL _ 2019-11-06_eco.xlsx
2024-11-28 11:46:36,164 - INFO - Data loaded successfully from file: /home/viktar-taustyka/GitHubRepos/DT-Engine/data/raw/TiL II st Zew B20 IRiL _ 2019-11-06_eco.xlsx
2024-11-28 11:46:36,164 - INFO - Data Frame Columns: ['OBR', 'Mo', 'CO', 'HC', 'LAMBDA', 'CO2', 'O2', 'NO', 'PM']
2024-11-28 11:46:36,165 - INFO - Data from file 'TiL II st Zew B20 IRiL _ 2019-11-06_eco.xlsx':
╒════╤═══════╤══════╤══════╤══════╤══════════╤═══════╕
│    │   OBR │   Mo │   CO │   HC │   LAMBDA │   CO2 │
╞════╪═══════╪══════╪══════╪══════╪══════════╪═══════╡
│  0 │  2400 │  nan │  nan │  nan │      nan │   nan │
├────┼───────┼──────┼──────┼──────┼──────────┼───────┤
│  1 │  2300 │  nan │  nan │  nan │      nan │   nan │
├────┼───────┼──────┼──────┼──────┼──────────┼───────┤
│  2 │  2200 │  nan │  nan │  nan │      nan │   nan │
╘════╧═══════╧══════╧══════╧══════╧══════════╧═══════╛
2024-11-28 11:46:36,166 - INFO - Data from file 'TiL II st Zew B20 IRiL _ 2019-11-06_eco.xlsx':
╒════╤══════╤══════╤════════╕
│    │   O2 │   NO │     PM │
╞════╪══════╪══════╪════════╡
│  0 │  nan │  225 │   6.94 │
├────┼──────┼──────┼────────┤
│  1 │  nan │  nan │ nan    │
├────┼──────┼──────┼────────┤
│  2 │  nan │  242 │   4.63 │
╘════╧══════╧══════╧════════╛
2024-11-28 11:46:36,167 - INFO - Data Frame Shape: (12, 9)
2024-11-28 11:46:36,167 - INFO - Data files loaded successfully.
2024-11-28 11:46:39,758 - INFO - Process stopped at step 2.
