2024-11-25 17:46:09,569 - INFO - Starting data pipeline...
2024-11-25 17:46:09,574 - INFO - Step 1: Building files_with_raw_data_links.json...
2024-11-25 17:46:09,576 - INFO - Step 1: files_with_raw_data_links.json built successfully.
2024-11-25 17:46:11,578 - INFO - Step 1: files_with_raw_data_links.json built successfully.
2024-11-25 17:46:11,578 - INFO - Continue data pipeline. Step 2: Loading raw data...
2024-11-25 17:46:12,569 - INFO - Step 2: Raw data loaded successfully.
2024-11-25 17:46:12,569 - INFO - Continue data pipeline. Step 3: Validating data...
2024-11-25 17:46:12,577 - INFO - =================
Validation Report for DataFrame 0 (0 - main Data Frame; 1 - eco Data Frame):
DataFrame Shape: (38535, 146) (Rows, Columns) <--- !!!!!!!!!
All Required Columns: Present
All Optional Columns: Present
2024-11-25 17:46:12,578 - INFO - Step 3: Data validated successfully.
2024-11-25 17:46:13,225 - INFO - Step 3: Data validated successfully.
2024-11-25 17:46:13,977 - INFO - Step 4: Metadata extracted successfully.
2024-11-25 17:46:13,977 - INFO - Continue data pipeline. Step 5: Cleaning and preprocessing data...
2024-11-25 17:46:14,026 - INFO - Step 5: Data cleaned and preprocessed successfully.
2024-11-25 17:46:14,497 - INFO - Step 5: Data cleaned and preprocessed successfully.
2024-11-25 17:46:14,497 - INFO - Step 6: Continue data pipeline. Saving cleaned data...
2024-11-25 17:46:14,570 - INFO - Cleaned data saved to c:\Users\vtaustyka\PycharmProjects\DT-Engine\data\processed\cleaned_data.parquet
2024-11-25 17:46:14,571 - INFO - Step 6: Save cleaned data completed successfully.
2024-11-25 17:46:15,048 - INFO - Step 6: Cleaned data saved successfully.
2024-11-25 17:46:15,049 - INFO - Continue data pipeline. Step 7 - NOT IMPLEMENTED: Filtering data...
2024-11-25 17:46:15,585 - INFO - Step 7: Data filtering step not implemented.
2024-11-25 17:46:15,586 - INFO - Data pipeline completed successfully.
