2024-11-25 17:52:46,078 - INFO - Starting data pipeline...
2024-11-25 17:52:46,082 - INFO - Step 1: Building files_with_raw_data_links.json...
2024-11-25 17:52:46,085 - INFO - Step 1: files_with_raw_data_links.json built successfully.
2024-11-25 17:52:50,281 - INFO - Step 1: files_with_raw_data_links.json built successfully.
2024-11-25 17:52:50,282 - INFO - Continue data pipeline. Step 2: Loading raw data...
2024-11-25 17:52:50,286 - INFO - DataLoader initialized with raw data path: c:\Users\vtaustyka\PycharmProjects\DT-Engine\data\raw
2024-11-25 17:52:50,287 - INFO - Loading main file: 1600Nn obc ON _ 2018-12-06_ORIGEN.csv
2024-11-25 17:52:50,287 - INFO - Loading data from file: c:\Users\vtaustyka\PycharmProjects\DT-Engine\data\raw\1600Nn obc ON _ 2018-12-06_ORIGEN.csv
2024-11-25 17:52:50,642 - INFO - Data loaded successfully from file: c:\Users\vtaustyka\PycharmProjects\DT-Engine\data\raw\1600Nn obc ON _ 2018-12-06_ORIGEN.csv
2024-11-25 17:52:50,769 - INFO - Data Frame Shape: (38535, 146)
2024-11-25 17:52:50,769 - INFO - Data files loaded successfully.
2024-11-25 17:52:51,553 - INFO - Step 2: Raw data loaded successfully.
2024-11-25 17:52:51,553 - INFO - Continue data pipeline. Step 3: Validating data...
2024-11-25 17:52:51,557 - INFO - DataValidator initialized.
2024-11-25 17:52:51,557 - INFO - Starting column validation for multiple DataFrames...
2024-11-25 17:52:51,557 - INFO - DataFrame 0: All required columns are present.
2024-11-25 17:52:51,558 - INFO - DataFrame 0: All optional columns are present.
2024-11-25 17:52:51,558 - INFO - Starting schema validation for multiple DataFrames...
2024-11-25 17:52:51,560 - INFO - DataFrame 0 - Schema validation passed.
2024-11-25 17:52:51,560 - INFO - Checking for duplicate columns in multiple DataFrames...
2024-11-25 17:52:51,560 - INFO - DataFrame 0: No duplicate columns found.
2024-11-25 17:52:51,561 - INFO - Validation reports summarizing the results for each DataFrame
2024-11-25 17:52:51,561 - INFO - =================
Validation Report for DataFrame 0 (0 - main Data Frame; 1 - eco Data Frame):
DataFrame Shape: (38535, 146) (Rows, Columns) <--- !!!!!!!!!
All Required Columns: Present
All Optional Columns: Present
2024-11-25 17:52:51,562 - INFO - Step 3: Data validated successfully.
2024-11-25 17:52:52,329 - INFO - Step 3: Data validated successfully.
2024-11-25 17:52:52,329 - INFO - Starting metadata extraction for multiple DataFrames...
2024-11-25 17:52:52,330 - INFO - Processing DataFrame 1/1 with shape (38535, 146)...
2024-11-25 17:52:52,524 - INFO - Metadata extraction completed for all DataFrames.
2024-11-25 17:52:53,257 - INFO - Step 4: Metadata extracted successfully.
2024-11-25 17:52:53,258 - INFO - Continue data pipeline. Step 5: Cleaning and preprocessing data...
2024-11-25 17:52:53,272 - INFO - DataCleaner initialized with required columns.
2024-11-25 17:52:53,273 - INFO - Starting data cleaning process.
2024-11-25 17:52:53,278 - INFO - Filtered DataFrame to include 34 columns.
2024-11-25 17:52:53,278 - INFO - Data cleaning process completed.
2024-11-25 17:52:53,278 - INFO - Filtered DataFrame shape: (38535, 34)
2024-11-25 17:52:53,304 - INFO - Step 5: Data cleaned and preprocessed successfully.
2024-11-25 17:52:54,065 - INFO - Step 5: Data cleaned and preprocessed successfully.
2024-11-25 17:52:54,065 - INFO - Step 6: Continue data pipeline. Saving cleaned data...
2024-11-25 17:52:54,134 - INFO - Cleaned data saved to c:\Users\vtaustyka\PycharmProjects\DT-Engine\data\processed\cleaned_data.parquet
2024-11-25 17:52:54,134 - INFO - Step 6: Save cleaned data completed successfully.
2024-11-25 17:52:54,848 - INFO - Step 6: Cleaned data saved successfully.
2024-11-25 17:52:54,849 - INFO - Continue data pipeline. Step 7 - NOT IMPLEMENTED: Filtering data...
2024-11-25 17:52:56,104 - INFO - Step 7: Data filtering step not implemented.
2024-11-25 17:52:56,105 - INFO - Data pipeline completed successfully.
