2024-12-05 08:42:41,197 - INFO - JSONBuilder initialized.
2024-12-05 08:42:41,197 - INFO - Building JSON data structure...
2024-12-05 08:42:41,198 - INFO - Processing file: BUMG ON 2200 - 2024-09.parquet
2024-12-05 08:42:41,200 - INFO - Processing file: U75 1500 RPM - 2024-05.parquet
2024-12-05 08:42:41,200 - INFO - Processing file: U75 2100 RPM - 2024-05.parquet
2024-12-05 08:42:41,200 - INFO - Processing file: BUMG ON 1400 RPM - 2024-09.parquet
2024-12-05 08:42:41,201 - INFO - Processing file: TMiE II st warunki - 2015-03.parquet
2024-12-05 08:42:41,201 - INFO - Processing file: HVO25 2200 obc od 0 do 320 Nm - 2024-04.parquet
2024-12-05 08:42:41,201 - INFO - Processing file: BUMG AG2 1800 RPM - 2024-09.parquet
2024-12-05 08:42:41,201 - INFO - Processing file: BUMA ON 2400 - 2024-09.parquet
2024-12-05 08:42:41,201 - INFO - Processing file: TRiL TMiE warunki - 2015-03.parquet
2024-12-05 08:42:41,201 - INFO - Processing file: BUMG AG2 1600 RPM - 2024-09.parquet
2024-12-05 08:42:41,202 - INFO - Processing file: BUMG ON 1900 RPM - 2024-09.parquet
2024-12-05 08:42:41,202 - INFO - Processing file: BUMG AG2 2000 RPM - 2024-09.parquet
2024-12-05 08:42:41,202 - INFO - Processing file: BUMG ON 1700 RPM - 2024-09.parquet
2024-12-05 08:42:41,202 - INFO - Processing file: NRTS 140M3skok - 2014-11.parquet
2024-12-05 08:42:41,202 - INFO - Processing file: obc1500_5s - 2014-11.parquet
2024-12-05 08:42:41,202 - INFO - Processing file: TRiL 1 - 2014-11.parquet
2024-12-05 08:42:41,203 - INFO - Processing file: obc 2400 - 2014-11.parquet
2024-12-05 08:42:41,203 - INFO - Processing file: BUMG ON 2000 RPM - 2024-09.parquet
2024-12-05 08:42:41,203 - INFO - Processing file: BUMG ON 1300 RPM - 2024-09.parquet
2024-12-05 08:42:41,203 - INFO - Processing file: obc 2000 - 2014-11.parquet
2024-12-05 08:42:41,203 - INFO - Processing file: HVO25 Badanie rozruchu - 2024-04.parquet
2024-12-05 08:42:41,203 - INFO - Processing file: U75 1400 RPM II ITS II st - 2024-05.parquet
2024-12-05 08:42:41,203 - INFO - Processing file: U75 2000 p RPM II ITS II st - 2024-05.parquet
2024-12-05 08:42:41,203 - INFO - Processing file: HVO25 1300 RPM - 2024-04.parquet
2024-12-05 08:42:41,204 - INFO - Processing file: U75 2200p rpm II ITS II st - 2024-05.parquet
2024-12-05 08:42:41,204 - INFO - Processing file: obc1500_3s - 2014-11.parquet
2024-12-05 08:42:41,204 - INFO - Processing file: obc 1600 - 2014-11.parquet
2024-12-05 08:42:41,204 - INFO - Processing file: U75 2300 RPM - 2024-05.parquet
2024-12-05 08:42:41,204 - INFO - Processing file: BUMG ON 1500 RPM - 2024-09.parquet
2024-12-05 08:42:41,204 - INFO - Processing file: BUMG ON 1600 RPM - 2024-09.parquet
2024-12-05 08:42:41,204 - INFO - Processing file: BUMG ON 2300 - 2024-09.parquet
2024-12-05 08:42:41,205 - INFO - Processing file: U75 1900 RPM TiL II st I grupa - 2024-05.parquet
2024-12-05 08:42:41,205 - INFO - Processing file: BUMG ON 2100 RPM - 2024-09.parquet
2024-12-05 08:42:41,205 - INFO - Processing file: HVO 1500 RPM - 2024-04.parquet
2024-12-05 08:42:41,205 - INFO - Processing file: HVO25 2100 RPM - 2024-04.parquet
2024-12-05 08:42:41,205 - INFO - Processing file: U75 2200 RPM - 2024-05.parquet
2024-12-05 08:42:41,205 - INFO - Processing file: HVO25 1700 RPM - 2024-04.parquet
2024-12-05 08:42:41,205 - INFO - Processing file: BUMG AG2 2200 RPM - 2024-09.parquet
2024-12-05 08:42:41,205 - INFO - Processing file: BUMG AG2 1400 RPM - 2024-09.parquet
2024-12-05 08:42:41,206 - INFO - Processing file: obc1500_1s - 2014-11.parquet
2024-12-05 08:42:41,206 - INFO - Processing file: BUMG ON 1800 RPM - 2024-09.parquet
2024-12-05 08:42:41,206 - INFO - Processing file: TRil 2 - 2014-11.parquet
2024-12-05 08:42:41,206 - INFO - Processing file: U75 2000 RPM TiL II r - 2024-05.parquet
2024-12-05 08:42:41,206 - INFO - Processing file: 2015.01.16 NRTC T3 cz1_4 - 2015-01.parquet
2024-12-05 08:42:41,206 - INFO - Processing file: NRTC 120M3lin 2014.11.17 - 2014-11.parquet
2024-12-05 08:42:41,206 - INFO - Processing file: U75 1800 RPM TiL II st G2 - 2024-05.parquet
2024-12-05 08:42:41,207 - INFO - Processing file: HVO25 1900 RPM powtórka - 2024-04.parquet
2024-12-05 08:42:41,207 - INFO - Processing file: U75 2400 rpm - 2024-05.parquet
2024-12-05 08:42:41,207 - INFO - Processing file: BUMG AG2 2400 RPM - 2024-09.parquet
2024-12-05 08:42:41,207 - INFO - Processing file: U75 1300 RPM - 2024-05.parquet
2024-12-05 08:42:41,207 - INFO - Processing file: U75 1600 RPM II TiL II st G4 - 2024-05.parquet
2024-12-05 08:42:41,207 - INFO - Processing file: U75 1700 RPM II tiL II st G3 - 2024-05.parquet
2024-12-05 08:42:41,208 - INFO - JSON data structure built successfully.
2024-12-05 08:42:41,209 - INFO - JSON file created at /home/viktar-taustyka/GitHubRepos/DT-Engine/data/raw/parquet_files/files_with_raw_data_links.json
