2024-11-27 14:27:10,352 - INFO - Starting data pipeline...
2024-11-27 14:27:10,357 - INFO - Step 1: Building files_with_raw_data_links.json...
2024-11-27 14:27:10,359 - INFO - Step 1: files_with_raw_data_links.json built successfully.
2024-11-27 14:27:49,577 - INFO - Step 1: files_with_raw_data_links.json built successfully.
2024-11-27 14:27:49,577 - INFO - Continue data pipeline. Step 2: Loading raw data...
2024-11-27 14:27:49,582 - INFO - DataLoader initialized with raw data path: c:\Users\vtaustyka\PycharmProjects\DT-Engine\data\raw
2024-11-27 14:27:49,583 - INFO - Loading main file: RME zew _ 2018-12-20.xlsx
2024-11-27 14:27:49,583 - INFO - Loading data from file: c:\Users\vtaustyka\PycharmProjects\DT-Engine\data\raw\RME zew _ 2018-12-20.xlsx
2024-11-27 14:28:17,762 - INFO - Data loaded successfully from file: c:\Users\vtaustyka\PycharmProjects\DT-Engine\data\raw\RME zew _ 2018-12-20.xlsx
2024-11-27 14:28:17,763 - INFO - Data Frame Columns: ['Czas [ms]', 'Ciś. pow. przed turb.[Pa]', 'Czas [ms].1', 'Ciś. pow. za turb.[Pa]', 'Czas [ms].2', 'Ciśnienie atmosferyczne[hPa]', 'Czas [ms].3', 'Ciśnienie oleju[bar]', 'Czas [ms].4', 'Ciśnienie spalin[Pa]', 'Czas [ms].5', 'Dopeł. zb. 1/3[-]', 'Czas [ms].6', 'Dopeł. zb. 2/3[-]', 'Czas [ms].7', 'Dopeł. zb. 3/3[-]', 'Czas [ms].8', 'Dopełnianie[-]', 'Czas [ms].9', 'Duży obieg[-]', 'Czas [ms].10', 'ECT - wejście do sil.[°C]', 'Czas [ms].11', 'ECT - wyjście z sil.[°C]', 'Czas [ms].12', 'Główny obieg - przepływ[m³/h]', 'Czas [ms].13', 'Główny obieg - temp.[°C]', 'Czas [ms].14', 'GPReg_Setpoint0[°C]', 'Czas [ms].15', 'GPReg_Setpoint1[°C]', 'Czas [ms].16', 'GPReg_Setpoint2[°C]', 'Czas [ms].17', 'Hamulec, lewa komora, temp.[°C]', 'Czas [ms].18', 'Hamulec, prawa komora, temp.[°C]', 'Czas [ms].19', 'Hamulec, przepływ wody[m³/h]', 'Czas [ms].20', 'Ilość paliwa w zbiorniku[g]', 'Czas [ms].21', 'Kond. - przepływ wody[l/min]', 'Czas [ms].22', 'Kontrolka zb. 1/3 [-]', 'Czas [ms].23', 'Kontrolka zb. 2/3 [-]', 'Czas [ms].24', 'Kontrolka zb. 3/3 [-]', 'Czas [ms].25', 'MAF[kg/h]', 'Czas [ms].26', 'Moc[kW]', 'Czas [ms].27', 'Moment obrotowy[Nm]', 'Czas [ms].28', 'Moment Tryb3[Nm]', 'Czas [ms].29', 'Obroty[obr/min]', 'Czas [ms].30', 'Poz. paliwa zb. 1/3[mm]', 'Czas [ms].31', 'Poz. paliwa zb. 2/3[mm]', 'Czas [ms].32', 'Poz. paliwa zb. 3/3[mm]', 'Czas [ms].33', 'Przekaź. pompy paliwa[-]', 'Czas [ms].34', 'Przekaźnik zapłonu[-]', 'Czas [ms].35', 'Przepustnica[%]', 'Czas [ms].36', 'Przepustnica Tryb0[%]', 'Czas [ms].37', 'Przepustnica Tryb1[%]', 'Czas [ms].38', 'Przyklad[bar]', 'Czas [ms].39', 'PWM Tryb0[%]', 'Czas [ms].40', 'Rozrusznik[-]', 'Czas [ms].41', 'RPM Tryb1[obr/min]', 'Czas [ms].42', 'RPM Tryb3[obr/min]', 'Czas [ms].43', 'Starter[-]', 'Czas [ms].44', 'Stycz. chłodni went.[-]', 'Czas [ms].45', 'Temp. oleju przed wym.[°C]', 'Czas [ms].46', 'Temp. oleju w misce[°C]', 'Czas [ms].47', 'Temp. oleju za wym.[°C]', 'Czas [ms].48', 'Temp. otoczenia[°C]', 'Czas [ms].49', 'Temp. pal. na wejściu sil.[°C]', 'Czas [ms].50', 'Temp. pal. na wyjściu sil.[°C]', 'Czas [ms].51', 'Temp. paliwa w zb. 1/3[°C]', 'Czas [ms].52', 'Temp. paliwa w zb. 2/3[°C]', 'Czas [ms].53', 'Temp. paliwa w zb. 3/3[°C]', 'Czas [ms].54', 'Temp. powietrza przed turb.[°C]', 'Czas [ms].55', 'Temp. powietrza za turb.[°C]', 'Czas [ms].56', 'Temp. spalin 1/6[°C]', 'Czas [ms].57', 'Temp. spalin 2/6[°C]', 'Czas [ms].58', 'Temp. spalin 3/6[°C]', 'Czas [ms].59', 'Temp. spalin 4/6[°C]', 'Czas [ms].60', 'Temp. spalin za turbiną 1/2[°C]', 'Czas [ms].61', 'Temp. spalin za turbiną 2/2[°C]', 'Czas [ms].62', 'Temp.pal.na wyjściu[°C]', 'Czas [ms].63', 'Temp.paliwa żądana[°C]', 'Czas [ms].64', 'Wilgotność względna[%]', 'Czas [ms].65', 'Wyłącznik bezpieczeństwa[-]', 'Czas [ms].66', 'Zapłon[-]', 'Czas [ms].67', 'Zaw. zb. paliwa 1/3[-]', 'Czas [ms].68', 'Zaw. zb. paliwa 2/3[-]', 'Czas [ms].69', 'Zaw. zb. paliwa 3/3[-]', 'Czas [ms].70', 'Zawór reg. chł. cieczy[-]', 'Czas [ms].71', 'Zużycie paliwa bieżące[g/s]', 'Czas [ms].72', 'Zużycie paliwa średnie[g/s]']
2024-11-27 14:28:17,769 - INFO - Data from file 'RME zew _ 2018-12-20.xlsx':
╒════╤═════════════╤═════════════════════════════╤═══════════════╤══════════════════════════╤═══════════════╤════════════════════════════════╕
│    │   Czas [ms] │   Ciś. pow. przed turb.[Pa] │   Czas [ms].1 │   Ciś. pow. za turb.[Pa] │   Czas [ms].2 │   Ciśnienie atmosferyczne[hPa] │
╞════╪═════════════╪═════════════════════════════╪═══════════════╪══════════════════════════╪═══════════════╪════════════════════════════════╡
│  0 │         197 │                        -121 │           197 │                      -68 │           154 │                            999 │
├────┼─────────────┼─────────────────────────────┼───────────────┼──────────────────────────┼───────────────┼────────────────────────────────┤
│  1 │         397 │                        -112 │           397 │                     -105 │           355 │                            999 │
├────┼─────────────┼─────────────────────────────┼───────────────┼──────────────────────────┼───────────────┼────────────────────────────────┤
│  2 │         598 │                        -112 │           597 │                      -96 │           556 │                            999 │
╘════╧═════════════╧═════════════════════════════╧═══════════════╧══════════════════════════╧═══════════════╧════════════════════════════════╛
2024-11-27 14:28:17,773 - INFO - Data from file 'RME zew _ 2018-12-20.xlsx':
╒════╤═══════════════╤════════════════════════╤═══════════════╤════════════════════════╤═══════════════╤═════════════════════╕
│    │   Czas [ms].3 │   Ciśnienie oleju[bar] │   Czas [ms].4 │   Ciśnienie spalin[Pa] │   Czas [ms].5 │   Dopeł. zb. 1/3[-] │
╞════╪═══════════════╪════════════════════════╪═══════════════╪════════════════════════╪═══════════════╪═════════════════════╡
│  0 │           197 │                  0.005 │           198 │                     28 │           856 │                   0 │
├────┼───────────────┼────────────────────────┼───────────────┼────────────────────────┼───────────────┼─────────────────────┤
│  1 │           397 │                  0.005 │           398 │                     -9 │          1857 │                   0 │
├────┼───────────────┼────────────────────────┼───────────────┼────────────────────────┼───────────────┼─────────────────────┤
│  2 │           597 │                  0.005 │           599 │                      0 │          2859 │                   0 │
╘════╧═══════════════╧════════════════════════╧═══════════════╧════════════════════════╧═══════════════╧═════════════════════╛
2024-11-27 14:28:17,776 - INFO - Data from file 'RME zew _ 2018-12-20.xlsx':
╒════╤═══════════════╤═════════════════════╤═══════════════╤═════════════════════╤═══════════════╤══════════════════╕
│    │   Czas [ms].6 │   Dopeł. zb. 2/3[-] │   Czas [ms].7 │   Dopeł. zb. 3/3[-] │   Czas [ms].8 │   Dopełnianie[-] │
╞════╪═══════════════╪═════════════════════╪═══════════════╪═════════════════════╪═══════════════╪══════════════════╡
│  0 │           856 │                   0 │           856 │                   0 │           952 │                0 │
├────┼───────────────┼─────────────────────┼───────────────┼─────────────────────┼───────────────┼──────────────────┤
│  1 │          1857 │                   0 │          1857 │                   0 │          1954 │                0 │
├────┼───────────────┼─────────────────────┼───────────────┼─────────────────────┼───────────────┼──────────────────┤
│  2 │          2859 │                   0 │          2859 │                   0 │          2955 │                0 │
╘════╧═══════════════╧═════════════════════╧═══════════════╧═════════════════════╧═══════════════╧══════════════════╛
2024-11-27 14:28:17,778 - INFO - Data from file 'RME zew _ 2018-12-20.xlsx':
╒════╤═══════════════╤═════════════════╤════════════════╤═════════════════════════════╤════════════════╤════════════════════════════╕
│    │   Czas [ms].9 │   Duży obieg[-] │   Czas [ms].10 │   ECT - wejście do sil.[°C] │   Czas [ms].11 │   ECT - wyjście z sil.[°C] │
╞════╪═══════════════╪═════════════════╪════════════════╪═════════════════════════════╪════════════════╪════════════════════════════╡
│  0 │           948 │               0 │             47 │                        23.9 │             46 │                       64.9 │
├────┼───────────────┼─────────────────┼────────────────┼─────────────────────────────┼────────────────┼────────────────────────────┤
│  1 │           995 │               0 │            247 │                        23.9 │            247 │                       64.9 │
├────┼───────────────┼─────────────────┼────────────────┼─────────────────────────────┼────────────────┼────────────────────────────┤
│  2 │          1949 │               0 │            447 │                        23.9 │            447 │                       64.9 │
╘════╧═══════════════╧═════════════════╧════════════════╧═════════════════════════════╧════════════════╧════════════════════════════╛
2024-11-27 14:28:17,783 - INFO - Data from file 'RME zew _ 2018-12-20.xlsx':
╒════╤════════════════╤═════════════════════════════════╤════════════════╤════════════════════════════╤════════════════╤═══════════════════════╕
│    │   Czas [ms].12 │   Główny obieg - przepływ[m³/h] │   Czas [ms].13 │   Główny obieg - temp.[°C] │   Czas [ms].14 │   GPReg_Setpoint0[°C] │
╞════╪════════════════╪═════════════════════════════════╪════════════════╪════════════════════════════╪════════════════╪═══════════════════════╡
│  0 │             55 │                          162.14 │            156 │                       22.7 │            194 │                    60 │
├────┼────────────────┼─────────────────────────────────┼────────────────┼────────────────────────────┼────────────────┼───────────────────────┤
│  1 │            255 │                          152.73 │            356 │                       22.7 │            495 │                    60 │
├────┼────────────────┼─────────────────────────────────┼────────────────┼────────────────────────────┼────────────────┼───────────────────────┤
│  2 │            455 │                          160.26 │            556 │                       22.7 │            795 │                    60 │
╘════╧════════════════╧═════════════════════════════════╧════════════════╧════════════════════════════╧════════════════╧═══════════════════════╛
2024-11-27 14:28:17,787 - INFO - Data from file 'RME zew _ 2018-12-20.xlsx':
╒════╤════════════════╤═══════════════════════╤════════════════╤═══════════════════════╤════════════════╤═══════════════════════════════════╕
│    │   Czas [ms].15 │   GPReg_Setpoint1[°C] │   Czas [ms].16 │   GPReg_Setpoint2[°C] │   Czas [ms].17 │   Hamulec, lewa komora, temp.[°C] │
╞════╪════════════════╪═══════════════════════╪════════════════╪═══════════════════════╪════════════════╪═══════════════════════════════════╡
│  0 │            194 │                    30 │            194 │                    34 │             76 │                                20 │
├────┼────────────────┼───────────────────────┼────────────────┼───────────────────────┼────────────────┼───────────────────────────────────┤
│  1 │            495 │                    30 │            495 │                    34 │            276 │                                20 │
├────┼────────────────┼───────────────────────┼────────────────┼───────────────────────┼────────────────┼───────────────────────────────────┤
│  2 │            795 │                    30 │            795 │                    34 │            477 │                                20 │
╘════╧════════════════╧═══════════════════════╧════════════════╧═══════════════════════╧════════════════╧═══════════════════════════════════╛
2024-11-27 14:28:17,791 - INFO - Data from file 'RME zew _ 2018-12-20.xlsx':
╒════╤════════════════╤════════════════════════════════════╤════════════════╤════════════════════════════════╤════════════════╤═══════════════════════════════╕
│    │   Czas [ms].18 │   Hamulec, prawa komora, temp.[°C] │   Czas [ms].19 │   Hamulec, przepływ wody[m³/h] │   Czas [ms].20 │   Ilość paliwa w zbiorniku[g] │
╞════╪════════════════╪════════════════════════════════════╪════════════════╪════════════════════════════════╪════════════════╪═══════════════════════════════╡
│  0 │             76 │                                 20 │             26 │                           11.7 │            206 │                       605.261 │
├────┼────────────────┼────────────────────────────────────┼────────────────┼────────────────────────────────┼────────────────┼───────────────────────────────┤
│  1 │            276 │                                 20 │            226 │                           11.7 │            456 │                       606.616 │
├────┼────────────────┼────────────────────────────────────┼────────────────┼────────────────────────────────┼────────────────┼───────────────────────────────┤
│  2 │            477 │                                 20 │            426 │                           11.7 │            706 │                       606.552 │
╘════╧════════════════╧════════════════════════════════════╧════════════════╧════════════════════════════════╧════════════════╧═══════════════════════════════╛
2024-11-27 14:28:17,794 - INFO - Data from file 'RME zew _ 2018-12-20.xlsx':
╒════╤════════════════╤════════════════════════════════╤════════════════╤═════════════════════════╤════════════════╤═════════════════════════╕
│    │   Czas [ms].21 │   Kond. - przepływ wody[l/min] │   Czas [ms].22 │   Kontrolka zb. 1/3 [-] │   Czas [ms].23 │   Kontrolka zb. 2/3 [-] │
╞════╪════════════════╪════════════════════════════════╪════════════════╪═════════════════════════╪════════════════╪═════════════════════════╡
│  0 │            100 │                           7.79 │             55 │                       0 │             55 │                       0 │
├────┼────────────────┼────────────────────────────────┼────────────────┼─────────────────────────┼────────────────┼─────────────────────────┤
│  1 │            300 │                           8.03 │            855 │                       0 │            855 │                       0 │
├────┼────────────────┼────────────────────────────────┼────────────────┼─────────────────────────┼────────────────┼─────────────────────────┤
│  2 │            500 │                           7.87 │           1657 │                       0 │           1657 │                       0 │
╘════╧════════════════╧════════════════════════════════╧════════════════╧═════════════════════════╧════════════════╧═════════════════════════╛
2024-11-27 14:28:17,798 - INFO - Data from file 'RME zew _ 2018-12-20.xlsx':
╒════╤════════════════╤═════════════════════════╤════════════════╤═════════════╤════════════════╤═══════════╕
│    │   Czas [ms].24 │   Kontrolka zb. 3/3 [-] │   Czas [ms].25 │   MAF[kg/h] │   Czas [ms].26 │   Moc[kW] │
╞════╪════════════════╪═════════════════════════╪════════════════╪═════════════╪════════════════╪═══════════╡
│  0 │             55 │                       0 │            197 │         0   │            194 │         0 │
├────┼────────────────┼─────────────────────────┼────────────────┼─────────────┼────────────────┼───────────┤
│  1 │            855 │                       0 │            398 │         1.5 │            395 │         0 │
├────┼────────────────┼─────────────────────────┼────────────────┼─────────────┼────────────────┼───────────┤
│  2 │           1657 │                       0 │            598 │         5.8 │            595 │         0 │
╘════╧════════════════╧═════════════════════════╧════════════════╧═════════════╧════════════════╧═══════════╛
2024-11-27 14:28:17,802 - INFO - Data from file 'RME zew _ 2018-12-20.xlsx':
╒════╤════════════════╤═══════════════════════╤════════════════╤════════════════════╤════════════════╤═══════════════════╕
│    │   Czas [ms].27 │   Moment obrotowy[Nm] │   Czas [ms].28 │   Moment Tryb3[Nm] │   Czas [ms].29 │   Obroty[obr/min] │
╞════╪════════════════╪═══════════════════════╪════════════════╪════════════════════╪════════════════╪═══════════════════╡
│  0 │             14 │                   0   │         410600 │                3.8 │             14 │                 0 │
├────┼────────────────┼───────────────────────┼────────────────┼────────────────────┼────────────────┼───────────────────┤
│  1 │             34 │                   0.1 │         410832 │                3.8 │             34 │                 0 │
├────┼────────────────┼───────────────────────┼────────────────┼────────────────────┼────────────────┼───────────────────┤
│  2 │             54 │                   0.1 │         411082 │                3.8 │             54 │                 0 │
╘════╧════════════════╧═══════════════════════╧════════════════╧════════════════════╧════════════════╧═══════════════════╛
2024-11-27 14:28:17,805 - INFO - Data from file 'RME zew _ 2018-12-20.xlsx':
╒════╤════════════════╤═══════════════════════════╤════════════════╤═══════════════════════════╤════════════════╤═══════════════════════════╕
│    │   Czas [ms].30 │   Poz. paliwa zb. 1/3[mm] │   Czas [ms].31 │   Poz. paliwa zb. 2/3[mm] │   Czas [ms].32 │   Poz. paliwa zb. 3/3[mm] │
╞════╪════════════════╪═══════════════════════════╪════════════════╪═══════════════════════════╪════════════════╪═══════════════════════════╡
│  0 │            197 │                       196 │            198 │                        32 │            198 │                       110 │
├────┼────────────────┼───────────────────────────┼────────────────┼───────────────────────────┼────────────────┼───────────────────────────┤
│  1 │            398 │                       196 │            398 │                        32 │            398 │                       110 │
├────┼────────────────┼───────────────────────────┼────────────────┼───────────────────────────┼────────────────┼───────────────────────────┤
│  2 │            598 │                       196 │            598 │                        32 │            599 │                       110 │
╘════╧════════════════╧═══════════════════════════╧════════════════╧═══════════════════════════╧════════════════╧═══════════════════════════╛
2024-11-27 14:28:17,809 - INFO - Data from file 'RME zew _ 2018-12-20.xlsx':
╒════╤════════════════╤════════════════════════════╤════════════════╤═════════════════════════╤════════════════╤═══════════════════╕
│    │   Czas [ms].33 │   Przekaź. pompy paliwa[-] │   Czas [ms].34 │   Przekaźnik zapłonu[-] │   Czas [ms].35 │   Przepustnica[%] │
╞════╪════════════════╪════════════════════════════╪════════════════╪═════════════════════════╪════════════════╪═══════════════════╡
│  0 │            948 │                          0 │             55 │                       1 │             54 │                 0 │
├────┼────────────────┼────────────────────────────┼────────────────┼─────────────────────────┼────────────────┼───────────────────┤
│  1 │           1949 │                          0 │            855 │                       1 │            304 │                 0 │
├────┼────────────────┼────────────────────────────┼────────────────┼─────────────────────────┼────────────────┼───────────────────┤
│  2 │           2952 │                          0 │           1657 │                       1 │            555 │                 0 │
╘════╧════════════════╧════════════════════════════╧════════════════╧═════════════════════════╧════════════════╧═══════════════════╛
2024-11-27 14:28:17,813 - INFO - Data from file 'RME zew _ 2018-12-20.xlsx':
╒════╤════════════════╤═════════════════════════╤════════════════╤═════════════════════════╤════════════════╤═════════════════╕
│    │   Czas [ms].36 │   Przepustnica Tryb0[%] │   Czas [ms].37 │   Przepustnica Tryb1[%] │   Czas [ms].38 │   Przyklad[bar] │
╞════╪════════════════╪═════════════════════════╪════════════════╪═════════════════════════╪════════════════╪═════════════════╡
│  0 │            244 │                       0 │           7732 │                       0 │            104 │               0 │
├────┼────────────────┼─────────────────────────┼────────────────┼─────────────────────────┼────────────────┼─────────────────┤
│  1 │            495 │                       0 │           7755 │                       0 │            305 │               0 │
├────┼────────────────┼─────────────────────────┼────────────────┼─────────────────────────┼────────────────┼─────────────────┤
│  2 │            745 │                       0 │           8005 │                       0 │            505 │               0 │
╘════╧════════════════╧═════════════════════════╧════════════════╧═════════════════════════╧════════════════╧═════════════════╛
2024-11-27 14:28:17,815 - INFO - Data from file 'RME zew _ 2018-12-20.xlsx':
╒════╤════════════════╤════════════════╤════════════════╤═════════════════╤════════════════╤══════════════════════╕
│    │   Czas [ms].39 │   PWM Tryb0[%] │   Czas [ms].40 │   Rozrusznik[-] │   Czas [ms].41 │   RPM Tryb1[obr/min] │
╞════╪════════════════╪════════════════╪════════════════╪═════════════════╪════════════════╪══════════════════════╡
│  0 │            244 │              0 │             55 │               1 │           7732 │                  801 │
├────┼────────────────┼────────────────┼────────────────┼─────────────────┼────────────────┼──────────────────────┤
│  1 │            495 │              0 │            855 │               1 │           7755 │                  801 │
├────┼────────────────┼────────────────┼────────────────┼─────────────────┼────────────────┼──────────────────────┤
│  2 │            745 │              0 │            965 │               1 │           8005 │                  801 │
╘════╧════════════════╧════════════════╧════════════════╧═════════════════╧════════════════╧══════════════════════╛
2024-11-27 14:28:17,820 - INFO - Data from file 'RME zew _ 2018-12-20.xlsx':
╒════╤════════════════╤══════════════════════╤════════════════╤══════════════╤════════════════╤═══════════════════════════╕
│    │   Czas [ms].42 │   RPM Tryb3[obr/min] │   Czas [ms].43 │   Starter[-] │   Czas [ms].44 │   Stycz. chłodni went.[-] │
╞════╪════════════════╪══════════════════════╪════════════════╪══════════════╪════════════════╪═══════════════════════════╡
│  0 │         410600 │                  801 │            966 │            1 │            948 │                         0 │
├────┼────────────────┼──────────────────────┼────────────────┼──────────────┼────────────────┼───────────────────────────┤
│  1 │         410832 │                  801 │           1767 │            0 │            995 │                         0 │
├────┼────────────────┼──────────────────────┼────────────────┼──────────────┼────────────────┼───────────────────────────┤
│  2 │         411082 │                  801 │           2769 │            0 │           1949 │                         0 │
╘════╧════════════════╧══════════════════════╧════════════════╧══════════════╧════════════════╧═══════════════════════════╛
2024-11-27 14:28:17,823 - INFO - Data from file 'RME zew _ 2018-12-20.xlsx':
╒════╤════════════════╤══════════════════════════════╤════════════════╤═══════════════════════════╤════════════════╤═══════════════════════════╕
│    │   Czas [ms].45 │   Temp. oleju przed wym.[°C] │   Czas [ms].46 │   Temp. oleju w misce[°C] │   Czas [ms].47 │   Temp. oleju za wym.[°C] │
╞════╪════════════════╪══════════════════════════════╪════════════════╪═══════════════════════════╪════════════════╪═══════════════════════════╡
│  0 │             46 │                           21 │              5 │                        75 │             47 │                      20.7 │
├────┼────────────────┼──────────────────────────────┼────────────────┼───────────────────────────┼────────────────┼───────────────────────────┤
│  1 │            247 │                           21 │            205 │                        80 │            247 │                      20.7 │
├────┼────────────────┼──────────────────────────────┼────────────────┼───────────────────────────┼────────────────┼───────────────────────────┤
│  2 │            447 │                           21 │            405 │                        78 │            448 │                      20.7 │
╘════╧════════════════╧══════════════════════════════╧════════════════╧═══════════════════════════╧════════════════╧═══════════════════════════╛
2024-11-27 14:28:17,826 - INFO - Data from file 'RME zew _ 2018-12-20.xlsx':
╒════╤════════════════╤═══════════════════════╤════════════════╤══════════════════════════════════╤════════════════╤══════════════════════════════════╕
│    │   Czas [ms].48 │   Temp. otoczenia[°C] │   Czas [ms].49 │   Temp. pal. na wejściu sil.[°C] │   Czas [ms].50 │   Temp. pal. na wyjściu sil.[°C] │
╞════╪════════════════╪═══════════════════════╪════════════════╪══════════════════════════════════╪════════════════╪══════════════════════════════════╡
│  0 │            155 │                  17.7 │            156 │                             26.9 │            155 │                             40.1 │
├────┼────────────────┼───────────────────────┼────────────────┼──────────────────────────────────┼────────────────┼──────────────────────────────────┤
│  1 │            355 │                  17.7 │            356 │                             26.9 │            356 │                             40.2 │
├────┼────────────────┼───────────────────────┼────────────────┼──────────────────────────────────┼────────────────┼──────────────────────────────────┤
│  2 │            555 │                  17.7 │            556 │                             26.9 │            556 │                             40.1 │
╘════╧════════════════╧═══════════════════════╧════════════════╧══════════════════════════════════╧════════════════╧══════════════════════════════════╛
2024-11-27 14:28:17,830 - INFO - Data from file 'RME zew _ 2018-12-20.xlsx':
╒════╤════════════════╤══════════════════════════════╤════════════════╤══════════════════════════════╤════════════════╤══════════════════════════════╕
│    │   Czas [ms].51 │   Temp. paliwa w zb. 1/3[°C] │   Czas [ms].52 │   Temp. paliwa w zb. 2/3[°C] │   Czas [ms].53 │   Temp. paliwa w zb. 3/3[°C] │
╞════╪════════════════╪══════════════════════════════╪════════════════╪══════════════════════════════╪════════════════╪══════════════════════════════╡
│  0 │             49 │                         15.9 │             50 │                         16.6 │             50 │                         15.4 │
├────┼────────────────┼──────────────────────────────┼────────────────┼──────────────────────────────┼────────────────┼──────────────────────────────┤
│  1 │            250 │                         15.9 │            250 │                         16.6 │            250 │                         15.4 │
├────┼────────────────┼──────────────────────────────┼────────────────┼──────────────────────────────┼────────────────┼──────────────────────────────┤
│  2 │            450 │                         15.9 │            450 │                         16.6 │            450 │                         15.4 │
╘════╧════════════════╧══════════════════════════════╧════════════════╧══════════════════════════════╧════════════════╧══════════════════════════════╛
2024-11-27 14:28:17,833 - INFO - Data from file 'RME zew _ 2018-12-20.xlsx':
╒════╤════════════════╤═══════════════════════════════════╤════════════════╤════════════════════════════════╤════════════════╤════════════════════════╕
│    │   Czas [ms].54 │   Temp. powietrza przed turb.[°C] │   Czas [ms].55 │   Temp. powietrza za turb.[°C] │   Czas [ms].56 │   Temp. spalin 1/6[°C] │
╞════╪════════════════╪═══════════════════════════════════╪════════════════╪════════════════════════════════╪════════════════╪════════════════════════╡
│  0 │             47 │                              30.1 │              5 │                             43 │             96 │                    148 │
├────┼────────────────┼───────────────────────────────────┼────────────────┼────────────────────────────────┼────────────────┼────────────────────────┤
│  1 │            247 │                              30.1 │            205 │                             43 │            297 │                    148 │
├────┼────────────────┼───────────────────────────────────┼────────────────┼────────────────────────────────┼────────────────┼────────────────────────┤
│  2 │            448 │                              30.1 │            405 │                             43 │            497 │                    148 │
╘════╧════════════════╧═══════════════════════════════════╧════════════════╧════════════════════════════════╧════════════════╧════════════════════════╛
2024-11-27 14:28:17,838 - INFO - Data from file 'RME zew _ 2018-12-20.xlsx':
╒════╤════════════════╤════════════════════════╤════════════════╤════════════════════════╤════════════════╤════════════════════════╕
│    │   Czas [ms].57 │   Temp. spalin 2/6[°C] │   Czas [ms].58 │   Temp. spalin 3/6[°C] │   Czas [ms].59 │   Temp. spalin 4/6[°C] │
╞════╪════════════════╪════════════════════════╪════════════════╪════════════════════════╪════════════════╪════════════════════════╡
│  0 │             97 │                    161 │             97 │                    162 │             97 │                    152 │
├────┼────────────────┼────────────────────────┼────────────────┼────────────────────────┼────────────────┼────────────────────────┤
│  1 │            297 │                    161 │            297 │                    162 │            297 │                    158 │
├────┼────────────────┼────────────────────────┼────────────────┼────────────────────────┼────────────────┼────────────────────────┤
│  2 │            497 │                    161 │            497 │                    163 │            498 │                    155 │
╘════╧════════════════╧════════════════════════╧════════════════╧════════════════════════╧════════════════╧════════════════════════╛
2024-11-27 14:28:17,841 - INFO - Data from file 'RME zew _ 2018-12-20.xlsx':
╒════╤════════════════╤═══════════════════════════════════╤════════════════╤═══════════════════════════════════╤════════════════╤═══════════════════════════╕
│    │   Czas [ms].60 │   Temp. spalin za turbiną 1/2[°C] │   Czas [ms].61 │   Temp. spalin za turbiną 2/2[°C] │   Czas [ms].62 │   Temp.pal.na wyjściu[°C] │
╞════╪════════════════╪═══════════════════════════════════╪════════════════╪═══════════════════════════════════╪════════════════╪═══════════════════════════╡
│  0 │              4 │                               157 │              4 │                               143 │              0 │                      18.5 │
├────┼────────────────┼───────────────────────────────────┼────────────────┼───────────────────────────────────┼────────────────┼───────────────────────────┤
│  1 │            204 │                               157 │            205 │                               143 │            200 │                      18.5 │
├────┼────────────────┼───────────────────────────────────┼────────────────┼───────────────────────────────────┼────────────────┼───────────────────────────┤
│  2 │            405 │                               157 │            405 │                               143 │            400 │                      18.6 │
╘════╧════════════════╧═══════════════════════════════════╧════════════════╧═══════════════════════════════════╧════════════════╧═══════════════════════════╛
2024-11-27 14:28:17,845 - INFO - Data from file 'RME zew _ 2018-12-20.xlsx':
╒════╤════════════════╤══════════════════════════╤════════════════╤══════════════════════════╤════════════════╤═══════════════════════════════╕
│    │   Czas [ms].63 │   Temp.paliwa żądana[°C] │   Czas [ms].64 │   Wilgotność względna[%] │   Czas [ms].65 │   Wyłącznik bezpieczeństwa[-] │
╞════╪════════════════╪══════════════════════════╪════════════════╪══════════════════════════╪════════════════╪═══════════════════════════════╡
│  0 │            150 │                     20.6 │            155 │                       28 │            966 │                             0 │
├────┼────────────────┼──────────────────────────┼────────────────┼──────────────────────────┼────────────────┼───────────────────────────────┤
│  1 │            350 │                     20.6 │            355 │                       28 │           1767 │                             0 │
├────┼────────────────┼──────────────────────────┼────────────────┼──────────────────────────┼────────────────┼───────────────────────────────┤
│  2 │            550 │                     20.6 │            557 │                       28 │           2769 │                             0 │
╘════╧════════════════╧══════════════════════════╧════════════════╧══════════════════════════╧════════════════╧═══════════════════════════════╛
2024-11-27 14:28:17,848 - INFO - Data from file 'RME zew _ 2018-12-20.xlsx':
╒════╤════════════════╤═════════════╤════════════════╤══════════════════════════╤════════════════╤══════════════════════════╕
│    │   Czas [ms].66 │   Zapłon[-] │   Czas [ms].67 │   Zaw. zb. paliwa 1/3[-] │   Czas [ms].68 │   Zaw. zb. paliwa 2/3[-] │
╞════╪════════════════╪═════════════╪════════════════╪══════════════════════════╪════════════════╪══════════════════════════╡
│  0 │            966 │           1 │             55 │                        0 │             55 │                        0 │
├────┼────────────────┼─────────────┼────────────────┼──────────────────────────┼────────────────┼──────────────────────────┤
│  1 │           1767 │           1 │            855 │                        0 │            855 │                        0 │
├────┼────────────────┼─────────────┼────────────────┼──────────────────────────┼────────────────┼──────────────────────────┤
│  2 │           2769 │           1 │           1657 │                        0 │           1657 │                        0 │
╘════╧════════════════╧═════════════╧════════════════╧══════════════════════════╧════════════════╧══════════════════════════╛
2024-11-27 14:28:17,851 - INFO - Data from file 'RME zew _ 2018-12-20.xlsx':
╒════╤════════════════╤══════════════════════════╤════════════════╤═════════════════════════════╤════════════════╤═══════════════════════════════╕
│    │   Czas [ms].69 │   Zaw. zb. paliwa 3/3[-] │   Czas [ms].70 │   Zawór reg. chł. cieczy[-] │   Czas [ms].71 │   Zużycie paliwa bieżące[g/s] │
╞════╪════════════════╪══════════════════════════╪════════════════╪═════════════════════════════╪════════════════╪═══════════════════════════════╡
│  0 │             55 │                        0 │            948 │                           1 │            150 │                          0    │
├────┼────────────────┼──────────────────────────┼────────────────┼─────────────────────────────┼────────────────┼───────────────────────────────┤
│  1 │            855 │                        0 │            995 │                           1 │            350 │                          1.07 │
├────┼────────────────┼──────────────────────────┼────────────────┼─────────────────────────────┼────────────────┼───────────────────────────────┤
│  2 │           1657 │                        0 │           1949 │                           1 │            551 │                          1.07 │
╘════╧════════════════╧══════════════════════════╧════════════════╧═════════════════════════════╧════════════════╧═══════════════════════════════╛
2024-11-27 14:28:17,856 - INFO - Data from file 'RME zew _ 2018-12-20.xlsx':
╒════╤════════════════╤═══════════════════════════════╕
│    │   Czas [ms].72 │   Zużycie paliwa średnie[g/s] │
╞════╪════════════════╪═══════════════════════════════╡
│  0 │            150 │                        0.0124 │
├────┼────────────────┼───────────────────────────────┤
│  1 │            350 │                        0.0101 │
├────┼────────────────┼───────────────────────────────┤
│  2 │            550 │                        0.0107 │
╘════╧════════════════╧═══════════════════════════════╛
2024-11-27 14:28:17,858 - INFO - Data Frame Shape: (22141, 146)
2024-11-27 14:28:17,859 - INFO - Loading eco file: RME zew _ 2018-12-20_eco.xlsx
2024-11-27 14:28:17,859 - INFO - Loading data from file: c:\Users\vtaustyka\PycharmProjects\DT-Engine\data\raw\RME zew _ 2018-12-20_eco.xlsx
2024-11-27 14:28:17,896 - INFO - Data loaded successfully from file: c:\Users\vtaustyka\PycharmProjects\DT-Engine\data\raw\RME zew _ 2018-12-20_eco.xlsx
2024-11-27 14:28:17,896 - INFO - Data Frame Columns: ['OBR', 'Mo', 'CO', 'HC', 'LAMBDA', 'CO2', 'O2', 'NO', 'PM']
2024-11-27 14:28:17,897 - INFO - Data from file 'RME zew _ 2018-12-20_eco.xlsx':
╒════╤═══════╤══════╤══════╤══════╤══════════╤═══════╕
│    │   OBR │   Mo │   CO │   HC │   LAMBDA │   CO2 │
╞════╪═══════╪══════╪══════╪══════╪══════════╪═══════╡
│  0 │  2400 │  291 │ 0.04 │   10 │    1.96  │   7.6 │
├────┼───────┼──────┼──────┼──────┼──────────┼───────┤
│  1 │  2200 │  316 │ 0.03 │   11 │    1.812 │   8.3 │
├────┼───────┼──────┼──────┼──────┼──────────┼───────┤
│  2 │  2000 │  329 │ 0.03 │    9 │    1.684 │   9   │
╘════╧═══════╧══════╧══════╧══════╧══════════╧═══════╛
2024-11-27 14:28:17,899 - INFO - Data from file 'RME zew _ 2018-12-20_eco.xlsx':
╒════╤═══════╤══════╤══════╕
│    │    O2 │   NO │   PM │
╞════╪═══════╪══════╪══════╡
│  0 │ 10.53 │  168 │ 5.11 │
├────┼───────┼──────┼──────┤
│  1 │  8.67 │  206 │ 3.44 │
├────┼───────┼──────┼──────┤
│  2 │  8.8  │  240 │ 2.61 │
╘════╧═══════╧══════╧══════╛
2024-11-27 14:28:17,903 - INFO - Data Frame Shape: (10, 9)
2024-11-27 14:28:17,903 - INFO - Data files loaded successfully.
2024-11-27 14:28:25,568 - INFO - Step 2: Raw data loaded successfully.
2024-11-27 14:28:25,568 - INFO - Continue data pipeline. Step 3: Validating data...
2024-11-27 14:28:25,576 - INFO - DataValidator initialized.
2024-11-27 14:28:25,576 - INFO - Starting column validation for multiple DataFrames...
2024-11-27 14:28:25,577 - INFO - DataFrame 0: All required columns are present.
2024-11-27 14:28:25,577 - INFO - DataFrame 0: All optional columns are present.
2024-11-27 14:28:25,578 - INFO - DataFrame 1: All required columns are present.
2024-11-27 14:28:25,578 - INFO - DataFrame 1: All optional columns are present.
2024-11-27 14:28:25,578 - INFO - Starting schema validation for multiple DataFrames...
2024-11-27 14:28:25,582 - INFO - DataFrame 0 - Schema validation passed.
2024-11-27 14:28:25,584 - INFO - DataFrame 1 - Schema validation passed.
2024-11-27 14:28:25,584 - INFO - Checking for duplicate columns in multiple DataFrames...
2024-11-27 14:28:25,584 - INFO - DataFrame 0: No duplicate columns found.
2024-11-27 14:28:25,585 - INFO - DataFrame 1: No duplicate columns found.
2024-11-27 14:28:25,586 - INFO - Validation reports summarizing the results for each DataFrame
2024-11-27 14:28:25,586 - INFO - =================
Validation Report for DataFrame 0 (0 - main Data Frame; 1 - eco Data Frame):
DataFrame Shape: (22141, 146) (Rows, Columns) <--- !!!!!!!!!
All Required Columns: Present
All Optional Columns: Present
2024-11-27 14:28:25,587 - INFO - =================
Validation Report for DataFrame 1 (0 - main Data Frame; 1 - eco Data Frame):
DataFrame Shape: (10, 9) (Rows, Columns) <--- !!!!!!!!!
All Required Columns: Present
All Optional Columns: Present
2024-11-27 14:28:25,588 - INFO - Step 3: Data validated successfully.
2024-11-27 14:28:27,681 - INFO - Step 3: Data validated successfully.
2024-11-27 14:28:27,681 - INFO - Starting metadata extraction for multiple DataFrames...
2024-11-27 14:28:27,682 - INFO - Processing DataFrame 1/2 with shape (22141, 146)...
2024-11-27 14:28:27,761 - INFO - Metadata for DataFrame 0, names_of_files_under_procession:['RME zew _ 2018-12-20.xlsx', 'RME zew _ 2018-12-20_eco.xlsx', 'RME'], None:
+-----+----------------------------------+------------------+--------------+-----------------+-------------+
|     | Column                           |   Non-Null Count |   Null Count |   Unique Values | Data Type   |
+=====+==================================+==================+==============+=================+=============+
|   0 | Czas [ms]                        |             2213 |        19928 |            2213 | float64     |
+-----+----------------------------------+------------------+--------------+-----------------+-------------+
|   1 | Ciś. pow. przed turb.[Pa]        |             2213 |        19928 |              33 | float64     |
+-----+----------------------------------+------------------+--------------+-----------------+-------------+
|   2 | Czas [ms].1                      |             2213 |        19928 |            2213 | float64     |
+-----+----------------------------------+------------------+--------------+-----------------+-------------+
|   3 | Ciś. pow. za turb.[Pa]           |             2213 |        19928 |            1216 | float64     |
+-----+----------------------------------+------------------+--------------+-----------------+-------------+
|   4 | Czas [ms].2                      |             2213 |        19928 |            2213 | float64     |
+-----+----------------------------------+------------------+--------------+-----------------+-------------+
|   5 | Ciśnienie atmosferyczne[hPa]     |             2213 |        19928 |               2 | float64     |
+-----+----------------------------------+------------------+--------------+-----------------+-------------+
|   6 | Czas [ms].3                      |             2213 |        19928 |            2213 | float64     |
+-----+----------------------------------+------------------+--------------+-----------------+-------------+
|   7 | Ciśnienie oleju[bar]             |             2213 |        19928 |             945 | float64     |
+-----+----------------------------------+------------------+--------------+-----------------+-------------+
|   8 | Czas [ms].4                      |             2213 |        19928 |            2213 | float64     |
+-----+----------------------------------+------------------+--------------+-----------------+-------------+
|   9 | Ciśnienie spalin[Pa]             |             2213 |        19928 |             117 | float64     |
+-----+----------------------------------+------------------+--------------+-----------------+-------------+
|  10 | Czas [ms].5                      |              442 |        21699 |             442 | float64     |
+-----+----------------------------------+------------------+--------------+-----------------+-------------+
|  11 | Dopeł. zb. 1/3[-]                |              442 |        21699 |               1 | float64     |
+-----+----------------------------------+------------------+--------------+-----------------+-------------+
|  12 | Czas [ms].6                      |              442 |        21699 |             442 | float64     |
+-----+----------------------------------+------------------+--------------+-----------------+-------------+
|  13 | Dopeł. zb. 2/3[-]                |              442 |        21699 |               1 | float64     |
+-----+----------------------------------+------------------+--------------+-----------------+-------------+
|  14 | Czas [ms].7                      |              442 |        21699 |             442 | float64     |
+-----+----------------------------------+------------------+--------------+-----------------+-------------+
|  15 | Dopeł. zb. 3/3[-]                |              442 |        21699 |               1 | float64     |
+-----+----------------------------------+------------------+--------------+-----------------+-------------+
|  16 | Czas [ms].8                      |              448 |        21693 |             448 | float64     |
+-----+----------------------------------+------------------+--------------+-----------------+-------------+
|  17 | Dopełnianie[-]                   |              448 |        21693 |               2 | float64     |
+-----+----------------------------------+------------------+--------------+-----------------+-------------+
|  18 | Czas [ms].9                      |              884 |        21257 |             884 | float64     |
+-----+----------------------------------+------------------+--------------+-----------------+-------------+
|  19 | Duży obieg[-]                    |              884 |        21257 |               1 | float64     |
+-----+----------------------------------+------------------+--------------+-----------------+-------------+
|  20 | Czas [ms].10                     |             2214 |        19927 |            2214 | float64     |
+-----+----------------------------------+------------------+--------------+-----------------+-------------+
|  21 | ECT - wejście do sil.[°C]        |             2214 |        19927 |             186 | float64     |
+-----+----------------------------------+------------------+--------------+-----------------+-------------+
|  22 | Czas [ms].11                     |             2214 |        19927 |            2214 | float64     |
+-----+----------------------------------+------------------+--------------+-----------------+-------------+
|  23 | ECT - wyjście z sil.[°C]         |             2214 |        19927 |             106 | float64     |
+-----+----------------------------------+------------------+--------------+-----------------+-------------+
|  24 | Czas [ms].12                     |             2214 |        19927 |            2214 | float64     |
+-----+----------------------------------+------------------+--------------+-----------------+-------------+
|  25 | Główny obieg - przepływ[m³/h]    |             2214 |        19927 |            1000 | float64     |
+-----+----------------------------------+------------------+--------------+-----------------+-------------+
|  26 | Czas [ms].13                     |             2213 |        19928 |            2213 | float64     |
+-----+----------------------------------+------------------+--------------+-----------------+-------------+
|  27 | Główny obieg - temp.[°C]         |             2213 |        19928 |               5 | float64     |
+-----+----------------------------------+------------------+--------------+-----------------+-------------+
|  28 | Czas [ms].14                     |             1476 |        20665 |            1476 | float64     |
+-----+----------------------------------+------------------+--------------+-----------------+-------------+
|  29 | GPReg_Setpoint0[°C]              |             1476 |        20665 |               1 | float64     |
+-----+----------------------------------+------------------+--------------+-----------------+-------------+
|  30 | Czas [ms].15                     |             1476 |        20665 |            1476 | float64     |
+-----+----------------------------------+------------------+--------------+-----------------+-------------+
|  31 | GPReg_Setpoint1[°C]              |             1476 |        20665 |               1 | float64     |
+-----+----------------------------------+------------------+--------------+-----------------+-------------+
|  32 | Czas [ms].16                     |             1476 |        20665 |            1476 | float64     |
+-----+----------------------------------+------------------+--------------+-----------------+-------------+
|  33 | GPReg_Setpoint2[°C]              |             1476 |        20665 |               1 | float64     |
+-----+----------------------------------+------------------+--------------+-----------------+-------------+
|  34 | Czas [ms].17                     |             2214 |        19927 |            2214 | float64     |
+-----+----------------------------------+------------------+--------------+-----------------+-------------+
|  35 | Hamulec, lewa komora, temp.[°C]  |             2214 |        19927 |              17 | float64     |
+-----+----------------------------------+------------------+--------------+-----------------+-------------+
|  36 | Czas [ms].18                     |             2214 |        19927 |            2214 | float64     |
+-----+----------------------------------+------------------+--------------+-----------------+-------------+
|  37 | Hamulec, prawa komora, temp.[°C] |             2214 |        19927 |              21 | float64     |
+-----+----------------------------------+------------------+--------------+-----------------+-------------+
|  38 | Czas [ms].19                     |             2214 |        19927 |            2214 | float64     |
+-----+----------------------------------+------------------+--------------+-----------------+-------------+
|  39 | Hamulec, przepływ wody[m³/h]     |             2214 |        19927 |               5 | float64     |
+-----+----------------------------------+------------------+--------------+-----------------+-------------+
|  40 | Czas [ms].20                     |             1771 |        20370 |            1771 | float64     |
+-----+----------------------------------+------------------+--------------+-----------------+-------------+
|  41 | Ilość paliwa w zbiorniku[g]      |             1771 |        20370 |            1768 | float64     |
+-----+----------------------------------+------------------+--------------+-----------------+-------------+
|  42 | Czas [ms].21                     |             2214 |        19927 |            2214 | float64     |
+-----+----------------------------------+------------------+--------------+-----------------+-------------+
|  43 | Kond. - przepływ wody[l/min]     |             2214 |        19927 |              59 | float64     |
+-----+----------------------------------+------------------+--------------+-----------------+-------------+
|  44 | Czas [ms].22                     |              444 |        21697 |             444 | float64     |
+-----+----------------------------------+------------------+--------------+-----------------+-------------+
|  45 | Kontrolka zb. 1/3 [-]            |              444 |        21697 |               1 | float64     |
+-----+----------------------------------+------------------+--------------+-----------------+-------------+
|  46 | Czas [ms].23                     |              444 |        21697 |             444 | float64     |
+-----+----------------------------------+------------------+--------------+-----------------+-------------+
|  47 | Kontrolka zb. 2/3 [-]            |              444 |        21697 |               1 | float64     |
+-----+----------------------------------+------------------+--------------+-----------------+-------------+
|  48 | Czas [ms].24                     |              444 |        21697 |             444 | float64     |
+-----+----------------------------------+------------------+--------------+-----------------+-------------+
|  49 | Kontrolka zb. 3/3 [-]            |              444 |        21697 |               1 | float64     |
+-----+----------------------------------+------------------+--------------+-----------------+-------------+
|  50 | Czas [ms].25                     |             2213 |        19928 |            2213 | float64     |
+-----+----------------------------------+------------------+--------------+-----------------+-------------+
|  51 | MAF[kg/h]                        |             2213 |        19928 |            1108 | float64     |
+-----+----------------------------------+------------------+--------------+-----------------+-------------+
|  52 | Czas [ms].26                     |             2213 |        19928 |            2213 | float64     |
+-----+----------------------------------+------------------+--------------+-----------------+-------------+
|  53 | Moc[kW]                          |             2213 |        19928 |             325 | float64     |
+-----+----------------------------------+------------------+--------------+-----------------+-------------+
|  54 | Czas [ms].27                     |            22141 |            0 |           22139 | int64       |
+-----+----------------------------------+------------------+--------------+-----------------+-------------+
|  55 | Moment obrotowy[Nm]              |            22141 |            0 |            2266 | float64     |
+-----+----------------------------------+------------------+--------------+-----------------+-------------+
|  56 | Czas [ms].28                     |              125 |        22016 |             125 | float64     |
+-----+----------------------------------+------------------+--------------+-----------------+-------------+
|  57 | Moment Tryb3[Nm]                 |              125 |        22016 |               1 | float64     |
+-----+----------------------------------+------------------+--------------+-----------------+-------------+
|  58 | Czas [ms].29                     |            22141 |            0 |           22139 | int64       |
+-----+----------------------------------+------------------+--------------+-----------------+-------------+
|  59 | Obroty[obr/min]                  |            22141 |            0 |            1615 | int64       |
+-----+----------------------------------+------------------+--------------+-----------------+-------------+
|  60 | Czas [ms].30                     |             2213 |        19928 |            2213 | float64     |
+-----+----------------------------------+------------------+--------------+-----------------+-------------+
|  61 | Poz. paliwa zb. 1/3[mm]          |             2213 |        19928 |               1 | float64     |
+-----+----------------------------------+------------------+--------------+-----------------+-------------+
|  62 | Czas [ms].31                     |             2213 |        19928 |            2213 | float64     |
+-----+----------------------------------+------------------+--------------+-----------------+-------------+
|  63 | Poz. paliwa zb. 2/3[mm]          |             2213 |        19928 |              12 | float64     |
+-----+----------------------------------+------------------+--------------+-----------------+-------------+
|  64 | Czas [ms].32                     |             2213 |        19928 |            2213 | float64     |
+-----+----------------------------------+------------------+--------------+-----------------+-------------+
|  65 | Poz. paliwa zb. 3/3[mm]          |             2213 |        19928 |               1 | float64     |
+-----+----------------------------------+------------------+--------------+-----------------+-------------+
|  66 | Czas [ms].33                     |              442 |        21699 |             442 | float64     |
+-----+----------------------------------+------------------+--------------+-----------------+-------------+
|  67 | Przekaź. pompy paliwa[-]         |              442 |        21699 |               1 | float64     |
+-----+----------------------------------+------------------+--------------+-----------------+-------------+
|  68 | Czas [ms].34                     |              445 |        21696 |             445 | float64     |
+-----+----------------------------------+------------------+--------------+-----------------+-------------+
|  69 | Przekaźnik zapłonu[-]            |              445 |        21696 |               2 | float64     |
+-----+----------------------------------+------------------+--------------+-----------------+-------------+
|  70 | Czas [ms].35                     |             1771 |        20370 |            1771 | float64     |
+-----+----------------------------------+------------------+--------------+-----------------+-------------+
|  71 | Przepustnica[%]                  |             1771 |        20370 |              40 | float64     |
+-----+----------------------------------+------------------+--------------+-----------------+-------------+
|  72 | Czas [ms].36                     |               83 |        22058 |              83 | float64     |
+-----+----------------------------------+------------------+--------------+-----------------+-------------+
|  73 | Przepustnica Tryb0[%]            |               83 |        22058 |               1 | float64     |
+-----+----------------------------------+------------------+--------------+-----------------+-------------+
|  74 | Czas [ms].37                     |             1598 |        20543 |            1598 | float64     |
+-----+----------------------------------+------------------+--------------+-----------------+-------------+
|  75 | Przepustnica Tryb1[%]            |             1598 |        20543 |              12 | float64     |
+-----+----------------------------------+------------------+--------------+-----------------+-------------+
|  76 | Czas [ms].38                     |             2214 |        19927 |            2214 | float64     |
+-----+----------------------------------+------------------+--------------+-----------------+-------------+
|  77 | Przyklad[bar]                    |             2214 |        19927 |               1 | float64     |
+-----+----------------------------------+------------------+--------------+-----------------+-------------+
|  78 | Czas [ms].39                     |               83 |        22058 |              83 | float64     |
+-----+----------------------------------+------------------+--------------+-----------------+-------------+
|  79 | PWM Tryb0[%]                     |               83 |        22058 |               2 | float64     |
+-----+----------------------------------+------------------+--------------+-----------------+-------------+
|  80 | Czas [ms].40                     |              446 |        21695 |             446 | float64     |
+-----+----------------------------------+------------------+--------------+-----------------+-------------+
|  81 | Rozrusznik[-]                    |              446 |        21695 |               2 | float64     |
+-----+----------------------------------+------------------+--------------+-----------------+-------------+
|  82 | Czas [ms].41                     |             1598 |        20543 |            1598 | float64     |
+-----+----------------------------------+------------------+--------------+-----------------+-------------+
|  83 | RPM Tryb1[obr/min]               |             1598 |        20543 |              13 | float64     |
+-----+----------------------------------+------------------+--------------+-----------------+-------------+
|  84 | Czas [ms].42                     |              125 |        22016 |             125 | float64     |
+-----+----------------------------------+------------------+--------------+-----------------+-------------+
|  85 | RPM Tryb3[obr/min]               |              125 |        22016 |               4 | float64     |
+-----+----------------------------------+------------------+--------------+-----------------+-------------+
|  86 | Czas [ms].43                     |              442 |        21699 |             442 | float64     |
+-----+----------------------------------+------------------+--------------+-----------------+-------------+
|  87 | Starter[-]                       |              442 |        21699 |               2 | float64     |
+-----+----------------------------------+------------------+--------------+-----------------+-------------+
|  88 | Czas [ms].44                     |              884 |        21257 |             884 | float64     |
+-----+----------------------------------+------------------+--------------+-----------------+-------------+
|  89 | Stycz. chłodni went.[-]          |              884 |        21257 |               1 | float64     |
+-----+----------------------------------+------------------+--------------+-----------------+-------------+
|  90 | Czas [ms].45                     |             2214 |        19927 |            2214 | float64     |
+-----+----------------------------------+------------------+--------------+-----------------+-------------+
|  91 | Temp. oleju przed wym.[°C]       |             2214 |        19927 |              14 | float64     |
+-----+----------------------------------+------------------+--------------+-----------------+-------------+
|  92 | Czas [ms].46                     |             2214 |        19927 |            2214 | float64     |
+-----+----------------------------------+------------------+--------------+-----------------+-------------+
|  93 | Temp. oleju w misce[°C]          |             2214 |        19927 |              24 | float64     |
+-----+----------------------------------+------------------+--------------+-----------------+-------------+
|  94 | Czas [ms].47                     |             2214 |        19927 |            2214 | float64     |
+-----+----------------------------------+------------------+--------------+-----------------+-------------+
|  95 | Temp. oleju za wym.[°C]          |             2214 |        19927 |               7 | float64     |
+-----+----------------------------------+------------------+--------------+-----------------+-------------+
|  96 | Czas [ms].48                     |             2213 |        19928 |            2213 | float64     |
+-----+----------------------------------+------------------+--------------+-----------------+-------------+
|  97 | Temp. otoczenia[°C]              |             2213 |        19928 |              10 | float64     |
+-----+----------------------------------+------------------+--------------+-----------------+-------------+
|  98 | Czas [ms].49                     |             2213 |        19928 |            2213 | float64     |
+-----+----------------------------------+------------------+--------------+-----------------+-------------+
|  99 | Temp. pal. na wejściu sil.[°C]   |             2213 |        19928 |              25 | float64     |
+-----+----------------------------------+------------------+--------------+-----------------+-------------+
| 100 | Czas [ms].50                     |             2213 |        19928 |            2213 | float64     |
+-----+----------------------------------+------------------+--------------+-----------------+-------------+
| 101 | Temp. pal. na wyjściu sil.[°C]   |             2213 |        19928 |             154 | float64     |
+-----+----------------------------------+------------------+--------------+-----------------+-------------+
| 102 | Czas [ms].51                     |             2214 |        19927 |            2214 | float64     |
+-----+----------------------------------+------------------+--------------+-----------------+-------------+
| 103 | Temp. paliwa w zb. 1/3[°C]       |             2214 |        19927 |               8 | float64     |
+-----+----------------------------------+------------------+--------------+-----------------+-------------+
| 104 | Czas [ms].52                     |             2214 |        19927 |            2214 | float64     |
+-----+----------------------------------+------------------+--------------+-----------------+-------------+
| 105 | Temp. paliwa w zb. 2/3[°C]       |             2214 |        19927 |               9 | float64     |
+-----+----------------------------------+------------------+--------------+-----------------+-------------+
| 106 | Czas [ms].53                     |             2214 |        19927 |            2214 | float64     |
+-----+----------------------------------+------------------+--------------+-----------------+-------------+
| 107 | Temp. paliwa w zb. 3/3[°C]       |             2214 |        19927 |               4 | float64     |
+-----+----------------------------------+------------------+--------------+-----------------+-------------+
| 108 | Czas [ms].54                     |             2214 |        19927 |            2214 | float64     |
+-----+----------------------------------+------------------+--------------+-----------------+-------------+
| 109 | Temp. powietrza przed turb.[°C]  |             2214 |        19927 |              72 | float64     |
+-----+----------------------------------+------------------+--------------+-----------------+-------------+
| 110 | Czas [ms].55                     |             2214 |        19927 |            2214 | float64     |
+-----+----------------------------------+------------------+--------------+-----------------+-------------+
| 111 | Temp. powietrza za turb.[°C]     |             2214 |        19927 |              47 | float64     |
+-----+----------------------------------+------------------+--------------+-----------------+-------------+
| 112 | Czas [ms].56                     |             2214 |        19927 |            2214 | float64     |
+-----+----------------------------------+------------------+--------------+-----------------+-------------+
| 113 | Temp. spalin 1/6[°C]             |             2214 |        19927 |             284 | float64     |
+-----+----------------------------------+------------------+--------------+-----------------+-------------+
| 114 | Czas [ms].57                     |             2214 |        19927 |            2214 | float64     |
+-----+----------------------------------+------------------+--------------+-----------------+-------------+
| 115 | Temp. spalin 2/6[°C]             |             2214 |        19927 |             305 | float64     |
+-----+----------------------------------+------------------+--------------+-----------------+-------------+
| 116 | Czas [ms].58                     |             2214 |        19927 |            2214 | float64     |
+-----+----------------------------------+------------------+--------------+-----------------+-------------+
| 117 | Temp. spalin 3/6[°C]             |             2214 |        19927 |             294 | float64     |
+-----+----------------------------------+------------------+--------------+-----------------+-------------+
| 118 | Czas [ms].59                     |             2214 |        19927 |            2214 | float64     |
+-----+----------------------------------+------------------+--------------+-----------------+-------------+
| 119 | Temp. spalin 4/6[°C]             |             2214 |        19927 |             303 | float64     |
+-----+----------------------------------+------------------+--------------+-----------------+-------------+
| 120 | Czas [ms].60                     |             2214 |        19927 |            2214 | float64     |
+-----+----------------------------------+------------------+--------------+-----------------+-------------+
| 121 | Temp. spalin za turbiną 1/2[°C]  |             2214 |        19927 |             313 | float64     |
+-----+----------------------------------+------------------+--------------+-----------------+-------------+
| 122 | Czas [ms].61                     |             2214 |        19927 |            2214 | float64     |
+-----+----------------------------------+------------------+--------------+-----------------+-------------+
| 123 | Temp. spalin za turbiną 2/2[°C]  |             2214 |        19927 |             311 | float64     |
+-----+----------------------------------+------------------+--------------+-----------------+-------------+
| 124 | Czas [ms].62                     |             2214 |        19927 |            2214 | float64     |
+-----+----------------------------------+------------------+--------------+-----------------+-------------+
| 125 | Temp.pal.na wyjściu[°C]          |             2214 |        19927 |               8 | float64     |
+-----+----------------------------------+------------------+--------------+-----------------+-------------+
| 126 | Czas [ms].63                     |             2213 |        19928 |            2213 | float64     |
+-----+----------------------------------+------------------+--------------+-----------------+-------------+
| 127 | Temp.paliwa żądana[°C]           |             2213 |        19928 |               1 | float64     |
+-----+----------------------------------+------------------+--------------+-----------------+-------------+
| 128 | Czas [ms].64                     |             2213 |        19928 |            2213 | float64     |
+-----+----------------------------------+------------------+--------------+-----------------+-------------+
| 129 | Wilgotność względna[%]           |             2213 |        19928 |               5 | float64     |
+-----+----------------------------------+------------------+--------------+-----------------+-------------+
| 130 | Czas [ms].65                     |              442 |        21699 |             442 | float64     |
+-----+----------------------------------+------------------+--------------+-----------------+-------------+
| 131 | Wyłącznik bezpieczeństwa[-]      |              442 |        21699 |               1 | float64     |
+-----+----------------------------------+------------------+--------------+-----------------+-------------+
| 132 | Czas [ms].66                     |              442 |        21699 |             442 | float64     |
+-----+----------------------------------+------------------+--------------+-----------------+-------------+
| 133 | Zapłon[-]                        |              442 |        21699 |               1 | float64     |
+-----+----------------------------------+------------------+--------------+-----------------+-------------+
| 134 | Czas [ms].67                     |              444 |        21697 |             444 | float64     |
+-----+----------------------------------+------------------+--------------+-----------------+-------------+
| 135 | Zaw. zb. paliwa 1/3[-]           |              444 |        21697 |               1 | float64     |
+-----+----------------------------------+------------------+--------------+-----------------+-------------+
| 136 | Czas [ms].68                     |              444 |        21697 |             444 | float64     |
+-----+----------------------------------+------------------+--------------+-----------------+-------------+
| 137 | Zaw. zb. paliwa 2/3[-]           |              444 |        21697 |               1 | float64     |
+-----+----------------------------------+------------------+--------------+-----------------+-------------+
| 138 | Czas [ms].69                     |              444 |        21697 |             444 | float64     |
+-----+----------------------------------+------------------+--------------+-----------------+-------------+
| 139 | Zaw. zb. paliwa 3/3[-]           |              444 |        21697 |               1 | float64     |
+-----+----------------------------------+------------------+--------------+-----------------+-------------+
| 140 | Czas [ms].70                     |              884 |        21257 |             884 | float64     |
+-----+----------------------------------+------------------+--------------+-----------------+-------------+
| 141 | Zawór reg. chł. cieczy[-]        |              884 |        21257 |               1 | float64     |
+-----+----------------------------------+------------------+--------------+-----------------+-------------+
| 142 | Czas [ms].71                     |             2213 |        19928 |            2213 | float64     |
+-----+----------------------------------+------------------+--------------+-----------------+-------------+
| 143 | Zużycie paliwa bieżące[g/s]      |             2213 |        19928 |             239 | float64     |
+-----+----------------------------------+------------------+--------------+-----------------+-------------+
| 144 | Czas [ms].72                     |             2213 |        19928 |            2213 | float64     |
+-----+----------------------------------+------------------+--------------+-----------------+-------------+
| 145 | Zużycie paliwa średnie[g/s]      |             2213 |        19928 |            1607 | float64     |
+-----+----------------------------------+------------------+--------------+-----------------+-------------+
2024-11-27 14:28:27,792 - INFO - Processing DataFrame 2/2 with shape (10, 9)...
2024-11-27 14:28:27,795 - INFO - Metadata for DataFrame 1, names_of_files_under_procession:['RME zew _ 2018-12-20.xlsx', 'RME zew _ 2018-12-20_eco.xlsx', 'RME'], None:
+----+----------+------------------+--------------+-----------------+-------------+
|    | Column   |   Non-Null Count |   Null Count |   Unique Values | Data Type   |
+====+==========+==================+==============+=================+=============+
|  0 | OBR      |               10 |            0 |              10 | int64       |
+----+----------+------------------+--------------+-----------------+-------------+
|  1 | Mo       |               10 |            0 |               9 | int64       |
+----+----------+------------------+--------------+-----------------+-------------+
|  2 | CO       |               10 |            0 |               4 | float64     |
+----+----------+------------------+--------------+-----------------+-------------+
|  3 | HC       |               10 |            0 |               5 | int64       |
+----+----------+------------------+--------------+-----------------+-------------+
|  4 | LAMBDA   |               10 |            0 |              10 | float64     |
+----+----------+------------------+--------------+-----------------+-------------+
|  5 | CO2      |               10 |            0 |               8 | float64     |
+----+----------+------------------+--------------+-----------------+-------------+
|  6 | O2       |               10 |            0 |              10 | float64     |
+----+----------+------------------+--------------+-----------------+-------------+
|  7 | NO       |               10 |            0 |              10 | int64       |
+----+----------+------------------+--------------+-----------------+-------------+
|  8 | PM       |               10 |            0 |              10 | float64     |
+----+----------+------------------+--------------+-----------------+-------------+
2024-11-27 14:28:27,798 - INFO - Metadata extraction completed for all DataFrames.
2024-11-27 14:28:28,568 - INFO - Step 4: Metadata extracted successfully.
2024-11-27 14:28:28,569 - INFO - Continue data pipeline. Step 5: Cleaning and preprocessing data...
2024-11-27 14:28:28,581 - INFO - DataCleaner initialized with required columns.
2024-11-27 14:28:28,581 - INFO - Starting data cleaning process.
2024-11-27 14:28:28,624 - INFO - Filtered DataFrame to include 34 columns.
2024-11-27 14:28:28,632 - INFO - Removing duplicate rows.
2024-11-27 14:28:28,699 - INFO - Handling outliers.
2024-11-27 14:28:28,835 - INFO - Data cleaning process completed.
2024-11-27 14:28:28,836 - INFO - Filtered DataFrame shape: (22141, 34)
2024-11-27 14:28:28,838 - INFO - DataFrame chunk:
╒════╤═══════════════╤══════════════════════════╤═══════════════╤════════════════════════════════╤════════════════╤════════════════════════════╕
│    │   Czas [ms].1 │   Ciś. pow. za turb.[Pa] │   Czas [ms].2 │   Ciśnienie atmosferyczne[hPa] │   Czas [ms].11 │   ECT - wyjście z sil.[°C] │
╞════╪═══════════════╪══════════════════════════╪═══════════════╪════════════════════════════════╪════════════════╪════════════════════════════╡
│  0 │           197 │                      -68 │           154 │                            999 │             46 │                       64.9 │
├────┼───────────────┼──────────────────────────┼───────────────┼────────────────────────────────┼────────────────┼────────────────────────────┤
│  1 │           397 │                     -105 │           355 │                            999 │            247 │                       64.9 │
├────┼───────────────┼──────────────────────────┼───────────────┼────────────────────────────────┼────────────────┼────────────────────────────┤
│  2 │           597 │                      -96 │           556 │                            999 │            447 │                       64.9 │
╘════╧═══════════════╧══════════════════════════╧═══════════════╧════════════════════════════════╧════════════════╧════════════════════════════╛
2024-11-27 14:28:28,842 - INFO - DataFrame chunk:
╒════╤════════════════╤═════════════╤════════════════╤═══════════╤════════════════╤═══════════════════════╕
│    │   Czas [ms].25 │   MAF[kg/h] │   Czas [ms].26 │   Moc[kW] │   Czas [ms].27 │   Moment obrotowy[Nm] │
╞════╪════════════════╪═════════════╪════════════════╪═══════════╪════════════════╪═══════════════════════╡
│  0 │            197 │         0   │            194 │         0 │             14 │                   0   │
├────┼────────────────┼─────────────┼────────────────┼───────────┼────────────────┼───────────────────────┤
│  1 │            398 │         1.5 │            395 │         0 │             34 │                   0.1 │
├────┼────────────────┼─────────────┼────────────────┼───────────┼────────────────┼───────────────────────┤
│  2 │            598 │         5.8 │            595 │         0 │             54 │                   0.1 │
╘════╧════════════════╧═════════════╧════════════════╧═══════════╧════════════════╧═══════════════════════╛
2024-11-27 14:28:28,845 - INFO - DataFrame chunk:
╒════╤════════════════╤═══════════════════╤════════════════╤═══════════════════════════╤════════════════╤═══════════════════════╕
│    │   Czas [ms].29 │   Obroty[obr/min] │   Czas [ms].46 │   Temp. oleju w misce[°C] │   Czas [ms].48 │   Temp. otoczenia[°C] │
╞════╪════════════════╪═══════════════════╪════════════════╪═══════════════════════════╪════════════════╪═══════════════════════╡
│  0 │             14 │                 0 │              5 │                        75 │            155 │                  17.7 │
├────┼────────────────┼───────────────────┼────────────────┼───────────────────────────┼────────────────┼───────────────────────┤
│  1 │             34 │                 0 │            205 │                        80 │            355 │                  17.7 │
├────┼────────────────┼───────────────────┼────────────────┼───────────────────────────┼────────────────┼───────────────────────┤
│  2 │             54 │                 0 │            405 │                        78 │            555 │                  17.7 │
╘════╧════════════════╧═══════════════════╧════════════════╧═══════════════════════════╧════════════════╧═══════════════════════╛
2024-11-27 14:28:28,848 - INFO - DataFrame chunk:
╒════╤════════════════╤══════════════════════════════════╤════════════════╤════════════════════════════════╤════════════════╤════════════════════════╕
│    │   Czas [ms].50 │   Temp. pal. na wyjściu sil.[°C] │   Czas [ms].55 │   Temp. powietrza za turb.[°C] │   Czas [ms].56 │   Temp. spalin 1/6[°C] │
╞════╪════════════════╪══════════════════════════════════╪════════════════╪════════════════════════════════╪════════════════╪════════════════════════╡
│  0 │            155 │                             40.1 │              5 │                             43 │             96 │                    148 │
├────┼────────────────┼──────────────────────────────────┼────────────────┼────────────────────────────────┼────────────────┼────────────────────────┤
│  1 │            356 │                             40.2 │            205 │                             43 │            297 │                    148 │
├────┼────────────────┼──────────────────────────────────┼────────────────┼────────────────────────────────┼────────────────┼────────────────────────┤
│  2 │            556 │                             40.1 │            405 │                             43 │            497 │                    148 │
╘════╧════════════════╧══════════════════════════════════╧════════════════╧════════════════════════════════╧════════════════╧════════════════════════╛
2024-11-27 14:28:28,851 - INFO - DataFrame chunk:
╒════╤════════════════╤════════════════════════╤════════════════╤════════════════════════╤════════════════╤════════════════════════╕
│    │   Czas [ms].57 │   Temp. spalin 2/6[°C] │   Czas [ms].58 │   Temp. spalin 3/6[°C] │   Czas [ms].59 │   Temp. spalin 4/6[°C] │
╞════╪════════════════╪════════════════════════╪════════════════╪════════════════════════╪════════════════╪════════════════════════╡
│  0 │             97 │                    161 │             97 │                    162 │             97 │                    152 │
├────┼────────────────┼────────────────────────┼────────────────┼────────────────────────┼────────────────┼────────────────────────┤
│  1 │            297 │                    161 │            297 │                    162 │            297 │                    158 │
├────┼────────────────┼────────────────────────┼────────────────┼────────────────────────┼────────────────┼────────────────────────┤
│  2 │            497 │                    161 │            497 │                    163 │            498 │                    155 │
╘════╧════════════════╧════════════════════════╧════════════════╧════════════════════════╧════════════════╧════════════════════════╛
2024-11-27 14:28:28,855 - INFO - DataFrame chunk:
╒════╤════════════════╤══════════════════════════╤════════════════╤═══════════════════════════════╕
│    │   Czas [ms].64 │   Wilgotność względna[%] │   Czas [ms].72 │   Zużycie paliwa średnie[g/s] │
╞════╪════════════════╪══════════════════════════╪════════════════╪═══════════════════════════════╡
│  0 │            155 │                       28 │            150 │                        0.0124 │
├────┼────────────────┼──────────────────────────┼────────────────┼───────────────────────────────┤
│  1 │            355 │                       28 │            350 │                        0.0101 │
├────┼────────────────┼──────────────────────────┼────────────────┼───────────────────────────────┤
│  2 │            557 │                       28 │            550 │                        0.0107 │
╘════╧════════════════╧══════════════════════════╧════════════════╧═══════════════════════════════╛
2024-11-27 14:28:28,859 - INFO - Starting metadata extraction for multiple DataFrames...
2024-11-27 14:28:28,859 - INFO - Processing DataFrame 1/1 with shape (22139, 34)...
2024-11-27 14:28:28,885 - INFO - Metadata for DataFrame 0, names_of_files_under_procession:['RME zew _ 2018-12-20.xlsx', 'RME zew _ 2018-12-20_eco.xlsx', 'RME'], DataFrame after cleaning::
+----+--------------------------------+------------------+--------------+-----------------+-------------+
|    | Column                         |   Non-Null Count |   Null Count |   Unique Values | Data Type   |
+====+================================+==================+==============+=================+=============+
|  0 | Czas [ms].1                    |             2213 |        19926 |            2169 | float64     |
+----+--------------------------------+------------------+--------------+-----------------+-------------+
|  1 | Ciś. pow. za turb.[Pa]         |             2213 |        19926 |            1185 | float64     |
+----+--------------------------------+------------------+--------------+-----------------+-------------+
|  2 | Czas [ms].2                    |             2213 |        19926 |            2169 | float64     |
+----+--------------------------------+------------------+--------------+-----------------+-------------+
|  3 | Ciśnienie atmosferyczne[hPa]   |             2213 |        19926 |               2 | float64     |
+----+--------------------------------+------------------+--------------+-----------------+-------------+
|  4 | Czas [ms].11                   |             2214 |        19925 |            2170 | float64     |
+----+--------------------------------+------------------+--------------+-----------------+-------------+
|  5 | ECT - wyjście z sil.[°C]       |             2214 |        19925 |             104 | float64     |
+----+--------------------------------+------------------+--------------+-----------------+-------------+
|  6 | Czas [ms].25                   |             2213 |        19926 |            2169 | float64     |
+----+--------------------------------+------------------+--------------+-----------------+-------------+
|  7 | MAF[kg/h]                      |             2213 |        19926 |            1074 | float64     |
+----+--------------------------------+------------------+--------------+-----------------+-------------+
|  8 | Czas [ms].26                   |             2213 |        19926 |            2169 | float64     |
+----+--------------------------------+------------------+--------------+-----------------+-------------+
|  9 | Moc[kW]                        |             2213 |        19926 |             313 | float64     |
+----+--------------------------------+------------------+--------------+-----------------+-------------+
| 10 | Czas [ms].27                   |            22139 |            0 |           21697 | float64     |
+----+--------------------------------+------------------+--------------+-----------------+-------------+
| 11 | Moment obrotowy[Nm]            |            22139 |            0 |            2210 | float64     |
+----+--------------------------------+------------------+--------------+-----------------+-------------+
| 12 | Czas [ms].29                   |            22139 |            0 |           21697 | float64     |
+----+--------------------------------+------------------+--------------+-----------------+-------------+
| 13 | Obroty[obr/min]                |            22139 |            0 |            1502 | int64       |
+----+--------------------------------+------------------+--------------+-----------------+-------------+
| 14 | Czas [ms].46                   |             2214 |        19925 |            2170 | float64     |
+----+--------------------------------+------------------+--------------+-----------------+-------------+
| 15 | Temp. oleju w misce[°C]        |             2214 |        19925 |              24 | float64     |
+----+--------------------------------+------------------+--------------+-----------------+-------------+
| 16 | Czas [ms].48                   |             2213 |        19926 |            2169 | float64     |
+----+--------------------------------+------------------+--------------+-----------------+-------------+
| 17 | Temp. otoczenia[°C]            |             2213 |        19926 |               9 | float64     |
+----+--------------------------------+------------------+--------------+-----------------+-------------+
| 18 | Czas [ms].50                   |             2213 |        19926 |            2169 | float64     |
+----+--------------------------------+------------------+--------------+-----------------+-------------+
| 19 | Temp. pal. na wyjściu sil.[°C] |             2213 |        19926 |             152 | float64     |
+----+--------------------------------+------------------+--------------+-----------------+-------------+
| 20 | Czas [ms].55                   |             2214 |        19925 |            2170 | float64     |
+----+--------------------------------+------------------+--------------+-----------------+-------------+
| 21 | Temp. powietrza za turb.[°C]   |             2214 |        19925 |              45 | float64     |
+----+--------------------------------+------------------+--------------+-----------------+-------------+
| 22 | Czas [ms].56                   |             2214 |        19925 |            2170 | float64     |
+----+--------------------------------+------------------+--------------+-----------------+-------------+
| 23 | Temp. spalin 1/6[°C]           |             2214 |        19925 |             281 | float64     |
+----+--------------------------------+------------------+--------------+-----------------+-------------+
| 24 | Czas [ms].57                   |             2214 |        19925 |            2170 | float64     |
+----+--------------------------------+------------------+--------------+-----------------+-------------+
| 25 | Temp. spalin 2/6[°C]           |             2214 |        19925 |             303 | float64     |
+----+--------------------------------+------------------+--------------+-----------------+-------------+
| 26 | Czas [ms].58                   |             2214 |        19925 |            2170 | float64     |
+----+--------------------------------+------------------+--------------+-----------------+-------------+
| 27 | Temp. spalin 3/6[°C]           |             2214 |        19925 |             292 | float64     |
+----+--------------------------------+------------------+--------------+-----------------+-------------+
| 28 | Czas [ms].59                   |             2214 |        19925 |            2170 | float64     |
+----+--------------------------------+------------------+--------------+-----------------+-------------+
| 29 | Temp. spalin 4/6[°C]           |             2214 |        19925 |             302 | float64     |
+----+--------------------------------+------------------+--------------+-----------------+-------------+
| 30 | Czas [ms].64                   |             2213 |        19926 |            2169 | float64     |
+----+--------------------------------+------------------+--------------+-----------------+-------------+
| 31 | Wilgotność względna[%]         |             2213 |        19926 |               5 | float64     |
+----+--------------------------------+------------------+--------------+-----------------+-------------+
| 32 | Czas [ms].72                   |             2213 |        19926 |            2169 | float64     |
+----+--------------------------------+------------------+--------------+-----------------+-------------+
| 33 | Zużycie paliwa średnie[g/s]    |             2213 |        19926 |            1591 | float64     |
+----+--------------------------------+------------------+--------------+-----------------+-------------+
2024-11-27 14:28:28,893 - INFO - Metadata extraction completed for all DataFrames.
2024-11-27 14:28:29,862 - INFO - Step 5: Data cleaned and preprocessed successfully.
2024-11-27 14:28:29,863 - INFO - Step 6: Continue data pipeline. Saving cleaned data...
2024-11-27 14:28:29,935 - INFO - Cleaned data saved to c:\Users\vtaustyka\PycharmProjects\DT-Engine\data\processed\cleaned_data.parquet
2024-11-27 14:28:29,936 - INFO - Step 6: Save cleaned data completed successfully.
2024-11-27 14:28:30,579 - INFO - Step 6: Cleaned data saved successfully.
2024-11-27 14:28:30,579 - INFO - Continue data pipeline. Step 7: Visualizing data...
2024-11-27 14:32:32,001 - INFO - Step 7: Data visualization completed successfully.
2024-11-27 14:32:32,002 - INFO - Data pipeline completed successfully.
