2024-12-05 12:53:22,277 - INFO - Starting data pipeline...
2024-12-05 12:53:22,278 - INFO - Continue data pipeline. Step 2: Loading raw data...
2024-12-05 12:53:22,279 - INFO - DataLoader initialized with raw data path: /home/viktar-taustyka/GitHubRepos/DT-Engine/data/raw/raugh/csv_raugh
2024-12-05 12:53:22,279 - INFO - Loading main file: RME zew _ 2018-12-20.csv
2024-12-05 12:53:22,279 - INFO - Loading data from file: /home/viktar-taustyka/GitHubRepos/DT-Engine/data/raw/raugh/csv_raugh/RME zew _ 2018-12-20.csv
2024-12-05 12:53:22,531 - INFO - Data loaded successfully from file: /home/viktar-taustyka/GitHubRepos/DT-Engine/data/raw/raugh/csv_raugh/RME zew _ 2018-12-20.csv
2024-12-05 12:53:22,532 - INFO - Data Frame Columns: ['Czas [ms]', 'Ciś. pow. przed turb.[Pa]', 'Czas [ms].1', 'Ciś. pow. za turb.[Pa]', 'Czas [ms].2', 'Ciśnienie atmosferyczne[hPa]', 'Czas [ms].3', 'Ciśnienie oleju[bar]', 'Czas [ms].4', 'Ciśnienie spalin[Pa]', 'Czas [ms].5', 'Dopeł. zb. 1/3[-]', 'Czas [ms].6', 'Dopeł. zb. 2/3[-]', 'Czas [ms].7', 'Dopeł. zb. 3/3[-]', 'Czas [ms].8', 'Dopełnianie[-]', 'Czas [ms].9', 'Duży obieg[-]', 'Czas [ms].10', 'ECT - wejście do sil.[°C]', 'Czas [ms].11', 'ECT - wyjście z sil.[°C]', 'Czas [ms].12', 'Główny obieg - przepływ[m³/h]', 'Czas [ms].13', 'Główny obieg - temp.[°C]', 'Czas [ms].14', 'GPReg_Setpoint0[°C]', 'Czas [ms].15', 'GPReg_Setpoint1[°C]', 'Czas [ms].16', 'GPReg_Setpoint2[°C]', 'Czas [ms].17', 'Hamulec, lewa komora, temp.[°C]', 'Czas [ms].18', 'Hamulec, prawa komora, temp.[°C]', 'Czas [ms].19', 'Hamulec, przepływ wody[m³/h]', 'Czas [ms].20', 'Ilość paliwa w zbiorniku[g]', 'Czas [ms].21', 'Kond. - przepływ wody[l/min]', 'Czas [ms].22', 'Kontrolka zb. 1/3 [-]', 'Czas [ms].23', 'Kontrolka zb. 2/3 [-]', 'Czas [ms].24', 'Kontrolka zb. 3/3 [-]', 'Czas [ms].25', 'MAF[kg/h]', 'Czas [ms].26', 'Moc[kW]', 'Czas [ms].27', 'Moment obrotowy[Nm]', 'Czas [ms].28', 'Moment Tryb3[Nm]', 'Czas [ms].29', 'Obroty[obr/min]', 'Czas [ms].30', 'Poz. paliwa zb. 1/3[mm]', 'Czas [ms].31', 'Poz. paliwa zb. 2/3[mm]', 'Czas [ms].32', 'Poz. paliwa zb. 3/3[mm]', 'Czas [ms].33', 'Przekaź. pompy paliwa[-]', 'Czas [ms].34', 'Przekaźnik zapłonu[-]', 'Czas [ms].35', 'Przepustnica[%]', 'Czas [ms].36', 'Przepustnica Tryb0[%]', 'Czas [ms].37', 'Przepustnica Tryb1[%]', 'Czas [ms].38', 'Przyklad[bar]', 'Czas [ms].39', 'PWM Tryb0[%]', 'Czas [ms].40', 'Rozrusznik[-]', 'Czas [ms].41', 'RPM Tryb1[obr/min]', 'Czas [ms].42', 'RPM Tryb3[obr/min]', 'Czas [ms].43', 'Starter[-]', 'Czas [ms].44', 'Stycz. chłodni went.[-]', 'Czas [ms].45', 'Temp. oleju przed wym.[°C]', 'Czas [ms].46', 'Temp. oleju w misce[°C]', 'Czas [ms].47', 'Temp. oleju za wym.[°C]', 'Czas [ms].48', 'Temp. otoczenia[°C]', 'Czas [ms].49', 'Temp. pal. na wejściu sil.[°C]', 'Czas [ms].50', 'Temp. pal. na wyjściu sil.[°C]', 'Czas [ms].51', 'Temp. paliwa w zb. 1/3[°C]', 'Czas [ms].52', 'Temp. paliwa w zb. 2/3[°C]', 'Czas [ms].53', 'Temp. paliwa w zb. 3/3[°C]', 'Czas [ms].54', 'Temp. powietrza przed turb.[°C]', 'Czas [ms].55', 'Temp. powietrza za turb.[°C]', 'Czas [ms].56', 'Temp. spalin 1/6[°C]', 'Czas [ms].57', 'Temp. spalin 2/6[°C]', 'Czas [ms].58', 'Temp. spalin 3/6[°C]', 'Czas [ms].59', 'Temp. spalin 4/6[°C]', 'Czas [ms].60', 'Temp. spalin za turbiną 1/2[°C]', 'Czas [ms].61', 'Temp. spalin za turbiną 2/2[°C]', 'Czas [ms].62', 'Temp.pal.na wyjściu[°C]', 'Czas [ms].63', 'Temp.paliwa żądana[°C]', 'Czas [ms].64', 'Wilgotność względna[%]', 'Czas [ms].65', 'Wyłącznik bezpieczeństwa[-]', 'Czas [ms].66', 'Zapłon[-]', 'Czas [ms].67', 'Zaw. zb. paliwa 1/3[-]', 'Czas [ms].68', 'Zaw. zb. paliwa 2/3[-]', 'Czas [ms].69', 'Zaw. zb. paliwa 3/3[-]', 'Czas [ms].70', 'Zawór reg. chł. cieczy[-]', 'Czas [ms].71', 'Zużycie paliwa bieżące[g/s]', 'Czas [ms].72', 'Zużycie paliwa średnie[g/s]']
2024-12-05 12:53:22,534 - INFO - Data from file 'RME zew _ 2018-12-20.csv':
╒════╤═════════════╤═════════════════════════════╤═══════════════╤══════════════════════════╤═══════════════╤════════════════════════════════╕
│    │   Czas [ms] │   Ciś. pow. przed turb.[Pa] │   Czas [ms].1 │   Ciś. pow. za turb.[Pa] │   Czas [ms].2 │   Ciśnienie atmosferyczne[hPa] │
╞════╪═════════════╪═════════════════════════════╪═══════════════╪══════════════════════════╪═══════════════╪════════════════════════════════╡
│  0 │         197 │                        -121 │           197 │                      -68 │           154 │                            999 │
├────┼─────────────┼─────────────────────────────┼───────────────┼──────────────────────────┼───────────────┼────────────────────────────────┤
│  1 │         397 │                        -112 │           397 │                     -105 │           355 │                            999 │
├────┼─────────────┼─────────────────────────────┼───────────────┼──────────────────────────┼───────────────┼────────────────────────────────┤
│  2 │         598 │                        -112 │           597 │                      -96 │           556 │                            999 │
╘════╧═════════════╧═════════════════════════════╧═══════════════╧══════════════════════════╧═══════════════╧════════════════════════════════╛
2024-12-05 12:53:22,535 - INFO - Data from file 'RME zew _ 2018-12-20.csv':
╒════╤═══════════════╤════════════════════════╤═══════════════╤════════════════════════╤═══════════════╤═════════════════════╕
│    │   Czas [ms].3 │   Ciśnienie oleju[bar] │   Czas [ms].4 │   Ciśnienie spalin[Pa] │   Czas [ms].5 │   Dopeł. zb. 1/3[-] │
╞════╪═══════════════╪════════════════════════╪═══════════════╪════════════════════════╪═══════════════╪═════════════════════╡
│  0 │           197 │                  0.005 │           198 │                     28 │           856 │                   0 │
├────┼───────────────┼────────────────────────┼───────────────┼────────────────────────┼───────────────┼─────────────────────┤
│  1 │           397 │                  0.005 │           398 │                     -9 │          1857 │                   0 │
├────┼───────────────┼────────────────────────┼───────────────┼────────────────────────┼───────────────┼─────────────────────┤
│  2 │           597 │                  0.005 │           599 │                      0 │          2859 │                   0 │
╘════╧═══════════════╧════════════════════════╧═══════════════╧════════════════════════╧═══════════════╧═════════════════════╛
2024-12-05 12:53:22,536 - INFO - Data from file 'RME zew _ 2018-12-20.csv':
╒════╤═══════════════╤═════════════════════╤═══════════════╤═════════════════════╤═══════════════╤══════════════════╕
│    │   Czas [ms].6 │   Dopeł. zb. 2/3[-] │   Czas [ms].7 │   Dopeł. zb. 3/3[-] │   Czas [ms].8 │   Dopełnianie[-] │
╞════╪═══════════════╪═════════════════════╪═══════════════╪═════════════════════╪═══════════════╪══════════════════╡
│  0 │           856 │                   0 │           856 │                   0 │           952 │                0 │
├────┼───────────────┼─────────────────────┼───────────────┼─────────────────────┼───────────────┼──────────────────┤
│  1 │          1857 │                   0 │          1857 │                   0 │          1954 │                0 │
├────┼───────────────┼─────────────────────┼───────────────┼─────────────────────┼───────────────┼──────────────────┤
│  2 │          2859 │                   0 │          2859 │                   0 │          2955 │                0 │
╘════╧═══════════════╧═════════════════════╧═══════════════╧═════════════════════╧═══════════════╧══════════════════╛
2024-12-05 12:53:22,538 - INFO - Data from file 'RME zew _ 2018-12-20.csv':
╒════╤═══════════════╤═════════════════╤════════════════╤═════════════════════════════╤════════════════╤════════════════════════════╕
│    │   Czas [ms].9 │   Duży obieg[-] │   Czas [ms].10 │   ECT - wejście do sil.[°C] │   Czas [ms].11 │   ECT - wyjście z sil.[°C] │
╞════╪═══════════════╪═════════════════╪════════════════╪═════════════════════════════╪════════════════╪════════════════════════════╡
│  0 │           948 │               0 │             47 │                        23.9 │             46 │                       64.9 │
├────┼───────────────┼─────────────────┼────────────────┼─────────────────────────────┼────────────────┼────────────────────────────┤
│  1 │           995 │               0 │            247 │                        23.9 │            247 │                       64.9 │
├────┼───────────────┼─────────────────┼────────────────┼─────────────────────────────┼────────────────┼────────────────────────────┤
│  2 │          1949 │               0 │            447 │                        23.9 │            447 │                       64.9 │
╘════╧═══════════════╧═════════════════╧════════════════╧═════════════════════════════╧════════════════╧════════════════════════════╛
2024-12-05 12:53:22,539 - INFO - Data from file 'RME zew _ 2018-12-20.csv':
╒════╤════════════════╤═════════════════════════════════╤════════════════╤════════════════════════════╤════════════════╤═══════════════════════╕
│    │   Czas [ms].12 │   Główny obieg - przepływ[m³/h] │   Czas [ms].13 │   Główny obieg - temp.[°C] │   Czas [ms].14 │   GPReg_Setpoint0[°C] │
╞════╪════════════════╪═════════════════════════════════╪════════════════╪════════════════════════════╪════════════════╪═══════════════════════╡
│  0 │             55 │                          162.14 │            156 │                       22.7 │            194 │                    60 │
├────┼────────────────┼─────────────────────────────────┼────────────────┼────────────────────────────┼────────────────┼───────────────────────┤
│  1 │            255 │                          152.73 │            356 │                       22.7 │            495 │                    60 │
├────┼────────────────┼─────────────────────────────────┼────────────────┼────────────────────────────┼────────────────┼───────────────────────┤
│  2 │            455 │                          160.26 │            556 │                       22.7 │            795 │                    60 │
╘════╧════════════════╧═════════════════════════════════╧════════════════╧════════════════════════════╧════════════════╧═══════════════════════╛
2024-12-05 12:53:22,541 - INFO - Data from file 'RME zew _ 2018-12-20.csv':
╒════╤════════════════╤═══════════════════════╤════════════════╤═══════════════════════╤════════════════╤═══════════════════════════════════╕
│    │   Czas [ms].15 │   GPReg_Setpoint1[°C] │   Czas [ms].16 │   GPReg_Setpoint2[°C] │   Czas [ms].17 │   Hamulec, lewa komora, temp.[°C] │
╞════╪════════════════╪═══════════════════════╪════════════════╪═══════════════════════╪════════════════╪═══════════════════════════════════╡
│  0 │            194 │                    30 │            194 │                    34 │             76 │                                20 │
├────┼────────────────┼───────────────────────┼────────────────┼───────────────────────┼────────────────┼───────────────────────────────────┤
│  1 │            495 │                    30 │            495 │                    34 │            276 │                                20 │
├────┼────────────────┼───────────────────────┼────────────────┼───────────────────────┼────────────────┼───────────────────────────────────┤
│  2 │            795 │                    30 │            795 │                    34 │            477 │                                20 │
╘════╧════════════════╧═══════════════════════╧════════════════╧═══════════════════════╧════════════════╧═══════════════════════════════════╛
2024-12-05 12:53:22,543 - INFO - Data from file 'RME zew _ 2018-12-20.csv':
╒════╤════════════════╤════════════════════════════════════╤════════════════╤════════════════════════════════╤════════════════╤═══════════════════════════════╕
│    │   Czas [ms].18 │   Hamulec, prawa komora, temp.[°C] │   Czas [ms].19 │   Hamulec, przepływ wody[m³/h] │   Czas [ms].20 │   Ilość paliwa w zbiorniku[g] │
╞════╪════════════════╪════════════════════════════════════╪════════════════╪════════════════════════════════╪════════════════╪═══════════════════════════════╡
│  0 │             76 │                                 20 │             26 │                           11.7 │            206 │                       605.261 │
├────┼────────────────┼────────────────────────────────────┼────────────────┼────────────────────────────────┼────────────────┼───────────────────────────────┤
│  1 │            276 │                                 20 │            226 │                           11.7 │            456 │                       606.616 │
├────┼────────────────┼────────────────────────────────────┼────────────────┼────────────────────────────────┼────────────────┼───────────────────────────────┤
│  2 │            477 │                                 20 │            426 │                           11.7 │            706 │                       606.552 │
╘════╧════════════════╧════════════════════════════════════╧════════════════╧════════════════════════════════╧════════════════╧═══════════════════════════════╛
2024-12-05 12:53:22,545 - INFO - Data from file 'RME zew _ 2018-12-20.csv':
╒════╤════════════════╤════════════════════════════════╤════════════════╤═════════════════════════╤════════════════╤═════════════════════════╕
│    │   Czas [ms].21 │   Kond. - przepływ wody[l/min] │   Czas [ms].22 │   Kontrolka zb. 1/3 [-] │   Czas [ms].23 │   Kontrolka zb. 2/3 [-] │
╞════╪════════════════╪════════════════════════════════╪════════════════╪═════════════════════════╪════════════════╪═════════════════════════╡
│  0 │            100 │                           7.79 │             55 │                       0 │             55 │                       0 │
├────┼────────────────┼────────────────────────────────┼────────────────┼─────────────────────────┼────────────────┼─────────────────────────┤
│  1 │            300 │                           8.03 │            855 │                       0 │            855 │                       0 │
├────┼────────────────┼────────────────────────────────┼────────────────┼─────────────────────────┼────────────────┼─────────────────────────┤
│  2 │            500 │                           7.87 │           1657 │                       0 │           1657 │                       0 │
╘════╧════════════════╧════════════════════════════════╧════════════════╧═════════════════════════╧════════════════╧═════════════════════════╛
2024-12-05 12:53:22,546 - INFO - Data from file 'RME zew _ 2018-12-20.csv':
╒════╤════════════════╤═════════════════════════╤════════════════╤═════════════╤════════════════╤═══════════╕
│    │   Czas [ms].24 │   Kontrolka zb. 3/3 [-] │   Czas [ms].25 │   MAF[kg/h] │   Czas [ms].26 │   Moc[kW] │
╞════╪════════════════╪═════════════════════════╪════════════════╪═════════════╪════════════════╪═══════════╡
│  0 │             55 │                       0 │            197 │         0   │            194 │         0 │
├────┼────────────────┼─────────────────────────┼────────────────┼─────────────┼────────────────┼───────────┤
│  1 │            855 │                       0 │            398 │         1.5 │            395 │         0 │
├────┼────────────────┼─────────────────────────┼────────────────┼─────────────┼────────────────┼───────────┤
│  2 │           1657 │                       0 │            598 │         5.8 │            595 │         0 │
╘════╧════════════════╧═════════════════════════╧════════════════╧═════════════╧════════════════╧═══════════╛
2024-12-05 12:53:22,548 - INFO - Data from file 'RME zew _ 2018-12-20.csv':
╒════╤════════════════╤═══════════════════════╤════════════════╤════════════════════╤════════════════╤═══════════════════╕
│    │   Czas [ms].27 │   Moment obrotowy[Nm] │   Czas [ms].28 │   Moment Tryb3[Nm] │   Czas [ms].29 │   Obroty[obr/min] │
╞════╪════════════════╪═══════════════════════╪════════════════╪════════════════════╪════════════════╪═══════════════════╡
│  0 │             14 │                   0   │         410600 │                3.8 │             14 │                 0 │
├────┼────────────────┼───────────────────────┼────────────────┼────────────────────┼────────────────┼───────────────────┤
│  1 │             34 │                   0.1 │         410832 │                3.8 │             34 │                 0 │
├────┼────────────────┼───────────────────────┼────────────────┼────────────────────┼────────────────┼───────────────────┤
│  2 │             54 │                   0.1 │         411082 │                3.8 │             54 │                 0 │
╘════╧════════════════╧═══════════════════════╧════════════════╧════════════════════╧════════════════╧═══════════════════╛
2024-12-05 12:53:22,550 - INFO - Data from file 'RME zew _ 2018-12-20.csv':
╒════╤════════════════╤═══════════════════════════╤════════════════╤═══════════════════════════╤════════════════╤═══════════════════════════╕
│    │   Czas [ms].30 │   Poz. paliwa zb. 1/3[mm] │   Czas [ms].31 │   Poz. paliwa zb. 2/3[mm] │   Czas [ms].32 │   Poz. paliwa zb. 3/3[mm] │
╞════╪════════════════╪═══════════════════════════╪════════════════╪═══════════════════════════╪════════════════╪═══════════════════════════╡
│  0 │            197 │                       196 │            198 │                        32 │            198 │                       110 │
├────┼────────────────┼───────────────────────────┼────────────────┼───────────────────────────┼────────────────┼───────────────────────────┤
│  1 │            398 │                       196 │            398 │                        32 │            398 │                       110 │
├────┼────────────────┼───────────────────────────┼────────────────┼───────────────────────────┼────────────────┼───────────────────────────┤
│  2 │            598 │                       196 │            598 │                        32 │            599 │                       110 │
╘════╧════════════════╧═══════════════════════════╧════════════════╧═══════════════════════════╧════════════════╧═══════════════════════════╛
2024-12-05 12:53:22,551 - INFO - Data from file 'RME zew _ 2018-12-20.csv':
╒════╤════════════════╤════════════════════════════╤════════════════╤═════════════════════════╤════════════════╤═══════════════════╕
│    │   Czas [ms].33 │   Przekaź. pompy paliwa[-] │   Czas [ms].34 │   Przekaźnik zapłonu[-] │   Czas [ms].35 │   Przepustnica[%] │
╞════╪════════════════╪════════════════════════════╪════════════════╪═════════════════════════╪════════════════╪═══════════════════╡
│  0 │            948 │                          0 │             55 │                       1 │             54 │                 0 │
├────┼────────────────┼────────────────────────────┼────────────────┼─────────────────────────┼────────────────┼───────────────────┤
│  1 │           1949 │                          0 │            855 │                       1 │            304 │                 0 │
├────┼────────────────┼────────────────────────────┼────────────────┼─────────────────────────┼────────────────┼───────────────────┤
│  2 │           2952 │                          0 │           1657 │                       1 │            555 │                 0 │
╘════╧════════════════╧════════════════════════════╧════════════════╧═════════════════════════╧════════════════╧═══════════════════╛
2024-12-05 12:53:22,553 - INFO - Data from file 'RME zew _ 2018-12-20.csv':
╒════╤════════════════╤═════════════════════════╤════════════════╤═════════════════════════╤════════════════╤═════════════════╕
│    │   Czas [ms].36 │   Przepustnica Tryb0[%] │   Czas [ms].37 │   Przepustnica Tryb1[%] │   Czas [ms].38 │   Przyklad[bar] │
╞════╪════════════════╪═════════════════════════╪════════════════╪═════════════════════════╪════════════════╪═════════════════╡
│  0 │            244 │                       0 │           7732 │                       0 │            104 │               0 │
├────┼────────────────┼─────────────────────────┼────────────────┼─────────────────────────┼────────────────┼─────────────────┤
│  1 │            495 │                       0 │           7755 │                       0 │            305 │               0 │
├────┼────────────────┼─────────────────────────┼────────────────┼─────────────────────────┼────────────────┼─────────────────┤
│  2 │            745 │                       0 │           8005 │                       0 │            505 │               0 │
╘════╧════════════════╧═════════════════════════╧════════════════╧═════════════════════════╧════════════════╧═════════════════╛
2024-12-05 12:53:22,555 - INFO - Data from file 'RME zew _ 2018-12-20.csv':
╒════╤════════════════╤════════════════╤════════════════╤═════════════════╤════════════════╤══════════════════════╕
│    │   Czas [ms].39 │   PWM Tryb0[%] │   Czas [ms].40 │   Rozrusznik[-] │   Czas [ms].41 │   RPM Tryb1[obr/min] │
╞════╪════════════════╪════════════════╪════════════════╪═════════════════╪════════════════╪══════════════════════╡
│  0 │            244 │              0 │             55 │               1 │           7732 │                  801 │
├────┼────────────────┼────────────────┼────────────────┼─────────────────┼────────────────┼──────────────────────┤
│  1 │            495 │              0 │            855 │               1 │           7755 │                  801 │
├────┼────────────────┼────────────────┼────────────────┼─────────────────┼────────────────┼──────────────────────┤
│  2 │            745 │              0 │            965 │               1 │           8005 │                  801 │
╘════╧════════════════╧════════════════╧════════════════╧═════════════════╧════════════════╧══════════════════════╛
2024-12-05 12:53:22,556 - INFO - Data from file 'RME zew _ 2018-12-20.csv':
╒════╤════════════════╤══════════════════════╤════════════════╤══════════════╤════════════════╤═══════════════════════════╕
│    │   Czas [ms].42 │   RPM Tryb3[obr/min] │   Czas [ms].43 │   Starter[-] │   Czas [ms].44 │   Stycz. chłodni went.[-] │
╞════╪════════════════╪══════════════════════╪════════════════╪══════════════╪════════════════╪═══════════════════════════╡
│  0 │         410600 │                  801 │            966 │            1 │            948 │                         0 │
├────┼────────────────┼──────────────────────┼────────────────┼──────────────┼────────────────┼───────────────────────────┤
│  1 │         410832 │                  801 │           1767 │            0 │            995 │                         0 │
├────┼────────────────┼──────────────────────┼────────────────┼──────────────┼────────────────┼───────────────────────────┤
│  2 │         411082 │                  801 │           2769 │            0 │           1949 │                         0 │
╘════╧════════════════╧══════════════════════╧════════════════╧══════════════╧════════════════╧═══════════════════════════╛
2024-12-05 12:53:22,558 - INFO - Data from file 'RME zew _ 2018-12-20.csv':
╒════╤════════════════╤══════════════════════════════╤════════════════╤═══════════════════════════╤════════════════╤═══════════════════════════╕
│    │   Czas [ms].45 │   Temp. oleju przed wym.[°C] │   Czas [ms].46 │   Temp. oleju w misce[°C] │   Czas [ms].47 │   Temp. oleju za wym.[°C] │
╞════╪════════════════╪══════════════════════════════╪════════════════╪═══════════════════════════╪════════════════╪═══════════════════════════╡
│  0 │             46 │                           21 │              5 │                        75 │             47 │                      20.7 │
├────┼────────────────┼──────────────────────────────┼────────────────┼───────────────────────────┼────────────────┼───────────────────────────┤
│  1 │            247 │                           21 │            205 │                        80 │            247 │                      20.7 │
├────┼────────────────┼──────────────────────────────┼────────────────┼───────────────────────────┼────────────────┼───────────────────────────┤
│  2 │            447 │                           21 │            405 │                        78 │            448 │                      20.7 │
╘════╧════════════════╧══════════════════════════════╧════════════════╧═══════════════════════════╧════════════════╧═══════════════════════════╛
2024-12-05 12:53:22,560 - INFO - Data from file 'RME zew _ 2018-12-20.csv':
╒════╤════════════════╤═══════════════════════╤════════════════╤══════════════════════════════════╤════════════════╤══════════════════════════════════╕
│    │   Czas [ms].48 │   Temp. otoczenia[°C] │   Czas [ms].49 │   Temp. pal. na wejściu sil.[°C] │   Czas [ms].50 │   Temp. pal. na wyjściu sil.[°C] │
╞════╪════════════════╪═══════════════════════╪════════════════╪══════════════════════════════════╪════════════════╪══════════════════════════════════╡
│  0 │            155 │                  17.7 │            156 │                             26.9 │            155 │                             40.1 │
├────┼────────────────┼───────────────────────┼────────────────┼──────────────────────────────────┼────────────────┼──────────────────────────────────┤
│  1 │            355 │                  17.7 │            356 │                             26.9 │            356 │                             40.2 │
├────┼────────────────┼───────────────────────┼────────────────┼──────────────────────────────────┼────────────────┼──────────────────────────────────┤
│  2 │            555 │                  17.7 │            556 │                             26.9 │            556 │                             40.1 │
╘════╧════════════════╧═══════════════════════╧════════════════╧══════════════════════════════════╧════════════════╧══════════════════════════════════╛
2024-12-05 12:53:22,562 - INFO - Data from file 'RME zew _ 2018-12-20.csv':
╒════╤════════════════╤══════════════════════════════╤════════════════╤══════════════════════════════╤════════════════╤══════════════════════════════╕
│    │   Czas [ms].51 │   Temp. paliwa w zb. 1/3[°C] │   Czas [ms].52 │   Temp. paliwa w zb. 2/3[°C] │   Czas [ms].53 │   Temp. paliwa w zb. 3/3[°C] │
╞════╪════════════════╪══════════════════════════════╪════════════════╪══════════════════════════════╪════════════════╪══════════════════════════════╡
│  0 │             49 │                         15.9 │             50 │                         16.6 │             50 │                         15.4 │
├────┼────────────────┼──────────────────────────────┼────────────────┼──────────────────────────────┼────────────────┼──────────────────────────────┤
│  1 │            250 │                         15.9 │            250 │                         16.6 │            250 │                         15.4 │
├────┼────────────────┼──────────────────────────────┼────────────────┼──────────────────────────────┼────────────────┼──────────────────────────────┤
│  2 │            450 │                         15.9 │            450 │                         16.6 │            450 │                         15.4 │
╘════╧════════════════╧══════════════════════════════╧════════════════╧══════════════════════════════╧════════════════╧══════════════════════════════╛
2024-12-05 12:53:22,563 - INFO - Data from file 'RME zew _ 2018-12-20.csv':
╒════╤════════════════╤═══════════════════════════════════╤════════════════╤════════════════════════════════╤════════════════╤════════════════════════╕
│    │   Czas [ms].54 │   Temp. powietrza przed turb.[°C] │   Czas [ms].55 │   Temp. powietrza za turb.[°C] │   Czas [ms].56 │   Temp. spalin 1/6[°C] │
╞════╪════════════════╪═══════════════════════════════════╪════════════════╪════════════════════════════════╪════════════════╪════════════════════════╡
│  0 │             47 │                              30.1 │              5 │                             43 │             96 │                    148 │
├────┼────────────────┼───────────────────────────────────┼────────────────┼────────────────────────────────┼────────────────┼────────────────────────┤
│  1 │            247 │                              30.1 │            205 │                             43 │            297 │                    148 │
├────┼────────────────┼───────────────────────────────────┼────────────────┼────────────────────────────────┼────────────────┼────────────────────────┤
│  2 │            448 │                              30.1 │            405 │                             43 │            497 │                    148 │
╘════╧════════════════╧═══════════════════════════════════╧════════════════╧════════════════════════════════╧════════════════╧════════════════════════╛
2024-12-05 12:53:22,565 - INFO - Data from file 'RME zew _ 2018-12-20.csv':
╒════╤════════════════╤════════════════════════╤════════════════╤════════════════════════╤════════════════╤════════════════════════╕
│    │   Czas [ms].57 │   Temp. spalin 2/6[°C] │   Czas [ms].58 │   Temp. spalin 3/6[°C] │   Czas [ms].59 │   Temp. spalin 4/6[°C] │
╞════╪════════════════╪════════════════════════╪════════════════╪════════════════════════╪════════════════╪════════════════════════╡
│  0 │             97 │                    161 │             97 │                    162 │             97 │                    152 │
├────┼────────────────┼────────────────────────┼────────────────┼────────────────────────┼────────────────┼────────────────────────┤
│  1 │            297 │                    161 │            297 │                    162 │            297 │                    158 │
├────┼────────────────┼────────────────────────┼────────────────┼────────────────────────┼────────────────┼────────────────────────┤
│  2 │            497 │                    161 │            497 │                    163 │            498 │                    155 │
╘════╧════════════════╧════════════════════════╧════════════════╧════════════════════════╧════════════════╧════════════════════════╛
2024-12-05 12:53:22,567 - INFO - Data from file 'RME zew _ 2018-12-20.csv':
╒════╤════════════════╤═══════════════════════════════════╤════════════════╤═══════════════════════════════════╤════════════════╤═══════════════════════════╕
│    │   Czas [ms].60 │   Temp. spalin za turbiną 1/2[°C] │   Czas [ms].61 │   Temp. spalin za turbiną 2/2[°C] │   Czas [ms].62 │   Temp.pal.na wyjściu[°C] │
╞════╪════════════════╪═══════════════════════════════════╪════════════════╪═══════════════════════════════════╪════════════════╪═══════════════════════════╡
│  0 │              4 │                               157 │              4 │                               143 │              0 │                      18.5 │
├────┼────────────────┼───────────────────────────────────┼────────────────┼───────────────────────────────────┼────────────────┼───────────────────────────┤
│  1 │            204 │                               157 │            205 │                               143 │            200 │                      18.5 │
├────┼────────────────┼───────────────────────────────────┼────────────────┼───────────────────────────────────┼────────────────┼───────────────────────────┤
│  2 │            405 │                               157 │            405 │                               143 │            400 │                      18.6 │
╘════╧════════════════╧═══════════════════════════════════╧════════════════╧═══════════════════════════════════╧════════════════╧═══════════════════════════╛
2024-12-05 12:53:22,568 - INFO - Data from file 'RME zew _ 2018-12-20.csv':
╒════╤════════════════╤══════════════════════════╤════════════════╤══════════════════════════╤════════════════╤═══════════════════════════════╕
│    │   Czas [ms].63 │   Temp.paliwa żądana[°C] │   Czas [ms].64 │   Wilgotność względna[%] │   Czas [ms].65 │   Wyłącznik bezpieczeństwa[-] │
╞════╪════════════════╪══════════════════════════╪════════════════╪══════════════════════════╪════════════════╪═══════════════════════════════╡
│  0 │            150 │                     20.6 │            155 │                       28 │            966 │                             0 │
├────┼────────────────┼──────────────────────────┼────────────────┼──────────────────────────┼────────────────┼───────────────────────────────┤
│  1 │            350 │                     20.6 │            355 │                       28 │           1767 │                             0 │
├────┼────────────────┼──────────────────────────┼────────────────┼──────────────────────────┼────────────────┼───────────────────────────────┤
│  2 │            550 │                     20.6 │            557 │                       28 │           2769 │                             0 │
╘════╧════════════════╧══════════════════════════╧════════════════╧══════════════════════════╧════════════════╧═══════════════════════════════╛
2024-12-05 12:53:22,570 - INFO - Data from file 'RME zew _ 2018-12-20.csv':
╒════╤════════════════╤═════════════╤════════════════╤══════════════════════════╤════════════════╤══════════════════════════╕
│    │   Czas [ms].66 │   Zapłon[-] │   Czas [ms].67 │   Zaw. zb. paliwa 1/3[-] │   Czas [ms].68 │   Zaw. zb. paliwa 2/3[-] │
╞════╪════════════════╪═════════════╪════════════════╪══════════════════════════╪════════════════╪══════════════════════════╡
│  0 │            966 │           1 │             55 │                        0 │             55 │                        0 │
├────┼────────────────┼─────────────┼────────────────┼──────────────────────────┼────────────────┼──────────────────────────┤
│  1 │           1767 │           1 │            855 │                        0 │            855 │                        0 │
├────┼────────────────┼─────────────┼────────────────┼──────────────────────────┼────────────────┼──────────────────────────┤
│  2 │           2769 │           1 │           1657 │                        0 │           1657 │                        0 │
╘════╧════════════════╧═════════════╧════════════════╧══════════════════════════╧════════════════╧══════════════════════════╛
2024-12-05 12:53:22,572 - INFO - Data from file 'RME zew _ 2018-12-20.csv':
╒════╤════════════════╤══════════════════════════╤════════════════╤═════════════════════════════╤════════════════╤═══════════════════════════════╕
│    │   Czas [ms].69 │   Zaw. zb. paliwa 3/3[-] │   Czas [ms].70 │   Zawór reg. chł. cieczy[-] │   Czas [ms].71 │   Zużycie paliwa bieżące[g/s] │
╞════╪════════════════╪══════════════════════════╪════════════════╪═════════════════════════════╪════════════════╪═══════════════════════════════╡
│  0 │             55 │                        0 │            948 │                           1 │            150 │                          0    │
├────┼────────────────┼──────────────────────────┼────────────────┼─────────────────────────────┼────────────────┼───────────────────────────────┤
│  1 │            855 │                        0 │            995 │                           1 │            350 │                          1.07 │
├────┼────────────────┼──────────────────────────┼────────────────┼─────────────────────────────┼────────────────┼───────────────────────────────┤
│  2 │           1657 │                        0 │           1949 │                           1 │            551 │                          1.07 │
╘════╧════════════════╧══════════════════════════╧════════════════╧═════════════════════════════╧════════════════╧═══════════════════════════════╛
2024-12-05 12:53:22,573 - INFO - Data from file 'RME zew _ 2018-12-20.csv':
╒════╤════════════════╤═══════════════════════════════╕
│    │   Czas [ms].72 │   Zużycie paliwa średnie[g/s] │
╞════╪════════════════╪═══════════════════════════════╡
│  0 │            150 │                        0.0124 │
├────┼────────────────┼───────────────────────────────┤
│  1 │            350 │                        0.0101 │
├────┼────────────────┼───────────────────────────────┤
│  2 │            550 │                        0.0107 │
╘════╧════════════════╧═══════════════════════════════╛
2024-12-05 12:53:22,574 - INFO - Data Frame Shape: (22141, 146)
2024-12-05 12:53:22,574 - INFO - Loading eco file: RME zew _ 2018-12-20_eco.csv
2024-12-05 12:53:22,574 - INFO - Loading data from file: /home/viktar-taustyka/GitHubRepos/DT-Engine/data/raw/raugh/csv_raugh/RME zew _ 2018-12-20_eco.csv
2024-12-05 12:53:22,577 - INFO - Data loaded successfully from file: /home/viktar-taustyka/GitHubRepos/DT-Engine/data/raw/raugh/csv_raugh/RME zew _ 2018-12-20_eco.csv
2024-12-05 12:53:22,577 - INFO - Data Frame Columns: ['OBR', 'Mo', 'CO', 'HC', 'LAMBDA', 'CO2', 'O2', 'NO', 'PM']
2024-12-05 12:53:22,578 - INFO - Data from file 'RME zew _ 2018-12-20_eco.csv':
╒════╤═══════╤══════╤══════╤══════╤══════════╤═══════╕
│    │   OBR │   Mo │   CO │   HC │   LAMBDA │   CO2 │
╞════╪═══════╪══════╪══════╪══════╪══════════╪═══════╡
│  0 │  2400 │  291 │ 0.04 │   10 │    1.96  │   7.6 │
├────┼───────┼──────┼──────┼──────┼──────────┼───────┤
│  1 │  2200 │  316 │ 0.03 │   11 │    1.812 │   8.3 │
├────┼───────┼──────┼──────┼──────┼──────────┼───────┤
│  2 │  2000 │  329 │ 0.03 │    9 │    1.684 │   9   │
╘════╧═══════╧══════╧══════╧══════╧══════════╧═══════╛
2024-12-05 12:53:22,579 - INFO - Data from file 'RME zew _ 2018-12-20_eco.csv':
╒════╤═══════╤══════╤══════╕
│    │    O2 │   NO │   PM │
╞════╪═══════╪══════╪══════╡
│  0 │ 10.53 │  168 │ 5.11 │
├────┼───────┼──────┼──────┤
│  1 │  8.67 │  206 │ 3.44 │
├────┼───────┼──────┼──────┤
│  2 │  8.8  │  240 │ 2.61 │
╘════╧═══════╧══════╧══════╛
2024-12-05 12:53:22,580 - INFO - Data Frame Shape: (10, 9)
2024-12-05 12:53:22,580 - INFO - Data files loaded successfully.
2024-12-05 12:53:36,460 - INFO - Step 2: Raw data loaded successfully.
2024-12-05 12:53:36,460 - INFO - Continue data pipeline. Step 3: Validating data...
2024-12-05 12:53:36,462 - INFO - DataValidator initialized.
2024-12-05 12:53:36,462 - INFO - Starting column validation for multiple DataFrames...
2024-12-05 12:53:36,462 - INFO - DataFrame 0: All required columns are present.
2024-12-05 12:53:36,462 - INFO - DataFrame 0: All optional columns are present.
2024-12-05 12:53:36,462 - INFO - DataFrame 1: All required columns are present.
2024-12-05 12:53:36,462 - INFO - DataFrame 1: All optional columns are present.
2024-12-05 12:53:36,462 - INFO - Starting schema validation for multiple DataFrames...
2024-12-05 12:53:36,463 - INFO - DataFrame 0 - Schema validation passed.
2024-12-05 12:53:36,463 - INFO - DataFrame 1 - Schema validation passed.
2024-12-05 12:53:36,463 - INFO - Checking for duplicate columns in multiple DataFrames...
2024-12-05 12:53:36,464 - INFO - DataFrame 0: No duplicate columns found.
2024-12-05 12:53:36,464 - INFO - DataFrame 1: No duplicate columns found.
2024-12-05 12:53:36,464 - INFO - Validation reports summarizing the results for each DataFrame
2024-12-05 12:53:36,464 - INFO - =================
Validation Report for DataFrame 0 (0 - main Data Frame; 1 - eco Data Frame):
DataFrame Shape: (22141, 146) (Rows, Columns) <--- !!!!!!!!!
All Required Columns: Present
All Optional Columns: Present
2024-12-05 12:53:36,464 - INFO - =================
Validation Report for DataFrame 1 (0 - main Data Frame; 1 - eco Data Frame):
DataFrame Shape: (10, 9) (Rows, Columns) <--- !!!!!!!!!
All Required Columns: Present
All Optional Columns: Present
2024-12-05 12:53:36,464 - INFO - Step 3: Data validated successfully.
2024-12-05 12:53:38,397 - INFO - Step 3: Data validated successfully.
2024-12-05 12:53:38,397 - INFO - Starting metadata extraction for multiple DataFrames...
2024-12-05 12:53:38,397 - INFO - Processing DataFrame 1/2 with shape (22141, 146)...
2024-12-05 12:53:38,456 - INFO - Metadata for DataFrame 0, names_of_files_under_procession:['RME zew _ 2018-12-20.csv', 'RME zew _ 2018-12-20_eco.csv', 'RME'], None:
+-----+----------------------------------+----------------+------------------+--------------+-----------------+-------------+
|     | Column                           |   Total Values |   Non-Null Count |   Null Count |   Unique Values | Data Type   |
+=====+==================================+================+==================+==============+=================+=============+
|   0 | Czas [ms]                        |           2213 |             2213 |        19928 |            2213 | float64     |
+-----+----------------------------------+----------------+------------------+--------------+-----------------+-------------+
|   1 | Ciś. pow. przed turb.[Pa]        |           2213 |             2213 |        19928 |              33 | float64     |
+-----+----------------------------------+----------------+------------------+--------------+-----------------+-------------+
|   2 | Czas [ms].1                      |           2213 |             2213 |        19928 |            2213 | float64     |
+-----+----------------------------------+----------------+------------------+--------------+-----------------+-------------+
|   3 | Ciś. pow. za turb.[Pa]           |           2213 |             2213 |        19928 |            1216 | float64     |
+-----+----------------------------------+----------------+------------------+--------------+-----------------+-------------+
|   4 | Czas [ms].2                      |           2213 |             2213 |        19928 |            2213 | float64     |
+-----+----------------------------------+----------------+------------------+--------------+-----------------+-------------+
|   5 | Ciśnienie atmosferyczne[hPa]     |           2213 |             2213 |        19928 |               2 | float64     |
+-----+----------------------------------+----------------+------------------+--------------+-----------------+-------------+
|   6 | Czas [ms].3                      |           2213 |             2213 |        19928 |            2213 | float64     |
+-----+----------------------------------+----------------+------------------+--------------+-----------------+-------------+
|   7 | Ciśnienie oleju[bar]             |           2213 |             2213 |        19928 |             945 | float64     |
+-----+----------------------------------+----------------+------------------+--------------+-----------------+-------------+
|   8 | Czas [ms].4                      |           2213 |             2213 |        19928 |            2213 | float64     |
+-----+----------------------------------+----------------+------------------+--------------+-----------------+-------------+
|   9 | Ciśnienie spalin[Pa]             |           2213 |             2213 |        19928 |             117 | float64     |
+-----+----------------------------------+----------------+------------------+--------------+-----------------+-------------+
|  10 | Czas [ms].5                      |            442 |              442 |        21699 |             442 | float64     |
+-----+----------------------------------+----------------+------------------+--------------+-----------------+-------------+
|  11 | Dopeł. zb. 1/3[-]                |            442 |              442 |        21699 |               1 | float64     |
+-----+----------------------------------+----------------+------------------+--------------+-----------------+-------------+
|  12 | Czas [ms].6                      |            442 |              442 |        21699 |             442 | float64     |
+-----+----------------------------------+----------------+------------------+--------------+-----------------+-------------+
|  13 | Dopeł. zb. 2/3[-]                |            442 |              442 |        21699 |               1 | float64     |
+-----+----------------------------------+----------------+------------------+--------------+-----------------+-------------+
|  14 | Czas [ms].7                      |            442 |              442 |        21699 |             442 | float64     |
+-----+----------------------------------+----------------+------------------+--------------+-----------------+-------------+
|  15 | Dopeł. zb. 3/3[-]                |            442 |              442 |        21699 |               1 | float64     |
+-----+----------------------------------+----------------+------------------+--------------+-----------------+-------------+
|  16 | Czas [ms].8                      |            448 |              448 |        21693 |             448 | float64     |
+-----+----------------------------------+----------------+------------------+--------------+-----------------+-------------+
|  17 | Dopełnianie[-]                   |            448 |              448 |        21693 |               2 | float64     |
+-----+----------------------------------+----------------+------------------+--------------+-----------------+-------------+
|  18 | Czas [ms].9                      |            884 |              884 |        21257 |             884 | float64     |
+-----+----------------------------------+----------------+------------------+--------------+-----------------+-------------+
|  19 | Duży obieg[-]                    |            884 |              884 |        21257 |               1 | float64     |
+-----+----------------------------------+----------------+------------------+--------------+-----------------+-------------+
|  20 | Czas [ms].10                     |           2214 |             2214 |        19927 |            2214 | float64     |
+-----+----------------------------------+----------------+------------------+--------------+-----------------+-------------+
|  21 | ECT - wejście do sil.[°C]        |           2214 |             2214 |        19927 |             186 | float64     |
+-----+----------------------------------+----------------+------------------+--------------+-----------------+-------------+
|  22 | Czas [ms].11                     |           2214 |             2214 |        19927 |            2214 | float64     |
+-----+----------------------------------+----------------+------------------+--------------+-----------------+-------------+
|  23 | ECT - wyjście z sil.[°C]         |           2214 |             2214 |        19927 |             106 | float64     |
+-----+----------------------------------+----------------+------------------+--------------+-----------------+-------------+
|  24 | Czas [ms].12                     |           2214 |             2214 |        19927 |            2214 | float64     |
+-----+----------------------------------+----------------+------------------+--------------+-----------------+-------------+
|  25 | Główny obieg - przepływ[m³/h]    |           2214 |             2214 |        19927 |            1000 | float64     |
+-----+----------------------------------+----------------+------------------+--------------+-----------------+-------------+
|  26 | Czas [ms].13                     |           2213 |             2213 |        19928 |            2213 | float64     |
+-----+----------------------------------+----------------+------------------+--------------+-----------------+-------------+
|  27 | Główny obieg - temp.[°C]         |           2213 |             2213 |        19928 |               5 | float64     |
+-----+----------------------------------+----------------+------------------+--------------+-----------------+-------------+
|  28 | Czas [ms].14                     |           1476 |             1476 |        20665 |            1476 | float64     |
+-----+----------------------------------+----------------+------------------+--------------+-----------------+-------------+
|  29 | GPReg_Setpoint0[°C]              |           1476 |             1476 |        20665 |               1 | float64     |
+-----+----------------------------------+----------------+------------------+--------------+-----------------+-------------+
|  30 | Czas [ms].15                     |           1476 |             1476 |        20665 |            1476 | float64     |
+-----+----------------------------------+----------------+------------------+--------------+-----------------+-------------+
|  31 | GPReg_Setpoint1[°C]              |           1476 |             1476 |        20665 |               1 | float64     |
+-----+----------------------------------+----------------+------------------+--------------+-----------------+-------------+
|  32 | Czas [ms].16                     |           1476 |             1476 |        20665 |            1476 | float64     |
+-----+----------------------------------+----------------+------------------+--------------+-----------------+-------------+
|  33 | GPReg_Setpoint2[°C]              |           1476 |             1476 |        20665 |               1 | float64     |
+-----+----------------------------------+----------------+------------------+--------------+-----------------+-------------+
|  34 | Czas [ms].17                     |           2214 |             2214 |        19927 |            2214 | float64     |
+-----+----------------------------------+----------------+------------------+--------------+-----------------+-------------+
|  35 | Hamulec, lewa komora, temp.[°C]  |           2214 |             2214 |        19927 |              17 | float64     |
+-----+----------------------------------+----------------+------------------+--------------+-----------------+-------------+
|  36 | Czas [ms].18                     |           2214 |             2214 |        19927 |            2214 | float64     |
+-----+----------------------------------+----------------+------------------+--------------+-----------------+-------------+
|  37 | Hamulec, prawa komora, temp.[°C] |           2214 |             2214 |        19927 |              21 | float64     |
+-----+----------------------------------+----------------+------------------+--------------+-----------------+-------------+
|  38 | Czas [ms].19                     |           2214 |             2214 |        19927 |            2214 | float64     |
+-----+----------------------------------+----------------+------------------+--------------+-----------------+-------------+
|  39 | Hamulec, przepływ wody[m³/h]     |           2214 |             2214 |        19927 |               5 | float64     |
+-----+----------------------------------+----------------+------------------+--------------+-----------------+-------------+
|  40 | Czas [ms].20                     |           1771 |             1771 |        20370 |            1771 | float64     |
+-----+----------------------------------+----------------+------------------+--------------+-----------------+-------------+
|  41 | Ilość paliwa w zbiorniku[g]      |           1771 |             1771 |        20370 |            1768 | float64     |
+-----+----------------------------------+----------------+------------------+--------------+-----------------+-------------+
|  42 | Czas [ms].21                     |           2214 |             2214 |        19927 |            2214 | float64     |
+-----+----------------------------------+----------------+------------------+--------------+-----------------+-------------+
|  43 | Kond. - przepływ wody[l/min]     |           2214 |             2214 |        19927 |              59 | float64     |
+-----+----------------------------------+----------------+------------------+--------------+-----------------+-------------+
|  44 | Czas [ms].22                     |            444 |              444 |        21697 |             444 | float64     |
+-----+----------------------------------+----------------+------------------+--------------+-----------------+-------------+
|  45 | Kontrolka zb. 1/3 [-]            |            444 |              444 |        21697 |               1 | float64     |
+-----+----------------------------------+----------------+------------------+--------------+-----------------+-------------+
|  46 | Czas [ms].23                     |            444 |              444 |        21697 |             444 | float64     |
+-----+----------------------------------+----------------+------------------+--------------+-----------------+-------------+
|  47 | Kontrolka zb. 2/3 [-]            |            444 |              444 |        21697 |               1 | float64     |
+-----+----------------------------------+----------------+------------------+--------------+-----------------+-------------+
|  48 | Czas [ms].24                     |            444 |              444 |        21697 |             444 | float64     |
+-----+----------------------------------+----------------+------------------+--------------+-----------------+-------------+
|  49 | Kontrolka zb. 3/3 [-]            |            444 |              444 |        21697 |               1 | float64     |
+-----+----------------------------------+----------------+------------------+--------------+-----------------+-------------+
|  50 | Czas [ms].25                     |           2213 |             2213 |        19928 |            2213 | float64     |
+-----+----------------------------------+----------------+------------------+--------------+-----------------+-------------+
|  51 | MAF[kg/h]                        |           2213 |             2213 |        19928 |            1108 | float64     |
+-----+----------------------------------+----------------+------------------+--------------+-----------------+-------------+
|  52 | Czas [ms].26                     |           2213 |             2213 |        19928 |            2213 | float64     |
+-----+----------------------------------+----------------+------------------+--------------+-----------------+-------------+
|  53 | Moc[kW]                          |           2213 |             2213 |        19928 |             325 | float64     |
+-----+----------------------------------+----------------+------------------+--------------+-----------------+-------------+
|  54 | Czas [ms].27                     |          22141 |            22141 |            0 |           22139 | int64       |
+-----+----------------------------------+----------------+------------------+--------------+-----------------+-------------+
|  55 | Moment obrotowy[Nm]              |          22141 |            22141 |            0 |            2266 | float64     |
+-----+----------------------------------+----------------+------------------+--------------+-----------------+-------------+
|  56 | Czas [ms].28                     |            125 |              125 |        22016 |             125 | float64     |
+-----+----------------------------------+----------------+------------------+--------------+-----------------+-------------+
|  57 | Moment Tryb3[Nm]                 |            125 |              125 |        22016 |               1 | float64     |
+-----+----------------------------------+----------------+------------------+--------------+-----------------+-------------+
|  58 | Czas [ms].29                     |          22141 |            22141 |            0 |           22139 | int64       |
+-----+----------------------------------+----------------+------------------+--------------+-----------------+-------------+
|  59 | Obroty[obr/min]                  |          22141 |            22141 |            0 |            1615 | int64       |
+-----+----------------------------------+----------------+------------------+--------------+-----------------+-------------+
|  60 | Czas [ms].30                     |           2213 |             2213 |        19928 |            2213 | float64     |
+-----+----------------------------------+----------------+------------------+--------------+-----------------+-------------+
|  61 | Poz. paliwa zb. 1/3[mm]          |           2213 |             2213 |        19928 |               1 | float64     |
+-----+----------------------------------+----------------+------------------+--------------+-----------------+-------------+
|  62 | Czas [ms].31                     |           2213 |             2213 |        19928 |            2213 | float64     |
+-----+----------------------------------+----------------+------------------+--------------+-----------------+-------------+
|  63 | Poz. paliwa zb. 2/3[mm]          |           2213 |             2213 |        19928 |              12 | float64     |
+-----+----------------------------------+----------------+------------------+--------------+-----------------+-------------+
|  64 | Czas [ms].32                     |           2213 |             2213 |        19928 |            2213 | float64     |
+-----+----------------------------------+----------------+------------------+--------------+-----------------+-------------+
|  65 | Poz. paliwa zb. 3/3[mm]          |           2213 |             2213 |        19928 |               1 | float64     |
+-----+----------------------------------+----------------+------------------+--------------+-----------------+-------------+
|  66 | Czas [ms].33                     |            442 |              442 |        21699 |             442 | float64     |
+-----+----------------------------------+----------------+------------------+--------------+-----------------+-------------+
|  67 | Przekaź. pompy paliwa[-]         |            442 |              442 |        21699 |               1 | float64     |
+-----+----------------------------------+----------------+------------------+--------------+-----------------+-------------+
|  68 | Czas [ms].34                     |            445 |              445 |        21696 |             445 | float64     |
+-----+----------------------------------+----------------+------------------+--------------+-----------------+-------------+
|  69 | Przekaźnik zapłonu[-]            |            445 |              445 |        21696 |               2 | float64     |
+-----+----------------------------------+----------------+------------------+--------------+-----------------+-------------+
|  70 | Czas [ms].35                     |           1771 |             1771 |        20370 |            1771 | float64     |
+-----+----------------------------------+----------------+------------------+--------------+-----------------+-------------+
|  71 | Przepustnica[%]                  |           1771 |             1771 |        20370 |              40 | float64     |
+-----+----------------------------------+----------------+------------------+--------------+-----------------+-------------+
|  72 | Czas [ms].36                     |             83 |               83 |        22058 |              83 | float64     |
+-----+----------------------------------+----------------+------------------+--------------+-----------------+-------------+
|  73 | Przepustnica Tryb0[%]            |             83 |               83 |        22058 |               1 | float64     |
+-----+----------------------------------+----------------+------------------+--------------+-----------------+-------------+
|  74 | Czas [ms].37                     |           1598 |             1598 |        20543 |            1598 | float64     |
+-----+----------------------------------+----------------+------------------+--------------+-----------------+-------------+
|  75 | Przepustnica Tryb1[%]            |           1598 |             1598 |        20543 |              12 | float64     |
+-----+----------------------------------+----------------+------------------+--------------+-----------------+-------------+
|  76 | Czas [ms].38                     |           2214 |             2214 |        19927 |            2214 | float64     |
+-----+----------------------------------+----------------+------------------+--------------+-----------------+-------------+
|  77 | Przyklad[bar]                    |           2214 |             2214 |        19927 |               1 | float64     |
+-----+----------------------------------+----------------+------------------+--------------+-----------------+-------------+
|  78 | Czas [ms].39                     |             83 |               83 |        22058 |              83 | float64     |
+-----+----------------------------------+----------------+------------------+--------------+-----------------+-------------+
|  79 | PWM Tryb0[%]                     |             83 |               83 |        22058 |               2 | float64     |
+-----+----------------------------------+----------------+------------------+--------------+-----------------+-------------+
|  80 | Czas [ms].40                     |            446 |              446 |        21695 |             446 | float64     |
+-----+----------------------------------+----------------+------------------+--------------+-----------------+-------------+
|  81 | Rozrusznik[-]                    |            446 |              446 |        21695 |               2 | float64     |
+-----+----------------------------------+----------------+------------------+--------------+-----------------+-------------+
|  82 | Czas [ms].41                     |           1598 |             1598 |        20543 |            1598 | float64     |
+-----+----------------------------------+----------------+------------------+--------------+-----------------+-------------+
|  83 | RPM Tryb1[obr/min]               |           1598 |             1598 |        20543 |              13 | float64     |
+-----+----------------------------------+----------------+------------------+--------------+-----------------+-------------+
|  84 | Czas [ms].42                     |            125 |              125 |        22016 |             125 | float64     |
+-----+----------------------------------+----------------+------------------+--------------+-----------------+-------------+
|  85 | RPM Tryb3[obr/min]               |            125 |              125 |        22016 |               4 | float64     |
+-----+----------------------------------+----------------+------------------+--------------+-----------------+-------------+
|  86 | Czas [ms].43                     |            442 |              442 |        21699 |             442 | float64     |
+-----+----------------------------------+----------------+------------------+--------------+-----------------+-------------+
|  87 | Starter[-]                       |            442 |              442 |        21699 |               2 | float64     |
+-----+----------------------------------+----------------+------------------+--------------+-----------------+-------------+
|  88 | Czas [ms].44                     |            884 |              884 |        21257 |             884 | float64     |
+-----+----------------------------------+----------------+------------------+--------------+-----------------+-------------+
|  89 | Stycz. chłodni went.[-]          |            884 |              884 |        21257 |               1 | float64     |
+-----+----------------------------------+----------------+------------------+--------------+-----------------+-------------+
|  90 | Czas [ms].45                     |           2214 |             2214 |        19927 |            2214 | float64     |
+-----+----------------------------------+----------------+------------------+--------------+-----------------+-------------+
|  91 | Temp. oleju przed wym.[°C]       |           2214 |             2214 |        19927 |              14 | float64     |
+-----+----------------------------------+----------------+------------------+--------------+-----------------+-------------+
|  92 | Czas [ms].46                     |           2214 |             2214 |        19927 |            2214 | float64     |
+-----+----------------------------------+----------------+------------------+--------------+-----------------+-------------+
|  93 | Temp. oleju w misce[°C]          |           2214 |             2214 |        19927 |              24 | float64     |
+-----+----------------------------------+----------------+------------------+--------------+-----------------+-------------+
|  94 | Czas [ms].47                     |           2214 |             2214 |        19927 |            2214 | float64     |
+-----+----------------------------------+----------------+------------------+--------------+-----------------+-------------+
|  95 | Temp. oleju za wym.[°C]          |           2214 |             2214 |        19927 |               7 | float64     |
+-----+----------------------------------+----------------+------------------+--------------+-----------------+-------------+
|  96 | Czas [ms].48                     |           2213 |             2213 |        19928 |            2213 | float64     |
+-----+----------------------------------+----------------+------------------+--------------+-----------------+-------------+
|  97 | Temp. otoczenia[°C]              |           2213 |             2213 |        19928 |              10 | float64     |
+-----+----------------------------------+----------------+------------------+--------------+-----------------+-------------+
|  98 | Czas [ms].49                     |           2213 |             2213 |        19928 |            2213 | float64     |
+-----+----------------------------------+----------------+------------------+--------------+-----------------+-------------+
|  99 | Temp. pal. na wejściu sil.[°C]   |           2213 |             2213 |        19928 |              25 | float64     |
+-----+----------------------------------+----------------+------------------+--------------+-----------------+-------------+
| 100 | Czas [ms].50                     |           2213 |             2213 |        19928 |            2213 | float64     |
+-----+----------------------------------+----------------+------------------+--------------+-----------------+-------------+
| 101 | Temp. pal. na wyjściu sil.[°C]   |           2213 |             2213 |        19928 |             154 | float64     |
+-----+----------------------------------+----------------+------------------+--------------+-----------------+-------------+
| 102 | Czas [ms].51                     |           2214 |             2214 |        19927 |            2214 | float64     |
+-----+----------------------------------+----------------+------------------+--------------+-----------------+-------------+
| 103 | Temp. paliwa w zb. 1/3[°C]       |           2214 |             2214 |        19927 |               8 | float64     |
+-----+----------------------------------+----------------+------------------+--------------+-----------------+-------------+
| 104 | Czas [ms].52                     |           2214 |             2214 |        19927 |            2214 | float64     |
+-----+----------------------------------+----------------+------------------+--------------+-----------------+-------------+
| 105 | Temp. paliwa w zb. 2/3[°C]       |           2214 |             2214 |        19927 |               9 | float64     |
+-----+----------------------------------+----------------+------------------+--------------+-----------------+-------------+
| 106 | Czas [ms].53                     |           2214 |             2214 |        19927 |            2214 | float64     |
+-----+----------------------------------+----------------+------------------+--------------+-----------------+-------------+
| 107 | Temp. paliwa w zb. 3/3[°C]       |           2214 |             2214 |        19927 |               4 | float64     |
+-----+----------------------------------+----------------+------------------+--------------+-----------------+-------------+
| 108 | Czas [ms].54                     |           2214 |             2214 |        19927 |            2214 | float64     |
+-----+----------------------------------+----------------+------------------+--------------+-----------------+-------------+
| 109 | Temp. powietrza przed turb.[°C]  |           2214 |             2214 |        19927 |              72 | float64     |
+-----+----------------------------------+----------------+------------------+--------------+-----------------+-------------+
| 110 | Czas [ms].55                     |           2214 |             2214 |        19927 |            2214 | float64     |
+-----+----------------------------------+----------------+------------------+--------------+-----------------+-------------+
| 111 | Temp. powietrza za turb.[°C]     |           2214 |             2214 |        19927 |              47 | float64     |
+-----+----------------------------------+----------------+------------------+--------------+-----------------+-------------+
| 112 | Czas [ms].56                     |           2214 |             2214 |        19927 |            2214 | float64     |
+-----+----------------------------------+----------------+------------------+--------------+-----------------+-------------+
| 113 | Temp. spalin 1/6[°C]             |           2214 |             2214 |        19927 |             284 | float64     |
+-----+----------------------------------+----------------+------------------+--------------+-----------------+-------------+
| 114 | Czas [ms].57                     |           2214 |             2214 |        19927 |            2214 | float64     |
+-----+----------------------------------+----------------+------------------+--------------+-----------------+-------------+
| 115 | Temp. spalin 2/6[°C]             |           2214 |             2214 |        19927 |             305 | float64     |
+-----+----------------------------------+----------------+------------------+--------------+-----------------+-------------+
| 116 | Czas [ms].58                     |           2214 |             2214 |        19927 |            2214 | float64     |
+-----+----------------------------------+----------------+------------------+--------------+-----------------+-------------+
| 117 | Temp. spalin 3/6[°C]             |           2214 |             2214 |        19927 |             294 | float64     |
+-----+----------------------------------+----------------+------------------+--------------+-----------------+-------------+
| 118 | Czas [ms].59                     |           2214 |             2214 |        19927 |            2214 | float64     |
+-----+----------------------------------+----------------+------------------+--------------+-----------------+-------------+
| 119 | Temp. spalin 4/6[°C]             |           2214 |             2214 |        19927 |             303 | float64     |
+-----+----------------------------------+----------------+------------------+--------------+-----------------+-------------+
| 120 | Czas [ms].60                     |           2214 |             2214 |        19927 |            2214 | float64     |
+-----+----------------------------------+----------------+------------------+--------------+-----------------+-------------+
| 121 | Temp. spalin za turbiną 1/2[°C]  |           2214 |             2214 |        19927 |             313 | float64     |
+-----+----------------------------------+----------------+------------------+--------------+-----------------+-------------+
| 122 | Czas [ms].61                     |           2214 |             2214 |        19927 |            2214 | float64     |
+-----+----------------------------------+----------------+------------------+--------------+-----------------+-------------+
| 123 | Temp. spalin za turbiną 2/2[°C]  |           2214 |             2214 |        19927 |             311 | float64     |
+-----+----------------------------------+----------------+------------------+--------------+-----------------+-------------+
| 124 | Czas [ms].62                     |           2214 |             2214 |        19927 |            2214 | float64     |
+-----+----------------------------------+----------------+------------------+--------------+-----------------+-------------+
| 125 | Temp.pal.na wyjściu[°C]          |           2214 |             2214 |        19927 |               8 | float64     |
+-----+----------------------------------+----------------+------------------+--------------+-----------------+-------------+
| 126 | Czas [ms].63                     |           2213 |             2213 |        19928 |            2213 | float64     |
+-----+----------------------------------+----------------+------------------+--------------+-----------------+-------------+
| 127 | Temp.paliwa żądana[°C]           |           2213 |             2213 |        19928 |               1 | float64     |
+-----+----------------------------------+----------------+------------------+--------------+-----------------+-------------+
| 128 | Czas [ms].64                     |           2213 |             2213 |        19928 |            2213 | float64     |
+-----+----------------------------------+----------------+------------------+--------------+-----------------+-------------+
| 129 | Wilgotność względna[%]           |           2213 |             2213 |        19928 |               5 | float64     |
+-----+----------------------------------+----------------+------------------+--------------+-----------------+-------------+
| 130 | Czas [ms].65                     |            442 |              442 |        21699 |             442 | float64     |
+-----+----------------------------------+----------------+------------------+--------------+-----------------+-------------+
| 131 | Wyłącznik bezpieczeństwa[-]      |            442 |              442 |        21699 |               1 | float64     |
+-----+----------------------------------+----------------+------------------+--------------+-----------------+-------------+
| 132 | Czas [ms].66                     |            442 |              442 |        21699 |             442 | float64     |
+-----+----------------------------------+----------------+------------------+--------------+-----------------+-------------+
| 133 | Zapłon[-]                        |            442 |              442 |        21699 |               1 | float64     |
+-----+----------------------------------+----------------+------------------+--------------+-----------------+-------------+
| 134 | Czas [ms].67                     |            444 |              444 |        21697 |             444 | float64     |
+-----+----------------------------------+----------------+------------------+--------------+-----------------+-------------+
| 135 | Zaw. zb. paliwa 1/3[-]           |            444 |              444 |        21697 |               1 | float64     |
+-----+----------------------------------+----------------+------------------+--------------+-----------------+-------------+
| 136 | Czas [ms].68                     |            444 |              444 |        21697 |             444 | float64     |
+-----+----------------------------------+----------------+------------------+--------------+-----------------+-------------+
| 137 | Zaw. zb. paliwa 2/3[-]           |            444 |              444 |        21697 |               1 | float64     |
+-----+----------------------------------+----------------+------------------+--------------+-----------------+-------------+
| 138 | Czas [ms].69                     |            444 |              444 |        21697 |             444 | float64     |
+-----+----------------------------------+----------------+------------------+--------------+-----------------+-------------+
| 139 | Zaw. zb. paliwa 3/3[-]           |            444 |              444 |        21697 |               1 | float64     |
+-----+----------------------------------+----------------+------------------+--------------+-----------------+-------------+
| 140 | Czas [ms].70                     |            884 |              884 |        21257 |             884 | float64     |
+-----+----------------------------------+----------------+------------------+--------------+-----------------+-------------+
| 141 | Zawór reg. chł. cieczy[-]        |            884 |              884 |        21257 |               1 | float64     |
+-----+----------------------------------+----------------+------------------+--------------+-----------------+-------------+
| 142 | Czas [ms].71                     |           2213 |             2213 |        19928 |            2213 | float64     |
+-----+----------------------------------+----------------+------------------+--------------+-----------------+-------------+
| 143 | Zużycie paliwa bieżące[g/s]      |           2213 |             2213 |        19928 |             239 | float64     |
+-----+----------------------------------+----------------+------------------+--------------+-----------------+-------------+
| 144 | Czas [ms].72                     |           2213 |             2213 |        19928 |            2213 | float64     |
+-----+----------------------------------+----------------+------------------+--------------+-----------------+-------------+
| 145 | Zużycie paliwa średnie[g/s]      |           2213 |             2213 |        19928 |            1607 | float64     |
+-----+----------------------------------+----------------+------------------+--------------+-----------------+-------------+
2024-12-05 12:53:38,456 - INFO - Processing DataFrame 2/2 with shape (10, 9)...
2024-12-05 12:53:38,459 - INFO - Metadata for DataFrame 1, names_of_files_under_procession:['RME zew _ 2018-12-20.csv', 'RME zew _ 2018-12-20_eco.csv', 'RME'], None:
+----+----------+----------------+------------------+--------------+-----------------+-------------+
|    | Column   |   Total Values |   Non-Null Count |   Null Count |   Unique Values | Data Type   |
+====+==========+================+==================+==============+=================+=============+
|  0 | OBR      |             10 |               10 |            0 |              10 | int64       |
+----+----------+----------------+------------------+--------------+-----------------+-------------+
|  1 | Mo       |             10 |               10 |            0 |               9 | int64       |
+----+----------+----------------+------------------+--------------+-----------------+-------------+
|  2 | CO       |             10 |               10 |            0 |               4 | float64     |
+----+----------+----------------+------------------+--------------+-----------------+-------------+
|  3 | HC       |             10 |               10 |            0 |               5 | int64       |
+----+----------+----------------+------------------+--------------+-----------------+-------------+
|  4 | LAMBDA   |             10 |               10 |            0 |              10 | float64     |
+----+----------+----------------+------------------+--------------+-----------------+-------------+
|  5 | CO2      |             10 |               10 |            0 |               8 | float64     |
+----+----------+----------------+------------------+--------------+-----------------+-------------+
|  6 | O2       |             10 |               10 |            0 |              10 | float64     |
+----+----------+----------------+------------------+--------------+-----------------+-------------+
|  7 | NO       |             10 |               10 |            0 |              10 | int64       |
+----+----------+----------------+------------------+--------------+-----------------+-------------+
|  8 | PM       |             10 |               10 |            0 |              10 | float64     |
+----+----------+----------------+------------------+--------------+-----------------+-------------+
2024-12-05 12:53:38,459 - INFO - Metadata extraction completed for all DataFrames.
2024-12-05 12:53:41,311 - INFO - Step 4: Metadata extracted successfully.
2024-12-05 12:53:41,312 - INFO - Continue data pipeline. Step 5: Filtering and preprocessing data...
2024-12-05 12:53:41,313 - INFO - !!!!!!!!Column pairs: [['Czas [ms].1', 'Ciś. pow. za turb.[Pa]'], ['Czas [ms].2', 'Ciśnienie atmosferyczne[hPa]'], ['Czas [ms].11', 'ECT - wyjście z sil.[°C]'], ['Czas [ms].25', 'MAF[kg/h]'], ['Czas [ms].26', 'Moc[kW]'], ['Czas [ms].27', 'Moment obrotowy[Nm]'], ['Czas [ms].29', 'Obroty[obr/min]'], ['Czas [ms].46', 'Temp. oleju w misce[°C]'], ['Czas [ms].48', 'Temp. otoczenia[°C]'], ['Czas [ms].50', 'Temp. pal. na wyjściu sil.[°C]'], ['Czas [ms].55', 'Temp. powietrza za turb.[°C]'], ['Czas [ms].56', 'Temp. spalin 1/6[°C]'], ['Czas [ms].57', 'Temp. spalin 2/6[°C]'], ['Czas [ms].58', 'Temp. spalin 3/6[°C]'], ['Czas [ms].59', 'Temp. spalin 4/6[°C]'], ['Czas [ms].64', 'Wilgotność względna[%]'], ['Czas [ms].72', 'Zużycie paliwa średnie[g/s]']]
2024-12-05 12:53:41,315 - INFO - Filtered DataFrame to include 34 columns.
2024-12-05 12:53:41,372 - INFO - Time columns synchronized successfully.
2024-12-05 12:53:41,373 - INFO - Filtered DataFrame shape. after synchronize_time(): (2213, 18)
2024-12-05 12:53:41,373 - INFO - DataCleaner initialized.
2024-12-05 12:53:41,374 - INFO - Starting data cleaning process.
2024-12-05 12:53:41,381 - INFO - Data cleaning process completed.
2024-12-05 12:53:41,381 - INFO - Starting identify_stable_rotation with threshold=20 and window='8000ms'
2024-12-05 12:53:41,381 - INFO - DataFrame copied for processing.
2024-12-05 12:53:41,382 - INFO - 'Time' column is already in datetime format.
2024-12-05 12:53:41,382 - INFO - 'Time' column set as index.
2024-12-05 12:53:41,382 - INFO - Computing rolling max and min of 'Obroty[obr/min]'.
2024-12-05 12:53:41,384 - INFO - Identified 1209 points where rotation difference ≤ threshold.
2024-12-05 12:53:41,386 - INFO - Labeled stable regions into 30 groups.
2024-12-05 12:53:41,387 - INFO - Group 1: Found 2 stable time points.
2024-12-05 12:53:41,388 - INFO - Group 3: Found 20 stable time points.
2024-12-05 12:53:41,388 - INFO - Group 5: Found 99 stable time points.
2024-12-05 12:53:41,388 - INFO - Group 7: Found 97 stable time points.
2024-12-05 12:53:41,388 - INFO - Group 9: Found 105 stable time points.
2024-12-05 12:53:41,388 - INFO - Group 11: Found 118 stable time points.
2024-12-05 12:53:41,388 - INFO - Group 13: Found 84 stable time points.
2024-12-05 12:53:41,388 - INFO - Group 15: Found 88 stable time points.
2024-12-05 12:53:41,388 - INFO - Group 17: Found 125 stable time points.
2024-12-05 12:53:41,389 - INFO - Group 19: Found 91 stable time points.
2024-12-05 12:53:41,389 - INFO - Group 21: Found 97 stable time points.
2024-12-05 12:53:41,389 - INFO - Group 23: Found 72 stable time points.
2024-12-05 12:53:41,389 - INFO - Group 25: Found 110 stable time points.
2024-12-05 12:53:41,389 - INFO - Group 27: Found 23 stable time points.
2024-12-05 12:53:41,389 - INFO - Group 29: Found 78 stable time points.
2024-12-05 12:53:41,390 - INFO - Dropped temporary 'Stable' and 'Group' columns.
2024-12-05 12:53:41,390 - INFO - Identified 15 stable rotation levels.
2024-12-05 12:53:41,391 - INFO - Group 0: Mean rotation = 2.5 RPM.
2024-12-05 12:53:41,392 - INFO - Group 1: Mean rotation = 801.4 RPM.
2024-12-05 12:53:41,393 - INFO - Group 2: Mean rotation = 1690.8 RPM.
2024-12-05 12:53:41,394 - INFO - Group 3: Mean rotation = 2403.0 RPM.
2024-12-05 12:53:41,395 - INFO - Group 4: Mean rotation = 2201.1 RPM.
2024-12-05 12:53:41,396 - INFO - Group 5: Mean rotation = 1999.3 RPM.
2024-12-05 12:53:41,397 - INFO - Group 6: Mean rotation = 1899.8 RPM.
2024-12-05 12:53:41,398 - INFO - Group 7: Mean rotation = 1799.0 RPM.
2024-12-05 12:53:41,399 - INFO - Group 8: Mean rotation = 1700.0 RPM.
2024-12-05 12:53:41,400 - INFO - Group 9: Mean rotation = 1598.9 RPM.
2024-12-05 12:53:41,401 - INFO - Group 10: Mean rotation = 1496.9 RPM.
2024-12-05 12:53:41,402 - INFO - Group 11: Mean rotation = 1399.2 RPM.
2024-12-05 12:53:41,404 - INFO - Group 12: Mean rotation = 1298.7 RPM.
2024-12-05 12:53:41,405 - INFO - Group 13: Mean rotation = 801.4 RPM.
2024-12-05 12:53:41,406 - INFO - Group 14: Mean rotation = 1700.8 RPM.
2024-12-05 12:53:41,406 - INFO - Stable rotation levels extracted. Average values: [2.5, 801.4, 1690.8, 2403.0, 2201.1, 1999.3, 1899.8, 1799.0, 1700.0, 1598.9, 1496.9, 1399.2, 1298.7, 801.4, 1700.8]
2024-12-05 12:53:41,407 - INFO - !!!---> Starting identify_stable_torque_nm with threshold=1.6 and window='8000ms'
2024-12-05 12:53:41,408 - INFO - DataFrame copied for processing.
2024-12-05 12:53:41,408 - INFO - 'Time' column is already in datetime format.
2024-12-05 12:53:41,408 - INFO - 'Time' column set as index.
2024-12-05 12:53:41,409 - INFO - Computing rolling max and min of 'Moment obrotowy[Nm]'.
2024-12-05 12:53:41,410 - INFO - Rolling object parameters:
2024-12-05 12:53:41,410 - INFO -  - window: 8000ms
2024-12-05 12:53:41,410 - INFO -  - min_periods: 1
2024-12-05 12:53:41,410 - INFO -  - center: False
2024-12-05 12:53:41,410 - INFO -  - win_type: None
2024-12-05 12:53:41,410 - INFO -  - axis: 0
2024-12-05 12:53:41,410 - INFO -  - method: single
2024-12-05 12:53:41,410 - INFO -  - closed: None
2024-12-05 12:53:41,410 - INFO - Identified 1273 points where torque difference ≤ threshold.
2024-12-05 12:53:41,412 - INFO - Labeled stable regions into 25 groups.
2024-12-05 12:53:41,414 - INFO - Group 1: Found 332 stable time points.
2024-12-05 12:53:41,415 - INFO - Group 3: Found 46 stable time points.
2024-12-05 12:53:41,415 - INFO - Group 5: Found 14 stable time points.
2024-12-05 12:53:41,415 - INFO - Group 7: Found 94 stable time points.
2024-12-05 12:53:41,415 - INFO - Group 9: Found 97 stable time points.
2024-12-05 12:53:41,415 - INFO - Group 11: Found 79 stable time points.
2024-12-05 12:53:41,416 - INFO - Group 13: Found 72 stable time points.
2024-12-05 12:53:41,416 - INFO - Group 15: Found 121 stable time points.
2024-12-05 12:53:41,416 - INFO - Group 17: Found 40 stable time points.
2024-12-05 12:53:41,416 - INFO - Group 19: Found 85 stable time points.
2024-12-05 12:53:41,416 - INFO - Group 21: Found 70 stable time points.
2024-12-05 12:53:41,416 - INFO - Group 23: Found 104 stable time points.
2024-12-05 12:53:41,417 - INFO - Group 25: Found 119 stable time points.
2024-12-05 12:53:41,417 - INFO - Dropped temporary 'Stable' and 'Group' columns.
2024-12-05 12:53:41,418 - INFO - Identified 13 stable torque levels.
2024-12-05 12:53:41,420 - INFO - Group 0: Mean torque = 1.2 Nm.
2024-12-05 12:53:41,421 - INFO - Group 1: Mean torque = 289.9 Nm.
2024-12-05 12:53:41,422 - INFO - Group 2: Mean torque = 291.3 Nm.
2024-12-05 12:53:41,423 - INFO - Group 3: Mean torque = 316.9 Nm.
2024-12-05 12:53:41,424 - INFO - Group 4: Mean torque = 328.8 Nm.
2024-12-05 12:53:41,425 - INFO - Group 5: Mean torque = 337.7 Nm.
2024-12-05 12:53:41,426 - INFO - Group 6: Mean torque = 341.2 Nm.
2024-12-05 12:53:41,427 - INFO - Group 7: Mean torque = 348.5 Nm.
2024-12-05 12:53:41,428 - INFO - Group 8: Mean torque = 354.6 Nm.
2024-12-05 12:53:41,429 - INFO - Group 9: Mean torque = 350.7 Nm.
2024-12-05 12:53:41,431 - INFO - Group 10: Mean torque = 354.3 Nm.
2024-12-05 12:53:41,432 - INFO - Group 11: Mean torque = 355.5 Nm.
2024-12-05 12:53:41,433 - INFO - Group 12: Mean torque = 3.3 Nm.
2024-12-05 12:53:41,433 - INFO - Stable torque levels extracted. Average values: [1.2, 289.9, 291.3, 316.9, 328.8, 337.7, 341.2, 348.5, 354.6, 350.7, 354.3, 355.5, 3.3]
2024-12-05 12:53:41,436 - INFO - Starting identify_stable_fuel_consumption with threshold=0.1 and window='8000ms'
2024-12-05 12:53:41,436 - INFO - DataFrame copied for processing.
2024-12-05 12:53:41,436 - INFO - 'Time' column is already in datetime format.
2024-12-05 12:53:41,437 - INFO - 'Time' column set as index.
2024-12-05 12:53:41,437 - INFO - Computing rolling max and min of 'Zużycie paliwa średnie[g/s]'.
2024-12-05 12:53:41,438 - INFO - Rolling object parameters:
2024-12-05 12:53:41,438 - INFO -  - window: 8000ms
2024-12-05 12:53:41,438 - INFO -  - min_periods: 1
2024-12-05 12:53:41,438 - INFO -  - center: False
2024-12-05 12:53:41,438 - INFO -  - axis: 0
2024-12-05 12:53:41,438 - INFO -  - method: single
2024-12-05 12:53:41,438 - INFO -  - closed: None
2024-12-05 12:53:41,439 - INFO - Identified 1184 points where fuel consumption difference ≤ threshold.
2024-12-05 12:53:41,440 - INFO - Labeled stable regions into 35 groups.
2024-12-05 12:53:41,441 - INFO - Group 1: Found 28 stable time points.
2024-12-05 12:53:41,441 - INFO - Group 3: Found 2 stable time points.
2024-12-05 12:53:41,441 - INFO - Group 5: Found 33 stable time points.
2024-12-05 12:53:41,442 - INFO - Group 7: Found 1 stable time points.
2024-12-05 12:53:41,442 - INFO - Group 9: Found 112 stable time points.
2024-12-05 12:53:41,442 - INFO - Group 11: Found 35 stable time points.
2024-12-05 12:53:41,442 - INFO - Group 13: Found 123 stable time points.
2024-12-05 12:53:41,442 - INFO - Group 15: Found 32 stable time points.
2024-12-05 12:53:41,442 - INFO - Group 17: Found 138 stable time points.
2024-12-05 12:53:41,443 - INFO - Group 19: Found 54 stable time points.
2024-12-05 12:53:41,443 - INFO - Group 21: Found 189 stable time points.
2024-12-05 12:53:41,443 - INFO - Group 23: Found 49 stable time points.
2024-12-05 12:53:41,443 - INFO - Group 25: Found 85 stable time points.
2024-12-05 12:53:41,443 - INFO - Group 27: Found 90 stable time points.
2024-12-05 12:53:41,443 - INFO - Group 29: Found 69 stable time points.
2024-12-05 12:53:41,444 - INFO - Group 31: Found 81 stable time points.
2024-12-05 12:53:41,444 - INFO - Group 33: Found 13 stable time points.
2024-12-05 12:53:41,444 - INFO - Group 35: Found 50 stable time points.
2024-12-05 12:53:41,445 - INFO - Dropped temporary 'Stable' and 'Group' columns.
2024-12-05 12:53:41,445 - INFO - Identified 18 stable fuel consumption levels.
2024-12-05 12:53:41,446 - INFO - Group 0: Mean fuel consumption = 0.06 g/s.
2024-12-05 12:53:41,447 - INFO - Group 1: Mean fuel consumption = 0.19 g/s.
2024-12-05 12:53:41,448 - INFO - Group 2: Mean fuel consumption = 0.22 g/s.
2024-12-05 12:53:41,450 - INFO - Group 3: Mean fuel consumption = 0.55 g/s.
2024-12-05 12:53:41,452 - INFO - Group 4: Mean fuel consumption = 0.56 g/s.
2024-12-05 12:53:41,453 - INFO - Group 5: Mean fuel consumption = 3.5 g/s.
2024-12-05 12:53:41,454 - INFO - Group 6: Mean fuel consumption = 5.22 g/s.
2024-12-05 12:53:41,455 - INFO - Group 7: Mean fuel consumption = 5.1 g/s.
2024-12-05 12:53:41,457 - INFO - Group 8: Mean fuel consumption = 4.76 g/s.
2024-12-05 12:53:41,458 - INFO - Group 9: Mean fuel consumption = 4.58 g/s.
2024-12-05 12:53:41,459 - INFO - Group 10: Mean fuel consumption = 4.44 g/s.
2024-12-05 12:53:41,460 - INFO - Group 11: Mean fuel consumption = 4.16 g/s.
2024-12-05 12:53:41,461 - INFO - Group 12: Mean fuel consumption = 3.99 g/s.
2024-12-05 12:53:41,461 - INFO - Group 13: Mean fuel consumption = 3.58 g/s.
2024-12-05 12:53:41,462 - INFO - Group 14: Mean fuel consumption = 3.38 g/s.
2024-12-05 12:53:41,463 - INFO - Group 15: Mean fuel consumption = 3.16 g/s.
2024-12-05 12:53:41,464 - INFO - Group 16: Mean fuel consumption = 0.4 g/s.
2024-12-05 12:53:41,466 - INFO - Group 17: Mean fuel consumption = 0.54 g/s.
2024-12-05 12:53:41,466 - INFO - Stable fuel consumption levels extracted. Average values: [0.06, 0.19, 0.22, 0.55, 0.56, 3.5, 5.22, 5.1, 4.76, 4.58, 4.44, 4.16, 3.99, 3.58, 3.38, 3.16, 0.4, 0.54]
2024-12-05 12:53:41,468 - INFO - Starting filter_high_temperature_oil.
2024-12-05 12:53:41,469 - INFO - Removed 0 rows where oil temperature was less than 50°C.
2024-12-05 12:53:41,477 - INFO - Extracted 564 rows of intersected stable data.
2024-12-05 12:53:41,478 - INFO - DataFrame cleaned successfully using DataCleaner.
2024-12-05 12:53:41,478 - INFO - Starting metadata extraction for multiple DataFrames...
2024-12-05 12:53:41,478 - INFO - Processing DataFrame 1/1 with shape (564, 18)...
2024-12-05 12:53:41,483 - INFO - Metadata for DataFrame 0, names_of_files_under_procession:['RME zew _ 2018-12-20.csv', 'RME zew _ 2018-12-20_eco.csv', 'RME'], DataFrame after filtering and cleaning::
+----+--------------------------------+----------------+------------------+--------------+-----------------+----------------+
|    | Column                         |   Total Values |   Non-Null Count |   Null Count |   Unique Values | Data Type      |
+====+================================+================+==================+==============+=================+================+
|  0 | Time                           |            564 |              564 |            0 |             564 | datetime64[ns] |
+----+--------------------------------+----------------+------------------+--------------+-----------------+----------------+
|  1 | Ciś. pow. za turb.[Pa]         |            564 |              564 |            0 |             310 | float64        |
+----+--------------------------------+----------------+------------------+--------------+-----------------+----------------+
|  2 | Ciśnienie atmosferyczne[hPa]   |            564 |              564 |            0 |               2 | float64        |
+----+--------------------------------+----------------+------------------+--------------+-----------------+----------------+
|  3 | ECT - wyjście z sil.[°C]       |            564 |              564 |            0 |              41 | float64        |
+----+--------------------------------+----------------+------------------+--------------+-----------------+----------------+
|  4 | MAF[kg/h]                      |            564 |              564 |            0 |             316 | float64        |
+----+--------------------------------+----------------+------------------+--------------+-----------------+----------------+
|  5 | Moc[kW]                        |            564 |              564 |            0 |              41 | float64        |
+----+--------------------------------+----------------+------------------+--------------+-----------------+----------------+
|  6 | Moment obrotowy[Nm]            |            564 |              564 |            0 |              91 | float64        |
+----+--------------------------------+----------------+------------------+--------------+-----------------+----------------+
|  7 | Obroty[obr/min]                |            564 |              564 |            0 |              79 | int64          |
+----+--------------------------------+----------------+------------------+--------------+-----------------+----------------+
|  8 | Temp. oleju w misce[°C]        |            564 |              564 |            0 |              19 | float64        |
+----+--------------------------------+----------------+------------------+--------------+-----------------+----------------+
|  9 | Temp. otoczenia[°C]            |            564 |              564 |            0 |               8 | float64        |
+----+--------------------------------+----------------+------------------+--------------+-----------------+----------------+
| 10 | Temp. pal. na wyjściu sil.[°C] |            564 |              564 |            0 |              49 | float64        |
+----+--------------------------------+----------------+------------------+--------------+-----------------+----------------+
| 11 | Temp. powietrza za turb.[°C]   |            564 |              564 |            0 |              24 | float64        |
+----+--------------------------------+----------------+------------------+--------------+-----------------+----------------+
| 12 | Temp. spalin 1/6[°C]           |            564 |              564 |            0 |              71 | float64        |
+----+--------------------------------+----------------+------------------+--------------+-----------------+----------------+
| 13 | Temp. spalin 2/6[°C]           |            564 |              564 |            0 |              69 | float64        |
+----+--------------------------------+----------------+------------------+--------------+-----------------+----------------+
| 14 | Temp. spalin 3/6[°C]           |            564 |              564 |            0 |              67 | float64        |
+----+--------------------------------+----------------+------------------+--------------+-----------------+----------------+
| 15 | Temp. spalin 4/6[°C]           |            564 |              564 |            0 |              69 | float64        |
+----+--------------------------------+----------------+------------------+--------------+-----------------+----------------+
| 16 | Wilgotność względna[%]         |            564 |              564 |            0 |               5 | float64        |
+----+--------------------------------+----------------+------------------+--------------+-----------------+----------------+
| 17 | Zużycie paliwa średnie[g/s]    |            564 |              564 |            0 |             335 | float64        |
+----+--------------------------------+----------------+------------------+--------------+-----------------+----------------+
2024-12-05 12:53:41,484 - INFO - Metadata extraction completed for all DataFrames.
2024-12-05 12:53:43,777 - INFO - Step 5: Data filtered and preprocessed successfully.
2024-12-05 12:53:43,777 - INFO - Step 6: Continue data pipeline. Saving cleaned data...
2024-12-05 12:53:43,797 - INFO - Filtered and Cleaned data saved to /home/viktar-taustyka/GitHubRepos/DT-Engine/data/processed/cleaned_data_RME zew _ 2018-12-20.csv
2024-12-05 12:53:43,844 - INFO - Filtered and Cleaned data saved to /home/viktar-taustyka/GitHubRepos/DT-Engine/data/processed/filtered_data.parquet
2024-12-05 12:53:43,844 - INFO - Step 6: Save cleaned data completed successfully.
2024-12-05 12:53:44,679 - INFO - Step 6: Filtered and Cleaned data saved successfully.
2024-12-05 12:53:44,679 - INFO - Starting atmospheric power correction.
2024-12-05 12:53:44,684 - INFO - Average power correction: -0.83%
2024-12-05 12:53:44,684 - INFO - Maximum power correction: -0.65%
2024-12-05 12:53:44,684 - INFO - Average torque correction: -0.83%
2024-12-05 12:53:44,684 - INFO - Maximum torque correction: -0.65%
2024-12-05 12:53:44,685 - INFO - Atmospheric power correction applied successfully.
2024-12-05 12:53:44,689 - INFO - Mean exhaust gas temperature calculated successfully.
2024-12-05 12:53:44,690 - INFO - Continue data pipeline. Step 8: Visualizing data...
2024-12-05 12:53:52,195 - INFO - Step 8: Data visualization completed successfully.
2024-12-05 12:53:52,195 - INFO - Data pipeline completed successfully.
