2024-12-05 11:47:17,681 - INFO - Starting data pipeline...
2024-12-05 11:47:17,682 - INFO - Continue data pipeline. Step 2: Loading raw data...
2024-12-05 11:47:17,683 - INFO - DataLoader initialized with raw data path: /home/viktar-taustyka/GitHubRepos/DT-Engine/data/raw/parquet_files
2024-12-05 11:47:17,684 - INFO - Loading main file: Zew Efekta Agrotronika - 2019-05.parquet
2024-12-05 11:47:17,684 - INFO - Loading data from file: /home/viktar-taustyka/GitHubRepos/DT-Engine/data/raw/parquet_files/Zew Efekta Agrotronika - 2019-05.parquet
2024-12-05 11:47:17,745 - INFO - Data loaded successfully from file: /home/viktar-taustyka/GitHubRepos/DT-Engine/data/raw/parquet_files/Zew Efekta Agrotronika - 2019-05.parquet
2024-12-05 11:47:17,746 - INFO - Data Frame Columns: ['Czas [ms]', 'CiĹ›. pow. przed turb.[Pa]', 'Czas [ms].1', 'CiĹ›. pow. za turb.[Pa]', 'Czas [ms].2', 'CiĹ›nienie atmosferyczne[hPa]', 'Czas [ms].3', 'CiĹ›nienie oleju[bar]', 'Czas [ms].4', 'CiĹ›nienie spalin[Pa]', 'Czas [ms].5', 'DopeĹ‚. zb. 1/3[-]', 'Czas [ms].6', 'DopeĹ‚. zb. 2/3[-]', 'Czas [ms].7', 'DopeĹ‚. zb. 3/3[-]', 'Czas [ms].8', 'DopeĹ‚nianie[-]', 'Czas [ms].9', 'DuĹĽy obieg[-]', 'Czas [ms].10', 'ECT - wejĹ›cie do sil.[Â°C]', 'Czas [ms].11', 'ECT - wyjĹ›cie z sil.[Â°C]', 'Czas [ms].12', 'GĹ‚Ăłwny obieg - przepĹ‚yw[mÂł/h]', 'Czas [ms].13', 'GĹ‚Ăłwny obieg - temp.[Â°C]', 'Czas [ms].14', 'GPReg_Setpoint0[Â°C]', 'Czas [ms].15', 'GPReg_Setpoint1[Â°C]', 'Czas [ms].16', 'GPReg_Setpoint2[Â°C]', 'Czas [ms].17', 'Hamulec, lewa komora, temp.[Â°C]', 'Czas [ms].18', 'Hamulec, prawa komora, temp.[Â°C]', 'Czas [ms].19', 'Hamulec, przepĹ‚yw wody[mÂł/h]', 'Czas [ms].20', 'IloĹ›Ä‡ paliwa w zbiorniku[g]', 'Czas [ms].21', 'Kond. - przepĹ‚yw wody[l/min]', 'Czas [ms].22', 'Kontrolka zb. 1/3 [-]', 'Czas [ms].23', 'Kontrolka zb. 2/3 [-]', 'Czas [ms].24', 'Kontrolka zb. 3/3 [-]', 'Czas [ms].25', 'MAF[kg/h]', 'Czas [ms].26', 'Moc[kW]', 'Czas [ms].27', 'Moment obrotowy[Nm]', 'Czas [ms].28', 'Moment Tryb3[Nm]', 'Czas [ms].29', 'Moment Tryb4[Nm]', 'Czas [ms].30', 'Obroty[obr/min]', 'Czas [ms].31', 'Poz. paliwa zb. 1/3[mm]', 'Czas [ms].32', 'Poz. paliwa zb. 2/3[mm]', 'Czas [ms].33', 'Poz. paliwa zb. 3/3[mm]', 'Czas [ms].34', 'PrzekaĹş. pompy paliwa[-]', 'Czas [ms].35', 'PrzekaĹşnik zapĹ‚onu[-]', 'Czas [ms].36', 'Przepustnica[%]', 'Czas [ms].37', 'Przepustnica Tryb0[%]', 'Czas [ms].38', 'Przepustnica Tryb1[%]', 'Czas [ms].39', 'Przyklad[bar]', 'Czas [ms].40', 'PWM Tryb0[%]', 'Czas [ms].41', 'Rozrusznik[-]', 'Czas [ms].42', 'RPM Tryb1[obr/min]', 'Czas [ms].43', 'RPM Tryb3[obr/min]', 'Czas [ms].44', 'RPM Tryb4[obr/min]', 'Czas [ms].45', 'Starter[-]', 'Czas [ms].46', 'Stycz. chĹ‚odni went.[-]', 'Czas [ms].47', 'Temp. oleju przed wym.[Â°C]', 'Czas [ms].48', 'Temp. oleju w misce[Â°C]', 'Czas [ms].49', 'Temp. oleju za wym.[Â°C]', 'Czas [ms].50', 'Temp. otoczenia[Â°C]', 'Czas [ms].51', 'Temp. pal. na wejĹ›ciu sil.[Â°C]', 'Czas [ms].52', 'Temp. pal. na wyjĹ›ciu sil.[Â°C]', 'Czas [ms].53', 'Temp. paliwa w zb. 1/3[Â°C]', 'Czas [ms].54', 'Temp. paliwa w zb. 2/3[Â°C]', 'Czas [ms].55', 'Temp. paliwa w zb. 3/3[Â°C]', 'Czas [ms].56', 'Temp. powietrza przed turb.[Â°C]', 'Czas [ms].57', 'Temp. powietrza za turb.[Â°C]', 'Czas [ms].58', 'Temp. spalin 1/6[Â°C]', 'Czas [ms].59', 'Temp. spalin 2/6[Â°C]', 'Czas [ms].60', 'Temp. spalin 3/6[Â°C]', 'Czas [ms].61', 'Temp. spalin 4/6[Â°C]', 'Czas [ms].62', 'Temp. spalin za turbinÄ… 1/2[Â°C]', 'Czas [ms].63', 'Temp. spalin za turbinÄ… 2/2[Â°C]', 'Czas [ms].64', 'Temp.pal.na wyjĹ›ciu[Â°C]', 'Czas [ms].65', 'Temp.paliwa ĹĽÄ…dana[Â°C]', 'Czas [ms].66', 'WilgotnoĹ›Ä‡ wzglÄ™dna[%]', 'Czas [ms].67', 'WyĹ‚Ä…cznik bezpieczeĹ„stwa[-]', 'Czas [ms].68', 'ZapĹ‚on[-]', 'Czas [ms].69', 'Zaw. zb. paliwa 1/3[-]', 'Czas [ms].70', 'Zaw. zb. paliwa 2/3[-]', 'Czas [ms].71', 'Zaw. zb. paliwa 3/3[-]', 'Czas [ms].72', 'ZawĂłr reg. chĹ‚. cieczy[-]', 'Czas [ms].73', 'ZuĹĽycie paliwa bieĹĽÄ…ce[g/s]', 'Czas [ms].74', 'ZuĹĽycie paliwa Ĺ›rednie[g/s]', 'Unnamed: 150']
2024-12-05 11:47:17,748 - INFO - Data from file 'Zew Efekta Agrotronika - 2019-05.parquet':
╒════╤═════════════╤══════════════════════════════╤═══════════════╤═══════════════════════════╤═══════════════╤═════════════════════════════════╕
│    │   Czas [ms] │   CiĹ›. pow. przed turb.[Pa] │   Czas [ms].1 │   CiĹ›. pow. za turb.[Pa] │   Czas [ms].2 │   CiĹ›nienie atmosferyczne[hPa] │
╞════╪═════════════╪══════════════════════════════╪═══════════════╪═══════════════════════════╪═══════════════╪═════════════════════════════════╡
│  0 │         137 │                           -1 │           137 │                       -50 │            94 │                             990 │
├────┼─────────────┼──────────────────────────────┼───────────────┼───────────────────────────┼───────────────┼─────────────────────────────────┤
│  1 │         338 │                          -47 │           337 │                       -59 │           294 │                             990 │
├────┼─────────────┼──────────────────────────────┼───────────────┼───────────────────────────┼───────────────┼─────────────────────────────────┤
│  2 │         538 │                          -29 │           539 │                       -41 │           496 │                             991 │
╘════╧═════════════╧══════════════════════════════╧═══════════════╧═══════════════════════════╧═══════════════╧═════════════════════════════════╛
2024-12-05 11:47:17,751 - INFO - Data from file 'Zew Efekta Agrotronika - 2019-05.parquet':
╒════╤═══════════════╤═════════════════════════╤═══════════════╤═════════════════════════╤═══════════════╤══════════════════════╕
│    │   Czas [ms].3 │   CiĹ›nienie oleju[bar] │   Czas [ms].4 │   CiĹ›nienie spalin[Pa] │   Czas [ms].5 │   DopeĹ‚. zb. 1/3[-] │
╞════╪═══════════════╪═════════════════════════╪═══════════════╪═════════════════════════╪═══════════════╪══════════════════════╡
│  0 │           137 │                   0.006 │           139 │                     131 │           595 │                    0 │
├────┼───────────────┼─────────────────────────┼───────────────┼─────────────────────────┼───────────────┼──────────────────────┤
│  1 │           337 │                   0.006 │           339 │                     121 │          1596 │                    0 │
├────┼───────────────┼─────────────────────────┼───────────────┼─────────────────────────┼───────────────┼──────────────────────┤
│  2 │           538 │                   0.006 │           539 │                     121 │          2598 │                    0 │
╘════╧═══════════════╧═════════════════════════╧═══════════════╧═════════════════════════╧═══════════════╧══════════════════════╛
2024-12-05 11:47:17,752 - INFO - Data from file 'Zew Efekta Agrotronika - 2019-05.parquet':
╒════╤═══════════════╤══════════════════════╤═══════════════╤══════════════════════╤═══════════════╤═══════════════════╕
│    │   Czas [ms].6 │   DopeĹ‚. zb. 2/3[-] │   Czas [ms].7 │   DopeĹ‚. zb. 3/3[-] │   Czas [ms].8 │   DopeĹ‚nianie[-] │
╞════╪═══════════════╪══════════════════════╪═══════════════╪══════════════════════╪═══════════════╪═══════════════════╡
│  0 │           595 │                    0 │           595 │                    0 │           694 │                 0 │
├────┼───────────────┼──────────────────────┼───────────────┼──────────────────────┼───────────────┼───────────────────┤
│  1 │          1596 │                    0 │          1596 │                    0 │          1695 │                 0 │
├────┼───────────────┼──────────────────────┼───────────────┼──────────────────────┼───────────────┼───────────────────┤
│  2 │          2598 │                    0 │          2598 │                    0 │          2697 │                 0 │
╘════╧═══════════════╧══════════════════════╧═══════════════╧══════════════════════╧═══════════════╧═══════════════════╛
2024-12-05 11:47:17,754 - INFO - Data from file 'Zew Efekta Agrotronika - 2019-05.parquet':
╒════╤═══════════════╤══════════════════╤════════════════╤═══════════════════════════════╤════════════════╤══════════════════════════════╕
│    │   Czas [ms].9 │   DuĹĽy obieg[-] │   Czas [ms].10 │   ECT - wejĹ›cie do sil.[Â°C] │   Czas [ms].11 │   ECT - wyjĹ›cie z sil.[Â°C] │
╞════╪═══════════════╪══════════════════╪════════════════╪═══════════════════════════════╪════════════════╪══════════════════════════════╡
│  0 │            16 │                0 │            187 │                            22 │            187 │                         68.1 │
├────┼───────────────┼──────────────────┼────────────────┼───────────────────────────────┼────────────────┼──────────────────────────────┤
│  1 │           688 │                0 │            387 │                            22 │            387 │                         68.1 │
├────┼───────────────┼──────────────────┼────────────────┼───────────────────────────────┼────────────────┼──────────────────────────────┤
│  2 │          1017 │                0 │            588 │                            22 │            588 │                         68.1 │
╘════╧═══════════════╧══════════════════╧════════════════╧═══════════════════════════════╧════════════════╧══════════════════════════════╛
2024-12-05 11:47:17,756 - INFO - Data from file 'Zew Efekta Agrotronika - 2019-05.parquet':
╒════╤════════════════╤═════════════════════════════════════╤════════════════╤═══════════════════════════════╤════════════════╤════════════════════════╕
│    │   Czas [ms].12 │   GĹ‚Ăłwny obieg - przepĹ‚yw[mÂł/h] │   Czas [ms].13 │   GĹ‚Ăłwny obieg - temp.[Â°C] │   Czas [ms].14 │   GPReg_Setpoint0[Â°C] │
╞════╪════════════════╪═════════════════════════════════════╪════════════════╪═══════════════════════════════╪════════════════╪════════════════════════╡
│  0 │            194 │                              157.77 │             94 │                          19   │             16 │                     60 │
├────┼────────────────┼─────────────────────────────────────┼────────────────┼───────────────────────────────┼────────────────┼────────────────────────┤
│  1 │            394 │                              160.97 │            296 │                          18.9 │            316 │                     60 │
├────┼────────────────┼─────────────────────────────────────┼────────────────┼───────────────────────────────┼────────────────┼────────────────────────┤
│  2 │            595 │                              156.87 │            497 │                          18.9 │            617 │                     60 │
╘════╧════════════════╧═════════════════════════════════════╧════════════════╧═══════════════════════════════╧════════════════╧════════════════════════╛
2024-12-05 11:47:17,758 - INFO - Data from file 'Zew Efekta Agrotronika - 2019-05.parquet':
╒════╤════════════════╤════════════════════════╤════════════════╤════════════════════════╤════════════════╤════════════════════════════════════╕
│    │   Czas [ms].15 │   GPReg_Setpoint1[Â°C] │   Czas [ms].16 │   GPReg_Setpoint2[Â°C] │   Czas [ms].17 │   Hamulec, lewa komora, temp.[Â°C] │
╞════╪════════════════╪════════════════════════╪════════════════╪════════════════════════╪════════════════╪════════════════════════════════════╡
│  0 │             16 │                     30 │             16 │                     34 │             95 │                                 19 │
├────┼────────────────┼────────────────────────┼────────────────┼────────────────────────┼────────────────┼────────────────────────────────────┤
│  1 │            316 │                     30 │            316 │                     34 │            295 │                                 19 │
├────┼────────────────┼────────────────────────┼────────────────┼────────────────────────┼────────────────┼────────────────────────────────────┤
│  2 │            617 │                     30 │            617 │                     34 │            496 │                                 19 │
╘════╧════════════════╧════════════════════════╧════════════════╧════════════════════════╧════════════════╧════════════════════════════════════╛
2024-12-05 11:47:17,761 - INFO - Data from file 'Zew Efekta Agrotronika - 2019-05.parquet':
╒════╤════════════════╤═════════════════════════════════════╤════════════════╤══════════════════════════════════╤════════════════╤═════════════════════════════════╕
│    │   Czas [ms].18 │   Hamulec, prawa komora, temp.[Â°C] │   Czas [ms].19 │   Hamulec, przepĹ‚yw wody[mÂł/h] │   Czas [ms].20 │   IloĹ›Ä‡ paliwa w zbiorniku[g] │
╞════╪════════════════╪═════════════════════════════════════╪════════════════╪══════════════════════════════════╪════════════════╪═════════════════════════════════╡
│  0 │             95 │                                  20 │             45 │                             11.7 │            127 │                         614.652 │
├────┼────────────────┼─────────────────────────────────────┼────────────────┼──────────────────────────────────┼────────────────┼─────────────────────────────────┤
│  1 │            296 │                                  20 │            245 │                             11.7 │            377 │                         614.53  │
├────┼────────────────┼─────────────────────────────────────┼────────────────┼──────────────────────────────────┼────────────────┼─────────────────────────────────┤
│  2 │            496 │                                  20 │            446 │                             11.7 │            628 │                         614.623 │
╘════╧════════════════╧═════════════════════════════════════╧════════════════╧══════════════════════════════════╧════════════════╧═════════════════════════════════╛
2024-12-05 11:47:17,763 - INFO - Data from file 'Zew Efekta Agrotronika - 2019-05.parquet':
╒════╤════════════════╤═════════════════════════════════╤════════════════╤═════════════════════════╤════════════════╤═════════════════════════╕
│    │   Czas [ms].21 │   Kond. - przepĹ‚yw wody[l/min] │   Czas [ms].22 │   Kontrolka zb. 1/3 [-] │   Czas [ms].23 │   Kontrolka zb. 2/3 [-] │
╞════╪════════════════╪═════════════════════════════════╪════════════════╪═════════════════════════╪════════════════╪═════════════════════════╡
│  0 │             41 │                            7.58 │            595 │                       0 │            595 │                       0 │
├────┼────────────────┼─────────────────────────────────┼────────────────┼─────────────────────────┼────────────────┼─────────────────────────┤
│  1 │            242 │                            7.71 │           1596 │                       0 │           1596 │                       0 │
├────┼────────────────┼─────────────────────────────────┼────────────────┼─────────────────────────┼────────────────┼─────────────────────────┤
│  2 │            442 │                            7.91 │           1797 │                       0 │           1797 │                       0 │
╘════╧════════════════╧═════════════════════════════════╧════════════════╧═════════════════════════╧════════════════╧═════════════════════════╛
2024-12-05 11:47:17,764 - INFO - Data from file 'Zew Efekta Agrotronika - 2019-05.parquet':
╒════╤════════════════╤═════════════════════════╤════════════════╤═════════════╤════════════════╤═══════════╕
│    │   Czas [ms].24 │   Kontrolka zb. 3/3 [-] │   Czas [ms].25 │   MAF[kg/h] │   Czas [ms].26 │   Moc[kW] │
╞════╪════════════════╪═════════════════════════╪════════════════╪═════════════╪════════════════╪═══════════╡
│  0 │            595 │                       0 │            138 │         0   │             16 │         0 │
├────┼────────────────┼─────────────────────────┼────────────────┼─────────────┼────────────────┼───────────┤
│  1 │           1596 │                       0 │            338 │         1   │            216 │         0 │
├────┼────────────────┼─────────────────────────┼────────────────┼─────────────┼────────────────┼───────────┤
│  2 │           1797 │                       0 │            538 │         4.2 │            416 │         0 │
╘════╧════════════════╧═════════════════════════╧════════════════╧═════════════╧════════════════╧═══════════╛
2024-12-05 11:47:17,766 - INFO - Data from file 'Zew Efekta Agrotronika - 2019-05.parquet':
╒════╤════════════════╤═══════════════════════╤════════════════╤════════════════════╤════════════════╤════════════════════╕
│    │   Czas [ms].27 │   Moment obrotowy[Nm] │   Czas [ms].28 │   Moment Tryb3[Nm] │   Czas [ms].29 │   Moment Tryb4[Nm] │
╞════╪════════════════╪═══════════════════════╪════════════════╪════════════════════╪════════════════╪════════════════════╡
│  0 │              0 │                   0.5 │         515432 │              369.1 │         531017 │                3.1 │
├────┼────────────────┼───────────────────────┼────────────────┼────────────────────┼────────────────┼────────────────────┤
│  1 │             20 │                   0.5 │         515503 │              369.1 │         531026 │                3.1 │
├────┼────────────────┼───────────────────────┼────────────────┼────────────────────┼────────────────┼────────────────────┤
│  2 │             40 │                   0.5 │         515754 │              369.1 │         531276 │                3.1 │
╘════╧════════════════╧═══════════════════════╧════════════════╧════════════════════╧════════════════╧════════════════════╛
2024-12-05 11:47:17,768 - INFO - Data from file 'Zew Efekta Agrotronika - 2019-05.parquet':
╒════╤════════════════╤═══════════════════╤════════════════╤═══════════════════════════╤════════════════╤═══════════════════════════╕
│    │   Czas [ms].30 │   Obroty[obr/min] │   Czas [ms].31 │   Poz. paliwa zb. 1/3[mm] │   Czas [ms].32 │   Poz. paliwa zb. 2/3[mm] │
╞════╪════════════════╪═══════════════════╪════════════════╪═══════════════════════════╪════════════════╪═══════════════════════════╡
│  0 │              0 │                 0 │            138 │                       142 │            138 │                        75 │
├────┼────────────────┼───────────────────┼────────────────┼───────────────────────────┼────────────────┼───────────────────────────┤
│  1 │             20 │                 0 │            338 │                       142 │            338 │                        75 │
├────┼────────────────┼───────────────────┼────────────────┼───────────────────────────┼────────────────┼───────────────────────────┤
│  2 │             40 │                 0 │            538 │                       142 │            538 │                        75 │
╘════╧════════════════╧═══════════════════╧════════════════╧═══════════════════════════╧════════════════╧═══════════════════════════╛
2024-12-05 11:47:17,770 - INFO - Data from file 'Zew Efekta Agrotronika - 2019-05.parquet':
╒════╤════════════════╤═══════════════════════════╤════════════════╤═════════════════════════════╤════════════════╤═══════════════════════════╕
│    │   Czas [ms].33 │   Poz. paliwa zb. 3/3[mm] │   Czas [ms].34 │   PrzekaĹş. pompy paliwa[-] │   Czas [ms].35 │   PrzekaĹşnik zapĹ‚onu[-] │
╞════╪════════════════╪═══════════════════════════╪════════════════╪═════════════════════════════╪════════════════╪═══════════════════════════╡
│  0 │            138 │                       110 │            688 │                           0 │            595 │                         1 │
├────┼────────────────┼───────────────────────────┼────────────────┼─────────────────────────────┼────────────────┼───────────────────────────┤
│  1 │            339 │                       110 │           1689 │                           0 │           1596 │                         1 │
├────┼────────────────┼───────────────────────────┼────────────────┼─────────────────────────────┼────────────────┼───────────────────────────┤
│  2 │            539 │                       110 │           2692 │                           0 │           1797 │                         1 │
╘════╧════════════════╧═══════════════════════════╧════════════════╧═════════════════════════════╧════════════════╧═══════════════════════════╛
2024-12-05 11:47:17,771 - INFO - Data from file 'Zew Efekta Agrotronika - 2019-05.parquet':
╒════╤════════════════╤═══════════════════╤════════════════╤═════════════════════════╤════════════════╤═════════════════════════╕
│    │   Czas [ms].36 │   Przepustnica[%] │   Czas [ms].37 │   Przepustnica Tryb0[%] │   Czas [ms].38 │   Przepustnica Tryb1[%] │
╞════╪════════════════╪═══════════════════╪════════════════╪═════════════════════════╪════════════════╪═════════════════════════╡
│  0 │             40 │                 0 │             16 │                       0 │          10382 │                       0 │
├────┼────────────────┼───────────────────┼────────────────┼─────────────────────────┼────────────────┼─────────────────────────┤
│  1 │            290 │                 0 │            266 │                       0 │          10531 │                       0 │
├────┼────────────────┼───────────────────┼────────────────┼─────────────────────────┼────────────────┼─────────────────────────┤
│  2 │            540 │                 0 │            516 │                       0 │          10781 │                       0 │
╘════╧════════════════╧═══════════════════╧════════════════╧═════════════════════════╧════════════════╧═════════════════════════╛
2024-12-05 11:47:17,773 - INFO - Data from file 'Zew Efekta Agrotronika - 2019-05.parquet':
╒════╤════════════════╤═════════════════╤════════════════╤════════════════╤════════════════╤═════════════════╕
│    │   Czas [ms].39 │   Przyklad[bar] │   Czas [ms].40 │   PWM Tryb0[%] │   Czas [ms].41 │   Rozrusznik[-] │
╞════╪════════════════╪═════════════════╪════════════════╪════════════════╪════════════════╪═════════════════╡
│  0 │             44 │               0 │             16 │              0 │            595 │               1 │
├────┼────────────────┼─────────────────┼────────────────┼────────────────┼────────────────┼─────────────────┤
│  1 │            244 │               0 │            266 │              0 │            915 │               1 │
├────┼────────────────┼─────────────────┼────────────────┼────────────────┼────────────────┼─────────────────┤
│  2 │            445 │               0 │            516 │              0 │           1562 │               0 │
╘════╧════════════════╧═════════════════╧════════════════╧════════════════╧════════════════╧═════════════════╛
2024-12-05 11:47:17,774 - INFO - Data from file 'Zew Efekta Agrotronika - 2019-05.parquet':
╒════╤════════════════╤══════════════════════╤════════════════╤══════════════════════╤════════════════╤══════════════════════╕
│    │   Czas [ms].42 │   RPM Tryb1[obr/min] │   Czas [ms].43 │   RPM Tryb3[obr/min] │   Czas [ms].44 │   RPM Tryb4[obr/min] │
╞════╪════════════════╪══════════════════════╪════════════════╪══════════════════════╪════════════════╪══════════════════════╡
│  0 │          10382 │                  801 │         515432 │                 1300 │         531017 │                  801 │
├────┼────────────────┼──────────────────────┼────────────────┼──────────────────────┼────────────────┼──────────────────────┤
│  1 │          10531 │                  801 │         515503 │                 1300 │         531026 │                  801 │
├────┼────────────────┼──────────────────────┼────────────────┼──────────────────────┼────────────────┼──────────────────────┤
│  2 │          10781 │                  801 │         515754 │                 1300 │         531276 │                  801 │
╘════╧════════════════╧══════════════════════╧════════════════╧══════════════════════╧════════════════╧══════════════════════╛
2024-12-05 11:47:17,776 - INFO - Data from file 'Zew Efekta Agrotronika - 2019-05.parquet':
╒════╤════════════════╤══════════════╤════════════════╤════════════════════════════╤════════════════╤═══════════════════════════════╕
│    │   Czas [ms].45 │   Starter[-] │   Czas [ms].46 │   Stycz. chĹ‚odni went.[-] │   Czas [ms].47 │   Temp. oleju przed wym.[Â°C] │
╞════╪════════════════╪══════════════╪════════════════╪════════════════════════════╪════════════════╪═══════════════════════════════╡
│  0 │            916 │            1 │             16 │                          0 │            187 │                            26 │
├────┼────────────────┼──────────────┼────────────────┼────────────────────────────┼────────────────┼───────────────────────────────┤
│  1 │           1717 │            0 │            688 │                          0 │            388 │                            26 │
├────┼────────────────┼──────────────┼────────────────┼────────────────────────────┼────────────────┼───────────────────────────────┤
│  2 │           2719 │            0 │           1017 │                          0 │            588 │                            26 │
╘════╧════════════════╧══════════════╧════════════════╧════════════════════════════╧════════════════╧═══════════════════════════════╛
2024-12-05 11:47:17,780 - INFO - Data from file 'Zew Efekta Agrotronika - 2019-05.parquet':
╒════╤════════════════╤════════════════════════════╤════════════════╤════════════════════════════╤════════════════╤════════════════════════╕
│    │   Czas [ms].48 │   Temp. oleju w misce[Â°C] │   Czas [ms].49 │   Temp. oleju za wym.[Â°C] │   Czas [ms].50 │   Temp. otoczenia[Â°C] │
╞════╪════════════════╪════════════════════════════╪════════════════╪════════════════════════════╪════════════════╪════════════════════════╡
│  0 │            145 │                         77 │            188 │                       25.9 │             95 │                   21.6 │
├────┼────────────────┼────────────────────────────┼────────────────┼────────────────────────────┼────────────────┼────────────────────────┤
│  1 │            345 │                         77 │            388 │                       25.9 │            295 │                   21.6 │
├────┼────────────────┼────────────────────────────┼────────────────┼────────────────────────────┼────────────────┼────────────────────────┤
│  2 │            545 │                         77 │            588 │                       25.9 │            497 │                   21.6 │
╘════╧════════════════╧════════════════════════════╧════════════════╧════════════════════════════╧════════════════╧════════════════════════╛
2024-12-05 11:47:17,782 - INFO - Data from file 'Zew Efekta Agrotronika - 2019-05.parquet':
╒════╤════════════════╤════════════════════════════════════╤════════════════╤════════════════════════════════════╤════════════════╤═══════════════════════════════╕
│    │   Czas [ms].51 │   Temp. pal. na wejĹ›ciu sil.[Â°C] │   Czas [ms].52 │   Temp. pal. na wyjĹ›ciu sil.[Â°C] │   Czas [ms].53 │   Temp. paliwa w zb. 1/3[Â°C] │
╞════╪════════════════╪════════════════════════════════════╪════════════════╪════════════════════════════════════╪════════════════╪═══════════════════════════════╡
│  0 │             96 │                               25.2 │             95 │                               39.9 │            191 │                          22.2 │
├────┼────────────────┼────────────────────────────────────┼────────────────┼────────────────────────────────────┼────────────────┼───────────────────────────────┤
│  1 │            295 │                               25.2 │            295 │                               39.9 │            392 │                          22.2 │
├────┼────────────────┼────────────────────────────────────┼────────────────┼────────────────────────────────────┼────────────────┼───────────────────────────────┤
│  2 │            497 │                               25.2 │            497 │                               39.8 │            592 │                          22.2 │
╘════╧════════════════╧════════════════════════════════════╧════════════════╧════════════════════════════════════╧════════════════╧═══════════════════════════════╛
2024-12-05 11:47:17,784 - INFO - Data from file 'Zew Efekta Agrotronika - 2019-05.parquet':
╒════╤════════════════╤═══════════════════════════════╤════════════════╤═══════════════════════════════╤════════════════╤════════════════════════════════════╕
│    │   Czas [ms].54 │   Temp. paliwa w zb. 2/3[Â°C] │   Czas [ms].55 │   Temp. paliwa w zb. 3/3[Â°C] │   Czas [ms].56 │   Temp. powietrza przed turb.[Â°C] │
╞════╪════════════════╪═══════════════════════════════╪════════════════╪═══════════════════════════════╪════════════════╪════════════════════════════════════╡
│  0 │            192 │                          22   │            192 │                          21.5 │            188 │                               31.3 │
├────┼────────────────┼───────────────────────────────┼────────────────┼───────────────────────────────┼────────────────┼────────────────────────────────────┤
│  1 │            392 │                          21.9 │            392 │                          21.5 │            388 │                               31.3 │
├────┼────────────────┼───────────────────────────────┼────────────────┼───────────────────────────────┼────────────────┼────────────────────────────────────┤
│  2 │            592 │                          21.9 │            592 │                          21.5 │            588 │                               31.3 │
╘════╧════════════════╧═══════════════════════════════╧════════════════╧═══════════════════════════════╧════════════════╧════════════════════════════════════╛
2024-12-05 11:47:17,785 - INFO - Data from file 'Zew Efekta Agrotronika - 2019-05.parquet':
╒════╤════════════════╤═════════════════════════════════╤════════════════╤═════════════════════════╤════════════════╤═════════════════════════╕
│    │   Czas [ms].57 │   Temp. powietrza za turb.[Â°C] │   Czas [ms].58 │   Temp. spalin 1/6[Â°C] │   Czas [ms].59 │   Temp. spalin 2/6[Â°C] │
╞════╪════════════════╪═════════════════════════════════╪════════════════╪═════════════════════════╪════════════════╪═════════════════════════╡
│  0 │            145 │                              41 │             37 │                     197 │             37 │                     219 │
├────┼────────────────┼─────────────────────────────────┼────────────────┼─────────────────────────┼────────────────┼─────────────────────────┤
│  1 │            345 │                              41 │            238 │                     197 │            238 │                     219 │
├────┼────────────────┼─────────────────────────────────┼────────────────┼─────────────────────────┼────────────────┼─────────────────────────┤
│  2 │            545 │                              41 │            437 │                     195 │            438 │                     219 │
╘════╧════════════════╧═════════════════════════════════╧════════════════╧═════════════════════════╧════════════════╧═════════════════════════╛
2024-12-05 11:47:17,787 - INFO - Data from file 'Zew Efekta Agrotronika - 2019-05.parquet':
╒════╤════════════════╤═════════════════════════╤════════════════╤═════════════════════════╤════════════════╤═════════════════════════════════════╕
│    │   Czas [ms].60 │   Temp. spalin 3/6[Â°C] │   Czas [ms].61 │   Temp. spalin 4/6[Â°C] │   Czas [ms].62 │   Temp. spalin za turbinÄ… 1/2[Â°C] │
╞════╪════════════════╪═════════════════════════╪════════════════╪═════════════════════════╪════════════════╪═════════════════════════════════════╡
│  0 │             37 │                     223 │             37 │                     204 │            144 │                                 209 │
├────┼────────────────┼─────────────────────────┼────────────────┼─────────────────────────┼────────────────┼─────────────────────────────────────┤
│  1 │            238 │                     223 │            239 │                     204 │            344 │                                 210 │
├────┼────────────────┼─────────────────────────┼────────────────┼─────────────────────────┼────────────────┼─────────────────────────────────────┤
│  2 │            438 │                     224 │            438 │                     204 │            545 │                                 210 │
╘════╧════════════════╧═════════════════════════╧════════════════╧═════════════════════════╧════════════════╧═════════════════════════════════════╛
2024-12-05 11:47:17,790 - INFO - Data from file 'Zew Efekta Agrotronika - 2019-05.parquet':
╒════╤════════════════╤═════════════════════════════════════╤════════════════╤═════════════════════════════╤════════════════╤═════════════════════════════╕
│    │   Czas [ms].63 │   Temp. spalin za turbinÄ… 2/2[Â°C] │   Czas [ms].64 │   Temp.pal.na wyjĹ›ciu[Â°C] │   Czas [ms].65 │   Temp.paliwa ĹĽÄ…dana[Â°C] │
╞════╪════════════════╪═════════════════════════════════════╪════════════════╪═════════════════════════════╪════════════════╪═════════════════════════════╡
│  0 │            144 │                                 197 │            142 │                        15.8 │             91 │                          22 │
├────┼────────────────┼─────────────────────────────────────┼────────────────┼─────────────────────────────┼────────────────┼─────────────────────────────┤
│  1 │            345 │                                 197 │            342 │                        15.8 │            291 │                          22 │
├────┼────────────────┼─────────────────────────────────────┼────────────────┼─────────────────────────────┼────────────────┼─────────────────────────────┤
│  2 │            545 │                                 197 │            542 │                        15.8 │            492 │                          22 │
╘════╧════════════════╧═════════════════════════════════════╧════════════════╧═════════════════════════════╧════════════════╧═════════════════════════════╛
2024-12-05 11:47:17,792 - INFO - Data from file 'Zew Efekta Agrotronika - 2019-05.parquet':
╒════╤════════════════╤═════════════════════════════╤════════════════╤══════════════════════════════════╤════════════════╤══════════════╕
│    │   Czas [ms].66 │   WilgotnoĹ›Ä‡ wzglÄ™dna[%] │   Czas [ms].67 │   WyĹ‚Ä…cznik bezpieczeĹ„stwa[-] │   Czas [ms].68 │   ZapĹ‚on[-] │
╞════╪════════════════╪═════════════════════════════╪════════════════╪══════════════════════════════════╪════════════════╪══════════════╡
│  0 │             94 │                          61 │            916 │                                0 │            916 │            1 │
├────┼────────────────┼─────────────────────────────┼────────────────┼──────────────────────────────────┼────────────────┼──────────────┤
│  1 │            294 │                          61 │           1717 │                                0 │           1717 │            1 │
├────┼────────────────┼─────────────────────────────┼────────────────┼──────────────────────────────────┼────────────────┼──────────────┤
│  2 │            496 │                          61 │           2719 │                                0 │           2719 │            1 │
╘════╧════════════════╧═════════════════════════════╧════════════════╧══════════════════════════════════╧════════════════╧══════════════╛
2024-12-05 11:47:17,793 - INFO - Data from file 'Zew Efekta Agrotronika - 2019-05.parquet':
╒════╤════════════════╤══════════════════════════╤════════════════╤══════════════════════════╤════════════════╤══════════════════════════╕
│    │   Czas [ms].69 │   Zaw. zb. paliwa 1/3[-] │   Czas [ms].70 │   Zaw. zb. paliwa 2/3[-] │   Czas [ms].71 │   Zaw. zb. paliwa 3/3[-] │
╞════╪════════════════╪══════════════════════════╪════════════════╪══════════════════════════╪════════════════╪══════════════════════════╡
│  0 │            595 │                        0 │            595 │                        0 │            595 │                        0 │
├────┼────────────────┼──────────────────────────┼────────────────┼──────────────────────────┼────────────────┼──────────────────────────┤
│  1 │           1596 │                        0 │           1596 │                        0 │           1596 │                        0 │
├────┼────────────────┼──────────────────────────┼────────────────┼──────────────────────────┼────────────────┼──────────────────────────┤
│  2 │           1797 │                        0 │           1797 │                        0 │           1797 │                        0 │
╘════╧════════════════╧══════════════════════════╧════════════════╧══════════════════════════╧════════════════╧══════════════════════════╛
2024-12-05 11:47:17,795 - INFO - Data from file 'Zew Efekta Agrotronika - 2019-05.parquet':
╒════╤════════════════╤═══════════════════════════════╤════════════════╤══════════════════════════════════╤════════════════╤═════════════════════════════════╕
│    │   Czas [ms].72 │   ZawĂłr reg. chĹ‚. cieczy[-] │   Czas [ms].73 │   ZuĹĽycie paliwa bieĹĽÄ…ce[g/s] │   Czas [ms].74 │   ZuĹĽycie paliwa Ĺ›rednie[g/s] │
╞════╪════════════════╪═══════════════════════════════╪════════════════╪══════════════════════════════════╪════════════════╪═════════════════════════════════╡
│  0 │             16 │                             1 │             92 │                                0 │             91 │                               0 │
├────┼────────────────┼───────────────────────────────┼────────────────┼──────────────────────────────────┼────────────────┼─────────────────────────────────┤
│  1 │            688 │                             1 │            292 │                                0 │            292 │                               0 │
├────┼────────────────┼───────────────────────────────┼────────────────┼──────────────────────────────────┼────────────────┼─────────────────────────────────┤
│  2 │           1017 │                             1 │            493 │                                0 │            492 │                               0 │
╘════╧════════════════╧═══════════════════════════════╧════════════════╧══════════════════════════════════╧════════════════╧═════════════════════════════════╛
2024-12-05 11:47:17,797 - INFO - Data from file 'Zew Efekta Agrotronika - 2019-05.parquet':
╒════╤════════════════╕
│    │   Unnamed: 150 │
╞════╪════════════════╡
│  0 │            nan │
├────┼────────────────┤
│  1 │            nan │
├────┼────────────────┤
│  2 │            nan │
╘════╧════════════════╛
2024-12-05 11:47:17,798 - INFO - Data Frame Shape: (28344, 151)
2024-12-05 11:47:17,798 - INFO - Data files loaded successfully.
2024-12-05 11:47:19,711 - INFO - Step 2: Raw data loaded successfully.
2024-12-05 11:47:19,711 - INFO - Continue data pipeline. Step 3: Validating data...
2024-12-05 11:47:19,712 - INFO - DataValidator initialized.
2024-12-05 11:47:19,713 - INFO - Starting column validation for multiple DataFrames...
2024-12-05 11:47:19,713 - ERROR - DataFrame 0: Missing required columns: ['Ciś. pow. za turb.[Pa]', 'Ciśnienie atmosferyczne[hPa]', 'ECT - wyjście z sil.[°C]', 'Temp. oleju w misce[°C]', 'Temp. otoczenia[°C]', 'Temp. pal. na wyjściu sil.[°C]', 'Temp. powietrza za turb.[°C]', 'Temp. spalin 1/6[°C]', 'Temp. spalin 2/6[°C]', 'Temp. spalin 3/6[°C]', 'Temp. spalin 4/6[°C]', 'Wilgotność względna[%]', 'Zużycie paliwa średnie[g/s]']
2024-12-05 11:47:19,713 - INFO - DataFrame 0: All optional columns are present.
2024-12-05 11:47:19,714 - INFO - DataFrame 0: Filled missing required column 'Ciś. pow. za turb.[Pa]' with 0
2024-12-05 11:47:19,714 - INFO - DataFrame 0: Filled missing required column 'Ciśnienie atmosferyczne[hPa]' with 0
2024-12-05 11:47:19,715 - INFO - DataFrame 0: Filled missing required column 'ECT - wyjście z sil.[°C]' with 0
2024-12-05 11:47:19,715 - INFO - DataFrame 0: Filled missing required column 'Temp. oleju w misce[°C]' with 0
2024-12-05 11:47:19,716 - INFO - DataFrame 0: Filled missing required column 'Temp. otoczenia[°C]' with 0
2024-12-05 11:47:19,717 - INFO - DataFrame 0: Filled missing required column 'Temp. pal. na wyjściu sil.[°C]' with 0
2024-12-05 11:47:19,717 - INFO - DataFrame 0: Filled missing required column 'Temp. powietrza za turb.[°C]' with 0
2024-12-05 11:47:19,718 - INFO - DataFrame 0: Filled missing required column 'Temp. spalin 1/6[°C]' with 0
2024-12-05 11:47:19,719 - INFO - DataFrame 0: Filled missing required column 'Temp. spalin 2/6[°C]' with 0
2024-12-05 11:47:19,719 - INFO - DataFrame 0: Filled missing required column 'Temp. spalin 3/6[°C]' with 0
2024-12-05 11:47:19,720 - INFO - DataFrame 0: Filled missing required column 'Temp. spalin 4/6[°C]' with 0
2024-12-05 11:47:19,721 - INFO - DataFrame 0: Filled missing required column 'Wilgotność względna[%]' with 0
2024-12-05 11:47:19,721 - INFO - DataFrame 0: Filled missing required column 'Zużycie paliwa średnie[g/s]' with 0
2024-12-05 11:47:19,721 - INFO - DataFrame 0: Missing required columns filled with default values.
2024-12-05 11:47:19,722 - INFO - Starting schema validation for multiple DataFrames...
2024-12-05 11:47:19,722 - INFO - DataFrame 0 - Schema validation passed.
2024-12-05 11:47:19,723 - INFO - Checking for duplicate columns in multiple DataFrames...
2024-12-05 11:47:19,723 - INFO - DataFrame 0: No duplicate columns found.
2024-12-05 11:47:19,723 - INFO - Validation reports summarizing the results for each DataFrame
2024-12-05 11:47:19,723 - INFO - =================
Validation Report for DataFrame 0 (0 - main Data Frame; 1 - eco Data Frame):
DataFrame Shape: (28344, 164) (Rows, Columns) <--- !!!!!!!!!
Missing Required Columns: Ciś. pow. za turb.[Pa], Ciśnienie atmosferyczne[hPa], ECT - wyjście z sil.[°C], Temp. oleju w misce[°C], Temp. otoczenia[°C], Temp. pal. na wyjściu sil.[°C], Temp. powietrza za turb.[°C], Temp. spalin 1/6[°C], Temp. spalin 2/6[°C], Temp. spalin 3/6[°C], Temp. spalin 4/6[°C], Wilgotność względna[%], Zużycie paliwa średnie[g/s]
All Optional Columns: Present
2024-12-05 11:47:19,723 - INFO - Step 3: Data validated successfully.
2024-12-05 11:47:21,401 - INFO - Step 3: Data validated successfully.
2024-12-05 11:47:21,401 - INFO - Starting metadata extraction for multiple DataFrames...
2024-12-05 11:47:21,401 - INFO - Processing DataFrame 1/1 with shape (28344, 164)...
2024-12-05 11:47:21,482 - INFO - Metadata for DataFrame 0, names_of_files_under_procession:['Zew Efekta Agrotronika - 2019-05.parquet', '', 'Efekta Agrotronika'], None:
+-----+-----------------------------------+----------------+------------------+--------------+-----------------+-------------+
|     | Column                            |   Total Values |   Non-Null Count |   Null Count |   Unique Values | Data Type   |
+=====+===================================+================+==================+==============+=================+=============+
|   0 | Czas [ms]                         |           2834 |             2834 |        25510 |            2834 | float64     |
+-----+-----------------------------------+----------------+------------------+--------------+-----------------+-------------+
|   1 | CiĹ›. pow. przed turb.[Pa]        |           2834 |             2834 |        25510 |              48 | float64     |
+-----+-----------------------------------+----------------+------------------+--------------+-----------------+-------------+
|   2 | Czas [ms].1                       |           2834 |             2834 |        25510 |            2834 | float64     |
+-----+-----------------------------------+----------------+------------------+--------------+-----------------+-------------+
|   3 | CiĹ›. pow. za turb.[Pa]           |           2834 |             2834 |        25510 |            1431 | float64     |
+-----+-----------------------------------+----------------+------------------+--------------+-----------------+-------------+
|   4 | Czas [ms].2                       |           2834 |             2834 |        25510 |            2834 | float64     |
+-----+-----------------------------------+----------------+------------------+--------------+-----------------+-------------+
|   5 | CiĹ›nienie atmosferyczne[hPa]     |           2834 |             2834 |        25510 |               2 | float64     |
+-----+-----------------------------------+----------------+------------------+--------------+-----------------+-------------+
|   6 | Czas [ms].3                       |           2834 |             2834 |        25510 |            2834 | float64     |
+-----+-----------------------------------+----------------+------------------+--------------+-----------------+-------------+
|   7 | CiĹ›nienie oleju[bar]             |           2834 |             2834 |        25510 |            1055 | float64     |
+-----+-----------------------------------+----------------+------------------+--------------+-----------------+-------------+
|   8 | Czas [ms].4                       |           2834 |             2834 |        25510 |            2834 | float64     |
+-----+-----------------------------------+----------------+------------------+--------------+-----------------+-------------+
|   9 | CiĹ›nienie spalin[Pa]             |           2834 |             2834 |        25510 |             134 | float64     |
+-----+-----------------------------------+----------------+------------------+--------------+-----------------+-------------+
|  10 | Czas [ms].5                       |            567 |              567 |        27777 |             567 | float64     |
+-----+-----------------------------------+----------------+------------------+--------------+-----------------+-------------+
|  11 | DopeĹ‚. zb. 1/3[-]                |            567 |              567 |        27777 |               1 | float64     |
+-----+-----------------------------------+----------------+------------------+--------------+-----------------+-------------+
|  12 | Czas [ms].6                       |            567 |              567 |        27777 |             567 | float64     |
+-----+-----------------------------------+----------------+------------------+--------------+-----------------+-------------+
|  13 | DopeĹ‚. zb. 2/3[-]                |            567 |              567 |        27777 |               1 | float64     |
+-----+-----------------------------------+----------------+------------------+--------------+-----------------+-------------+
|  14 | Czas [ms].7                       |            567 |              567 |        27777 |             567 | float64     |
+-----+-----------------------------------+----------------+------------------+--------------+-----------------+-------------+
|  15 | DopeĹ‚. zb. 3/3[-]                |            567 |              567 |        27777 |               1 | float64     |
+-----+-----------------------------------+----------------+------------------+--------------+-----------------+-------------+
|  16 | Czas [ms].8                       |            575 |              575 |        27769 |             575 | float64     |
+-----+-----------------------------------+----------------+------------------+--------------+-----------------+-------------+
|  17 | DopeĹ‚nianie[-]                   |            575 |              575 |        27769 |               2 | float64     |
+-----+-----------------------------------+----------------+------------------+--------------+-----------------+-------------+
|  18 | Czas [ms].9                       |           1134 |             1134 |        27210 |            1134 | float64     |
+-----+-----------------------------------+----------------+------------------+--------------+-----------------+-------------+
|  19 | DuĹĽy obieg[-]                    |           1134 |             1134 |        27210 |               1 | float64     |
+-----+-----------------------------------+----------------+------------------+--------------+-----------------+-------------+
|  20 | Czas [ms].10                      |           2833 |             2833 |        25511 |            2833 | float64     |
+-----+-----------------------------------+----------------+------------------+--------------+-----------------+-------------+
|  21 | ECT - wejĹ›cie do sil.[Â°C]       |           2833 |             2833 |        25511 |             157 | float64     |
+-----+-----------------------------------+----------------+------------------+--------------+-----------------+-------------+
|  22 | Czas [ms].11                      |           2833 |             2833 |        25511 |            2833 | float64     |
+-----+-----------------------------------+----------------+------------------+--------------+-----------------+-------------+
|  23 | ECT - wyjĹ›cie z sil.[Â°C]        |           2833 |             2833 |        25511 |              99 | float64     |
+-----+-----------------------------------+----------------+------------------+--------------+-----------------+-------------+
|  24 | Czas [ms].12                      |           2833 |             2833 |        25511 |            2833 | float64     |
+-----+-----------------------------------+----------------+------------------+--------------+-----------------+-------------+
|  25 | GĹ‚Ăłwny obieg - przepĹ‚yw[mÂł/h] |           2833 |             2833 |        25511 |            1156 | float64     |
+-----+-----------------------------------+----------------+------------------+--------------+-----------------+-------------+
|  26 | Czas [ms].13                      |           2834 |             2834 |        25510 |            2834 | float64     |
+-----+-----------------------------------+----------------+------------------+--------------+-----------------+-------------+
|  27 | GĹ‚Ăłwny obieg - temp.[Â°C]       |           2834 |             2834 |        25510 |              18 | float64     |
+-----+-----------------------------------+----------------+------------------+--------------+-----------------+-------------+
|  28 | Czas [ms].14                      |           1890 |             1890 |        26454 |            1890 | float64     |
+-----+-----------------------------------+----------------+------------------+--------------+-----------------+-------------+
|  29 | GPReg_Setpoint0[Â°C]              |           1890 |             1890 |        26454 |               1 | float64     |
+-----+-----------------------------------+----------------+------------------+--------------+-----------------+-------------+
|  30 | Czas [ms].15                      |           1890 |             1890 |        26454 |            1890 | float64     |
+-----+-----------------------------------+----------------+------------------+--------------+-----------------+-------------+
|  31 | GPReg_Setpoint1[Â°C]              |           1890 |             1890 |        26454 |               1 | float64     |
+-----+-----------------------------------+----------------+------------------+--------------+-----------------+-------------+
|  32 | Czas [ms].16                      |           1890 |             1890 |        26454 |            1890 | float64     |
+-----+-----------------------------------+----------------+------------------+--------------+-----------------+-------------+
|  33 | GPReg_Setpoint2[Â°C]              |           1890 |             1890 |        26454 |               1 | float64     |
+-----+-----------------------------------+----------------+------------------+--------------+-----------------+-------------+
|  34 | Czas [ms].17                      |           2834 |             2834 |        25510 |            2834 | float64     |
+-----+-----------------------------------+----------------+------------------+--------------+-----------------+-------------+
|  35 | Hamulec, lewa komora, temp.[Â°C]  |           2834 |             2834 |        25510 |              20 | float64     |
+-----+-----------------------------------+----------------+------------------+--------------+-----------------+-------------+
|  36 | Czas [ms].18                      |           2834 |             2834 |        25510 |            2834 | float64     |
+-----+-----------------------------------+----------------+------------------+--------------+-----------------+-------------+
|  37 | Hamulec, prawa komora, temp.[Â°C] |           2834 |             2834 |        25510 |              22 | float64     |
+-----+-----------------------------------+----------------+------------------+--------------+-----------------+-------------+
|  38 | Czas [ms].19                      |           2834 |             2834 |        25510 |            2834 | float64     |
+-----+-----------------------------------+----------------+------------------+--------------+-----------------+-------------+
|  39 | Hamulec, przepĹ‚yw wody[mÂł/h]    |           2834 |             2834 |        25510 |               4 | float64     |
+-----+-----------------------------------+----------------+------------------+--------------+-----------------+-------------+
|  40 | Czas [ms].20                      |           2267 |             2267 |        26077 |            2267 | float64     |
+-----+-----------------------------------+----------------+------------------+--------------+-----------------+-------------+
|  41 | IloĹ›Ä‡ paliwa w zbiorniku[g]     |           2267 |             2267 |        26077 |            2256 | float64     |
+-----+-----------------------------------+----------------+------------------+--------------+-----------------+-------------+
|  42 | Czas [ms].21                      |           2834 |             2834 |        25510 |            2834 | float64     |
+-----+-----------------------------------+----------------+------------------+--------------+-----------------+-------------+
|  43 | Kond. - przepĹ‚yw wody[l/min]     |           2834 |             2834 |        25510 |              57 | float64     |
+-----+-----------------------------------+----------------+------------------+--------------+-----------------+-------------+
|  44 | Czas [ms].22                      |            568 |              568 |        27776 |             568 | float64     |
+-----+-----------------------------------+----------------+------------------+--------------+-----------------+-------------+
|  45 | Kontrolka zb. 1/3 [-]             |            568 |              568 |        27776 |               1 | float64     |
+-----+-----------------------------------+----------------+------------------+--------------+-----------------+-------------+
|  46 | Czas [ms].23                      |            568 |              568 |        27776 |             568 | float64     |
+-----+-----------------------------------+----------------+------------------+--------------+-----------------+-------------+
|  47 | Kontrolka zb. 2/3 [-]             |            568 |              568 |        27776 |               1 | float64     |
+-----+-----------------------------------+----------------+------------------+--------------+-----------------+-------------+
|  48 | Czas [ms].24                      |            568 |              568 |        27776 |             568 | float64     |
+-----+-----------------------------------+----------------+------------------+--------------+-----------------+-------------+
|  49 | Kontrolka zb. 3/3 [-]             |            568 |              568 |        27776 |               1 | float64     |
+-----+-----------------------------------+----------------+------------------+--------------+-----------------+-------------+
|  50 | Czas [ms].25                      |           2834 |             2834 |        25510 |            2834 | float64     |
+-----+-----------------------------------+----------------+------------------+--------------+-----------------+-------------+
|  51 | MAF[kg/h]                         |           2834 |             2834 |        25510 |            1382 | float64     |
+-----+-----------------------------------+----------------+------------------+--------------+-----------------+-------------+
|  52 | Czas [ms].26                      |           2834 |             2834 |        25510 |            2834 | float64     |
+-----+-----------------------------------+----------------+------------------+--------------+-----------------+-------------+
|  53 | Moc[kW]                           |           2834 |             2834 |        25510 |             334 | float64     |
+-----+-----------------------------------+----------------+------------------+--------------+-----------------+-------------+
|  54 | Czas [ms].27                      |          28344 |            28344 |            0 |           28341 | int64       |
+-----+-----------------------------------+----------------+------------------+--------------+-----------------+-------------+
|  55 | Moment obrotowy[Nm]               |          28344 |            28344 |            0 |            2296 | float64     |
+-----+-----------------------------------+----------------+------------------+--------------+-----------------+-------------+
|  56 | Czas [ms].28                      |            153 |              153 |        28191 |             153 | float64     |
+-----+-----------------------------------+----------------+------------------+--------------+-----------------+-------------+
|  57 | Moment Tryb3[Nm]                  |            153 |              153 |        28191 |               2 | float64     |
+-----+-----------------------------------+----------------+------------------+--------------+-----------------+-------------+
|  58 | Czas [ms].29                      |              4 |                4 |        28340 |               4 | float64     |
+-----+-----------------------------------+----------------+------------------+--------------+-----------------+-------------+
|  59 | Moment Tryb4[Nm]                  |              4 |                4 |        28340 |               1 | float64     |
+-----+-----------------------------------+----------------+------------------+--------------+-----------------+-------------+
|  60 | Czas [ms].30                      |          28344 |            28344 |            0 |           28341 | int64       |
+-----+-----------------------------------+----------------+------------------+--------------+-----------------+-------------+
|  61 | Obroty[obr/min]                   |          28344 |            28344 |            0 |            1569 | int64       |
+-----+-----------------------------------+----------------+------------------+--------------+-----------------+-------------+
|  62 | Czas [ms].31                      |           2834 |             2834 |        25510 |            2834 | float64     |
+-----+-----------------------------------+----------------+------------------+--------------+-----------------+-------------+
|  63 | Poz. paliwa zb. 1/3[mm]           |           2834 |             2834 |        25510 |              23 | float64     |
+-----+-----------------------------------+----------------+------------------+--------------+-----------------+-------------+
|  64 | Czas [ms].32                      |           2834 |             2834 |        25510 |            2834 | float64     |
+-----+-----------------------------------+----------------+------------------+--------------+-----------------+-------------+
|  65 | Poz. paliwa zb. 2/3[mm]           |           2834 |             2834 |        25510 |               2 | float64     |
+-----+-----------------------------------+----------------+------------------+--------------+-----------------+-------------+
|  66 | Czas [ms].33                      |           2834 |             2834 |        25510 |            2834 | float64     |
+-----+-----------------------------------+----------------+------------------+--------------+-----------------+-------------+
|  67 | Poz. paliwa zb. 3/3[mm]           |           2834 |             2834 |        25510 |               2 | float64     |
+-----+-----------------------------------+----------------+------------------+--------------+-----------------+-------------+
|  68 | Czas [ms].34                      |            567 |              567 |        27777 |             567 | float64     |
+-----+-----------------------------------+----------------+------------------+--------------+-----------------+-------------+
|  69 | PrzekaĹş. pompy paliwa[-]         |            567 |              567 |        27777 |               1 | float64     |
+-----+-----------------------------------+----------------+------------------+--------------+-----------------+-------------+
|  70 | Czas [ms].35                      |            568 |              568 |        27776 |             568 | float64     |
+-----+-----------------------------------+----------------+------------------+--------------+-----------------+-------------+
|  71 | PrzekaĹşnik zapĹ‚onu[-]           |            568 |              568 |        27776 |               1 | float64     |
+-----+-----------------------------------+----------------+------------------+--------------+-----------------+-------------+
|  72 | Czas [ms].36                      |           2268 |             2268 |        26076 |            2268 | float64     |
+-----+-----------------------------------+----------------+------------------+--------------+-----------------+-------------+
|  73 | Przepustnica[%]                   |           2268 |             2268 |        26076 |              47 | float64     |
+-----+-----------------------------------+----------------+------------------+--------------+-----------------+-------------+
|  74 | Czas [ms].37                      |            117 |              117 |        28227 |             117 | float64     |
+-----+-----------------------------------+----------------+------------------+--------------+-----------------+-------------+
|  75 | Przepustnica Tryb0[%]             |            117 |              117 |        28227 |               2 | float64     |
+-----+-----------------------------------+----------------+------------------+--------------+-----------------+-------------+
|  76 | Czas [ms].38                      |           2028 |             2028 |        26316 |            2027 | float64     |
+-----+-----------------------------------+----------------+------------------+--------------+-----------------+-------------+
|  77 | Przepustnica Tryb1[%]             |           2028 |             2028 |        26316 |              11 | float64     |
+-----+-----------------------------------+----------------+------------------+--------------+-----------------+-------------+
|  78 | Czas [ms].39                      |           2834 |             2834 |        25510 |            2834 | float64     |
+-----+-----------------------------------+----------------+------------------+--------------+-----------------+-------------+
|  79 | Przyklad[bar]                     |           2834 |             2834 |        25510 |               1 | float64     |
+-----+-----------------------------------+----------------+------------------+--------------+-----------------+-------------+
|  80 | Czas [ms].40                      |            117 |              117 |        28227 |             117 | float64     |
+-----+-----------------------------------+----------------+------------------+--------------+-----------------+-------------+
|  81 | PWM Tryb0[%]                      |            117 |              117 |        28227 |               3 | float64     |
+-----+-----------------------------------+----------------+------------------+--------------+-----------------+-------------+
|  82 | Czas [ms].41                      |            570 |              570 |        27774 |             570 | float64     |
+-----+-----------------------------------+----------------+------------------+--------------+-----------------+-------------+
|  83 | Rozrusznik[-]                     |            570 |              570 |        27774 |               2 | float64     |
+-----+-----------------------------------+----------------+------------------+--------------+-----------------+-------------+
|  84 | Czas [ms].42                      |           2028 |             2028 |        26316 |            2027 | float64     |
+-----+-----------------------------------+----------------+------------------+--------------+-----------------+-------------+
|  85 | RPM Tryb1[obr/min]                |           2028 |             2028 |        26316 |              13 | float64     |
+-----+-----------------------------------+----------------+------------------+--------------+-----------------+-------------+
|  86 | Czas [ms].43                      |            153 |              153 |        28191 |             153 | float64     |
+-----+-----------------------------------+----------------+------------------+--------------+-----------------+-------------+
|  87 | RPM Tryb3[obr/min]                |            153 |              153 |        28191 |               4 | float64     |
+-----+-----------------------------------+----------------+------------------+--------------+-----------------+-------------+
|  88 | Czas [ms].44                      |              4 |                4 |        28340 |               4 | float64     |
+-----+-----------------------------------+----------------+------------------+--------------+-----------------+-------------+
|  89 | RPM Tryb4[obr/min]                |              4 |                4 |        28340 |               1 | float64     |
+-----+-----------------------------------+----------------+------------------+--------------+-----------------+-------------+
|  90 | Czas [ms].45                      |            566 |              566 |        27778 |             566 | float64     |
+-----+-----------------------------------+----------------+------------------+--------------+-----------------+-------------+
|  91 | Starter[-]                        |            566 |              566 |        27778 |               2 | float64     |
+-----+-----------------------------------+----------------+------------------+--------------+-----------------+-------------+
|  92 | Czas [ms].46                      |           1134 |             1134 |        27210 |            1134 | float64     |
+-----+-----------------------------------+----------------+------------------+--------------+-----------------+-------------+
|  93 | Stycz. chĹ‚odni went.[-]          |           1134 |             1134 |        27210 |               1 | float64     |
+-----+-----------------------------------+----------------+------------------+--------------+-----------------+-------------+
|  94 | Czas [ms].47                      |           2833 |             2833 |        25511 |            2833 | float64     |
+-----+-----------------------------------+----------------+------------------+--------------+-----------------+-------------+
|  95 | Temp. oleju przed wym.[Â°C]       |           2833 |             2833 |        25511 |               8 | float64     |
+-----+-----------------------------------+----------------+------------------+--------------+-----------------+-------------+
|  96 | Czas [ms].48                      |           2833 |             2833 |        25511 |            2833 | float64     |
+-----+-----------------------------------+----------------+------------------+--------------+-----------------+-------------+
|  97 | Temp. oleju w misce[Â°C]          |           2833 |             2833 |        25511 |              29 | float64     |
+-----+-----------------------------------+----------------+------------------+--------------+-----------------+-------------+
|  98 | Czas [ms].49                      |           2833 |             2833 |        25511 |            2833 | float64     |
+-----+-----------------------------------+----------------+------------------+--------------+-----------------+-------------+
|  99 | Temp. oleju za wym.[Â°C]          |           2833 |             2833 |        25511 |              10 | float64     |
+-----+-----------------------------------+----------------+------------------+--------------+-----------------+-------------+
| 100 | Czas [ms].50                      |           2834 |             2834 |        25510 |            2834 | float64     |
+-----+-----------------------------------+----------------+------------------+--------------+-----------------+-------------+
| 101 | Temp. otoczenia[Â°C]              |           2834 |             2834 |        25510 |              23 | float64     |
+-----+-----------------------------------+----------------+------------------+--------------+-----------------+-------------+
| 102 | Czas [ms].51                      |           2834 |             2834 |        25510 |            2834 | float64     |
+-----+-----------------------------------+----------------+------------------+--------------+-----------------+-------------+
| 103 | Temp. pal. na wejĹ›ciu sil.[Â°C]  |           2834 |             2834 |        25510 |              35 | float64     |
+-----+-----------------------------------+----------------+------------------+--------------+-----------------+-------------+
| 104 | Czas [ms].52                      |           2834 |             2834 |        25510 |            2834 | float64     |
+-----+-----------------------------------+----------------+------------------+--------------+-----------------+-------------+
| 105 | Temp. pal. na wyjĹ›ciu sil.[Â°C]  |           2834 |             2834 |        25510 |             199 | float64     |
+-----+-----------------------------------+----------------+------------------+--------------+-----------------+-------------+
| 106 | Czas [ms].53                      |           2833 |             2833 |        25511 |            2833 | float64     |
+-----+-----------------------------------+----------------+------------------+--------------+-----------------+-------------+
| 107 | Temp. paliwa w zb. 1/3[Â°C]       |           2833 |             2833 |        25511 |              11 | float64     |
+-----+-----------------------------------+----------------+------------------+--------------+-----------------+-------------+
| 108 | Czas [ms].54                      |           2833 |             2833 |        25511 |            2833 | float64     |
+-----+-----------------------------------+----------------+------------------+--------------+-----------------+-------------+
| 109 | Temp. paliwa w zb. 2/3[Â°C]       |           2833 |             2833 |        25511 |              13 | float64     |
+-----+-----------------------------------+----------------+------------------+--------------+-----------------+-------------+
| 110 | Czas [ms].55                      |           2833 |             2833 |        25511 |            2833 | float64     |
+-----+-----------------------------------+----------------+------------------+--------------+-----------------+-------------+
| 111 | Temp. paliwa w zb. 3/3[Â°C]       |           2833 |             2833 |        25511 |               7 | float64     |
+-----+-----------------------------------+----------------+------------------+--------------+-----------------+-------------+
| 112 | Czas [ms].56                      |           2833 |             2833 |        25511 |            2833 | float64     |
+-----+-----------------------------------+----------------+------------------+--------------+-----------------+-------------+
| 113 | Temp. powietrza przed turb.[Â°C]  |           2833 |             2833 |        25511 |              46 | float64     |
+-----+-----------------------------------+----------------+------------------+--------------+-----------------+-------------+
| 114 | Czas [ms].57                      |           2833 |             2833 |        25511 |            2833 | float64     |
+-----+-----------------------------------+----------------+------------------+--------------+-----------------+-------------+
| 115 | Temp. powietrza za turb.[Â°C]     |           2833 |             2833 |        25511 |              59 | float64     |
+-----+-----------------------------------+----------------+------------------+--------------+-----------------+-------------+
| 116 | Czas [ms].58                      |           2834 |             2834 |        25510 |            2834 | float64     |
+-----+-----------------------------------+----------------+------------------+--------------+-----------------+-------------+
| 117 | Temp. spalin 1/6[Â°C]             |           2834 |             2834 |        25510 |             315 | float64     |
+-----+-----------------------------------+----------------+------------------+--------------+-----------------+-------------+
| 118 | Czas [ms].59                      |           2834 |             2834 |        25510 |            2834 | float64     |
+-----+-----------------------------------+----------------+------------------+--------------+-----------------+-------------+
| 119 | Temp. spalin 2/6[Â°C]             |           2834 |             2834 |        25510 |             345 | float64     |
+-----+-----------------------------------+----------------+------------------+--------------+-----------------+-------------+
| 120 | Czas [ms].60                      |           2834 |             2834 |        25510 |            2834 | float64     |
+-----+-----------------------------------+----------------+------------------+--------------+-----------------+-------------+
| 121 | Temp. spalin 3/6[Â°C]             |           2834 |             2834 |        25510 |             348 | float64     |
+-----+-----------------------------------+----------------+------------------+--------------+-----------------+-------------+
| 122 | Czas [ms].61                      |           2834 |             2834 |        25510 |            2834 | float64     |
+-----+-----------------------------------+----------------+------------------+--------------+-----------------+-------------+
| 123 | Temp. spalin 4/6[Â°C]             |           2834 |             2834 |        25510 |             330 | float64     |
+-----+-----------------------------------+----------------+------------------+--------------+-----------------+-------------+
| 124 | Czas [ms].62                      |           2833 |             2833 |        25511 |            2833 | float64     |
+-----+-----------------------------------+----------------+------------------+--------------+-----------------+-------------+
| 125 | Temp. spalin za turbinÄ… 1/2[Â°C] |           2833 |             2833 |        25511 |             320 | float64     |
+-----+-----------------------------------+----------------+------------------+--------------+-----------------+-------------+
| 126 | Czas [ms].63                      |           2833 |             2833 |        25511 |            2833 | float64     |
+-----+-----------------------------------+----------------+------------------+--------------+-----------------+-------------+
| 127 | Temp. spalin za turbinÄ… 2/2[Â°C] |           2833 |             2833 |        25511 |             317 | float64     |
+-----+-----------------------------------+----------------+------------------+--------------+-----------------+-------------+
| 128 | Czas [ms].64                      |           2833 |             2833 |        25511 |            2833 | float64     |
+-----+-----------------------------------+----------------+------------------+--------------+-----------------+-------------+
| 129 | Temp.pal.na wyjĹ›ciu[Â°C]         |           2833 |             2833 |        25511 |              19 | float64     |
+-----+-----------------------------------+----------------+------------------+--------------+-----------------+-------------+
| 130 | Czas [ms].65                      |           2834 |             2834 |        25510 |            2834 | float64     |
+-----+-----------------------------------+----------------+------------------+--------------+-----------------+-------------+
| 131 | Temp.paliwa ĹĽÄ…dana[Â°C]         |           2834 |             2834 |        25510 |               1 | float64     |
+-----+-----------------------------------+----------------+------------------+--------------+-----------------+-------------+
| 132 | Czas [ms].66                      |           2834 |             2834 |        25510 |            2834 | float64     |
+-----+-----------------------------------+----------------+------------------+--------------+-----------------+-------------+
| 133 | WilgotnoĹ›Ä‡ wzglÄ™dna[%]         |           2834 |             2834 |        25510 |               7 | float64     |
+-----+-----------------------------------+----------------+------------------+--------------+-----------------+-------------+
| 134 | Czas [ms].67                      |            566 |              566 |        27778 |             566 | float64     |
+-----+-----------------------------------+----------------+------------------+--------------+-----------------+-------------+
| 135 | WyĹ‚Ä…cznik bezpieczeĹ„stwa[-]    |            566 |              566 |        27778 |               1 | float64     |
+-----+-----------------------------------+----------------+------------------+--------------+-----------------+-------------+
| 136 | Czas [ms].68                      |            566 |              566 |        27778 |             566 | float64     |
+-----+-----------------------------------+----------------+------------------+--------------+-----------------+-------------+
| 137 | ZapĹ‚on[-]                        |            566 |              566 |        27778 |               1 | float64     |
+-----+-----------------------------------+----------------+------------------+--------------+-----------------+-------------+
| 138 | Czas [ms].69                      |            568 |              568 |        27776 |             568 | float64     |
+-----+-----------------------------------+----------------+------------------+--------------+-----------------+-------------+
| 139 | Zaw. zb. paliwa 1/3[-]            |            568 |              568 |        27776 |               1 | float64     |
+-----+-----------------------------------+----------------+------------------+--------------+-----------------+-------------+
| 140 | Czas [ms].70                      |            568 |              568 |        27776 |             568 | float64     |
+-----+-----------------------------------+----------------+------------------+--------------+-----------------+-------------+
| 141 | Zaw. zb. paliwa 2/3[-]            |            568 |              568 |        27776 |               1 | float64     |
+-----+-----------------------------------+----------------+------------------+--------------+-----------------+-------------+
| 142 | Czas [ms].71                      |            568 |              568 |        27776 |             568 | float64     |
+-----+-----------------------------------+----------------+------------------+--------------+-----------------+-------------+
| 143 | Zaw. zb. paliwa 3/3[-]            |            568 |              568 |        27776 |               1 | float64     |
+-----+-----------------------------------+----------------+------------------+--------------+-----------------+-------------+
| 144 | Czas [ms].72                      |           1134 |             1134 |        27210 |            1134 | float64     |
+-----+-----------------------------------+----------------+------------------+--------------+-----------------+-------------+
| 145 | ZawĂłr reg. chĹ‚. cieczy[-]       |           1134 |             1134 |        27210 |               1 | float64     |
+-----+-----------------------------------+----------------+------------------+--------------+-----------------+-------------+
| 146 | Czas [ms].73                      |           2834 |             2834 |        25510 |            2834 | float64     |
+-----+-----------------------------------+----------------+------------------+--------------+-----------------+-------------+
| 147 | ZuĹĽycie paliwa bieĹĽÄ…ce[g/s]    |           2834 |             2834 |        25510 |             258 | float64     |
+-----+-----------------------------------+----------------+------------------+--------------+-----------------+-------------+
| 148 | Czas [ms].74                      |           2834 |             2834 |        25510 |            2834 | float64     |
+-----+-----------------------------------+----------------+------------------+--------------+-----------------+-------------+
| 149 | ZuĹĽycie paliwa Ĺ›rednie[g/s]     |           2834 |             2834 |        25510 |            2053 | float64     |
+-----+-----------------------------------+----------------+------------------+--------------+-----------------+-------------+
| 150 | Unnamed: 150                      |              0 |                0 |        28344 |               0 | float64     |
+-----+-----------------------------------+----------------+------------------+--------------+-----------------+-------------+
| 151 | Ciś. pow. za turb.[Pa]            |          28344 |            28344 |            0 |               1 | int64       |
+-----+-----------------------------------+----------------+------------------+--------------+-----------------+-------------+
| 152 | Ciśnienie atmosferyczne[hPa]      |          28344 |            28344 |            0 |               1 | int64       |
+-----+-----------------------------------+----------------+------------------+--------------+-----------------+-------------+
| 153 | ECT - wyjście z sil.[°C]          |          28344 |            28344 |            0 |               1 | int64       |
+-----+-----------------------------------+----------------+------------------+--------------+-----------------+-------------+
| 154 | Temp. oleju w misce[°C]           |          28344 |            28344 |            0 |               1 | int64       |
+-----+-----------------------------------+----------------+------------------+--------------+-----------------+-------------+
| 155 | Temp. otoczenia[°C]               |          28344 |            28344 |            0 |               1 | int64       |
+-----+-----------------------------------+----------------+------------------+--------------+-----------------+-------------+
| 156 | Temp. pal. na wyjściu sil.[°C]    |          28344 |            28344 |            0 |               1 | int64       |
+-----+-----------------------------------+----------------+------------------+--------------+-----------------+-------------+
| 157 | Temp. powietrza za turb.[°C]      |          28344 |            28344 |            0 |               1 | int64       |
+-----+-----------------------------------+----------------+------------------+--------------+-----------------+-------------+
| 158 | Temp. spalin 1/6[°C]              |          28344 |            28344 |            0 |               1 | int64       |
+-----+-----------------------------------+----------------+------------------+--------------+-----------------+-------------+
| 159 | Temp. spalin 2/6[°C]              |          28344 |            28344 |            0 |               1 | int64       |
+-----+-----------------------------------+----------------+------------------+--------------+-----------------+-------------+
| 160 | Temp. spalin 3/6[°C]              |          28344 |            28344 |            0 |               1 | int64       |
+-----+-----------------------------------+----------------+------------------+--------------+-----------------+-------------+
| 161 | Temp. spalin 4/6[°C]              |          28344 |            28344 |            0 |               1 | int64       |
+-----+-----------------------------------+----------------+------------------+--------------+-----------------+-------------+
| 162 | Wilgotność względna[%]            |          28344 |            28344 |            0 |               1 | int64       |
+-----+-----------------------------------+----------------+------------------+--------------+-----------------+-------------+
| 163 | Zużycie paliwa średnie[g/s]       |          28344 |            28344 |            0 |               1 | int64       |
+-----+-----------------------------------+----------------+------------------+--------------+-----------------+-------------+
2024-12-05 11:47:21,483 - INFO - Metadata extraction completed for all DataFrames.
2024-12-05 11:47:22,715 - INFO - Step 4: Metadata extracted successfully.
2024-12-05 11:47:22,715 - INFO - Continue data pipeline. Step 5: Filtering and preprocessing data...
2024-12-05 11:47:22,717 - INFO - !!!!!!!!Column pairs: [['Unnamed: 150', 'Ciś. pow. za turb.[Pa]'], ['Ciś. pow. za turb.[Pa]', 'Ciśnienie atmosferyczne[hPa]'], ['Ciśnienie atmosferyczne[hPa]', 'ECT - wyjście z sil.[°C]'], ['Czas [ms].25', 'MAF[kg/h]'], ['Czas [ms].26', 'Moc[kW]'], ['Czas [ms].27', 'Moment obrotowy[Nm]'], ['Czas [ms].30', 'Obroty[obr/min]'], ['ECT - wyjście z sil.[°C]', 'Temp. oleju w misce[°C]'], ['Temp. oleju w misce[°C]', 'Temp. otoczenia[°C]'], ['Temp. otoczenia[°C]', 'Temp. pal. na wyjściu sil.[°C]'], ['Temp. pal. na wyjściu sil.[°C]', 'Temp. powietrza za turb.[°C]'], ['Temp. powietrza za turb.[°C]', 'Temp. spalin 1/6[°C]'], ['Temp. spalin 1/6[°C]', 'Temp. spalin 2/6[°C]'], ['Temp. spalin 2/6[°C]', 'Temp. spalin 3/6[°C]'], ['Temp. spalin 3/6[°C]', 'Temp. spalin 4/6[°C]'], ['Temp. spalin 4/6[°C]', 'Wilgotność względna[%]'], ['Wilgotność względna[%]', 'Zużycie paliwa średnie[g/s]']]
2024-12-05 11:47:22,722 - INFO - Filtered DataFrame to include 34 columns.
2024-12-05 11:47:22,728 - ERROR - An error occurred: Cannot set a DataFrame with multiple columns to the single column Ciś. pow. za turb.[Pa]
