2024-11-13 13:13:56,098 - INFO - Initial Data:
2024-11-13 13:13:56,098 - INFO -    Czas [ms]  Ciœ. pow. przed turb.[Pa]  Czas [ms].1  Ciœ. pow. za turb.[Pa]  \
0      191.0                     -130.0        190.0                  -105.0   
1      390.0                     -148.0        390.0                   -77.0   
2      591.0                     -157.0        591.0                   -68.0   
3      791.0                     -148.0        790.0                   -96.0   
4      991.0                     -130.0        991.0                   -87.0   

   Czas [ms].2  Ciœnienie atmosferyczne[hPa]  Czas [ms].3  \
0         42.0                        1006.0        189.0   
1        243.0                        1006.0        390.0   
2        443.0                        1006.0        590.0   
3        643.0                        1006.0        790.0   
4        845.0                        1006.0        991.0   

   Ciœnienie oleju[bar]  Czas [ms].4  Ciœnienie spalin[Pa]  ...  Czas [ms].70  \
0                 0.006        190.0                   0.0  ...         143.0   
1                 0.006        390.0                 -18.0  ...         543.0   
2                 0.006        590.0                 -28.0  ...        1345.0   
3                 0.006        792.0                  -9.0  ...        1545.0   
4                 0.006        991.0                  19.0  ...        2546.0   

   Zaw. zb. paliwa 2/3[-]  Czas [ms].71  Zaw. zb. paliwa 3/3[-]  Czas [ms].72  \
0                     0.0         143.0                     0.0         540.0   
1                     0.0         543.0                     0.0         871.0   
2                     0.0        1345.0                     0.0        1541.0   
3                     0.0        1545.0                     0.0        1873.0   
4                     0.0        2546.0                     0.0        2543.0   

   Zawór reg. ch³. cieczy[-]  Czas [ms].73  Zu¿ycie paliwa bie¿¹ce[g/s]  \
0                        0.0          20.0                          0.0   
1                        0.0         220.0                          0.0   
2                        0.0         420.0                          0.0   
3                        0.0         620.0                          0.0   
4                        0.0         820.0                          0.0   

   Czas [ms].74  Zu¿ycie paliwa œrednie[g/s]  
0          20.0                       0.0182  
1         219.0                       0.0191  
2         420.0                       0.0192  
3         620.0                       0.0194  
4         820.0                       0.0218  

[5 rows x 150 columns]
